============================================================================================== 
Warning! Mixing Conda and module environments may lead to corruption of the
user environment. 
We do not recommend users mixing those two environments unless absolutely
necessary. Note that 
SURF does not provide any support for Conda environment.
For more information, please refer to our software policy page:
https://servicedesk.surf.nl/wiki/display/WIKI/Software+policy+Snellius#SoftwarepolicySnellius-UseofAnacondaandMinicondaenvironmentsonSnellius 

Remember that many packages have already been installed on the system and can
be loaded using 
the 'module load <package__name>' command. If you are uncertain if a package is
already available 
on the system, please use 'module avail' or 'module spider' to search for it.
============================================================================================== 
Already up to date.

Remove all packages in environment /home/jhuizing/.conda/envs/lgm:

Collecting package metadata (current_repodata.json): ...working... done
Solving environment: ...working... done


==> WARNING: A newer version of conda exists. <==
  current version: 4.12.0
  latest version: 24.3.0

Please update conda by running

    $ conda update -n base -c defaults conda



## Package Plan ##

  environment location: /home/jhuizing/.conda/envs/lgm

  added / updated specs:
    - pip
    - python=3.8


The following NEW packages will be INSTALLED:

  _libgcc_mutex      pkgs/main/linux-64::_libgcc_mutex-0.1-main
  _openmp_mutex      pkgs/main/linux-64::_openmp_mutex-5.1-1_gnu
  ca-certificates    pkgs/main/linux-64::ca-certificates-2024.3.11-h06a4308_0
  ld_impl_linux-64   pkgs/main/linux-64::ld_impl_linux-64-2.38-h1181459_1
  libffi             pkgs/main/linux-64::libffi-3.4.4-h6a678d5_0
  libgcc-ng          pkgs/main/linux-64::libgcc-ng-11.2.0-h1234567_1
  libgomp            pkgs/main/linux-64::libgomp-11.2.0-h1234567_1
  libstdcxx-ng       pkgs/main/linux-64::libstdcxx-ng-11.2.0-h1234567_1
  ncurses            pkgs/main/linux-64::ncurses-6.4-h6a678d5_0
  openssl            pkgs/main/linux-64::openssl-3.0.13-h7f8727e_0
  pip                pkgs/main/linux-64::pip-23.3.1-py38h06a4308_0
  python             pkgs/main/linux-64::python-3.8.19-h955ad1f_0
  readline           pkgs/main/linux-64::readline-8.2-h5eee18b_0
  setuptools         pkgs/main/linux-64::setuptools-68.2.2-py38h06a4308_0
  sqlite             pkgs/main/linux-64::sqlite-3.41.2-h5eee18b_0
  tk                 pkgs/main/linux-64::tk-8.6.12-h1ccaba5_0
  wheel              pkgs/main/linux-64::wheel-0.41.2-py38h06a4308_0
  xz                 pkgs/main/linux-64::xz-5.4.6-h5eee18b_0
  zlib               pkgs/main/linux-64::zlib-1.2.13-h5eee18b_0


Proceed ([y]/n)? 
Preparing transaction: ...working... done
Verifying transaction: ...working... done
Executing transaction: ...working... done
#
# To activate this environment, use
#
#     $ conda activate lgm
#
# To deactivate an active environment, use
#
#     $ conda deactivate

Collecting package metadata (current_repodata.json): ...working... done
Solving environment: ...working... failed with initial frozen solve. Retrying with flexible solve.
Collecting package metadata (repodata.json): ...working... done
Solving environment: ...working... done


==> WARNING: A newer version of conda exists. <==
  current version: 4.12.0
  latest version: 24.3.0

Please update conda by running

    $ conda update -n base -c defaults conda



## Package Plan ##

  environment location: /home/jhuizing/.conda/envs/lgm

  added / updated specs:
    - pytorch-cuda=11.8
    - pytorch==2.1.0
    - torchaudio==2.1.0
    - torchvision==0.16.0


The following NEW packages will be INSTALLED:

  blas               pkgs/main/linux-64::blas-1.0-mkl
  brotli-python      pkgs/main/linux-64::brotli-python-1.0.9-py38h6a678d5_7
  bzip2              pkgs/main/linux-64::bzip2-1.0.8-h5eee18b_5
  certifi            pkgs/main/linux-64::certifi-2024.2.2-py38h06a4308_0
  charset-normalizer pkgs/main/noarch::charset-normalizer-2.0.4-pyhd3eb1b0_0
  cuda-cudart        nvidia/linux-64::cuda-cudart-11.8.89-0
  cuda-cupti         nvidia/linux-64::cuda-cupti-11.8.87-0
  cuda-libraries     nvidia/linux-64::cuda-libraries-11.8.0-0
  cuda-nvrtc         nvidia/linux-64::cuda-nvrtc-11.8.89-0
  cuda-nvtx          nvidia/linux-64::cuda-nvtx-11.8.86-0
  cuda-runtime       nvidia/linux-64::cuda-runtime-11.8.0-0
  ffmpeg             pytorch/linux-64::ffmpeg-4.3-hf484d3e_0
  filelock           pkgs/main/linux-64::filelock-3.13.1-py38h06a4308_0
  freetype           pkgs/main/linux-64::freetype-2.12.1-h4a9f257_0
  gmp                pkgs/main/linux-64::gmp-6.2.1-h295c915_3
  gmpy2              pkgs/main/linux-64::gmpy2-2.1.2-py38heeb90bb_0
  gnutls             pkgs/main/linux-64::gnutls-3.6.15-he1e5248_0
  idna               pkgs/main/linux-64::idna-3.4-py38h06a4308_0
  intel-openmp       pkgs/main/linux-64::intel-openmp-2023.1.0-hdb19cb5_46306
  jinja2             pkgs/main/linux-64::jinja2-3.1.3-py38h06a4308_0
  jpeg               pkgs/main/linux-64::jpeg-9e-h5eee18b_1
  lame               pkgs/main/linux-64::lame-3.100-h7b6447c_0
  lcms2              pkgs/main/linux-64::lcms2-2.12-h3be6417_0
  lerc               pkgs/main/linux-64::lerc-3.0-h295c915_0
  libcublas          nvidia/linux-64::libcublas-11.11.3.6-0
  libcufft           nvidia/linux-64::libcufft-10.9.0.58-0
  libcufile          nvidia/linux-64::libcufile-1.9.1.3-0
  libcurand          nvidia/linux-64::libcurand-10.3.5.147-0
  libcusolver        nvidia/linux-64::libcusolver-11.4.1.48-0
  libcusparse        nvidia/linux-64::libcusparse-11.7.5.86-0
  libdeflate         pkgs/main/linux-64::libdeflate-1.17-h5eee18b_1
  libiconv           pkgs/main/linux-64::libiconv-1.16-h7f8727e_2
  libidn2            pkgs/main/linux-64::libidn2-2.3.4-h5eee18b_0
  libjpeg-turbo      pytorch/linux-64::libjpeg-turbo-2.0.0-h9bf148f_0
  libnpp             nvidia/linux-64::libnpp-11.8.0.86-0
  libnvjpeg          nvidia/linux-64::libnvjpeg-11.9.0.86-0
  libpng             pkgs/main/linux-64::libpng-1.6.39-h5eee18b_0
  libtasn1           pkgs/main/linux-64::libtasn1-4.19.0-h5eee18b_0
  libtiff            pkgs/main/linux-64::libtiff-4.5.1-h6a678d5_0
  libunistring       pkgs/main/linux-64::libunistring-0.9.10-h27cfd23_0
  libwebp-base       pkgs/main/linux-64::libwebp-base-1.3.2-h5eee18b_0
  llvm-openmp        pkgs/main/linux-64::llvm-openmp-14.0.6-h9e868ea_0
  lz4-c              pkgs/main/linux-64::lz4-c-1.9.4-h6a678d5_0
  markupsafe         pkgs/main/linux-64::markupsafe-2.1.3-py38h5eee18b_0
  mkl                pkgs/main/linux-64::mkl-2023.1.0-h213fc3f_46344
  mkl-service        pkgs/main/linux-64::mkl-service-2.4.0-py38h5eee18b_1
  mkl_fft            pkgs/main/linux-64::mkl_fft-1.3.8-py38h5eee18b_0
  mkl_random         pkgs/main/linux-64::mkl_random-1.2.4-py38hdb19cb5_0
  mpc                pkgs/main/linux-64::mpc-1.1.0-h10f8cd9_1
  mpfr               pkgs/main/linux-64::mpfr-4.0.2-hb69a4c5_1
  mpmath             pkgs/main/linux-64::mpmath-1.3.0-py38h06a4308_0
  nettle             pkgs/main/linux-64::nettle-3.7.3-hbbd107a_1
  networkx           pkgs/main/linux-64::networkx-3.1-py38h06a4308_0
  numpy              pkgs/main/linux-64::numpy-1.24.3-py38hf6e8229_1
  numpy-base         pkgs/main/linux-64::numpy-base-1.24.3-py38h060ed82_1
  openh264           pkgs/main/linux-64::openh264-2.1.1-h4ff587b_0
  openjpeg           pkgs/main/linux-64::openjpeg-2.4.0-h3ad879b_0
  pillow             pkgs/main/linux-64::pillow-10.2.0-py38h5eee18b_0
  pysocks            pkgs/main/linux-64::pysocks-1.7.1-py38h06a4308_0
  pytorch            pytorch/linux-64::pytorch-2.1.0-py3.8_cuda11.8_cudnn8.7.0_0
  pytorch-cuda       pytorch/linux-64::pytorch-cuda-11.8-h7e8668a_5
  pytorch-mutex      pytorch/noarch::pytorch-mutex-1.0-cuda
  pyyaml             pkgs/main/linux-64::pyyaml-6.0.1-py38h5eee18b_0
  requests           pkgs/main/linux-64::requests-2.31.0-py38h06a4308_1
  sympy              pkgs/main/linux-64::sympy-1.12-py38h06a4308_0
  tbb                pkgs/main/linux-64::tbb-2021.8.0-hdb19cb5_0
  torchaudio         pytorch/linux-64::torchaudio-2.1.0-py38_cu118
  torchtriton        pytorch/linux-64::torchtriton-2.1.0-py38
  torchvision        pytorch/linux-64::torchvision-0.16.0-py38_cu118
  typing_extensions  pkgs/main/linux-64::typing_extensions-4.9.0-py38h06a4308_1
  urllib3            pkgs/main/linux-64::urllib3-2.1.0-py38h06a4308_1
  yaml               pkgs/main/linux-64::yaml-0.2.5-h7b6447c_0
  zstd               pkgs/main/linux-64::zstd-1.5.5-hc292b87_0


Proceed ([y]/n)? 
Preparing transaction: ...working... done
Verifying transaction: ...working... done
Executing transaction: ...working... done
Looking in indexes: https://download.pytorch.org/whl/cu118
Collecting xformers
  Using cached https://download.pytorch.org/whl/cu118/xformers-0.0.25.post1%2Bcu118-cp38-cp38-manylinux2014_x86_64.whl (222.7 MB)
Requirement already satisfied: numpy in /gpfs/home6/jhuizing/.conda/envs/lgm/lib/python3.8/site-packages (from xformers) (1.24.3)
Collecting torch==2.2.2 (from xformers)
  Using cached https://download.pytorch.org/whl/cu118/torch-2.2.2%2Bcu118-cp38-cp38-linux_x86_64.whl (819.2 MB)
Requirement already satisfied: filelock in /gpfs/home6/jhuizing/.conda/envs/lgm/lib/python3.8/site-packages (from torch==2.2.2->xformers) (3.13.1)
Requirement already satisfied: typing-extensions>=4.8.0 in /gpfs/home6/jhuizing/.conda/envs/lgm/lib/python3.8/site-packages (from torch==2.2.2->xformers) (4.9.0)
Requirement already satisfied: sympy in /gpfs/home6/jhuizing/.conda/envs/lgm/lib/python3.8/site-packages (from torch==2.2.2->xformers) (1.12)
Requirement already satisfied: networkx in /gpfs/home6/jhuizing/.conda/envs/lgm/lib/python3.8/site-packages (from torch==2.2.2->xformers) (3.1)
Requirement already satisfied: jinja2 in /gpfs/home6/jhuizing/.conda/envs/lgm/lib/python3.8/site-packages (from torch==2.2.2->xformers) (3.1.3)
Collecting fsspec (from torch==2.2.2->xformers)
  Using cached https://download.pytorch.org/whl/fsspec-2023.4.0-py3-none-any.whl (153 kB)
Collecting nvidia-cuda-nvrtc-cu11==11.8.89 (from torch==2.2.2->xformers)
  Using cached https://download.pytorch.org/whl/cu118/nvidia_cuda_nvrtc_cu11-11.8.89-py3-none-manylinux1_x86_64.whl (23.2 MB)
Collecting nvidia-cuda-runtime-cu11==11.8.89 (from torch==2.2.2->xformers)
  Using cached https://download.pytorch.org/whl/cu118/nvidia_cuda_runtime_cu11-11.8.89-py3-none-manylinux1_x86_64.whl (875 kB)
Collecting nvidia-cuda-cupti-cu11==11.8.87 (from torch==2.2.2->xformers)
  Using cached https://download.pytorch.org/whl/cu118/nvidia_cuda_cupti_cu11-11.8.87-py3-none-manylinux1_x86_64.whl (13.1 MB)
Collecting nvidia-cudnn-cu11==8.7.0.84 (from torch==2.2.2->xformers)
  Using cached https://download.pytorch.org/whl/cu118/nvidia_cudnn_cu11-8.7.0.84-py3-none-manylinux1_x86_64.whl (728.5 MB)
Collecting nvidia-cublas-cu11==11.11.3.6 (from torch==2.2.2->xformers)
  Using cached https://download.pytorch.org/whl/cu118/nvidia_cublas_cu11-11.11.3.6-py3-none-manylinux1_x86_64.whl (417.9 MB)
Collecting nvidia-cufft-cu11==10.9.0.58 (from torch==2.2.2->xformers)
  Using cached https://download.pytorch.org/whl/cu118/nvidia_cufft_cu11-10.9.0.58-py3-none-manylinux1_x86_64.whl (168.4 MB)
Collecting nvidia-curand-cu11==10.3.0.86 (from torch==2.2.2->xformers)
  Using cached https://download.pytorch.org/whl/cu118/nvidia_curand_cu11-10.3.0.86-py3-none-manylinux1_x86_64.whl (58.1 MB)
Collecting nvidia-cusolver-cu11==11.4.1.48 (from torch==2.2.2->xformers)
  Using cached https://download.pytorch.org/whl/cu118/nvidia_cusolver_cu11-11.4.1.48-py3-none-manylinux1_x86_64.whl (128.2 MB)
Collecting nvidia-cusparse-cu11==11.7.5.86 (from torch==2.2.2->xformers)
  Using cached https://download.pytorch.org/whl/cu118/nvidia_cusparse_cu11-11.7.5.86-py3-none-manylinux1_x86_64.whl (204.1 MB)
Collecting nvidia-nccl-cu11==2.19.3 (from torch==2.2.2->xformers)
  Using cached https://download.pytorch.org/whl/cu118/nvidia_nccl_cu11-2.19.3-py3-none-manylinux1_x86_64.whl (135.3 MB)
Collecting nvidia-nvtx-cu11==11.8.86 (from torch==2.2.2->xformers)
  Using cached https://download.pytorch.org/whl/cu118/nvidia_nvtx_cu11-11.8.86-py3-none-manylinux1_x86_64.whl (99 kB)
Collecting triton==2.2.0 (from torch==2.2.2->xformers)
  Using cached https://download.pytorch.org/whl/triton-2.2.0-cp38-cp38-manylinux_2_17_x86_64.manylinux2014_x86_64.whl (167.9 MB)
Requirement already satisfied: MarkupSafe>=2.0 in /gpfs/home6/jhuizing/.conda/envs/lgm/lib/python3.8/site-packages (from jinja2->torch==2.2.2->xformers) (2.1.3)
Requirement already satisfied: mpmath>=0.19 in /gpfs/home6/jhuizing/.conda/envs/lgm/lib/python3.8/site-packages (from sympy->torch==2.2.2->xformers) (1.3.0)
Installing collected packages: triton, nvidia-nvtx-cu11, nvidia-nccl-cu11, nvidia-cusparse-cu11, nvidia-curand-cu11, nvidia-cufft-cu11, nvidia-cuda-runtime-cu11, nvidia-cuda-nvrtc-cu11, nvidia-cuda-cupti-cu11, nvidia-cublas-cu11, fsspec, nvidia-cusolver-cu11, nvidia-cudnn-cu11, torch, xformers
  Attempting uninstall: triton
    Found existing installation: triton 2.1.0
    Uninstalling triton-2.1.0:
      Successfully uninstalled triton-2.1.0
  Attempting uninstall: torch
    Found existing installation: torch 2.1.0
    Uninstalling torch-2.1.0:
      Successfully uninstalled torch-2.1.0
Successfully installed fsspec-2023.4.0 nvidia-cublas-cu11-11.11.3.6 nvidia-cuda-cupti-cu11-11.8.87 nvidia-cuda-nvrtc-cu11-11.8.89 nvidia-cuda-runtime-cu11-11.8.89 nvidia-cudnn-cu11-8.7.0.84 nvidia-cufft-cu11-10.9.0.58 nvidia-curand-cu11-10.3.0.86 nvidia-cusolver-cu11-11.4.1.48 nvidia-cusparse-cu11-11.7.5.86 nvidia-nccl-cu11-2.19.3 nvidia-nvtx-cu11-11.8.86 torch-2.2.2+cu118 triton-2.2.0 xformers-0.0.25.post1+cu118
fatal: destination path 'diff-gaussian-rasterization' already exists and is not an empty directory.

JOB STATISTICS
==============
Job ID: 5926768
Cluster: snellius
User/Group: jhuizing/jhuizing
State: FAILED (exit code 128)
Nodes: 1
Cores per node: 18
CPU Utilized: 00:02:33
CPU Efficiency: 3.63% of 01:10:12 core-walltime
Job Wall-clock time: 00:03:54
Memory Utilized: 1.09 GB
Memory Efficiency: 0.91% of 120.00 GB
