============================================================================================== 
Warning! Mixing Conda and module environments may lead to corruption of the
user environment. 
We do not recommend users mixing those two environments unless absolutely
necessary. Note that 
SURF does not provide any support for Conda environment.
For more information, please refer to our software policy page:
https://servicedesk.surf.nl/wiki/display/WIKI/Software+policy+Snellius#SoftwarepolicySnellius-UseofAnacondaandMinicondaenvironmentsonSnellius 

Remember that many packages have already been installed on the system and can
be loaded using 
the 'module load <package__name>' command. If you are uncertain if a package is
already available 
on the system, please use 'module avail' or 'module spider' to search for it.
============================================================================================== 
Current branch set-up-pipeline is up to date.

Remove all packages in environment /home/jhuizing/.conda/envs/SugarMVC:

Collecting package metadata (current_repodata.json): ...working... done
Solving environment: ...working... done


==> WARNING: A newer version of conda exists. <==
  current version: 4.12.0
  latest version: 24.5.0

Please update conda by running

    $ conda update -n base -c defaults conda



## Package Plan ##

  environment location: /home/jhuizing/.conda/envs/SugarMVC

  added / updated specs:
    - pip
    - python=3.8


The following NEW packages will be INSTALLED:

  _libgcc_mutex      pkgs/main/linux-64::_libgcc_mutex-0.1-main
  _openmp_mutex      pkgs/main/linux-64::_openmp_mutex-5.1-1_gnu
  ca-certificates    pkgs/main/linux-64::ca-certificates-2024.3.11-h06a4308_0
  ld_impl_linux-64   pkgs/main/linux-64::ld_impl_linux-64-2.38-h1181459_1
  libffi             pkgs/main/linux-64::libffi-3.4.4-h6a678d5_1
  libgcc-ng          pkgs/main/linux-64::libgcc-ng-11.2.0-h1234567_1
  libgomp            pkgs/main/linux-64::libgomp-11.2.0-h1234567_1
  libstdcxx-ng       pkgs/main/linux-64::libstdcxx-ng-11.2.0-h1234567_1
  ncurses            pkgs/main/linux-64::ncurses-6.4-h6a678d5_0
  openssl            pkgs/main/linux-64::openssl-3.0.13-h7f8727e_2
  pip                pkgs/main/linux-64::pip-24.0-py38h06a4308_0
  python             pkgs/main/linux-64::python-3.8.19-h955ad1f_0
  readline           pkgs/main/linux-64::readline-8.2-h5eee18b_0
  setuptools         pkgs/main/linux-64::setuptools-69.5.1-py38h06a4308_0
  sqlite             pkgs/main/linux-64::sqlite-3.45.3-h5eee18b_0
  tk                 pkgs/main/linux-64::tk-8.6.14-h39e8969_0
  wheel              pkgs/main/linux-64::wheel-0.43.0-py38h06a4308_0
  xz                 pkgs/main/linux-64::xz-5.4.6-h5eee18b_1
  zlib               pkgs/main/linux-64::zlib-1.2.13-h5eee18b_1


Proceed ([y]/n)? 
Preparing transaction: ...working... done
Verifying transaction: ...working... done
Executing transaction: ...working... done
#
# To activate this environment, use
#
#     $ conda activate SugarMVC
#
# To deactivate an active environment, use
#
#     $ conda deactivate

ðŸš€installing nina
Collecting ninja
  Using cached ninja-1.11.1.1-py2.py3-none-manylinux1_x86_64.manylinux_2_5_x86_64.whl.metadata (5.3 kB)
Using cached ninja-1.11.1.1-py2.py3-none-manylinux1_x86_64.manylinux_2_5_x86_64.whl (307 kB)
Installing collected packages: ninja
Successfully installed ninja-1.11.1.1
âœ… installed nina
ðŸš€ installing requirements.txt
Collecting git+https://github.com/KAIR-BAIR/nerfacc.git@v0.5.2 (from -r requirements.txt (line 5))
  Cloning https://github.com/KAIR-BAIR/nerfacc.git (to revision v0.5.2) to /gpfs/scratch1/nodespecific/gcn54/jhuizing.6497163/pip-req-build-h6swoim5
  Running command git clone --filter=blob:none --quiet https://github.com/KAIR-BAIR/nerfacc.git /gpfs/scratch1/nodespecific/gcn54/jhuizing.6497163/pip-req-build-h6swoim5
  Running command git checkout -q d84cdf3afd7dcfc42150e0f0506db58a5ce62812
  Resolved https://github.com/KAIR-BAIR/nerfacc.git to commit d84cdf3afd7dcfc42150e0f0506db58a5ce62812
  Running command git submodule update --init --recursive -q
  Preparing metadata (setup.py): started
  Preparing metadata (setup.py): finished with status 'error'
  error: subprocess-exited-with-error
  
  Ã— python setup.py egg_info did not run successfully.
  â”‚ exit code: 1
  â•°â”€> [8 lines of output]
      Traceback (most recent call last):
        File "<string>", line 2, in <module>
        File "<pip-setuptools-caller>", line 34, in <module>
        File "/gpfs/scratch1/nodespecific/gcn54/jhuizing.6497163/pip-req-build-h6swoim5/setup.py", line 123, in <module>
          ext_modules=get_extensions() if not BUILD_NO_CUDA else [],
        File "/gpfs/scratch1/nodespecific/gcn54/jhuizing.6497163/pip-req-build-h6swoim5/setup.py", line 27, in get_extensions
          import torch
      ModuleNotFoundError: No module named 'torch'
      [end of output]
  
  note: This error originates from a subprocess, and is likely not a problem with pip.
error: metadata-generation-failed

Ã— Encountered error while generating package metadata.
â•°â”€> See above for output.

note: This is an issue with the package mentioned above, not pip.
hint: See above for details.
âœ… installed requirements.txt
ðŸš€ installing diff-gaussian-rasterization and simple-knn
fatal: destination path 'diff-gaussian-rasterization' already exists and is not an empty directory.
fatal: destination path 'simple-knn' already exists and is not an empty directory.
ERROR: Directory './diff-gaussian-rasterization' is not installable. Neither 'setup.py' nor 'pyproject.toml' found.
âœ… installed diff gaus raster
ERROR: Directory './simple-knn' is not installable. Neither 'setup.py' nor 'pyproject.toml' found.
âœ… installed diff gaus raster
ðŸš€ installing open3d
Collecting open3d
  Using cached open3d-0.18.0-cp38-cp38-manylinux_2_27_x86_64.whl.metadata (4.2 kB)
Collecting numpy>=1.18.0 (from open3d)
  Using cached numpy-1.24.4-cp38-cp38-manylinux_2_17_x86_64.manylinux2014_x86_64.whl.metadata (5.6 kB)
Collecting dash>=2.6.0 (from open3d)
  Using cached dash-2.17.0-py3-none-any.whl.metadata (10 kB)
Collecting werkzeug>=2.2.3 (from open3d)
  Using cached werkzeug-3.0.3-py3-none-any.whl.metadata (3.7 kB)
Collecting nbformat>=5.7.0 (from open3d)
  Using cached nbformat-5.10.4-py3-none-any.whl.metadata (3.6 kB)
Collecting configargparse (from open3d)
  Using cached ConfigArgParse-1.7-py3-none-any.whl.metadata (23 kB)
Collecting ipywidgets>=8.0.4 (from open3d)
  Using cached ipywidgets-8.1.3-py3-none-any.whl.metadata (2.4 kB)
Collecting addict (from open3d)
  Using cached addict-2.4.0-py3-none-any.whl.metadata (1.0 kB)
Collecting pillow>=9.3.0 (from open3d)
  Using cached pillow-10.3.0-cp38-cp38-manylinux_2_28_x86_64.whl.metadata (9.2 kB)
Collecting matplotlib>=3 (from open3d)
  Using cached matplotlib-3.7.5-cp38-cp38-manylinux_2_12_x86_64.manylinux2010_x86_64.whl.metadata (5.7 kB)
Collecting pandas>=1.0 (from open3d)
  Using cached pandas-2.0.3-cp38-cp38-manylinux_2_17_x86_64.manylinux2014_x86_64.whl.metadata (18 kB)
Collecting pyyaml>=5.4.1 (from open3d)
  Using cached PyYAML-6.0.1-cp38-cp38-manylinux_2_17_x86_64.manylinux2014_x86_64.whl.metadata (2.1 kB)
Collecting scikit-learn>=0.21 (from open3d)
  Using cached scikit_learn-1.3.2-cp38-cp38-manylinux_2_17_x86_64.manylinux2014_x86_64.whl.metadata (11 kB)
Collecting tqdm (from open3d)
  Using cached tqdm-4.66.4-py3-none-any.whl.metadata (57 kB)
Collecting pyquaternion (from open3d)
  Using cached pyquaternion-0.9.9-py3-none-any.whl.metadata (1.4 kB)
Collecting Flask<3.1,>=1.0.4 (from dash>=2.6.0->open3d)
  Using cached flask-3.0.3-py3-none-any.whl.metadata (3.2 kB)
Collecting plotly>=5.0.0 (from dash>=2.6.0->open3d)
  Using cached plotly-5.22.0-py3-none-any.whl.metadata (7.1 kB)
Collecting dash-html-components==2.0.0 (from dash>=2.6.0->open3d)
  Using cached dash_html_components-2.0.0-py3-none-any.whl.metadata (3.8 kB)
Collecting dash-core-components==2.0.0 (from dash>=2.6.0->open3d)
  Using cached dash_core_components-2.0.0-py3-none-any.whl.metadata (2.9 kB)
Collecting dash-table==5.0.0 (from dash>=2.6.0->open3d)
  Using cached dash_table-5.0.0-py3-none-any.whl.metadata (2.4 kB)
Collecting importlib-metadata (from dash>=2.6.0->open3d)
  Using cached importlib_metadata-7.1.0-py3-none-any.whl.metadata (4.7 kB)
Collecting typing-extensions>=4.1.1 (from dash>=2.6.0->open3d)
  Using cached typing_extensions-4.12.1-py3-none-any.whl.metadata (3.0 kB)
Collecting requests (from dash>=2.6.0->open3d)
  Using cached requests-2.32.3-py3-none-any.whl.metadata (4.6 kB)
Collecting retrying (from dash>=2.6.0->open3d)
  Using cached retrying-1.3.4-py3-none-any.whl.metadata (6.9 kB)
Collecting nest-asyncio (from dash>=2.6.0->open3d)
  Using cached nest_asyncio-1.6.0-py3-none-any.whl.metadata (2.8 kB)
Requirement already satisfied: setuptools in /gpfs/home6/jhuizing/.conda/envs/SugarMVC/lib/python3.8/site-packages (from dash>=2.6.0->open3d) (69.5.1)
Collecting comm>=0.1.3 (from ipywidgets>=8.0.4->open3d)
  Using cached comm-0.2.2-py3-none-any.whl.metadata (3.7 kB)
Collecting ipython>=6.1.0 (from ipywidgets>=8.0.4->open3d)
  Using cached ipython-8.12.3-py3-none-any.whl.metadata (5.7 kB)
Collecting traitlets>=4.3.1 (from ipywidgets>=8.0.4->open3d)
  Using cached traitlets-5.14.3-py3-none-any.whl.metadata (10 kB)
Collecting widgetsnbextension~=4.0.11 (from ipywidgets>=8.0.4->open3d)
  Using cached widgetsnbextension-4.0.11-py3-none-any.whl.metadata (1.6 kB)
Collecting jupyterlab-widgets~=3.0.11 (from ipywidgets>=8.0.4->open3d)
  Using cached jupyterlab_widgets-3.0.11-py3-none-any.whl.metadata (4.1 kB)
Collecting contourpy>=1.0.1 (from matplotlib>=3->open3d)
  Using cached contourpy-1.1.1-cp38-cp38-manylinux_2_17_x86_64.manylinux2014_x86_64.whl.metadata (5.9 kB)
Collecting cycler>=0.10 (from matplotlib>=3->open3d)
  Using cached cycler-0.12.1-py3-none-any.whl.metadata (3.8 kB)
Collecting fonttools>=4.22.0 (from matplotlib>=3->open3d)
  Using cached fonttools-4.53.0-cp38-cp38-manylinux_2_17_x86_64.manylinux2014_x86_64.whl.metadata (162 kB)
Collecting kiwisolver>=1.0.1 (from matplotlib>=3->open3d)
  Using cached kiwisolver-1.4.5-cp38-cp38-manylinux_2_5_x86_64.manylinux1_x86_64.whl.metadata (6.4 kB)
Collecting packaging>=20.0 (from matplotlib>=3->open3d)
  Using cached packaging-24.0-py3-none-any.whl.metadata (3.2 kB)
Collecting pyparsing>=2.3.1 (from matplotlib>=3->open3d)
  Using cached pyparsing-3.1.2-py3-none-any.whl.metadata (5.1 kB)
Collecting python-dateutil>=2.7 (from matplotlib>=3->open3d)
  Using cached python_dateutil-2.9.0.post0-py2.py3-none-any.whl.metadata (8.4 kB)
Collecting importlib-resources>=3.2.0 (from matplotlib>=3->open3d)
  Using cached importlib_resources-6.4.0-py3-none-any.whl.metadata (3.9 kB)
Collecting fastjsonschema>=2.15 (from nbformat>=5.7.0->open3d)
  Using cached fastjsonschema-2.19.1-py3-none-any.whl.metadata (2.1 kB)
Collecting jsonschema>=2.6 (from nbformat>=5.7.0->open3d)
  Using cached jsonschema-4.22.0-py3-none-any.whl.metadata (8.2 kB)
Collecting jupyter-core!=5.0.*,>=4.12 (from nbformat>=5.7.0->open3d)
  Using cached jupyter_core-5.7.2-py3-none-any.whl.metadata (3.4 kB)
Collecting pytz>=2020.1 (from pandas>=1.0->open3d)
  Using cached pytz-2024.1-py2.py3-none-any.whl.metadata (22 kB)
Collecting tzdata>=2022.1 (from pandas>=1.0->open3d)
  Using cached tzdata-2024.1-py2.py3-none-any.whl.metadata (1.4 kB)
Collecting scipy>=1.5.0 (from scikit-learn>=0.21->open3d)
  Using cached scipy-1.10.1-cp38-cp38-manylinux_2_17_x86_64.manylinux2014_x86_64.whl.metadata (58 kB)
Collecting joblib>=1.1.1 (from scikit-learn>=0.21->open3d)
  Using cached joblib-1.4.2-py3-none-any.whl.metadata (5.4 kB)
Collecting threadpoolctl>=2.0.0 (from scikit-learn>=0.21->open3d)
  Using cached threadpoolctl-3.5.0-py3-none-any.whl.metadata (13 kB)
Collecting MarkupSafe>=2.1.1 (from werkzeug>=2.2.3->open3d)
  Using cached MarkupSafe-2.1.5-cp38-cp38-manylinux_2_17_x86_64.manylinux2014_x86_64.whl.metadata (3.0 kB)
Collecting Jinja2>=3.1.2 (from Flask<3.1,>=1.0.4->dash>=2.6.0->open3d)
  Downloading jinja2-3.1.4-py3-none-any.whl.metadata (2.6 kB)
Collecting itsdangerous>=2.1.2 (from Flask<3.1,>=1.0.4->dash>=2.6.0->open3d)
  Using cached itsdangerous-2.2.0-py3-none-any.whl.metadata (1.9 kB)
Collecting click>=8.1.3 (from Flask<3.1,>=1.0.4->dash>=2.6.0->open3d)
  Using cached click-8.1.7-py3-none-any.whl.metadata (3.0 kB)
Collecting blinker>=1.6.2 (from Flask<3.1,>=1.0.4->dash>=2.6.0->open3d)
  Using cached blinker-1.8.2-py3-none-any.whl.metadata (1.6 kB)
Collecting zipp>=0.5 (from importlib-metadata->dash>=2.6.0->open3d)
  Using cached zipp-3.19.1-py3-none-any.whl.metadata (3.5 kB)
Collecting backcall (from ipython>=6.1.0->ipywidgets>=8.0.4->open3d)
  Using cached backcall-0.2.0-py2.py3-none-any.whl.metadata (2.0 kB)
Collecting decorator (from ipython>=6.1.0->ipywidgets>=8.0.4->open3d)
  Using cached decorator-5.1.1-py3-none-any.whl.metadata (4.0 kB)
Collecting jedi>=0.16 (from ipython>=6.1.0->ipywidgets>=8.0.4->open3d)
  Using cached jedi-0.19.1-py2.py3-none-any.whl.metadata (22 kB)
Collecting matplotlib-inline (from ipython>=6.1.0->ipywidgets>=8.0.4->open3d)
  Using cached matplotlib_inline-0.1.7-py3-none-any.whl.metadata (3.9 kB)
Collecting pickleshare (from ipython>=6.1.0->ipywidgets>=8.0.4->open3d)
  Using cached pickleshare-0.7.5-py2.py3-none-any.whl.metadata (1.5 kB)
Collecting prompt-toolkit!=3.0.37,<3.1.0,>=3.0.30 (from ipython>=6.1.0->ipywidgets>=8.0.4->open3d)
  Using cached prompt_toolkit-3.0.45-py3-none-any.whl.metadata (6.4 kB)
Collecting pygments>=2.4.0 (from ipython>=6.1.0->ipywidgets>=8.0.4->open3d)
  Using cached pygments-2.18.0-py3-none-any.whl.metadata (2.5 kB)
Collecting stack-data (from ipython>=6.1.0->ipywidgets>=8.0.4->open3d)
  Using cached stack_data-0.6.3-py3-none-any.whl.metadata (18 kB)
Collecting pexpect>4.3 (from ipython>=6.1.0->ipywidgets>=8.0.4->open3d)
  Using cached pexpect-4.9.0-py2.py3-none-any.whl.metadata (2.5 kB)
Collecting attrs>=22.2.0 (from jsonschema>=2.6->nbformat>=5.7.0->open3d)
  Using cached attrs-23.2.0-py3-none-any.whl.metadata (9.5 kB)
Collecting jsonschema-specifications>=2023.03.6 (from jsonschema>=2.6->nbformat>=5.7.0->open3d)
  Using cached jsonschema_specifications-2023.12.1-py3-none-any.whl.metadata (3.0 kB)
Collecting pkgutil-resolve-name>=1.3.10 (from jsonschema>=2.6->nbformat>=5.7.0->open3d)
  Using cached pkgutil_resolve_name-1.3.10-py3-none-any.whl.metadata (624 bytes)
Collecting referencing>=0.28.4 (from jsonschema>=2.6->nbformat>=5.7.0->open3d)
  Using cached referencing-0.35.1-py3-none-any.whl.metadata (2.8 kB)
Collecting rpds-py>=0.7.1 (from jsonschema>=2.6->nbformat>=5.7.0->open3d)
  Using cached rpds_py-0.18.1-cp38-cp38-manylinux_2_17_x86_64.manylinux2014_x86_64.whl.metadata (4.1 kB)
Collecting platformdirs>=2.5 (from jupyter-core!=5.0.*,>=4.12->nbformat>=5.7.0->open3d)
  Using cached platformdirs-4.2.2-py3-none-any.whl.metadata (11 kB)
Collecting tenacity>=6.2.0 (from plotly>=5.0.0->dash>=2.6.0->open3d)
  Using cached tenacity-8.3.0-py3-none-any.whl.metadata (1.2 kB)
Collecting six>=1.5 (from python-dateutil>=2.7->matplotlib>=3->open3d)
  Using cached six-1.16.0-py2.py3-none-any.whl.metadata (1.8 kB)
Collecting charset-normalizer<4,>=2 (from requests->dash>=2.6.0->open3d)
  Using cached charset_normalizer-3.3.2-cp38-cp38-manylinux_2_17_x86_64.manylinux2014_x86_64.whl.metadata (33 kB)
Collecting idna<4,>=2.5 (from requests->dash>=2.6.0->open3d)
  Using cached idna-3.7-py3-none-any.whl.metadata (9.9 kB)
Collecting urllib3<3,>=1.21.1 (from requests->dash>=2.6.0->open3d)
  Using cached urllib3-2.2.1-py3-none-any.whl.metadata (6.4 kB)
Collecting certifi>=2017.4.17 (from requests->dash>=2.6.0->open3d)
  Using cached certifi-2024.6.2-py3-none-any.whl.metadata (2.2 kB)
Collecting parso<0.9.0,>=0.8.3 (from jedi>=0.16->ipython>=6.1.0->ipywidgets>=8.0.4->open3d)
  Using cached parso-0.8.4-py2.py3-none-any.whl.metadata (7.7 kB)
Collecting ptyprocess>=0.5 (from pexpect>4.3->ipython>=6.1.0->ipywidgets>=8.0.4->open3d)
  Using cached ptyprocess-0.7.0-py2.py3-none-any.whl.metadata (1.3 kB)
Collecting wcwidth (from prompt-toolkit!=3.0.37,<3.1.0,>=3.0.30->ipython>=6.1.0->ipywidgets>=8.0.4->open3d)
  Using cached wcwidth-0.2.13-py2.py3-none-any.whl.metadata (14 kB)
Collecting executing>=1.2.0 (from stack-data->ipython>=6.1.0->ipywidgets>=8.0.4->open3d)
  Using cached executing-2.0.1-py2.py3-none-any.whl.metadata (9.0 kB)
Collecting asttokens>=2.1.0 (from stack-data->ipython>=6.1.0->ipywidgets>=8.0.4->open3d)
  Using cached asttokens-2.4.1-py2.py3-none-any.whl.metadata (5.2 kB)
Collecting pure-eval (from stack-data->ipython>=6.1.0->ipywidgets>=8.0.4->open3d)
  Using cached pure_eval-0.2.2-py3-none-any.whl.metadata (6.2 kB)
Using cached open3d-0.18.0-cp38-cp38-manylinux_2_27_x86_64.whl (399.7 MB)
Using cached dash-2.17.0-py3-none-any.whl (7.5 MB)
Using cached dash_core_components-2.0.0-py3-none-any.whl (3.8 kB)
Using cached dash_html_components-2.0.0-py3-none-any.whl (4.1 kB)
Using cached dash_table-5.0.0-py3-none-any.whl (3.9 kB)
Using cached ipywidgets-8.1.3-py3-none-any.whl (139 kB)
Using cached matplotlib-3.7.5-cp38-cp38-manylinux_2_12_x86_64.manylinux2010_x86_64.whl (9.2 MB)
Using cached nbformat-5.10.4-py3-none-any.whl (78 kB)
Using cached numpy-1.24.4-cp38-cp38-manylinux_2_17_x86_64.manylinux2014_x86_64.whl (17.3 MB)
Using cached pandas-2.0.3-cp38-cp38-manylinux_2_17_x86_64.manylinux2014_x86_64.whl (12.4 MB)
Using cached pillow-10.3.0-cp38-cp38-manylinux_2_28_x86_64.whl (4.5 MB)
Using cached PyYAML-6.0.1-cp38-cp38-manylinux_2_17_x86_64.manylinux2014_x86_64.whl (736 kB)
Using cached scikit_learn-1.3.2-cp38-cp38-manylinux_2_17_x86_64.manylinux2014_x86_64.whl (11.1 MB)
Using cached werkzeug-3.0.3-py3-none-any.whl (227 kB)
Using cached addict-2.4.0-py3-none-any.whl (3.8 kB)
Using cached ConfigArgParse-1.7-py3-none-any.whl (25 kB)
Using cached pyquaternion-0.9.9-py3-none-any.whl (14 kB)
Using cached tqdm-4.66.4-py3-none-any.whl (78 kB)
Using cached comm-0.2.2-py3-none-any.whl (7.2 kB)
Using cached contourpy-1.1.1-cp38-cp38-manylinux_2_17_x86_64.manylinux2014_x86_64.whl (301 kB)
Using cached cycler-0.12.1-py3-none-any.whl (8.3 kB)
Using cached fastjsonschema-2.19.1-py3-none-any.whl (23 kB)
Using cached flask-3.0.3-py3-none-any.whl (101 kB)
Using cached fonttools-4.53.0-cp38-cp38-manylinux_2_17_x86_64.manylinux2014_x86_64.whl (4.7 MB)
Using cached importlib_metadata-7.1.0-py3-none-any.whl (24 kB)
Using cached importlib_resources-6.4.0-py3-none-any.whl (38 kB)
Using cached ipython-8.12.3-py3-none-any.whl (798 kB)
Using cached joblib-1.4.2-py3-none-any.whl (301 kB)
Using cached jsonschema-4.22.0-py3-none-any.whl (88 kB)
Using cached jupyter_core-5.7.2-py3-none-any.whl (28 kB)
Using cached jupyterlab_widgets-3.0.11-py3-none-any.whl (214 kB)
Using cached kiwisolver-1.4.5-cp38-cp38-manylinux_2_5_x86_64.manylinux1_x86_64.whl (1.2 MB)
Using cached MarkupSafe-2.1.5-cp38-cp38-manylinux_2_17_x86_64.manylinux2014_x86_64.whl (26 kB)
Using cached packaging-24.0-py3-none-any.whl (53 kB)
Using cached plotly-5.22.0-py3-none-any.whl (16.4 MB)
Using cached pyparsing-3.1.2-py3-none-any.whl (103 kB)
Using cached python_dateutil-2.9.0.post0-py2.py3-none-any.whl (229 kB)
Using cached pytz-2024.1-py2.py3-none-any.whl (505 kB)
Using cached scipy-1.10.1-cp38-cp38-manylinux_2_17_x86_64.manylinux2014_x86_64.whl (34.5 MB)
Using cached threadpoolctl-3.5.0-py3-none-any.whl (18 kB)
Using cached traitlets-5.14.3-py3-none-any.whl (85 kB)
Using cached typing_extensions-4.12.1-py3-none-any.whl (37 kB)
Using cached tzdata-2024.1-py2.py3-none-any.whl (345 kB)
Using cached widgetsnbextension-4.0.11-py3-none-any.whl (2.3 MB)
Using cached nest_asyncio-1.6.0-py3-none-any.whl (5.2 kB)
Using cached requests-2.32.3-py3-none-any.whl (64 kB)
Using cached retrying-1.3.4-py3-none-any.whl (11 kB)
Using cached attrs-23.2.0-py3-none-any.whl (60 kB)
Using cached blinker-1.8.2-py3-none-any.whl (9.5 kB)
Using cached certifi-2024.6.2-py3-none-any.whl (164 kB)
Using cached charset_normalizer-3.3.2-cp38-cp38-manylinux_2_17_x86_64.manylinux2014_x86_64.whl (141 kB)
Using cached click-8.1.7-py3-none-any.whl (97 kB)
Using cached idna-3.7-py3-none-any.whl (66 kB)
Using cached itsdangerous-2.2.0-py3-none-any.whl (16 kB)
Using cached jedi-0.19.1-py2.py3-none-any.whl (1.6 MB)
Downloading jinja2-3.1.4-py3-none-any.whl (133 kB)
   â”â”â”â”â”â”â”â”â”â”â”â”â”â”â”â”â”â”â”â”â”â”â”â”â”â”â”â”â”â”â”â”â”â”â”â”â”â”â”â” 133.3/133.3 kB 6.3 MB/s eta 0:00:00
Using cached jsonschema_specifications-2023.12.1-py3-none-any.whl (18 kB)
Using cached pexpect-4.9.0-py2.py3-none-any.whl (63 kB)
Using cached pkgutil_resolve_name-1.3.10-py3-none-any.whl (4.7 kB)
Using cached platformdirs-4.2.2-py3-none-any.whl (18 kB)
Using cached prompt_toolkit-3.0.45-py3-none-any.whl (386 kB)
Using cached pygments-2.18.0-py3-none-any.whl (1.2 MB)
Using cached referencing-0.35.1-py3-none-any.whl (26 kB)
Using cached rpds_py-0.18.1-cp38-cp38-manylinux_2_17_x86_64.manylinux2014_x86_64.whl (1.1 MB)
Using cached six-1.16.0-py2.py3-none-any.whl (11 kB)
Using cached tenacity-8.3.0-py3-none-any.whl (25 kB)
Using cached urllib3-2.2.1-py3-none-any.whl (121 kB)
Using cached zipp-3.19.1-py3-none-any.whl (9.0 kB)
Using cached backcall-0.2.0-py2.py3-none-any.whl (11 kB)
Using cached decorator-5.1.1-py3-none-any.whl (9.1 kB)
Using cached matplotlib_inline-0.1.7-py3-none-any.whl (9.9 kB)
Using cached pickleshare-0.7.5-py2.py3-none-any.whl (6.9 kB)
Using cached stack_data-0.6.3-py3-none-any.whl (24 kB)
Using cached asttokens-2.4.1-py2.py3-none-any.whl (27 kB)
Using cached executing-2.0.1-py2.py3-none-any.whl (24 kB)
Using cached parso-0.8.4-py2.py3-none-any.whl (103 kB)
Using cached ptyprocess-0.7.0-py2.py3-none-any.whl (13 kB)
Using cached pure_eval-0.2.2-py3-none-any.whl (11 kB)
Using cached wcwidth-0.2.13-py2.py3-none-any.whl (34 kB)
Installing collected packages: wcwidth, pytz, pure-eval, ptyprocess, pickleshare, fastjsonschema, dash-table, dash-html-components, dash-core-components, backcall, addict, zipp, widgetsnbextension, urllib3, tzdata, typing-extensions, traitlets, tqdm, threadpoolctl, tenacity, six, rpds-py, pyyaml, pyparsing, pygments, prompt-toolkit, platformdirs, pkgutil-resolve-name, pillow, pexpect, parso, packaging, numpy, nest-asyncio, MarkupSafe, kiwisolver, jupyterlab-widgets, joblib, itsdangerous, idna, fonttools, executing, decorator, cycler, configargparse, click, charset-normalizer, certifi, blinker, attrs, werkzeug, scipy, retrying, requests, referencing, python-dateutil, pyquaternion, plotly, matplotlib-inline, jupyter-core, Jinja2, jedi, importlib-resources, importlib-metadata, contourpy, comm, asttokens, stack-data, scikit-learn, pandas, matplotlib, jsonschema-specifications, Flask, jsonschema, ipython, dash, nbformat, ipywidgets, open3d
Successfully installed Flask-3.0.3 Jinja2-3.1.4 MarkupSafe-2.1.5 addict-2.4.0 asttokens-2.4.1 attrs-23.2.0 backcall-0.2.0 blinker-1.8.2 certifi-2024.6.2 charset-normalizer-3.3.2 click-8.1.7 comm-0.2.2 configargparse-1.7 contourpy-1.1.1 cycler-0.12.1 dash-2.17.0 dash-core-components-2.0.0 dash-html-components-2.0.0 dash-table-5.0.0 decorator-5.1.1 executing-2.0.1 fastjsonschema-2.19.1 fonttools-4.53.0 idna-3.7 importlib-metadata-7.1.0 importlib-resources-6.4.0 ipython-8.12.3 ipywidgets-8.1.3 itsdangerous-2.2.0 jedi-0.19.1 joblib-1.4.2 jsonschema-4.22.0 jsonschema-specifications-2023.12.1 jupyter-core-5.7.2 jupyterlab-widgets-3.0.11 kiwisolver-1.4.5 matplotlib-3.7.5 matplotlib-inline-0.1.7 nbformat-5.10.4 nest-asyncio-1.6.0 numpy-1.24.4 open3d-0.18.0 packaging-24.0 pandas-2.0.3 parso-0.8.4 pexpect-4.9.0 pickleshare-0.7.5 pillow-10.3.0 pkgutil-resolve-name-1.3.10 platformdirs-4.2.2 plotly-5.22.0 prompt-toolkit-3.0.45 ptyprocess-0.7.0 pure-eval-0.2.2 pygments-2.18.0 pyparsing-3.1.2 pyquaternion-0.9.9 python-dateutil-2.9.0.post0 pytz-2024.1 pyyaml-6.0.1 referencing-0.35.1 requests-2.32.3 retrying-1.3.4 rpds-py-0.18.1 scikit-learn-1.3.2 scipy-1.10.1 six-1.16.0 stack-data-0.6.3 tenacity-8.3.0 threadpoolctl-3.5.0 tqdm-4.66.4 traitlets-5.14.3 typing-extensions-4.12.1 tzdata-2024.1 urllib3-2.2.1 wcwidth-0.2.13 werkzeug-3.0.3 widgetsnbextension-4.0.11 zipp-3.19.1
âœ… installed open3d
ðŸš€ overwriting pytorch version with one that works for pytorch3d...
Collecting package metadata (current_repodata.json): ...working... done
Solving environment: ...working... failed with initial frozen solve. Retrying with flexible solve.
Collecting package metadata (repodata.json): ...working... done
Solving environment: ...working... done


==> WARNING: A newer version of conda exists. <==
  current version: 4.12.0
  latest version: 24.5.0

Please update conda by running

    $ conda update -n base -c defaults conda



## Package Plan ##

  environment location: /home/jhuizing/.conda/envs/SugarMVC

  added / updated specs:
    - pytorch-cuda=11.8
    - pytorch==2.1.0
    - torchaudio==2.1.0
    - torchvision==0.16.0


The following NEW packages will be INSTALLED:

  blas               pkgs/main/linux-64::blas-1.0-mkl
  brotli-python      pkgs/main/linux-64::brotli-python-1.0.9-py38h6a678d5_8
  bzip2              pkgs/main/linux-64::bzip2-1.0.8-h5eee18b_6
  certifi            pkgs/main/linux-64::certifi-2024.2.2-py38h06a4308_0
  charset-normalizer pkgs/main/noarch::charset-normalizer-2.0.4-pyhd3eb1b0_0
  cuda-cudart        nvidia/linux-64::cuda-cudart-11.8.89-0
  cuda-cupti         nvidia/linux-64::cuda-cupti-11.8.87-0
  cuda-libraries     nvidia/linux-64::cuda-libraries-11.8.0-0
  cuda-nvrtc         nvidia/linux-64::cuda-nvrtc-11.8.89-0
  cuda-nvtx          nvidia/linux-64::cuda-nvtx-11.8.86-0
  cuda-runtime       nvidia/linux-64::cuda-runtime-11.8.0-0
  cuda-version       nvidia/noarch::cuda-version-12.5-3
  ffmpeg             pytorch/linux-64::ffmpeg-4.3-hf484d3e_0
  filelock           pkgs/main/linux-64::filelock-3.13.1-py38h06a4308_0
  freetype           pkgs/main/linux-64::freetype-2.12.1-h4a9f257_0
  gmp                pkgs/main/linux-64::gmp-6.2.1-h295c915_3
  gmpy2              pkgs/main/linux-64::gmpy2-2.1.2-py38heeb90bb_0
  gnutls             pkgs/main/linux-64::gnutls-3.6.15-he1e5248_0
  idna               pkgs/main/linux-64::idna-3.7-py38h06a4308_0
  intel-openmp       pkgs/main/linux-64::intel-openmp-2023.1.0-hdb19cb5_46306
  jinja2             pkgs/main/linux-64::jinja2-3.1.4-py38h06a4308_0
  jpeg               pkgs/main/linux-64::jpeg-9e-h5eee18b_1
  lame               pkgs/main/linux-64::lame-3.100-h7b6447c_0
  lcms2              pkgs/main/linux-64::lcms2-2.12-h3be6417_0
  lerc               pkgs/main/linux-64::lerc-3.0-h295c915_0
  libcublas          nvidia/linux-64::libcublas-11.11.3.6-0
  libcufft           nvidia/linux-64::libcufft-10.9.0.58-0
  libcufile          nvidia/linux-64::libcufile-1.10.0.4-0
  libcurand          nvidia/linux-64::libcurand-10.3.6.39-0
  libcusolver        nvidia/linux-64::libcusolver-11.4.1.48-0
  libcusparse        nvidia/linux-64::libcusparse-11.7.5.86-0
  libdeflate         pkgs/main/linux-64::libdeflate-1.17-h5eee18b_1
  libiconv           pkgs/main/linux-64::libiconv-1.16-h5eee18b_3
  libidn2            pkgs/main/linux-64::libidn2-2.3.4-h5eee18b_0
  libjpeg-turbo      pytorch/linux-64::libjpeg-turbo-2.0.0-h9bf148f_0
  libnpp             nvidia/linux-64::libnpp-11.8.0.86-0
  libnvjpeg          nvidia/linux-64::libnvjpeg-11.9.0.86-0
  libpng             pkgs/main/linux-64::libpng-1.6.39-h5eee18b_0
  libtasn1           pkgs/main/linux-64::libtasn1-4.19.0-h5eee18b_0
  libtiff            pkgs/main/linux-64::libtiff-4.5.1-h6a678d5_0
  libunistring       pkgs/main/linux-64::libunistring-0.9.10-h27cfd23_0
  libwebp-base       pkgs/main/linux-64::libwebp-base-1.3.2-h5eee18b_0
  llvm-openmp        pkgs/main/linux-64::llvm-openmp-14.0.6-h9e868ea_0
  lz4-c              pkgs/main/linux-64::lz4-c-1.9.4-h6a678d5_1
  markupsafe         pkgs/main/linux-64::markupsafe-2.1.3-py38h5eee18b_0
  mkl                pkgs/main/linux-64::mkl-2023.1.0-h213fc3f_46344
  mkl-service        pkgs/main/linux-64::mkl-service-2.4.0-py38h5eee18b_1
  mkl_fft            pkgs/main/linux-64::mkl_fft-1.3.8-py38h5eee18b_0
  mkl_random         pkgs/main/linux-64::mkl_random-1.2.4-py38hdb19cb5_0
  mpc                pkgs/main/linux-64::mpc-1.1.0-h10f8cd9_1
  mpfr               pkgs/main/linux-64::mpfr-4.0.2-hb69a4c5_1
  mpmath             pkgs/main/linux-64::mpmath-1.3.0-py38h06a4308_0
  nettle             pkgs/main/linux-64::nettle-3.7.3-hbbd107a_1
  networkx           pkgs/main/linux-64::networkx-3.1-py38h06a4308_0
  numpy              pkgs/main/linux-64::numpy-1.24.3-py38hf6e8229_1
  numpy-base         pkgs/main/linux-64::numpy-base-1.24.3-py38h060ed82_1
  openh264           pkgs/main/linux-64::openh264-2.1.1-h4ff587b_0
  openjpeg           pkgs/main/linux-64::openjpeg-2.4.0-h3ad879b_0
  pillow             pkgs/main/linux-64::pillow-10.3.0-py38h5eee18b_0
  pysocks            pkgs/main/linux-64::pysocks-1.7.1-py38h06a4308_0
  pytorch            pytorch/linux-64::pytorch-2.1.0-py3.8_cuda11.8_cudnn8.7.0_0
  pytorch-cuda       pytorch/linux-64::pytorch-cuda-11.8-h7e8668a_5
  pytorch-mutex      pytorch/noarch::pytorch-mutex-1.0-cuda
  pyyaml             pkgs/main/linux-64::pyyaml-6.0.1-py38h5eee18b_0
  requests           pkgs/main/linux-64::requests-2.32.2-py38h06a4308_0
  sympy              pkgs/main/linux-64::sympy-1.12-py38h06a4308_0
  tbb                pkgs/main/linux-64::tbb-2021.8.0-hdb19cb5_0
  torchaudio         pytorch/linux-64::torchaudio-2.1.0-py38_cu118
  torchtriton        pytorch/linux-64::torchtriton-2.1.0-py38
  torchvision        pytorch/linux-64::torchvision-0.16.0-py38_cu118
  typing_extensions  pkgs/main/linux-64::typing_extensions-4.11.0-py38h06a4308_0
  urllib3            pkgs/main/linux-64::urllib3-2.2.1-py38h06a4308_0
  yaml               pkgs/main/linux-64::yaml-0.2.5-h7b6447c_0
  zstd               pkgs/main/linux-64::zstd-1.5.5-hc292b87_2


Proceed ([y]/n)? 
Preparing transaction: ...working... done
Verifying transaction: ...working... done
Executing transaction: ...working... done
ðŸš€ And cub....
Collecting package metadata (current_repodata.json): ...working... done
Solving environment: ...working... failed with initial frozen solve. Retrying with flexible solve.
Collecting package metadata (repodata.json): ...working... done
Solving environment: ...working... failed with initial frozen solve. Retrying with flexible solve.

PackagesNotFoundError: The following packages are not available from current channels:

  - nvidiacubecho

Current channels:

  - https://conda.anaconda.org/bottler/linux-64
  - https://conda.anaconda.org/bottler/noarch
  - https://repo.anaconda.com/pkgs/main/linux-64
  - https://repo.anaconda.com/pkgs/main/noarch
  - https://repo.anaconda.com/pkgs/r/linux-64
  - https://repo.anaconda.com/pkgs/r/noarch

To search for alternate channels that may provide the conda package you're
looking for, navigate to

    https://anaconda.org

and use the search bar at the top of the page.


âœ… installed pytorch fixed version and cub
ðŸš€ installing pytorch3d
Collecting git+https://github.com/facebookresearch/pytorch3d.git@stable
  Cloning https://github.com/facebookresearch/pytorch3d.git (to revision stable) to /gpfs/scratch1/nodespecific/gcn54/jhuizing.6497163/pip-req-build-in8gjw66
  Running command git clone --filter=blob:none --quiet https://github.com/facebookresearch/pytorch3d.git /gpfs/scratch1/nodespecific/gcn54/jhuizing.6497163/pip-req-build-in8gjw66
  Running command git checkout -q f34104cf6ebefacd7b7e07955ee7aaa823e616ac
  Resolved https://github.com/facebookresearch/pytorch3d.git to commit f34104cf6ebefacd7b7e07955ee7aaa823e616ac
  Preparing metadata (setup.py): started
  Preparing metadata (setup.py): finished with status 'done'
Collecting fvcore (from pytorch3d==0.7.6)
  Using cached fvcore-0.1.5.post20221221-py3-none-any.whl
Collecting iopath (from pytorch3d==0.7.6)
  Using cached iopath-0.1.10-py3-none-any.whl
Requirement already satisfied: numpy in /gpfs/home6/jhuizing/.conda/envs/SugarMVC/lib/python3.8/site-packages (from fvcore->pytorch3d==0.7.6) (1.24.3)
Collecting yacs>=0.1.6 (from fvcore->pytorch3d==0.7.6)
  Using cached yacs-0.1.8-py3-none-any.whl.metadata (639 bytes)
Requirement already satisfied: pyyaml>=5.1 in /gpfs/home6/jhuizing/.conda/envs/SugarMVC/lib/python3.8/site-packages (from fvcore->pytorch3d==0.7.6) (6.0.1)
Requirement already satisfied: tqdm in /gpfs/home6/jhuizing/.conda/envs/SugarMVC/lib/python3.8/site-packages (from fvcore->pytorch3d==0.7.6) (4.66.4)
Collecting termcolor>=1.1 (from fvcore->pytorch3d==0.7.6)
  Using cached termcolor-2.4.0-py3-none-any.whl.metadata (6.1 kB)
Requirement already satisfied: Pillow in /gpfs/home6/jhuizing/.conda/envs/SugarMVC/lib/python3.8/site-packages (from fvcore->pytorch3d==0.7.6) (10.3.0)
Collecting tabulate (from fvcore->pytorch3d==0.7.6)
  Using cached tabulate-0.9.0-py3-none-any.whl.metadata (34 kB)
Requirement already satisfied: typing-extensions in /gpfs/home6/jhuizing/.conda/envs/SugarMVC/lib/python3.8/site-packages (from iopath->pytorch3d==0.7.6) (4.11.0)
Collecting portalocker (from iopath->pytorch3d==0.7.6)
  Using cached portalocker-2.8.2-py3-none-any.whl.metadata (8.5 kB)
Using cached termcolor-2.4.0-py3-none-any.whl (7.7 kB)
Using cached yacs-0.1.8-py3-none-any.whl (14 kB)
Using cached portalocker-2.8.2-py3-none-any.whl (17 kB)
Using cached tabulate-0.9.0-py3-none-any.whl (35 kB)
Building wheels for collected packages: pytorch3d
  Building wheel for pytorch3d (setup.py): started
  Building wheel for pytorch3d (setup.py): still running...
  Building wheel for pytorch3d (setup.py): still running...
  Building wheel for pytorch3d (setup.py): finished with status 'done'
  Created wheel for pytorch3d: filename=pytorch3d-0.7.6-cp38-cp38-linux_x86_64.whl size=70543074 sha256=5039d82f41fe08e9aecb2f5c6bb70cc4848c271411100d3fefd8e0ae0af96513
  Stored in directory: /gpfs/scratch1/nodespecific/gcn54/jhuizing.6497163/pip-ephem-wheel-cache-za_b7fsl/wheels/db/6f/d4/ae9aeabc4d0ffaef2112aa0e541dd8a947c6008ae0866d5390
Successfully built pytorch3d
Installing collected packages: yacs, termcolor, tabulate, portalocker, iopath, fvcore, pytorch3d
Successfully installed fvcore-0.1.5.post20221221 iopath-0.1.10 portalocker-2.8.2 pytorch3d-0.7.6 tabulate-0.9.0 termcolor-2.4.0 yacs-0.1.8
âœ… installed pytorch3d
ðŸš€ installing requirements-lgm
Collecting tyro (from -r requirements-lgm.txt (line 1))
  Using cached tyro-0.8.4-py3-none-any.whl.metadata (7.9 kB)
Collecting diffusers (from -r requirements-lgm.txt (line 2))
  Using cached diffusers-0.28.1-py3-none-any.whl.metadata (19 kB)
Collecting dearpygui (from -r requirements-lgm.txt (line 3))
  Using cached dearpygui-1.11.1-cp38-cp38-manylinux1_x86_64.whl.metadata (12 kB)
Collecting einops (from -r requirements-lgm.txt (line 4))
  Using cached einops-0.8.0-py3-none-any.whl.metadata (12 kB)
Collecting accelerate (from -r requirements-lgm.txt (line 5))
  Using cached accelerate-0.30.1-py3-none-any.whl.metadata (18 kB)
Collecting gradio (from -r requirements-lgm.txt (line 6))
  Using cached gradio-4.32.2-py3-none-any.whl.metadata (15 kB)
Collecting imageio (from -r requirements-lgm.txt (line 7))
  Using cached imageio-2.34.1-py3-none-any.whl.metadata (4.9 kB)
Collecting imageio-ffmpeg (from -r requirements-lgm.txt (line 8))
  Using cached imageio_ffmpeg-0.5.1-py3-none-manylinux2010_x86_64.whl.metadata (1.6 kB)
Collecting lpips (from -r requirements-lgm.txt (line 9))
  Using cached lpips-0.1.4-py3-none-any.whl.metadata (10 kB)
Requirement already satisfied: matplotlib in /gpfs/home6/jhuizing/.conda/envs/SugarMVC/lib/python3.8/site-packages (from -r requirements-lgm.txt (line 10)) (3.7.5)
Requirement already satisfied: packaging in /gpfs/home6/jhuizing/.conda/envs/SugarMVC/lib/python3.8/site-packages (from -r requirements-lgm.txt (line 11)) (24.0)
Requirement already satisfied: Pillow in /gpfs/home6/jhuizing/.conda/envs/SugarMVC/lib/python3.8/site-packages (from -r requirements-lgm.txt (line 12)) (10.3.0)
Collecting pygltflib (from -r requirements-lgm.txt (line 13))
  Using cached pygltflib-1.16.2-py3-none-any.whl
Collecting rich (from -r requirements-lgm.txt (line 15))
  Using cached rich-13.7.1-py3-none-any.whl.metadata (18 kB)
Collecting safetensors (from -r requirements-lgm.txt (line 16))
  Using cached safetensors-0.4.3-cp38-cp38-manylinux_2_17_x86_64.manylinux2014_x86_64.whl.metadata (3.8 kB)
Collecting scikit-image (from -r requirements-lgm.txt (line 17))
  Using cached scikit_image-0.21.0-cp38-cp38-manylinux_2_17_x86_64.manylinux2014_x86_64.whl.metadata (14 kB)
Requirement already satisfied: scikit-learn in /gpfs/home6/jhuizing/.conda/envs/SugarMVC/lib/python3.8/site-packages (from -r requirements-lgm.txt (line 18)) (1.3.2)
Requirement already satisfied: scipy in /gpfs/home6/jhuizing/.conda/envs/SugarMVC/lib/python3.8/site-packages (from -r requirements-lgm.txt (line 19)) (1.10.1)
Requirement already satisfied: tqdm in /gpfs/home6/jhuizing/.conda/envs/SugarMVC/lib/python3.8/site-packages (from -r requirements-lgm.txt (line 20)) (4.66.4)
Collecting transformers (from -r requirements-lgm.txt (line 21))
  Using cached transformers-4.41.2-py3-none-any.whl.metadata (43 kB)
Collecting trimesh (from -r requirements-lgm.txt (line 22))
  Using cached trimesh-4.4.0-py3-none-any.whl.metadata (18 kB)
Collecting kiui>=0.2.3 (from -r requirements-lgm.txt (line 23))
  Using cached kiui-0.2.9-py3-none-any.whl.metadata (4.7 kB)
Collecting xatlas (from -r requirements-lgm.txt (line 24))
  Using cached xatlas-0.0.9-cp38-cp38-manylinux_2_17_x86_64.manylinux2014_x86_64.whl.metadata (4.9 kB)
Collecting roma (from -r requirements-lgm.txt (line 25))
  Using cached roma-1.5.0-py3-none-any.whl.metadata (4.7 kB)
Collecting plyfile (from -r requirements-lgm.txt (line 26))
  Using cached plyfile-1.0.3-py3-none-any.whl.metadata (2.1 kB)
Collecting rembg[cli,gpu] (from -r requirements-lgm.txt (line 14))
  Using cached rembg-2.0.57-py3-none-any.whl.metadata (16 kB)
Collecting docstring-parser>=0.14.1 (from tyro->-r requirements-lgm.txt (line 1))
  Using cached docstring_parser-0.16-py3-none-any.whl.metadata (3.0 kB)
Requirement already satisfied: typing-extensions>=4.7.0 in /gpfs/home6/jhuizing/.conda/envs/SugarMVC/lib/python3.8/site-packages (from tyro->-r requirements-lgm.txt (line 1)) (4.11.0)
Collecting shtab>=1.5.6 (from tyro->-r requirements-lgm.txt (line 1))
  Using cached shtab-1.7.1-py3-none-any.whl.metadata (7.3 kB)
Collecting eval-type-backport>=0.1.3 (from tyro->-r requirements-lgm.txt (line 1))
  Using cached eval_type_backport-0.2.0-py3-none-any.whl.metadata (2.2 kB)
Requirement already satisfied: importlib-metadata in /gpfs/home6/jhuizing/.conda/envs/SugarMVC/lib/python3.8/site-packages (from diffusers->-r requirements-lgm.txt (line 2)) (7.1.0)
Requirement already satisfied: filelock in /gpfs/home6/jhuizing/.conda/envs/SugarMVC/lib/python3.8/site-packages (from diffusers->-r requirements-lgm.txt (line 2)) (3.13.1)
Collecting huggingface-hub>=0.20.2 (from diffusers->-r requirements-lgm.txt (line 2))
  Using cached huggingface_hub-0.23.2-py3-none-any.whl.metadata (12 kB)
Requirement already satisfied: numpy in /gpfs/home6/jhuizing/.conda/envs/SugarMVC/lib/python3.8/site-packages (from diffusers->-r requirements-lgm.txt (line 2)) (1.24.3)
Collecting regex!=2019.12.17 (from diffusers->-r requirements-lgm.txt (line 2))
  Using cached regex-2024.5.15-cp38-cp38-manylinux_2_17_x86_64.manylinux2014_x86_64.whl.metadata (40 kB)
Requirement already satisfied: requests in /gpfs/home6/jhuizing/.conda/envs/SugarMVC/lib/python3.8/site-packages (from diffusers->-r requirements-lgm.txt (line 2)) (2.32.2)
Collecting psutil (from accelerate->-r requirements-lgm.txt (line 5))
  Using cached psutil-5.9.8-cp36-abi3-manylinux_2_12_x86_64.manylinux2010_x86_64.manylinux_2_17_x86_64.manylinux2014_x86_64.whl.metadata (21 kB)
Requirement already satisfied: pyyaml in /gpfs/home6/jhuizing/.conda/envs/SugarMVC/lib/python3.8/site-packages (from accelerate->-r requirements-lgm.txt (line 5)) (6.0.1)
Requirement already satisfied: torch>=1.10.0 in /gpfs/home6/jhuizing/.conda/envs/SugarMVC/lib/python3.8/site-packages (from accelerate->-r requirements-lgm.txt (line 5)) (2.1.0)
Collecting aiofiles<24.0,>=22.0 (from gradio->-r requirements-lgm.txt (line 6))
  Using cached aiofiles-23.2.1-py3-none-any.whl.metadata (9.7 kB)
Collecting altair<6.0,>=4.2.0 (from gradio->-r requirements-lgm.txt (line 6))
  Using cached altair-5.3.0-py3-none-any.whl.metadata (9.2 kB)
Collecting fastapi (from gradio->-r requirements-lgm.txt (line 6))
  Using cached fastapi-0.111.0-py3-none-any.whl.metadata (25 kB)
Collecting ffmpy (from gradio->-r requirements-lgm.txt (line 6))
  Using cached ffmpy-0.3.2-py3-none-any.whl
Collecting gradio-client==0.17.0 (from gradio->-r requirements-lgm.txt (line 6))
  Using cached gradio_client-0.17.0-py3-none-any.whl.metadata (7.1 kB)
Collecting httpx>=0.24.1 (from gradio->-r requirements-lgm.txt (line 6))
  Using cached httpx-0.27.0-py3-none-any.whl.metadata (7.2 kB)
Requirement already satisfied: importlib-resources<7.0,>=1.3 in /gpfs/home6/jhuizing/.conda/envs/SugarMVC/lib/python3.8/site-packages (from gradio->-r requirements-lgm.txt (line 6)) (6.4.0)
Requirement already satisfied: jinja2<4.0 in /gpfs/home6/jhuizing/.conda/envs/SugarMVC/lib/python3.8/site-packages (from gradio->-r requirements-lgm.txt (line 6)) (3.1.4)
Requirement already satisfied: markupsafe~=2.0 in /gpfs/home6/jhuizing/.conda/envs/SugarMVC/lib/python3.8/site-packages (from gradio->-r requirements-lgm.txt (line 6)) (2.1.3)
Collecting orjson~=3.0 (from gradio->-r requirements-lgm.txt (line 6))
  Using cached orjson-3.10.3-cp38-cp38-manylinux_2_17_x86_64.manylinux2014_x86_64.whl.metadata (49 kB)
Requirement already satisfied: pandas<3.0,>=1.0 in /gpfs/home6/jhuizing/.conda/envs/SugarMVC/lib/python3.8/site-packages (from gradio->-r requirements-lgm.txt (line 6)) (2.0.3)
Collecting pydantic>=2.0 (from gradio->-r requirements-lgm.txt (line 6))
  Using cached pydantic-2.7.3-py3-none-any.whl.metadata (108 kB)
Collecting pydub (from gradio->-r requirements-lgm.txt (line 6))
  Using cached pydub-0.25.1-py2.py3-none-any.whl.metadata (1.4 kB)
Collecting python-multipart>=0.0.9 (from gradio->-r requirements-lgm.txt (line 6))
  Using cached python_multipart-0.0.9-py3-none-any.whl.metadata (2.5 kB)
Collecting ruff>=0.2.2 (from gradio->-r requirements-lgm.txt (line 6))
  Using cached ruff-0.4.7-py3-none-manylinux_2_17_x86_64.manylinux2014_x86_64.whl.metadata (24 kB)
Collecting semantic-version~=2.0 (from gradio->-r requirements-lgm.txt (line 6))
  Using cached semantic_version-2.10.0-py2.py3-none-any.whl.metadata (9.7 kB)
Collecting tomlkit==0.12.0 (from gradio->-r requirements-lgm.txt (line 6))
  Using cached tomlkit-0.12.0-py3-none-any.whl.metadata (2.7 kB)
Collecting typer<1.0,>=0.12 (from gradio->-r requirements-lgm.txt (line 6))
  Using cached typer-0.12.3-py3-none-any.whl.metadata (15 kB)
Requirement already satisfied: urllib3~=2.0 in /gpfs/home6/jhuizing/.conda/envs/SugarMVC/lib/python3.8/site-packages (from gradio->-r requirements-lgm.txt (line 6)) (2.2.1)
Collecting uvicorn>=0.14.0 (from gradio->-r requirements-lgm.txt (line 6))
  Using cached uvicorn-0.30.1-py3-none-any.whl.metadata (6.3 kB)
Collecting fsspec (from gradio-client==0.17.0->gradio->-r requirements-lgm.txt (line 6))
  Downloading fsspec-2024.6.0-py3-none-any.whl.metadata (11 kB)
Collecting websockets<12.0,>=10.0 (from gradio-client==0.17.0->gradio->-r requirements-lgm.txt (line 6))
  Using cached websockets-11.0.3-cp38-cp38-manylinux_2_5_x86_64.manylinux1_x86_64.manylinux_2_17_x86_64.manylinux2014_x86_64.whl.metadata (6.6 kB)
Requirement already satisfied: setuptools in /gpfs/home6/jhuizing/.conda/envs/SugarMVC/lib/python3.8/site-packages (from imageio-ffmpeg->-r requirements-lgm.txt (line 8)) (69.5.1)
Requirement already satisfied: torchvision>=0.2.1 in /gpfs/home6/jhuizing/.conda/envs/SugarMVC/lib/python3.8/site-packages (from lpips->-r requirements-lgm.txt (line 9)) (0.16.0)
Requirement already satisfied: contourpy>=1.0.1 in /gpfs/home6/jhuizing/.conda/envs/SugarMVC/lib/python3.8/site-packages (from matplotlib->-r requirements-lgm.txt (line 10)) (1.1.1)
Requirement already satisfied: cycler>=0.10 in /gpfs/home6/jhuizing/.conda/envs/SugarMVC/lib/python3.8/site-packages (from matplotlib->-r requirements-lgm.txt (line 10)) (0.12.1)
Requirement already satisfied: fonttools>=4.22.0 in /gpfs/home6/jhuizing/.conda/envs/SugarMVC/lib/python3.8/site-packages (from matplotlib->-r requirements-lgm.txt (line 10)) (4.53.0)
Requirement already satisfied: kiwisolver>=1.0.1 in /gpfs/home6/jhuizing/.conda/envs/SugarMVC/lib/python3.8/site-packages (from matplotlib->-r requirements-lgm.txt (line 10)) (1.4.5)
Requirement already satisfied: pyparsing>=2.3.1 in /gpfs/home6/jhuizing/.conda/envs/SugarMVC/lib/python3.8/site-packages (from matplotlib->-r requirements-lgm.txt (line 10)) (3.1.2)
Requirement already satisfied: python-dateutil>=2.7 in /gpfs/home6/jhuizing/.conda/envs/SugarMVC/lib/python3.8/site-packages (from matplotlib->-r requirements-lgm.txt (line 10)) (2.9.0.post0)
Collecting dataclasses-json>=0.0.25 (from pygltflib->-r requirements-lgm.txt (line 13))
  Using cached dataclasses_json-0.6.6-py3-none-any.whl.metadata (25 kB)
Collecting deprecated (from pygltflib->-r requirements-lgm.txt (line 13))
  Using cached Deprecated-1.2.14-py2.py3-none-any.whl.metadata (5.4 kB)
Requirement already satisfied: jsonschema in /gpfs/home6/jhuizing/.conda/envs/SugarMVC/lib/python3.8/site-packages (from rembg[cli,gpu]->-r requirements-lgm.txt (line 14)) (4.22.0)
Collecting onnxruntime (from rembg[cli,gpu]->-r requirements-lgm.txt (line 14))
  Using cached onnxruntime-1.18.0-cp38-cp38-manylinux_2_27_x86_64.manylinux_2_28_x86_64.whl.metadata (4.3 kB)
Collecting opencv-python-headless (from rembg[cli,gpu]->-r requirements-lgm.txt (line 14))
  Using cached opencv_python_headless-4.10.0.82-cp37-abi3-manylinux_2_17_x86_64.manylinux2014_x86_64.whl.metadata (20 kB)
Collecting pooch (from rembg[cli,gpu]->-r requirements-lgm.txt (line 14))
  Using cached pooch-1.8.1-py3-none-any.whl.metadata (9.5 kB)
Collecting pymatting (from rembg[cli,gpu]->-r requirements-lgm.txt (line 14))
  Using cached PyMatting-1.1.12-py3-none-any.whl.metadata (7.4 kB)
Collecting onnxruntime-gpu (from rembg[cli,gpu]->-r requirements-lgm.txt (line 14))
  Using cached onnxruntime_gpu-1.18.0-cp38-cp38-manylinux_2_28_x86_64.whl.metadata (4.3 kB)
Collecting aiohttp (from rembg[cli,gpu]->-r requirements-lgm.txt (line 14))
  Using cached aiohttp-3.9.5-cp38-cp38-manylinux_2_17_x86_64.manylinux2014_x86_64.whl.metadata (7.5 kB)
Collecting asyncer (from rembg[cli,gpu]->-r requirements-lgm.txt (line 14))
  Using cached asyncer-0.0.7-py3-none-any.whl.metadata (6.6 kB)
Requirement already satisfied: click in /gpfs/home6/jhuizing/.conda/envs/SugarMVC/lib/python3.8/site-packages (from rembg[cli,gpu]->-r requirements-lgm.txt (line 14)) (8.1.7)
Collecting filetype (from rembg[cli,gpu]->-r requirements-lgm.txt (line 14))
  Using cached filetype-1.2.0-py2.py3-none-any.whl.metadata (6.5 kB)
Collecting watchdog (from rembg[cli,gpu]->-r requirements-lgm.txt (line 14))
  Using cached watchdog-4.0.1-py3-none-manylinux2014_x86_64.whl.metadata (37 kB)
Collecting markdown-it-py>=2.2.0 (from rich->-r requirements-lgm.txt (line 15))
  Using cached markdown_it_py-3.0.0-py3-none-any.whl.metadata (6.9 kB)
Requirement already satisfied: pygments<3.0.0,>=2.13.0 in /gpfs/home6/jhuizing/.conda/envs/SugarMVC/lib/python3.8/site-packages (from rich->-r requirements-lgm.txt (line 15)) (2.18.0)
Requirement already satisfied: networkx>=2.8 in /gpfs/home6/jhuizing/.conda/envs/SugarMVC/lib/python3.8/site-packages (from scikit-image->-r requirements-lgm.txt (line 17)) (3.1)
Collecting tifffile>=2022.8.12 (from scikit-image->-r requirements-lgm.txt (line 17))
  Using cached tifffile-2023.7.10-py3-none-any.whl.metadata (31 kB)
Collecting PyWavelets>=1.1.1 (from scikit-image->-r requirements-lgm.txt (line 17))
  Using cached PyWavelets-1.4.1-cp38-cp38-manylinux_2_17_x86_64.manylinux2014_x86_64.whl.metadata (1.9 kB)
Collecting lazy_loader>=0.2 (from scikit-image->-r requirements-lgm.txt (line 17))
  Using cached lazy_loader-0.4-py3-none-any.whl.metadata (7.6 kB)
Requirement already satisfied: joblib>=1.1.1 in /gpfs/home6/jhuizing/.conda/envs/SugarMVC/lib/python3.8/site-packages (from scikit-learn->-r requirements-lgm.txt (line 18)) (1.4.2)
Requirement already satisfied: threadpoolctl>=2.0.0 in /gpfs/home6/jhuizing/.conda/envs/SugarMVC/lib/python3.8/site-packages (from scikit-learn->-r requirements-lgm.txt (line 18)) (3.5.0)
Collecting tokenizers<0.20,>=0.19 (from transformers->-r requirements-lgm.txt (line 21))
  Using cached tokenizers-0.19.1-cp38-cp38-manylinux_2_17_x86_64.manylinux2014_x86_64.whl.metadata (6.7 kB)
Collecting varname (from kiui>=0.2.3->-r requirements-lgm.txt (line 23))
  Using cached varname-0.13.1-py3-none-any.whl.metadata (12 kB)
Collecting objprint (from kiui>=0.2.3->-r requirements-lgm.txt (line 23))
  Using cached objprint-0.2.3-py3-none-any.whl.metadata (25 kB)
Collecting toolz (from altair<6.0,>=4.2.0->gradio->-r requirements-lgm.txt (line 6))
  Using cached toolz-0.12.1-py3-none-any.whl.metadata (5.1 kB)
Collecting marshmallow<4.0.0,>=3.18.0 (from dataclasses-json>=0.0.25->pygltflib->-r requirements-lgm.txt (line 13))
  Using cached marshmallow-3.21.2-py3-none-any.whl.metadata (7.1 kB)
Collecting typing-inspect<1,>=0.4.0 (from dataclasses-json>=0.0.25->pygltflib->-r requirements-lgm.txt (line 13))
  Using cached typing_inspect-0.9.0-py3-none-any.whl.metadata (1.5 kB)
Collecting anyio (from httpx>=0.24.1->gradio->-r requirements-lgm.txt (line 6))
  Using cached anyio-4.4.0-py3-none-any.whl.metadata (4.6 kB)
Requirement already satisfied: certifi in /gpfs/home6/jhuizing/.conda/envs/SugarMVC/lib/python3.8/site-packages (from httpx>=0.24.1->gradio->-r requirements-lgm.txt (line 6)) (2024.2.2)
Collecting httpcore==1.* (from httpx>=0.24.1->gradio->-r requirements-lgm.txt (line 6))
  Using cached httpcore-1.0.5-py3-none-any.whl.metadata (20 kB)
Requirement already satisfied: idna in /gpfs/home6/jhuizing/.conda/envs/SugarMVC/lib/python3.8/site-packages (from httpx>=0.24.1->gradio->-r requirements-lgm.txt (line 6)) (3.7)
Collecting sniffio (from httpx>=0.24.1->gradio->-r requirements-lgm.txt (line 6))
  Using cached sniffio-1.3.1-py3-none-any.whl.metadata (3.9 kB)
Collecting h11<0.15,>=0.13 (from httpcore==1.*->httpx>=0.24.1->gradio->-r requirements-lgm.txt (line 6))
  Using cached h11-0.14.0-py3-none-any.whl.metadata (8.2 kB)
Requirement already satisfied: zipp>=3.1.0 in /gpfs/home6/jhuizing/.conda/envs/SugarMVC/lib/python3.8/site-packages (from importlib-resources<7.0,>=1.3->gradio->-r requirements-lgm.txt (line 6)) (3.19.1)
Requirement already satisfied: attrs>=22.2.0 in /gpfs/home6/jhuizing/.conda/envs/SugarMVC/lib/python3.8/site-packages (from jsonschema->rembg[cli,gpu]->-r requirements-lgm.txt (line 14)) (23.2.0)
Requirement already satisfied: jsonschema-specifications>=2023.03.6 in /gpfs/home6/jhuizing/.conda/envs/SugarMVC/lib/python3.8/site-packages (from jsonschema->rembg[cli,gpu]->-r requirements-lgm.txt (line 14)) (2023.12.1)
Requirement already satisfied: pkgutil-resolve-name>=1.3.10 in /gpfs/home6/jhuizing/.conda/envs/SugarMVC/lib/python3.8/site-packages (from jsonschema->rembg[cli,gpu]->-r requirements-lgm.txt (line 14)) (1.3.10)
Requirement already satisfied: referencing>=0.28.4 in /gpfs/home6/jhuizing/.conda/envs/SugarMVC/lib/python3.8/site-packages (from jsonschema->rembg[cli,gpu]->-r requirements-lgm.txt (line 14)) (0.35.1)
Requirement already satisfied: rpds-py>=0.7.1 in /gpfs/home6/jhuizing/.conda/envs/SugarMVC/lib/python3.8/site-packages (from jsonschema->rembg[cli,gpu]->-r requirements-lgm.txt (line 14)) (0.18.1)
Collecting mdurl~=0.1 (from markdown-it-py>=2.2.0->rich->-r requirements-lgm.txt (line 15))
  Using cached mdurl-0.1.2-py3-none-any.whl.metadata (1.6 kB)
Requirement already satisfied: pytz>=2020.1 in /gpfs/home6/jhuizing/.conda/envs/SugarMVC/lib/python3.8/site-packages (from pandas<3.0,>=1.0->gradio->-r requirements-lgm.txt (line 6)) (2024.1)
Requirement already satisfied: tzdata>=2022.1 in /gpfs/home6/jhuizing/.conda/envs/SugarMVC/lib/python3.8/site-packages (from pandas<3.0,>=1.0->gradio->-r requirements-lgm.txt (line 6)) (2024.1)
Collecting annotated-types>=0.4.0 (from pydantic>=2.0->gradio->-r requirements-lgm.txt (line 6))
  Using cached annotated_types-0.7.0-py3-none-any.whl.metadata (15 kB)
Collecting pydantic-core==2.18.4 (from pydantic>=2.0->gradio->-r requirements-lgm.txt (line 6))
  Using cached pydantic_core-2.18.4-cp38-cp38-manylinux_2_17_x86_64.manylinux2014_x86_64.whl.metadata (6.5 kB)
Requirement already satisfied: six>=1.5 in /gpfs/home6/jhuizing/.conda/envs/SugarMVC/lib/python3.8/site-packages (from python-dateutil>=2.7->matplotlib->-r requirements-lgm.txt (line 10)) (1.16.0)
Requirement already satisfied: sympy in /gpfs/home6/jhuizing/.conda/envs/SugarMVC/lib/python3.8/site-packages (from torch>=1.10.0->accelerate->-r requirements-lgm.txt (line 5)) (1.12)
Collecting shellingham>=1.3.0 (from typer<1.0,>=0.12->gradio->-r requirements-lgm.txt (line 6))
  Using cached shellingham-1.5.4-py2.py3-none-any.whl.metadata (3.5 kB)
Collecting aiosignal>=1.1.2 (from aiohttp->rembg[cli,gpu]->-r requirements-lgm.txt (line 14))
  Using cached aiosignal-1.3.1-py3-none-any.whl.metadata (4.0 kB)
Collecting frozenlist>=1.1.1 (from aiohttp->rembg[cli,gpu]->-r requirements-lgm.txt (line 14))
  Using cached frozenlist-1.4.1-cp38-cp38-manylinux_2_5_x86_64.manylinux1_x86_64.manylinux_2_17_x86_64.manylinux2014_x86_64.whl.metadata (12 kB)
Collecting multidict<7.0,>=4.5 (from aiohttp->rembg[cli,gpu]->-r requirements-lgm.txt (line 14))
  Using cached multidict-6.0.5-cp38-cp38-manylinux_2_17_x86_64.manylinux2014_x86_64.whl.metadata (4.2 kB)
Collecting yarl<2.0,>=1.0 (from aiohttp->rembg[cli,gpu]->-r requirements-lgm.txt (line 14))
  Using cached yarl-1.9.4-cp38-cp38-manylinux_2_17_x86_64.manylinux2014_x86_64.whl.metadata (31 kB)
Collecting async-timeout<5.0,>=4.0 (from aiohttp->rembg[cli,gpu]->-r requirements-lgm.txt (line 14))
  Using cached async_timeout-4.0.3-py3-none-any.whl.metadata (4.2 kB)
Collecting wrapt<2,>=1.10 (from deprecated->pygltflib->-r requirements-lgm.txt (line 13))
  Using cached wrapt-1.16.0-cp38-cp38-manylinux_2_5_x86_64.manylinux1_x86_64.manylinux_2_17_x86_64.manylinux2014_x86_64.whl.metadata (6.6 kB)
Collecting starlette<0.38.0,>=0.37.2 (from fastapi->gradio->-r requirements-lgm.txt (line 6))
  Using cached starlette-0.37.2-py3-none-any.whl.metadata (5.9 kB)
Collecting fastapi-cli>=0.0.2 (from fastapi->gradio->-r requirements-lgm.txt (line 6))
  Using cached fastapi_cli-0.0.4-py3-none-any.whl.metadata (7.0 kB)
Collecting ujson!=4.0.2,!=4.1.0,!=4.2.0,!=4.3.0,!=5.0.0,!=5.1.0,>=4.0.1 (from fastapi->gradio->-r requirements-lgm.txt (line 6))
  Using cached ujson-5.10.0-cp38-cp38-manylinux_2_17_x86_64.manylinux2014_x86_64.whl.metadata (9.3 kB)
Collecting email_validator>=2.0.0 (from fastapi->gradio->-r requirements-lgm.txt (line 6))
  Using cached email_validator-2.1.1-py3-none-any.whl.metadata (26 kB)
Collecting coloredlogs (from onnxruntime->rembg[cli,gpu]->-r requirements-lgm.txt (line 14))
  Using cached coloredlogs-15.0.1-py2.py3-none-any.whl.metadata (12 kB)
Collecting flatbuffers (from onnxruntime->rembg[cli,gpu]->-r requirements-lgm.txt (line 14))
  Using cached flatbuffers-24.3.25-py2.py3-none-any.whl.metadata (850 bytes)
Collecting protobuf (from onnxruntime->rembg[cli,gpu]->-r requirements-lgm.txt (line 14))
  Using cached protobuf-5.27.0-cp38-abi3-manylinux2014_x86_64.whl.metadata (592 bytes)
Requirement already satisfied: platformdirs>=2.5.0 in /gpfs/home6/jhuizing/.conda/envs/SugarMVC/lib/python3.8/site-packages (from pooch->rembg[cli,gpu]->-r requirements-lgm.txt (line 14)) (4.2.2)
Requirement already satisfied: charset-normalizer<4,>=2 in /gpfs/home6/jhuizing/.conda/envs/SugarMVC/lib/python3.8/site-packages (from requests->diffusers->-r requirements-lgm.txt (line 2)) (2.0.4)
Collecting numba!=0.49.0 (from pymatting->rembg[cli,gpu]->-r requirements-lgm.txt (line 14))
  Using cached numba-0.58.1-cp38-cp38-manylinux2014_x86_64.manylinux_2_17_x86_64.whl.metadata (2.7 kB)
Requirement already satisfied: executing<3.0,>=2.0 in /gpfs/home6/jhuizing/.conda/envs/SugarMVC/lib/python3.8/site-packages (from varname->kiui>=0.2.3->-r requirements-lgm.txt (line 23)) (2.0.1)
Collecting exceptiongroup>=1.0.2 (from anyio->httpx>=0.24.1->gradio->-r requirements-lgm.txt (line 6))
  Using cached exceptiongroup-1.2.1-py3-none-any.whl.metadata (6.6 kB)
Collecting dnspython>=2.0.0 (from email_validator>=2.0.0->fastapi->gradio->-r requirements-lgm.txt (line 6))
  Using cached dnspython-2.6.1-py3-none-any.whl.metadata (5.8 kB)
Collecting llvmlite<0.42,>=0.41.0dev0 (from numba!=0.49.0->pymatting->rembg[cli,gpu]->-r requirements-lgm.txt (line 14))
  Using cached llvmlite-0.41.1-cp38-cp38-manylinux_2_17_x86_64.manylinux2014_x86_64.whl.metadata (4.8 kB)
Collecting mypy-extensions>=0.3.0 (from typing-inspect<1,>=0.4.0->dataclasses-json>=0.0.25->pygltflib->-r requirements-lgm.txt (line 13))
  Using cached mypy_extensions-1.0.0-py3-none-any.whl.metadata (1.1 kB)
Collecting httptools>=0.5.0 (from uvicorn[standard]>=0.12.0->fastapi->gradio->-r requirements-lgm.txt (line 6))
  Using cached httptools-0.6.1-cp38-cp38-manylinux_2_5_x86_64.manylinux1_x86_64.manylinux_2_17_x86_64.manylinux2014_x86_64.whl.metadata (3.6 kB)
Collecting python-dotenv>=0.13 (from uvicorn[standard]>=0.12.0->fastapi->gradio->-r requirements-lgm.txt (line 6))
  Using cached python_dotenv-1.0.1-py3-none-any.whl.metadata (23 kB)
Collecting uvloop!=0.15.0,!=0.15.1,>=0.14.0 (from uvicorn[standard]>=0.12.0->fastapi->gradio->-r requirements-lgm.txt (line 6))
  Using cached uvloop-0.19.0-cp38-cp38-manylinux_2_17_x86_64.manylinux2014_x86_64.whl.metadata (4.9 kB)
Collecting watchfiles>=0.13 (from uvicorn[standard]>=0.12.0->fastapi->gradio->-r requirements-lgm.txt (line 6))
  Using cached watchfiles-0.22.0-cp38-cp38-manylinux_2_17_x86_64.manylinux2014_x86_64.whl.metadata (4.9 kB)
Collecting humanfriendly>=9.1 (from coloredlogs->onnxruntime->rembg[cli,gpu]->-r requirements-lgm.txt (line 14))
  Using cached humanfriendly-10.0-py2.py3-none-any.whl.metadata (9.2 kB)
Requirement already satisfied: mpmath>=0.19 in /gpfs/home6/jhuizing/.conda/envs/SugarMVC/lib/python3.8/site-packages (from sympy->torch>=1.10.0->accelerate->-r requirements-lgm.txt (line 5)) (1.3.0)
Using cached tyro-0.8.4-py3-none-any.whl (102 kB)
Using cached diffusers-0.28.1-py3-none-any.whl (2.2 MB)
Using cached dearpygui-1.11.1-cp38-cp38-manylinux1_x86_64.whl (2.8 MB)
Using cached einops-0.8.0-py3-none-any.whl (43 kB)
Using cached accelerate-0.30.1-py3-none-any.whl (302 kB)
Using cached gradio-4.32.2-py3-none-any.whl (12.3 MB)
Using cached gradio_client-0.17.0-py3-none-any.whl (316 kB)
Using cached tomlkit-0.12.0-py3-none-any.whl (37 kB)
Using cached imageio-2.34.1-py3-none-any.whl (313 kB)
Using cached imageio_ffmpeg-0.5.1-py3-none-manylinux2010_x86_64.whl (26.9 MB)
Using cached lpips-0.1.4-py3-none-any.whl (53 kB)
Using cached rich-13.7.1-py3-none-any.whl (240 kB)
Using cached safetensors-0.4.3-cp38-cp38-manylinux_2_17_x86_64.manylinux2014_x86_64.whl (1.2 MB)
Using cached scikit_image-0.21.0-cp38-cp38-manylinux_2_17_x86_64.manylinux2014_x86_64.whl (13.9 MB)
Using cached transformers-4.41.2-py3-none-any.whl (9.1 MB)
Using cached trimesh-4.4.0-py3-none-any.whl (694 kB)
Using cached kiui-0.2.9-py3-none-any.whl (3.1 MB)
Using cached xatlas-0.0.9-cp38-cp38-manylinux_2_17_x86_64.manylinux2014_x86_64.whl (229 kB)
Using cached roma-1.5.0-py3-none-any.whl (24 kB)
Using cached plyfile-1.0.3-py3-none-any.whl (23 kB)
Using cached aiofiles-23.2.1-py3-none-any.whl (15 kB)
Using cached altair-5.3.0-py3-none-any.whl (857 kB)
Using cached dataclasses_json-0.6.6-py3-none-any.whl (28 kB)
Using cached docstring_parser-0.16-py3-none-any.whl (36 kB)
Using cached eval_type_backport-0.2.0-py3-none-any.whl (5.9 kB)
Using cached httpx-0.27.0-py3-none-any.whl (75 kB)
Using cached httpcore-1.0.5-py3-none-any.whl (77 kB)
Using cached huggingface_hub-0.23.2-py3-none-any.whl (401 kB)
Using cached lazy_loader-0.4-py3-none-any.whl (12 kB)
Using cached markdown_it_py-3.0.0-py3-none-any.whl (87 kB)
Using cached orjson-3.10.3-cp38-cp38-manylinux_2_17_x86_64.manylinux2014_x86_64.whl (142 kB)
Using cached pydantic-2.7.3-py3-none-any.whl (409 kB)
Using cached pydantic_core-2.18.4-cp38-cp38-manylinux_2_17_x86_64.manylinux2014_x86_64.whl (2.0 MB)
Using cached python_multipart-0.0.9-py3-none-any.whl (22 kB)
Using cached PyWavelets-1.4.1-cp38-cp38-manylinux_2_17_x86_64.manylinux2014_x86_64.whl (6.9 MB)
Using cached regex-2024.5.15-cp38-cp38-manylinux_2_17_x86_64.manylinux2014_x86_64.whl (776 kB)
Using cached ruff-0.4.7-py3-none-manylinux_2_17_x86_64.manylinux2014_x86_64.whl (8.8 MB)
Using cached semantic_version-2.10.0-py2.py3-none-any.whl (15 kB)
Using cached shtab-1.7.1-py3-none-any.whl (14 kB)
Using cached tifffile-2023.7.10-py3-none-any.whl (220 kB)
Using cached tokenizers-0.19.1-cp38-cp38-manylinux_2_17_x86_64.manylinux2014_x86_64.whl (3.6 MB)
Using cached typer-0.12.3-py3-none-any.whl (47 kB)
Using cached uvicorn-0.30.1-py3-none-any.whl (62 kB)
Using cached aiohttp-3.9.5-cp38-cp38-manylinux_2_17_x86_64.manylinux2014_x86_64.whl (1.3 MB)
Using cached asyncer-0.0.7-py3-none-any.whl (8.5 kB)
Using cached Deprecated-1.2.14-py2.py3-none-any.whl (9.6 kB)
Using cached fastapi-0.111.0-py3-none-any.whl (91 kB)
Using cached filetype-1.2.0-py2.py3-none-any.whl (19 kB)
Using cached objprint-0.2.3-py3-none-any.whl (39 kB)
Using cached onnxruntime-1.18.0-cp38-cp38-manylinux_2_27_x86_64.manylinux_2_28_x86_64.whl (6.8 MB)
Using cached onnxruntime_gpu-1.18.0-cp38-cp38-manylinux_2_28_x86_64.whl (199.8 MB)
Using cached opencv_python_headless-4.10.0.82-cp37-abi3-manylinux_2_17_x86_64.manylinux2014_x86_64.whl (49.9 MB)
Using cached pooch-1.8.1-py3-none-any.whl (62 kB)
Using cached psutil-5.9.8-cp36-abi3-manylinux_2_12_x86_64.manylinux2010_x86_64.manylinux_2_17_x86_64.manylinux2014_x86_64.whl (288 kB)
Using cached pydub-0.25.1-py2.py3-none-any.whl (32 kB)
Using cached PyMatting-1.1.12-py3-none-any.whl (52 kB)
Using cached rembg-2.0.57-py3-none-any.whl (33 kB)
Using cached varname-0.13.1-py3-none-any.whl (24 kB)
Using cached watchdog-4.0.1-py3-none-manylinux2014_x86_64.whl (83 kB)
Using cached aiosignal-1.3.1-py3-none-any.whl (7.6 kB)
Using cached annotated_types-0.7.0-py3-none-any.whl (13 kB)
Using cached anyio-4.4.0-py3-none-any.whl (86 kB)
Using cached async_timeout-4.0.3-py3-none-any.whl (5.7 kB)
Using cached email_validator-2.1.1-py3-none-any.whl (30 kB)
Using cached fastapi_cli-0.0.4-py3-none-any.whl (9.5 kB)
Using cached frozenlist-1.4.1-cp38-cp38-manylinux_2_5_x86_64.manylinux1_x86_64.manylinux_2_17_x86_64.manylinux2014_x86_64.whl (240 kB)
Downloading fsspec-2024.6.0-py3-none-any.whl (176 kB)
   â”â”â”â”â”â”â”â”â”â”â”â”â”â”â”â”â”â”â”â”â”â”â”â”â”â”â”â”â”â”â”â”â”â”â”â”â”â”â”â” 176.9/176.9 kB 8.5 MB/s eta 0:00:00
Using cached h11-0.14.0-py3-none-any.whl (58 kB)
Using cached marshmallow-3.21.2-py3-none-any.whl (49 kB)
Using cached mdurl-0.1.2-py3-none-any.whl (10.0 kB)
Using cached multidict-6.0.5-cp38-cp38-manylinux_2_17_x86_64.manylinux2014_x86_64.whl (129 kB)
Using cached numba-0.58.1-cp38-cp38-manylinux2014_x86_64.manylinux_2_17_x86_64.whl (3.7 MB)
Using cached shellingham-1.5.4-py2.py3-none-any.whl (9.8 kB)
Using cached sniffio-1.3.1-py3-none-any.whl (10 kB)
Using cached starlette-0.37.2-py3-none-any.whl (71 kB)
Using cached typing_inspect-0.9.0-py3-none-any.whl (8.8 kB)
Using cached ujson-5.10.0-cp38-cp38-manylinux_2_17_x86_64.manylinux2014_x86_64.whl (53 kB)
Using cached websockets-11.0.3-cp38-cp38-manylinux_2_5_x86_64.manylinux1_x86_64.manylinux_2_17_x86_64.manylinux2014_x86_64.whl (130 kB)
Using cached wrapt-1.16.0-cp38-cp38-manylinux_2_5_x86_64.manylinux1_x86_64.manylinux_2_17_x86_64.manylinux2014_x86_64.whl (83 kB)
Using cached yarl-1.9.4-cp38-cp38-manylinux_2_17_x86_64.manylinux2014_x86_64.whl (308 kB)
Using cached coloredlogs-15.0.1-py2.py3-none-any.whl (46 kB)
Using cached flatbuffers-24.3.25-py2.py3-none-any.whl (26 kB)
Using cached protobuf-5.27.0-cp38-abi3-manylinux2014_x86_64.whl (309 kB)
Using cached toolz-0.12.1-py3-none-any.whl (56 kB)
Using cached dnspython-2.6.1-py3-none-any.whl (307 kB)
Using cached exceptiongroup-1.2.1-py3-none-any.whl (16 kB)
Using cached httptools-0.6.1-cp38-cp38-manylinux_2_5_x86_64.manylinux1_x86_64.manylinux_2_17_x86_64.manylinux2014_x86_64.whl (354 kB)
Using cached humanfriendly-10.0-py2.py3-none-any.whl (86 kB)
Using cached llvmlite-0.41.1-cp38-cp38-manylinux_2_17_x86_64.manylinux2014_x86_64.whl (43.6 MB)
Using cached mypy_extensions-1.0.0-py3-none-any.whl (4.7 kB)
Using cached python_dotenv-1.0.1-py3-none-any.whl (19 kB)
Using cached uvloop-0.19.0-cp38-cp38-manylinux_2_17_x86_64.manylinux2014_x86_64.whl (4.0 MB)
Using cached watchfiles-0.22.0-cp38-cp38-manylinux_2_17_x86_64.manylinux2014_x86_64.whl (1.2 MB)
Installing collected packages: pydub, flatbuffers, filetype, ffmpy, xatlas, wrapt, websockets, watchdog, varname, uvloop, ujson, trimesh, toolz, tomlkit, tifffile, sniffio, shtab, shellingham, semantic-version, safetensors, ruff, roma, regex, PyWavelets, python-multipart, python-dotenv, pydantic-core, psutil, protobuf, plyfile, orjson, opencv-python-headless, objprint, mypy-extensions, multidict, mdurl, marshmallow, llvmlite, lazy_loader, imageio-ffmpeg, imageio, humanfriendly, httptools, h11, fsspec, frozenlist, exceptiongroup, eval-type-backport, einops, docstring-parser, dnspython, dearpygui, async-timeout, annotated-types, aiofiles, yarl, uvicorn, typing-inspect, scikit-image, pydantic, pooch, numba, markdown-it-py, kiui, huggingface-hub, httpcore, email_validator, deprecated, coloredlogs, anyio, aiosignal, watchfiles, tokenizers, starlette, rich, pymatting, onnxruntime-gpu, onnxruntime, httpx, diffusers, dataclasses-json, asyncer, aiohttp, accelerate, tyro, typer, transformers, rembg, pygltflib, lpips, gradio-client, altair, fastapi-cli, fastapi, gradio
Successfully installed PyWavelets-1.4.1 accelerate-0.30.1 aiofiles-23.2.1 aiohttp-3.9.5 aiosignal-1.3.1 altair-5.3.0 annotated-types-0.7.0 anyio-4.4.0 async-timeout-4.0.3 asyncer-0.0.7 coloredlogs-15.0.1 dataclasses-json-0.6.6 dearpygui-1.11.1 deprecated-1.2.14 diffusers-0.28.1 dnspython-2.6.1 docstring-parser-0.16 einops-0.8.0 email_validator-2.1.1 eval-type-backport-0.2.0 exceptiongroup-1.2.1 fastapi-0.111.0 fastapi-cli-0.0.4 ffmpy-0.3.2 filetype-1.2.0 flatbuffers-24.3.25 frozenlist-1.4.1 fsspec-2024.6.0 gradio-4.32.2 gradio-client-0.17.0 h11-0.14.0 httpcore-1.0.5 httptools-0.6.1 httpx-0.27.0 huggingface-hub-0.23.2 humanfriendly-10.0 imageio-2.34.1 imageio-ffmpeg-0.5.1 kiui-0.2.9 lazy_loader-0.4 llvmlite-0.41.1 lpips-0.1.4 markdown-it-py-3.0.0 marshmallow-3.21.2 mdurl-0.1.2 multidict-6.0.5 mypy-extensions-1.0.0 numba-0.58.1 objprint-0.2.3 onnxruntime-1.18.0 onnxruntime-gpu-1.18.0 opencv-python-headless-4.10.0.82 orjson-3.10.3 plyfile-1.0.3 pooch-1.8.1 protobuf-5.27.0 psutil-5.9.8 pydantic-2.7.3 pydantic-core-2.18.4 pydub-0.25.1 pygltflib-1.16.2 pymatting-1.1.12 python-dotenv-1.0.1 python-multipart-0.0.9 regex-2024.5.15 rembg-2.0.57 rich-13.7.1 roma-1.5.0 ruff-0.4.7 safetensors-0.4.3 scikit-image-0.21.0 semantic-version-2.10.0 shellingham-1.5.4 shtab-1.7.1 sniffio-1.3.1 starlette-0.37.2 tifffile-2023.7.10 tokenizers-0.19.1 tomlkit-0.12.0 toolz-0.12.1 transformers-4.41.2 trimesh-4.4.0 typer-0.12.3 typing-inspect-0.9.0 tyro-0.8.4 ujson-5.10.0 uvicorn-0.30.1 uvloop-0.19.0 varname-0.13.1 watchdog-4.0.1 watchfiles-0.22.0 websockets-11.0.3 wrapt-1.16.0 xatlas-0.0.9 yarl-1.9.4
âœ… installed requirements-lgm

JOB STATISTICS
==============
Job ID: 6497163
Cluster: snellius
User/Group: jhuizing/jhuizing
State: COMPLETED (exit code 0)
Nodes: 1
Cores per node: 18
CPU Utilized: 00:32:11
CPU Efficiency: 19.51% of 02:45:00 core-walltime
Job Wall-clock time: 00:09:10
Memory Utilized: 48.25 GB
Memory Efficiency: 40.21% of 120.00 GB
