============================================================================================== 
Warning! Mixing Conda and module environments may lead to corruption of the
user environment. 
We do not recommend users mixing those two environments unless absolutely
necessary. Note that 
SURF does not provide any support for Conda environment.
For more information, please refer to our software policy page:
https://servicedesk.surf.nl/wiki/display/WIKI/Software+policy+Snellius#SoftwarepolicySnellius-UseofAnacondaandMinicondaenvironmentsonSnellius 

Remember that many packages have already been installed on the system and can
be loaded using 
the 'module load <package__name>' command. If you are uncertain if a package is
already available 
on the system, please use 'module avail' or 'module spider' to search for it.
============================================================================================== 
error: cannot pull with rebase: You have unstaged changes.
error: please commit or stash them.
Will export a UV-textured mesh as an .obj file.
Will export a ply file with the refined 3D Gaussians at the end of the training.
Changing sh_levels to match the loaded model: 4
-----Parsed parameters-----
Source path: /home/jhuizing/master-thesis-ds/dg_for_sugar/colmap/
   > Content: 1
Gaussian Splatting checkpoint path: /home/jhuizing/master-thesis-ds/dg_for_sugar/checkpoint/
   > Content: 2
SUGAR checkpoint path: ./output/coarse/colmap/sugarcoarse_3Dgs7000_densityestim02_sdfnorm02/
Iteration to load: 7000
Output directory: ./output/coarse/colmap
SDF estimation factor: 0.2
SDF better normal factor: 0.2
Eval split: True
White background: False
---------------------------
Using device: 0
|===========================================================================|
|                  PyTorch CUDA memory summary, device ID 0                 |
|---------------------------------------------------------------------------|
|            CUDA OOMs: 0            |        cudaMalloc retries: 0         |
|===========================================================================|
|        Metric         | Cur Usage  | Peak Usage | Tot Alloc  | Tot Freed  |
|---------------------------------------------------------------------------|
| Allocated memory      |      0 B   |      0 B   |      0 B   |      0 B   |
|       from large pool |      0 B   |      0 B   |      0 B   |      0 B   |
|       from small pool |      0 B   |      0 B   |      0 B   |      0 B   |
|---------------------------------------------------------------------------|
| Active memory         |      0 B   |      0 B   |      0 B   |      0 B   |
|       from large pool |      0 B   |      0 B   |      0 B   |      0 B   |
|       from small pool |      0 B   |      0 B   |      0 B   |      0 B   |
|---------------------------------------------------------------------------|
| Requested memory      |      0 B   |      0 B   |      0 B   |      0 B   |
|       from large pool |      0 B   |      0 B   |      0 B   |      0 B   |
|       from small pool |      0 B   |      0 B   |      0 B   |      0 B   |
|---------------------------------------------------------------------------|
| GPU reserved memory   |      0 B   |      0 B   |      0 B   |      0 B   |
|       from large pool |      0 B   |      0 B   |      0 B   |      0 B   |
|       from small pool |      0 B   |      0 B   |      0 B   |      0 B   |
|---------------------------------------------------------------------------|
| Non-releasable memory |      0 B   |      0 B   |      0 B   |      0 B   |
|       from large pool |      0 B   |      0 B   |      0 B   |      0 B   |
|       from small pool |      0 B   |      0 B   |      0 B   |      0 B   |
|---------------------------------------------------------------------------|
| Allocations           |       0    |       0    |       0    |       0    |
|       from large pool |       0    |       0    |       0    |       0    |
|       from small pool |       0    |       0    |       0    |       0    |
|---------------------------------------------------------------------------|
| Active allocs         |       0    |       0    |       0    |       0    |
|       from large pool |       0    |       0    |       0    |       0    |
|       from small pool |       0    |       0    |       0    |       0    |
|---------------------------------------------------------------------------|
| GPU reserved segments |       0    |       0    |       0    |       0    |
|       from large pool |       0    |       0    |       0    |       0    |
|       from small pool |       0    |       0    |       0    |       0    |
|---------------------------------------------------------------------------|
| Non-releasable allocs |       0    |       0    |       0    |       0    |
|       from large pool |       0    |       0    |       0    |       0    |
|       from small pool |       0    |       0    |       0    |       0    |
|---------------------------------------------------------------------------|
| Oversize allocations  |       0    |       0    |       0    |       0    |
|---------------------------------------------------------------------------|
| Oversize GPU segments |       0    |       0    |       0    |       0    |
|===========================================================================|


Loading config /home/jhuizing/master-thesis-ds/dg_for_sugar/checkpoint/...
Performing train/eval split...
Found image extension .png
 🟠 Extra features: ['f_rest_0', 'f_rest_1', 'f_rest_2', 'f_rest_3', 'f_rest_4', 'f_rest_5', 'f_rest_6', 'f_rest_7', 'f_rest_8', 'f_rest_9', 'f_rest_10', 'f_rest_11', 'f_rest_12', 'f_rest_13', 'f_rest_14', 'f_rest_15', 'f_rest_16', 'f_rest_17', 'f_rest_18', 'f_rest_19', 'f_rest_20', 'f_rest_21', 'f_rest_22', 'f_rest_23', 'f_rest_24', 'f_rest_25', 'f_rest_26', 'f_rest_27', 'f_rest_28', 'f_rest_29', 'f_rest_30', 'f_rest_31', 'f_rest_32', 'f_rest_33', 'f_rest_34', 'f_rest_35', 'f_rest_36', 'f_rest_37', 'f_rest_38', 'f_rest_39', 'f_rest_40', 'f_rest_41', 'f_rest_42', 'f_rest_43', 'f_rest_44'], max_sh_degree: 3
87 training images detected.
The model has been trained for 7000 steps.

Camera resolution scaled to 512 x 512
Initializing model from trained 3DGS...
Point cloud generated. Number of points: 27530
Use min to initialize scales.
Initialized radiuses for 3D Gauss Rasterizer
Initializing 3D gaussians from 3D gaussians...

SuGaR model has been initialized.
SuGaR()
Number of parameters: 1624270
Checkpoints will be saved in ./output/coarse/colmap/sugarcoarse_3Dgs7000_densityestim02_sdfnorm02/

Model parameters:
_points
torch.Size([27530, 3])
True
all_densities
torch.Size([27530, 1])
True
_scales
torch.Size([27530, 3])
True
_quaternions
torch.Size([27530, 4])
True
_sh_coordinates_dc
torch.Size([27530, 1, 3])
True
_sh_coordinates_rest
torch.Size([27530, 15, 3])
True
Using camera spatial extent as spatial_lr_scale: 2.2117474317550663
Optimizer initialized.
Optimization parameters:
OptimizationParams(
            iterations=15000,
            position_lr_init=0.00016,
            position_lr_final=1.6e-06,
            position_lr_delay_mult=0.01,
            position_lr_max_steps=30000,
            feature_lr=0.0025,
            opacity_lr=0.05,
            scaling_lr=0.005,
            rotation_lr=0.001,
            )
Optimizable parameters:
points 0.00035387958908081064
sh_coordinates_dc 0.0025
sh_coordinates_rest 0.000125
all_densities 0.05
scales 0.005
quaternions 0.001
Densifier initialized.
Using loss function: l1+dssim
Starting regularization...

-------------------
Iteration: 7000
loss: 0.872939  [ 7000/15000] computed in 0.007625786463419596 minutes.
------Stats-----
---Min, Max, Mean, Std
Points:   -0.5509358048439026   0.6291977167129517   0.060981180518865585   0.20800048112869263
Scaling factors:   0.002472276333719492   0.0558149516582489   0.02495385892689228   0.00682563753798604
Quaternions:   -0.9189379811286926   0.9999858736991882   0.23122024536132812   0.4433271884918213
Sh coordinates dc:   -2.1053428649902344   2.352872371673584   -0.08814146369695663   0.525394082069397
Sh coordinates rest:   -0.1620151549577713   0.19172437489032745   -0.00014667118375655264   0.02062135376036167
Opacities:   0.009519008919596672   0.9999982118606567   0.18216964602470398   0.24778242409229279

---INFO---
Starting entropy regularization.

---INFO---
Resetting neighbors...

-------------------
Iteration: 7050
loss: 0.836088  [ 7050/15000] computed in 0.00923548936843872 minutes.
------Stats-----
---Min, Max, Mean, Std
Points:   -0.5541666746139526   0.6330796480178833   0.060969095677137375   0.20842893421649933
Scaling factors:   0.002523309551179409   0.0558149516582489   0.025626666843891144   0.00719405384734273
Quaternions:   -0.9103079438209534   0.9999858736991882   0.23133839666843414   0.44326552748680115
Sh coordinates dc:   -2.1053428649902344   2.384748697280884   -0.08746068179607391   0.5352160930633545
Sh coordinates rest:   -0.15986233949661255   0.1892053782939911   -0.00014395121252164245   0.02058555744588375
Opacities:   0.0013753263046965003   0.9999996423721313   0.1458604335784912   0.31330838799476624

-------------------
Iteration: 7100
loss: 0.833938  [ 7100/15000] computed in 0.007971052328745525 minutes.
------Stats-----
---Min, Max, Mean, Std
Points:   -0.5611292123794556   0.6371359825134277   0.0609552375972271   0.2086307853460312
Scaling factors:   0.0025325140450149775   0.0733468309044838   0.025999590754508972   0.0077689290046691895
Quaternions:   -0.9052653908729553   0.9999858736991882   0.2312910109758377   0.44329026341438293
Sh coordinates dc:   -2.1053428649902344   2.4107930660247803   -0.08493785560131073   0.5393685698509216
Sh coordinates rest:   -0.15874460339546204   0.185543030500412   -0.00012292314204387367   0.020615389570593834
Opacities:   0.0005418888758867979   0.9999998807907104   0.14639116823673248   0.33285829424858093

-------------------
Iteration: 7150
loss: 0.769886  [ 7150/15000] computed in 0.00800625483194987 minutes.
------Stats-----
---Min, Max, Mean, Std
Points:   -0.5677401423454285   0.639279842376709   0.06094898283481598   0.20873212814331055
Scaling factors:   0.0025257389061152935   0.1197676807641983   0.026242336258292198   0.008679823018610477
Quaternions:   -0.9030445218086243   0.9999858736991882   0.23119978606700897   0.4433378577232361
Sh coordinates dc:   -2.1053428649902344   2.433065176010132   -0.08370321244001389   0.5440877079963684
Sh coordinates rest:   -0.15860985219478607   0.18430592119693756   -0.00011448288569226861   0.020665530115365982
Opacities:   0.0003026474441867322   0.9999998807907104   0.1464884728193283   0.3409419059753418

-------------------
Iteration: 7200
loss: 0.653283  [ 7200/15000] computed in 0.007981661955515544 minutes.
------Stats-----
---Min, Max, Mean, Std
Points:   -0.5716298818588257   0.6372454166412354   0.06093563511967659   0.2087898552417755
Scaling factors:   0.002525682095438242   0.20389090478420258   0.02647971920669079   0.010184798389673233
Quaternions:   -0.9025271534919739   0.9999887943267822   0.2311391830444336   0.44336944818496704
Sh coordinates dc:   -2.1053428649902344   2.437567710876465   -0.08324658125638962   0.5490205883979797
Sh coordinates rest:   -0.15860489010810852   0.18405893445014954   -0.00010593282786430791   0.020720096305012703
Opacities:   0.00019599492952693254   1.0   0.14574331045150757   0.3439787030220032

-------------------
Iteration: 7250
loss: 0.402436  [ 7250/15000] computed in 0.008533414204915364 minutes.
------Stats-----
---Min, Max, Mean, Std
Points:   -0.5734478831291199   0.6334201097488403   0.06092600151896477   0.2088167667388916
Scaling factors:   0.002525682095438242   0.3085603713989258   0.02671438828110695   0.012416780926287174
Quaternions:   -0.9025236964225769   0.9999958872795105   0.23112007975578308   0.4433794319629669
Sh coordinates dc:   -2.1053428649902344   2.4376168251037598   -0.08331169933080673   0.5531614422798157
Sh coordinates rest:   -0.15860474109649658   0.18403200805187225   -0.00010022043716162443   0.020766794681549072
Opacities:   0.00013851470430381596   1.0   0.1451355367898941   0.34546682238578796

-------------------
Iteration: 7300
loss: 0.195891  [ 7300/15000] computed in 0.009068314234415691 minutes.
------Stats-----
---Min, Max, Mean, Std
Points:   -0.5785089135169983   0.630264163017273   0.06091234087944031   0.20882807672023773
Scaling factors:   0.002525682095438242   0.4749279022216797   0.026926733553409576   0.01517393533140421
Quaternions:   -0.9025236964225769   0.9999858736991882   0.2311224490404129   0.44337815046310425
Sh coordinates dc:   -2.1053428649902344   2.4376168251037598   -0.08341758698225021   0.5564966797828674
Sh coordinates rest:   -0.15860474109649658   0.1840285211801529   -9.577188757248223e-05   0.02080579660832882
Opacities:   0.0001036753092193976   1.0   0.14484618604183197   0.3464645445346832

-------------------
Iteration: 7350
loss: 0.123733  [ 7350/15000] computed in 0.009233613808949789 minutes.
------Stats-----
---Min, Max, Mean, Std
Points:   -0.5801737904548645   0.6288537383079529   0.06090148538351059   0.20882557332515717
Scaling factors:   0.002525682095438242   0.7093045115470886   0.027035711333155632   0.01730635203421116
Quaternions:   -0.9025236964225769   0.9999858736991882   0.23110243678092957   0.44338861107826233
Sh coordinates dc:   -2.1053428649902344   2.4376168251037598   -0.08348040282726288   0.5583470463752747
Sh coordinates rest:   -0.15860474109649658   0.1840285211801529   -9.420205606147647e-05   0.02083110809326172
Opacities:   8.082230488071218e-05   1.0   0.14474721252918243   0.34736040234565735

-------------------
Iteration: 7400
loss: 0.093273  [ 7400/15000] computed in 0.009199372927347819 minutes.
------Stats-----
---Min, Max, Mean, Std
Points:   -0.5810278058052063   0.6281153559684753   0.060892503708601   0.20881754159927368
Scaling factors:   0.002525682095438242   0.8307037949562073   0.027082495391368866   0.01839270442724228
Quaternions:   -0.9025236964225769   0.9999858736991882   0.23109480738639832   0.4433925747871399
Sh coordinates dc:   -2.1053428649902344   2.4376168251037598   -0.08360867202281952   0.5595661401748657
Sh coordinates rest:   -0.15860474109649658   0.1840285211801529   -9.420594869880006e-05   0.020849984139204025
Opacities:   6.495119305327535e-05   1.0   0.14465968310832977   0.3480170667171478

-------------------
Iteration: 7450
loss: 0.074606  [ 7450/15000] computed in 0.00903178850809733 minutes.
------Stats-----
---Min, Max, Mean, Std
Points:   -0.5812398195266724   0.6288120150566101   0.06088404357433319   0.2088112086057663
Scaling factors:   0.002525682095438242   0.9125325679779053   0.02710690349340439   0.018898192793130875
Quaternions:   -0.9057987332344055   0.9999858736991882   0.23109272122383118   0.44339367747306824
Sh coordinates dc:   -2.1053428649902344   2.4376168251037598   -0.08368025720119476   0.5604562163352966
Sh coordinates rest:   -0.15860474109649658   0.1840285211801529   -9.351679909741506e-05   0.02086489461362362
Opacities:   5.34413120476529e-05   1.0   0.14459750056266785   0.34849753975868225

---INFO---
Resetting neighbors...

-------------------
Iteration: 7500
loss: 0.078992  [ 7500/15000] computed in 0.00923326810201009 minutes.
------Stats-----
---Min, Max, Mean, Std
Points:   -0.5817831158638   0.6279388070106506   0.060877103358507156   0.20880183577537537
Scaling factors:   0.002525682095438242   0.9666732549667358   0.02710689790546894   0.01927519217133522
Quaternions:   -0.9158977270126343   0.9999858736991882   0.23107139766216278   0.44340479373931885
Sh coordinates dc:   -2.1053428649902344   2.4376168251037598   -0.08380662649869919   0.5612012147903442
Sh coordinates rest:   -0.15860474109649658   0.1840285211801529   -9.349043830297887e-05   0.02087799273431301
Opacities:   4.480553980101831e-05   1.0   0.14451643824577332   0.34889402985572815

-------------------
Iteration: 7550
loss: 0.050737  [ 7550/15000] computed in 0.009029873212178548 minutes.
------Stats-----
---Min, Max, Mean, Std
Points:   -0.583055853843689   0.6287478804588318   0.06087054684758186   0.20879501104354858
Scaling factors:   0.002525682095438242   1.0011831521987915   0.02710893005132675   0.019576406106352806
Quaternions:   -0.9183717966079712   0.9999858736991882   0.23104675114154816   0.44341763854026794
Sh coordinates dc:   -2.1053428649902344   2.4376168251037598   -0.0838557630777359   0.5619176030158997
Sh coordinates rest:   -0.15860474109649658   0.1840285211801529   -9.415263775736094e-05   0.020891722291707993
Opacities:   3.8146226870594546e-05   1.0   0.1445022076368332   0.34921392798423767

-------------------
Iteration: 7600
loss: 0.058763  [ 7600/15000] computed in 0.009176913897196453 minutes.
------Stats-----
---Min, Max, Mean, Std
Points:   -0.5843098759651184   0.6292935609817505   0.060864370316267014   0.20878809690475464
Scaling factors:   0.002525682095438242   1.059049367904663   0.027110213413834572   0.019836632534861565
Quaternions:   -0.9175221920013428   0.9999858736991882   0.2310226708650589   0.4434301555156708
Sh coordinates dc:   -2.1053428649902344   2.4376168251037598   -0.08381212502717972   0.5623752474784851
Sh coordinates rest:   -0.15860474109649658   0.1840285211801529   -9.494724508840591e-05   0.02090352587401867
Opacities:   3.2893971365410835e-05   1.0   0.14449343085289001   0.349454790353775

-------------------
Iteration: 7650
loss: 0.043163  [ 7650/15000] computed in 0.009102344512939453 minutes.
------Stats-----
---Min, Max, Mean, Std
Points:   -0.585745096206665   0.6298478841781616   0.060858964920043945   0.20878350734710693
Scaling factors:   0.002525682095438242   1.1290284395217896   0.027110213413834572   0.020126333460211754
Quaternions:   -0.9138268828392029   0.9999858736991882   0.231002539396286   0.44344064593315125
Sh coordinates dc:   -2.1053428649902344   2.4376168251037598   -0.08383706212043762   0.5629055500030518
Sh coordinates rest:   -0.15860474109649658   0.1840285211801529   -9.519033483229578e-05   0.02091672644019127
Opacities:   2.8672284315689467e-05   1.0   0.14443431794643402   0.3496665358543396

-------------------
Iteration: 7700
loss: 0.043029  [ 7700/15000] computed in 0.009085456530253092 minutes.
------Stats-----
---Min, Max, Mean, Std
Points:   -0.5871153473854065   0.6299950480461121   0.06085331365466118   0.20877911150455475
Scaling factors:   0.002525682095438242   1.2014315128326416   0.027108410373330116   0.02037586085498333
Quaternions:   -0.9099167585372925   0.9999858736991882   0.23097918927669525   0.4434528350830078
Sh coordinates dc:   -2.1053428649902344   2.4376168251037598   -0.08386635780334473   0.5633451342582703
Sh coordinates rest:   -0.15860474109649658   0.1840285211801529   -9.547824447508901e-05   0.02092929743230343
Opacities:   2.52239296969492e-05   1.0   0.14439405500888824   0.3498201072216034

-------------------
Iteration: 7750
loss: 0.078329  [ 7750/15000] computed in 0.009023010730743408 minutes.
------Stats-----
---Min, Max, Mean, Std
Points:   -0.5885828137397766   0.6305162906646729   0.06084825471043587   0.20877467095851898
Scaling factors:   0.002525682095438242   1.2658421993255615   0.027107195928692818   0.020668232813477516
Quaternions:   -0.9039738178253174   0.9999858736991882   0.2309289425611496   0.4434790015220642
Sh coordinates dc:   -2.1053428649902344   2.4376168251037598   -0.08384217321872711   0.5636612772941589
Sh coordinates rest:   -0.15860474109649658   0.1840285211801529   -9.639824565965682e-05   0.020942742004990578
Opacities:   2.2367948986357078e-05   1.0   0.1443864107131958   0.3499462306499481

-------------------
Iteration: 7800
loss: 0.071366  [ 7800/15000] computed in 0.00905758539835612 minutes.
------Stats-----
---Min, Max, Mean, Std
Points:   -0.5899055004119873   0.6311787366867065   0.06084340438246727   0.2087704837322235
Scaling factors:   0.002525682095438242   1.3349055051803589   0.027104327455163002   0.020913224667310715
Quaternions:   -0.9025236964225769   0.9999858736991882   0.2309104949235916   0.44348859786987305
Sh coordinates dc:   -2.1053428649902344   2.4376168251037598   -0.08389495313167572   0.564052939414978
Sh coordinates rest:   -0.15860474109649658   0.1840285211801529   -9.458991553401574e-05   0.020955011248588562
Opacities:   1.9974018869106658e-05   1.0   0.14432330429553986   0.35002005100250244

-------------------
Iteration: 7850
loss: 0.071296  [ 7850/15000] computed in 0.00895069440205892 minutes.
------Stats-----
---Min, Max, Mean, Std
Points:   -0.5912063121795654   0.6311240792274475   0.06083855777978897   0.20876550674438477
Scaling factors:   0.002525682095438242   1.4061572551727295   0.027103949338197708   0.021220829337835312
Quaternions:   -0.9025236964225769   0.9999858736991882   0.23088079690933228   0.4435040354728699
Sh coordinates dc:   -2.1053428649902344   2.4376168251037598   -0.08393605053424835   0.5643989443778992
Sh coordinates rest:   -0.15860474109649658   0.1840284764766693   -9.44898056332022e-05   0.02096945233643055
Opacities:   1.7945998479262926e-05   1.0   0.14423227310180664   0.3500395715236664

-------------------
Iteration: 7900
loss: 0.037709  [ 7900/15000] computed in 0.009025879700978597 minutes.
------Stats-----
---Min, Max, Mean, Std
Points:   -0.5928521752357483   0.631565511226654   0.06083561107516289   0.20876319706439972
Scaling factors:   0.002525682095438242   1.496505618095398   0.027100171893835068   0.021572289988398552
Quaternions:   -0.9025236964225769   0.9999858736991882   0.2308419644832611   0.4435242712497711
Sh coordinates dc:   -2.1053428649902344   2.4376168251037598   -0.08382660895586014   0.5645790696144104
Sh coordinates rest:   -0.15860474109649658   0.1840284764766693   -9.505772322881967e-05   0.02098313346505165
Opacities:   1.6211850379477255e-05   1.0   0.144181028008461   0.35010185837745667

-------------------
Iteration: 7950
loss: 0.063168  [ 7950/15000] computed in 0.008983977635701497 minutes.
------Stats-----
---Min, Max, Mean, Std
Points:   -0.5942657589912415   0.6316701769828796   0.06083307042717934   0.2087593972682953
Scaling factors:   0.002525682095438242   1.5888279676437378   0.02709883637726307   0.021933872252702713
Quaternions:   -0.9025236964225769   0.9999858736991882   0.23080290853977203   0.4435445964336395
Sh coordinates dc:   -2.1053428649902344   2.459047555923462   -0.08383242785930634   0.5647977590560913
Sh coordinates rest:   -0.15860474109649658   0.18402843177318573   -9.648709965404123e-05   0.020999925211071968
Opacities:   1.4716649275214877e-05   1.0   0.1441584825515747   0.3501816391944885

---INFO---
Resetting neighbors...

-------------------
Iteration: 8000
loss: 0.033281  [ 8000/15000] computed in 0.008976952234903971 minutes.
------Stats-----
---Min, Max, Mean, Std
Points:   -0.5955542325973511   0.6317655444145203   0.060830071568489075   0.2087562084197998
Scaling factors:   0.002525682095438242   1.6899473667144775   0.027101198211312294   0.022266507148742676
Quaternions:   -0.9025236964225769   0.9999858736991882   0.23079992830753326   0.4435461461544037
Sh coordinates dc:   -2.1053428649902344   2.5139827728271484   -0.08377265930175781   0.5650140643119812
Sh coordinates rest:   -0.15860474109649658   0.18402843177318573   -9.731298632686958e-05   0.021015938371419907
Opacities:   1.3417735317489132e-05   1.0   0.144134521484375   0.35022884607315063

-------------------
Iteration: 8050
loss: 0.071021  [ 8050/15000] computed in 0.008944571018218994 minutes.
------Stats-----
---Min, Max, Mean, Std
Points:   -0.5969203114509583   0.6320547461509705   0.0608251616358757   0.20875275135040283
Scaling factors:   0.002525682095438242   1.7913612127304077   0.027094969525933266   0.022609449923038483
Quaternions:   -0.9025236964225769   0.9999858736991882   0.23076939582824707   0.44356200098991394
Sh coordinates dc:   -2.1053428649902344   2.5701606273651123   -0.08381520956754684   0.5654066801071167
Sh coordinates rest:   -0.15860474109649658   0.1840280294418335   -9.715988562675193e-05   0.02103419229388237
Opacities:   1.228174278367078e-05   1.0   0.14413386583328247   0.3502905070781708

-------------------
Iteration: 8100
loss: 0.036214  [ 8100/15000] computed in 0.008903781572977701 minutes.
------Stats-----
---Min, Max, Mean, Std
Points:   -0.5982898473739624   0.6325869560241699   0.06082095205783844   0.20875002443790436
Scaling factors:   0.002525682095438242   1.9062650203704834   0.02709135040640831   0.023087119683623314
Quaternions:   -0.9025236964225769   0.9999858736991882   0.23076269030570984   0.4435655176639557
Sh coordinates dc:   -2.1053428649902344   2.6553728580474854   -0.08375900983810425   0.5656329989433289
Sh coordinates rest:   -0.15860474109649658   0.18490096926689148   -9.766827133717015e-05   0.021054845303297043
Opacities:   1.128214626078261e-05   1.0   0.1441020369529724   0.3502981662750244

-------------------
Iteration: 8150
loss: 0.031475  [ 8150/15000] computed in 0.008937426408131917 minutes.
------Stats-----
---Min, Max, Mean, Std
Points:   -0.5994494557380676   0.6324360966682434   0.06081802025437355   0.20874658226966858
Scaling factors:   0.002525682095438242   2.008265972137451   0.027081968262791634   0.023443065583705902
Quaternions:   -0.9025236964225769   0.9999858736991882   0.2307262122631073   0.44358447194099426
Sh coordinates dc:   -2.1053428649902344   2.6937928199768066   -0.08353174477815628   0.5657839179039001
Sh coordinates rest:   -0.15860474109649658   0.1865502893924713   -9.827390749705955e-05   0.021072164177894592
Opacities:   1.0397683581686579e-05   1.0   0.144073024392128   0.3503206670284271

-------------------
Iteration: 8200
loss: 0.034102  [ 8200/15000] computed in 0.008899601300557454 minutes.
------Stats-----
---Min, Max, Mean, Std
Points:   -0.6007071733474731   0.6325207948684692   0.06081428378820419   0.20874109864234924
Scaling factors:   0.002525682095438242   2.122013568878174   0.027068961411714554   0.023842452093958855
Quaternions:   -0.9025236964225769   0.9999858736991882   0.23070184886455536   0.4435971975326538
Sh coordinates dc:   -2.1053428649902344   2.732820987701416   -0.08347756415605545   0.5660365223884583
Sh coordinates rest:   -0.15860474109649658   0.18975518643856049   -9.801751002669334e-05   0.021092768758535385
Opacities:   9.61113164521521e-06   1.0   0.14405515789985657   0.35034433007240295

-------------------
Iteration: 8250
loss: 0.025306  [ 8250/15000] computed in 0.008889182408650716 minutes.
------Stats-----
---Min, Max, Mean, Std
Points:   -0.6022319197654724   0.6331954598426819   0.06081029027700424   0.20873849093914032
Scaling factors:   0.002525682095438242   2.2684175968170166   0.02706734463572502   0.024386325851082802
Quaternions:   -0.9025236964225769   0.9999858736991882   0.2306583672761917   0.4436197876930237
Sh coordinates dc:   -2.1053428649902344   2.717651605606079   -0.08318720012903214   0.5660814046859741
Sh coordinates rest:   -0.15860474109649658   0.19162985682487488   -0.00010103773092851043   0.021115142852067947
Opacities:   8.908368727134075e-06   1.0   0.14403235912322998   0.35035690665245056

-------------------
Iteration: 8300
loss: 0.039458  [ 8300/15000] computed in 0.00883854627609253 minutes.
------Stats-----
---Min, Max, Mean, Std
Points:   -0.6032233238220215   0.6330463886260986   0.060805805027484894   0.20873381197452545
Scaling factors:   0.002525682095438242   2.405768871307373   0.02705603837966919   0.024774929508566856
Quaternions:   -0.9025236964225769   0.9999858736991882   0.23062340915203094   0.4436379373073578
Sh coordinates dc:   -2.1053428649902344   2.6731679439544678   -0.08317653834819794   0.5664645433425903
Sh coordinates rest:   -0.15860474109649658   0.19281624257564545   -0.0001012861612252891   0.0211386289447546
Opacities:   8.277790584543254e-06   1.0   0.1440303474664688   0.35038846731185913

-------------------
Iteration: 8350
loss: 0.029966  [ 8350/15000] computed in 0.00883236328760783 minutes.
------Stats-----
---Min, Max, Mean, Std
Points:   -0.6041181087493896   0.6334516406059265   0.06080298870801926   0.2087305784225464
Scaling factors:   0.002525682095438242   2.5720674991607666   0.027041541412472725   0.02526572160422802
Quaternions:   -0.9025236964225769   0.9999858736991882   0.2305852323770523   0.443657785654068
Sh coordinates dc:   -2.1053428649902344   2.6408774852752686   -0.08300609886646271   0.5665993094444275
Sh coordinates rest:   -0.15860474109649658   0.1949937492609024   -0.00010169523011427373   0.021164510399103165
Opacities:   7.709729288762901e-06   1.0   0.1440291553735733   0.35042065382003784

-------------------
Iteration: 8400
loss: 0.035768  [ 8400/15000] computed in 0.008816281954447428 minutes.
------Stats-----
---Min, Max, Mean, Std
Points:   -0.6051165461540222   0.633766233921051   0.06080016493797302   0.2087276577949524
Scaling factors:   0.002525682095438242   2.7187652587890625   0.027036374434828758   0.025746392086148262
Quaternions:   -0.9025236964225769   0.9999858736991882   0.23053859174251556   0.4436820149421692
Sh coordinates dc:   -2.1053428649902344   2.6249308586120605   -0.08293677866458893   0.5668438673019409
Sh coordinates rest:   -0.15860474109649658   0.19603802263736725   -0.00010325668699806556   0.021192599087953568
Opacities:   7.196096248662798e-06   1.0   0.14402145147323608   0.35043641924858093

-------------------
Iteration: 8450
loss: 0.029084  [ 8450/15000] computed in 0.008807599544525146 minutes.
------Stats-----
---Min, Max, Mean, Std
Points:   -0.6058886051177979   0.6338261961936951   0.0607985220849514   0.20872639119625092
Scaling factors:   0.002525682095438242   2.885927438735962   0.027030522003769875   0.026251213625073433
Quaternions:   -0.9025236964225769   0.9999858736991882   0.2305058240890503   0.44369903206825256
Sh coordinates dc:   -2.1053428649902344   2.5847132205963135   -0.08277025818824768   0.5670846104621887
Sh coordinates rest:   -0.15860474109649658   0.1960524171590805   -0.00010624647984514013   0.021222485229372978
Opacities:   6.730120276188245e-06   1.0   0.14401690661907196   0.35044264793395996

---INFO---
Resetting neighbors...

-------------------
Iteration: 8500
loss: 0.028490  [ 8500/15000] computed in 0.008887298901875814 minutes.
------Stats-----
---Min, Max, Mean, Std
Points:   -0.6067147254943848   0.6338445544242859   0.06079616770148277   0.20872555673122406
Scaling factors:   0.002525682095438242   3.059664726257324   0.02702685259282589   0.026782969012856483
Quaternions:   -0.9025236964225769   0.9999858736991882   0.2304667979478836   0.4437193274497986
Sh coordinates dc:   -2.1053428649902344   2.552746534347534   -0.08264452964067459   0.5673633217811584
Sh coordinates rest:   -0.15860474109649658   0.19488851726055145   -0.00010710809146985412   0.021251169964671135
Opacities:   6.306010618573055e-06   1.0   0.14400164783000946   0.3504638671875

-------------------
Iteration: 8550
loss: 0.030228  [ 8550/15000] computed in 0.008792452017466227 minutes.
------Stats-----
---Min, Max, Mean, Std
Points:   -0.6072791218757629   0.6348238587379456   0.06079418212175369   0.20872358977794647
Scaling factors:   0.002525682095438242   3.2396297454833984   0.027018312364816666   0.027318062260746956
Quaternions:   -0.9025236964225769   0.9999858736991882   0.2304673045873642   0.4437190592288971
Sh coordinates dc:   -2.1053428649902344   2.5666489601135254   -0.08253822475671768   0.5676597356796265
Sh coordinates rest:   -0.15890438854694366   0.1942945122718811   -0.00011049065506085753   0.021282559260725975
Opacities:   5.918891019973671e-06   1.0   0.14398019015789032   0.3504698872566223

-------------------
Iteration: 8600
loss: 0.030540  [ 8600/15000] computed in 0.008757420380910238 minutes.
------Stats-----
---Min, Max, Mean, Std
Points:   -0.6078437566757202   0.6349478960037231   0.06079397350549698   0.20872439444065094
Scaling factors:   0.002525682095438242   3.3966681957244873   0.027016019448637962   0.027781018987298012
Quaternions:   -0.9047417640686035   0.9999858736991882   0.23042292892932892   0.44374215602874756
Sh coordinates dc:   -2.1053428649902344   2.551842451095581   -0.08253118395805359   0.5680500864982605
Sh coordinates rest:   -0.1597173660993576   0.19326309859752655   -0.00011296056618448347   0.02131565287709236
Opacities:   5.564529601542745e-06   1.0   0.14395710825920105   0.35045507550239563

-------------------
Iteration: 8650
loss: 0.022697  [ 8650/15000] computed in 0.008797188599904379 minutes.
------Stats-----
---Min, Max, Mean, Std
Points:   -0.6083073616027832   0.635256826877594   0.060791756957769394   0.20872409641742706
Scaling factors:   0.002525682095438242   3.5306577682495117   0.027006417512893677   0.028204292058944702
Quaternions:   -0.9137939810752869   0.9999858736991882   0.23039375245571136   0.4437572956085205
Sh coordinates dc:   -2.1053428649902344   2.549192428588867   -0.08247214555740356   0.5684113502502441
Sh coordinates rest:   -0.1599513441324234   0.19215671718120575   -0.00011559398990357295   0.021351754665374756
Opacities:   5.239342044660589e-06   1.0   0.14392097294330597   0.3504149317741394

-------------------
Iteration: 8700
loss: 0.027687  [ 8700/15000] computed in 0.008759884039560954 minutes.
------Stats-----
---Min, Max, Mean, Std
Points:   -0.6089940071105957   0.6356204748153687   0.060792241245508194   0.20872539281845093
Scaling factors:   0.002525682095438242   3.638660192489624   0.026998968794941902   0.028567781671881676
Quaternions:   -0.9178767800331116   0.9999858736991882   0.23037445545196533   0.4437672793865204
Sh coordinates dc:   -2.1053428649902344   2.5487544536590576   -0.0824723020195961   0.5688869953155518
Sh coordinates rest:   -0.1602555215358734   0.191023588180542   -0.00011607839405769482   0.021383967250585556
Opacities:   4.940186499879928e-06   1.0   0.14389386773109436   0.35041573643684387

-------------------
Iteration: 8750
loss: 0.027603  [ 8750/15000] computed in 0.008765947818756104 minutes.
------Stats-----
---Min, Max, Mean, Std
Points:   -0.609616219997406   0.6355454921722412   0.06078978255391121   0.20872743427753448
Scaling factors:   0.002525682095438242   3.7433629035949707   0.027000268921256065   0.028924906626343727
Quaternions:   -0.9238394498825073   0.9999858736991882   0.23032686114311218   0.4437919855117798
Sh coordinates dc:   -2.1053428649902344   2.5820112228393555   -0.08250363916158676   0.5694406032562256
Sh coordinates rest:   -0.16100962460041046   0.19004325568675995   -0.00011808703129645437   0.02141975425183773
Opacities:   4.664358129957691e-06   1.0   0.1438654512166977   0.35040566325187683

-------------------
Iteration: 8800
loss: 0.018318  [ 8800/15000] computed in 0.00882954200108846 minutes.
------Stats-----
---Min, Max, Mean, Std
Points:   -0.6105339527130127   0.6360953450202942   0.06078767776489258   0.20872895419597626
Scaling factors:   0.002525682095438242   3.8594367504119873   0.026995379477739334   0.02933196723461151
Quaternions:   -0.922004222869873   0.9999858736991882   0.23029440641403198   0.4438088536262512
Sh coordinates dc:   -2.1053428649902344   2.597989320755005   -0.08249293267726898   0.570023775100708
Sh coordinates rest:   -0.16155171394348145   0.18865884840488434   -0.0001198378304252401   0.021458663046360016
Opacities:   4.409460416354705e-06   1.0   0.14384637773036957   0.35039108991622925

-------------------
Iteration: 8850
loss: 0.017615  [ 8850/15000] computed in 0.008702874183654785 minutes.
------Stats-----
---Min, Max, Mean, Std
Points:   -0.6111156344413757   0.6357624530792236   0.060784392058849335   0.2087285965681076
Scaling factors:   0.0025028041563928127   3.9155068397521973   0.026989243924617767   0.02952474169433117
Quaternions:   -0.9279578924179077   0.9999858736991882   0.23026081919670105   0.44382625818252563
Sh coordinates dc:   -2.1053428649902344   2.6107254028320312   -0.08268330246210098   0.5705034136772156
Sh coordinates rest:   -0.16228432953357697   0.1865474432706833   -0.00012001029244856909   0.021493546664714813
Opacities:   4.173449269728735e-06   1.0   0.1438610851764679   0.3504185378551483

-------------------
Iteration: 8900
loss: 0.030593  [ 8900/15000] computed in 0.008704853057861329 minutes.
------Stats-----
---Min, Max, Mean, Std
Points:   -0.6117231249809265   0.6361210942268372   0.06078197807073593   0.20873121917247772
Scaling factors:   0.002397821983322501   3.9810783863067627   0.026985695585608482   0.029770273715257645
Quaternions:   -0.928588330745697   0.9999858736991882   0.23025178909301758   0.4438309371471405
Sh coordinates dc:   -2.1053428649902344   2.6233456134796143   -0.0827520489692688   0.5710533261299133
Sh coordinates rest:   -0.16318169236183167   0.185432568192482   -0.00012004423479083925   0.02153051644563675
Opacities:   3.954509793402394e-06   1.0   0.143848717212677   0.35041460394859314

-------------------
Iteration: 8950
loss: 0.027685  [ 8950/15000] computed in 0.008726112047831218 minutes.
------Stats-----
---Min, Max, Mean, Std
Points:   -0.6121370196342468   0.6370748281478882   0.0607801228761673   0.20873482525348663
Scaling factors:   0.002332522766664624   4.075824737548828   0.02698533423244953   0.030120979994535446
Quaternions:   -0.9270352125167847   0.9999858736991882   0.2302265763282776   0.4438440203666687
Sh coordinates dc:   -2.1053428649902344   2.633183717727661   -0.08288277685642242   0.571723461151123
Sh coordinates rest:   -0.16410286724567413   0.18541814386844635   -0.00012080221495125443   0.021565750241279602
Opacities:   3.7510317270061933e-06   1.0   0.1438494473695755   0.35043421387672424

---INFO---
Stopping entropy regularization.

---INFO---
Resetting neighbors...

-------------------
Iteration: 9000
loss: 0.028888  [ 9000/15000] computed in 0.008799298604329427 minutes.
------Stats-----
---Min, Max, Mean, Std
Points:   -0.6124909520149231   0.6364735960960388   0.06077668070793152   0.20873525738716125
Scaling factors:   0.002261027228087187   4.113071918487549   0.02697601169347763   0.03032488375902176
Quaternions:   -0.9299173951148987   0.9999858736991882   0.23022335767745972   0.4438456892967224
Sh coordinates dc:   -2.1053428649902344   2.66135311126709   -0.08289722353219986   0.5721648335456848
Sh coordinates rest:   -0.16459481418132782   0.1853618621826172   -0.0001217189637827687   0.021601684391498566
Opacities:   3.56195482709154e-06   1.0   0.1438465416431427   0.3504420816898346

Pruning gaussians with low-opacity for further optimization...
Pruning finished: 3958 gaussians left.

---INFO---
Starting SDF regularization.

---INFO---
Starting SDF estimation loss.

---INFO---
Starting SDF better normal loss.

-------------------
Iteration: 9050
loss: 0.142392  [ 9050/15000] computed in 0.1400412638982137 minutes.
------Stats-----
---Min, Max, Mean, Std
Points:   -0.6134340763092041   0.6423358917236328   0.08731160312891006   0.22323229908943176
Scaling factors:   0.001170510658994317   4.176524639129639   0.02873500995337963   0.07973473519086838
Quaternions:   -0.964805543422699   0.9992802143096924   0.20687679946422577   0.45520880818367004
Sh coordinates dc:   -2.1053428649902344   2.7187838554382324   -0.31996774673461914   0.9420999884605408
Sh coordinates rest:   -0.16697920858860016   0.18539412319660187   -0.0029514192137867212   0.03191929683089256
Opacities:   0.5309918522834778   1.0   0.9985744953155518   0.017712896689772606
Number of gaussians used for sampling in SDF regularization: tensor(3958, device='cuda:0')

-------------------
Iteration: 9100
loss: 0.120146  [ 9100/15000] computed in 0.13831390937169394 minutes.
------Stats-----
---Min, Max, Mean, Std
Points:   -0.6143105030059814   0.6454501748085022   0.08725077658891678   0.22329114377498627
Scaling factors:   0.0008655095007270575   4.235898971557617   0.02751823514699936   0.0809655711054802
Quaternions:   -0.9805899858474731   0.9996316432952881   0.2038063257932663   0.4565919041633606
Sh coordinates dc:   -2.1053428649902344   2.7514917850494385   -0.31326934695243835   0.9428083300590515
Sh coordinates rest:   -0.17610247433185577   0.1866558939218521   -0.002951778704300523   0.03205009549856186
Opacities:   0.15341374278068542   1.0   0.9979521632194519   0.026896242052316666
Number of gaussians used for sampling in SDF regularization: tensor(3958, device='cuda:0')

-------------------
Iteration: 9150
loss: 0.094542  [ 9150/15000] computed in 0.13828974962234497 minutes.
------Stats-----
---Min, Max, Mean, Std
Points:   -0.6153650879859924   0.6462715268135071   0.08722403645515442   0.2232537567615509
Scaling factors:   0.0006636037724092603   4.287858009338379   0.02709784545004368   0.08205191045999527
Quaternions:   -0.9791127443313599   0.9990221858024597   0.201755091547966   0.4575020372867584
Sh coordinates dc:   -2.1053428649902344   2.7627973556518555   -0.3096160590648651   0.9443086981773376
Sh coordinates rest:   -0.18336732685565948   0.18917661905288696   -0.002942335093393922   0.03219441697001457
Opacities:   0.04012620076537132   1.0   0.9970856308937073   0.03772018104791641
Number of gaussians used for sampling in SDF regularization: tensor(3958, device='cuda:0')

-------------------
Iteration: 9200
loss: 0.097481  [ 9200/15000] computed in 0.1382818897565206 minutes.
------Stats-----
---Min, Max, Mean, Std
Points:   -0.616337239742279   0.6476991772651672   0.08720012754201889   0.22321856021881104
Scaling factors:   0.0006480212323367596   4.353328704833984   0.026915714144706726   0.08333858847618103
Quaternions:   -0.9787495732307434   0.9994968175888062   0.2001992166042328   0.4581850469112396
Sh coordinates dc:   -2.1053428649902344   2.8007240295410156   -0.3071252405643463   0.9461709856987
Sh coordinates rest:   -0.1871137022972107   0.18934142589569092   -0.0029437753837555647   0.032354582101106644
Opacities:   0.01778259687125683   1.0   0.996086597442627   0.047841351479291916
Number of gaussians used for sampling in SDF regularization: tensor(3958, device='cuda:0')

-------------------
Iteration: 9250
loss: 0.080665  [ 9250/15000] computed in 0.13830445607503256 minutes.
------Stats-----
---Min, Max, Mean, Std
Points:   -0.6172805428504944   0.647380530834198   0.08717993646860123   0.22319859266281128
Scaling factors:   0.0005488545284606516   4.395756721496582   0.026760131120681763   0.08432561904191971
Quaternions:   -0.9740177392959595   0.9999001622200012   0.19927246868610382   0.4585888683795929
Sh coordinates dc:   -2.1053428649902344   2.8923823833465576   -0.3044748902320862   0.9473119378089905
Sh coordinates rest:   -0.18864354491233826   0.1899331957101822   -0.0029474361799657345   0.03250792622566223
Opacities:   0.012834051623940468   1.0   0.9956778883934021   0.05066864565014839
Number of gaussians used for sampling in SDF regularization: tensor(3958, device='cuda:0')

-------------------
Iteration: 9300
loss: 0.076923  [ 9300/15000] computed in 0.13829195499420166 minutes.
------Stats-----
---Min, Max, Mean, Std
Points:   -0.6181173324584961   0.6469942927360535   0.08715920895338058   0.2231779247522354
Scaling factors:   0.00046723810373805463   4.429737567901611   0.026661742478609085   0.08548767864704132
Quaternions:   -0.9680655002593994   0.9998253583908081   0.1982775628566742   0.4590199291706085
Sh coordinates dc:   -2.1053428649902344   2.9570772647857666   -0.3009974956512451   0.9493023157119751
Sh coordinates rest:   -0.1904725432395935   0.19121895730495453   -0.0029447879642248154   0.03267538920044899
Opacities:   0.009347678162157536   1.0   0.9946544766426086   0.057841308414936066
Number of gaussians used for sampling in SDF regularization: tensor(3958, device='cuda:0')

-------------------
Iteration: 9350
loss: 0.073623  [ 9350/15000] computed in 0.1382089058558146 minutes.
------Stats-----
---Min, Max, Mean, Std
Points:   -0.6187500357627869   0.647262692451477   0.08714362233877182   0.2231520712375641
Scaling factors:   0.00041257511475123465   4.479714393615723   0.026600424200296402   0.08673514425754547
Quaternions:   -0.9619858860969543   0.9997950792312622   0.197116881608963   0.459519624710083
Sh coordinates dc:   -2.1053428649902344   2.983942985534668   -0.29783982038497925   0.9508188366889954
Sh coordinates rest:   -0.19078722596168518   0.19214549660682678   -0.002946952125057578   0.0328429713845253
Opacities:   0.007382592651993036   1.0   0.993703305721283   0.06459033489227295
Number of gaussians used for sampling in SDF regularization: tensor(3958, device='cuda:0')

-------------------
Iteration: 9400
loss: 0.083380  [ 9400/15000] computed in 0.13834458192189533 minutes.
------Stats-----
---Min, Max, Mean, Std
Points:   -0.6192471385002136   0.6475784778594971   0.08712302148342133   0.22313104569911957
Scaling factors:   0.0003728818555828184   4.532935619354248   0.026567494496703148   0.08822804689407349
Quaternions:   -0.9577521085739136   0.9996373057365417   0.19598904252052307   0.46000179648399353
Sh coordinates dc:   -2.1053428649902344   3.0402724742889404   -0.29523664712905884   0.9527013301849365
Sh coordinates rest:   -0.19073471426963806   0.19231301546096802   -0.0029406368266791105   0.03302117437124252
Opacities:   0.006239685695618391   1.0   0.9935374855995178   0.0656002089381218
Number of gaussians used for sampling in SDF regularization: tensor(3958, device='cuda:0')

-------------------
Iteration: 9450
loss: 0.074953  [ 9450/15000] computed in 0.13820403416951496 minutes.
------Stats-----
---Min, Max, Mean, Std
Points:   -0.6198585033416748   0.6473232507705688   0.08710478991270065   0.22310809791088104
Scaling factors:   0.0003455824626144022   4.573086738586426   0.026548631489276886   0.08966319262981415
Quaternions:   -0.957684338092804   0.9997011423110962   0.1952856332063675   0.46030086278915405
Sh coordinates dc:   -2.1053428649902344   3.042289972305298   -0.29245084524154663   0.9547375440597534
Sh coordinates rest:   -0.1906420737504959   0.19615046679973602   -0.0029482862446457148   0.03319072723388672
Opacities:   0.005448638927191496   1.0   0.9927369952201843   0.0702304020524025
Number of gaussians used for sampling in SDF regularization: tensor(3958, device='cuda:0')

---INFO---
Resetting neighbors...

-------------------
Iteration: 9500
loss: 0.150970  [ 9500/15000] computed in 0.1382193168004354 minutes.
------Stats-----
---Min, Max, Mean, Std
Points:   -0.6203476786613464   0.6476547122001648   0.08708380162715912   0.22309012711048126
Scaling factors:   0.00031745730666443706   4.597752571105957   0.026526380330324173   0.09110268205404282
Quaternions:   -0.959034264087677   0.9997596740722656   0.19462086260318756   0.4605823755264282
Sh coordinates dc:   -2.1053428649902344   3.0666940212249756   -0.2898380160331726   0.956334114074707
Sh coordinates rest:   -0.19047465920448303   0.19642435014247894   -0.0029455553740262985   0.03336947038769722
Opacities:   0.004821763839572668   1.0   0.9919804930686951   0.07465612143278122
Number of gaussians used for sampling in SDF regularization: tensor(3958, device='cuda:0')

-------------------
Iteration: 9550
loss: 0.088559  [ 9550/15000] computed in 0.13571310838063558 minutes.
------Stats-----
---Min, Max, Mean, Std
Points:   -0.6205184459686279   0.6482095718383789   0.0870465338230133   0.22320261597633362
Scaling factors:   0.000299901730613783   4.625514030456543   0.025628210976719856   0.09427277743816376
Quaternions:   -0.9659705758094788   0.9996640086174011   0.19333282113075256   0.4611245393753052
Sh coordinates dc:   -2.1053428649902344   3.1150128841400146   -0.2874939739704132   0.9575283527374268
Sh coordinates rest:   -0.19035473465919495   0.19746391475200653   -0.0029360023327171803   0.033523835241794586
Opacities:   0.00384288327768445   1.0   0.9903542995452881   0.08446550369262695
Number of gaussians used for sampling in SDF regularization: tensor(3958, device='cuda:0')

-------------------
Iteration: 9600
loss: 0.076853  [ 9600/15000] computed in 0.13577269713083903 minutes.
------Stats-----
---Min, Max, Mean, Std
Points:   -0.6207100749015808   0.6479499340057373   0.08702201396226883   0.22319595515727997
Scaling factors:   0.0002825848641805351   4.663801670074463   0.025431545451283455   0.09658215939998627
Quaternions:   -0.9639996290206909   0.9997574687004089   0.19210124015808105   0.46163901686668396
Sh coordinates dc:   -2.1053428649902344   3.143328905105591   -0.28512686491012573   0.9584735035896301
Sh coordinates rest:   -0.19012732803821564   0.19937080144882202   -0.002938356949016452   0.033675193786621094
Opacities:   0.003418360836803913   1.0   0.9896348118782043   0.08606503903865814
Number of gaussians used for sampling in SDF regularization: tensor(3958, device='cuda:0')

-------------------
Iteration: 9650
loss: 0.071481  [ 9650/15000] computed in 0.13576933940251668 minutes.
------Stats-----
---Min, Max, Mean, Std
Points:   -0.6209658980369568   0.6483446359634399   0.08700213581323624   0.22318820655345917
Scaling factors:   0.0002651848189998418   4.686219692230225   0.02538883313536644   0.10021793097257614
Quaternions:   -0.9617674946784973   0.9996256232261658   0.19081418216228485   0.4621725380420685
Sh coordinates dc:   -2.1053428649902344   3.175323247909546   -0.28316038846969604   0.9599417448043823
Sh coordinates rest:   -0.18980087339878082   0.20116157829761505   -0.0029337811283767223   0.033833980560302734
Opacities:   0.0031951304990798235   1.0   0.9888548851013184   0.09011087566614151
Number of gaussians used for sampling in SDF regularization: tensor(3958, device='cuda:0')

-------------------
Iteration: 9700
loss: 0.080007  [ 9700/15000] computed in 0.1357498606046041 minutes.
------Stats-----
---Min, Max, Mean, Std
Points:   -0.621246874332428   0.6482895612716675   0.0869867131114006   0.22316958010196686
Scaling factors:   0.0002531390928197652   4.716019630432129   0.025363817811012268   0.10445795953273773
Quaternions:   -0.98588627576828   0.9996088147163391   0.18990643322467804   0.4625462591648102
Sh coordinates dc:   -2.1053428649902344   3.189872980117798   -0.28113678097724915   0.9613363742828369
Sh coordinates rest:   -0.18951083719730377   0.20338495075702667   -0.002931754570454359   0.033996593207120895
Opacities:   0.002967901062220335   1.0   0.9884591698646545   0.0916602835059166
Number of gaussians used for sampling in SDF regularization: tensor(3958, device='cuda:0')

-------------------
Iteration: 9750
loss: 0.079758  [ 9750/15000] computed in 0.13573946158091227 minutes.
------Stats-----
---Min, Max, Mean, Std
Points:   -0.6214863657951355   0.6479336619377136   0.0869709923863411   0.22315384447574615
Scaling factors:   0.0002410658198641613   4.735485553741455   0.025386985391378403   0.10891977697610855
Quaternions:   -0.9934750199317932   0.9993921518325806   0.1891283392906189   0.4628649950027466
Sh coordinates dc:   -2.1053428649902344   3.2067666053771973   -0.2795272767543793   0.9627347588539124
Sh coordinates rest:   -0.18919681012630463   0.2045794129371643   -0.0029255675617605448   0.03414509817957878
Opacities:   0.0026614039670675993   1.0   0.987692654132843   0.09427854418754578
Number of gaussians used for sampling in SDF regularization: tensor(3958, device='cuda:0')

-------------------
Iteration: 9800
loss: 0.073410  [ 9800/15000] computed in 0.1358136812845866 minutes.
------Stats-----
---Min, Max, Mean, Std
Points:   -0.6217208504676819   0.6483199000358582   0.0869496539235115   0.22313804924488068
Scaling factors:   0.00021769407612737268   4.76579475402832   0.02535463310778141   0.11082383245229721
Quaternions:   -0.9956148266792297   0.9993994832038879   0.18866558372974396   0.4630538523197174
Sh coordinates dc:   -2.1053428649902344   3.2341067790985107   -0.27777203917503357   0.9640503525733948
Sh coordinates rest:   -0.18898263573646545   0.20713846385478973   -0.002929199021309614   0.03431207314133644
Opacities:   0.00240479689091444   1.0   0.9872981309890747   0.09559227526187897
Number of gaussians used for sampling in SDF regularization: tensor(3958, device='cuda:0')

-------------------
Iteration: 9850
loss: 0.074771  [ 9850/15000] computed in 0.13596093257268269 minutes.
------Stats-----
---Min, Max, Mean, Std
Points:   -0.6219163537025452   0.6479110717773438   0.08693066984415054   0.22312042117118835
Scaling factors:   0.00019609245646279305   4.832029342651367   0.025290893390774727   0.11085733026266098
Quaternions:   -0.9950219988822937   0.9996203780174255   0.18815761804580688   0.4632604718208313
Sh coordinates dc:   -2.1053428649902344   3.2746617794036865   -0.276407927274704   0.9649261236190796
Sh coordinates rest:   -0.18880583345890045   0.20963776111602783   -0.002928235800936818   0.03446127101778984
Opacities:   0.0022025336511433125   1.0   0.9868267178535461   0.09675170481204987
Number of gaussians used for sampling in SDF regularization: tensor(3958, device='cuda:0')

-------------------
Iteration: 9900
loss: 0.064876  [ 9900/15000] computed in 0.13583705027898152 minutes.
------Stats-----
---Min, Max, Mean, Std
Points:   -0.6221091151237488   0.647859513759613   0.08691184222698212   0.2231130450963974
Scaling factors:   0.0001795466960174963   4.916149616241455   0.025273945182561874   0.11197157949209213
Quaternions:   -0.9943617582321167   0.9997103214263916   0.18777990341186523   0.46341371536254883
Sh coordinates dc:   -2.1053428649902344   3.309535503387451   -0.2755885124206543   0.965775728225708
Sh coordinates rest:   -0.1886969804763794   0.21147321164608002   -0.0029273300897330046   0.03461319953203201
Opacities:   0.0020265933126211166   1.0   0.9864650368690491   0.09871320426464081
Number of gaussians used for sampling in SDF regularization: tensor(3958, device='cuda:0')

-------------------
Iteration: 9950
loss: 0.069291  [ 9950/15000] computed in 0.13587356408437093 minutes.
------Stats-----
---Min, Max, Mean, Std
Points:   -0.6223383545875549   0.6477006673812866   0.08689168840646744   0.22309954464435577
Scaling factors:   0.00016827357467263937   4.9440388679504395   0.02522318623960018   0.11242014914751053
Quaternions:   -0.9944862723350525   0.9995883703231812   0.18760807812213898   0.4634833335876465
Sh coordinates dc:   -2.1053428649902344   3.3288235664367676   -0.2742634415626526   0.9668087959289551
Sh coordinates rest:   -0.18852069973945618   0.2130938023328781   -0.002928719390183687   0.034774575382471085
Opacities:   0.0018747305730357766   1.0   0.9859337210655212   0.10001871734857559
Number of gaussians used for sampling in SDF regularization: tensor(3958, device='cuda:0')

---INFO---
Resetting neighbors...

-------------------
Iteration: 10000
loss: 0.074701  [10000/15000] computed in 0.135858150323232 minutes.
------Stats-----
---Min, Max, Mean, Std
Points:   -0.6226626634597778   0.647223174571991   0.08687568455934525   0.22308704257011414
Scaling factors:   0.00015904390602372587   5.02524471282959   0.025239525362849236   0.11369272321462631
Quaternions:   -0.9946085810661316   0.9996699094772339   0.1873781979084015   0.4635762870311737
Sh coordinates dc:   -2.1053428649902344   3.361018419265747   -0.27368050813674927   0.9678660035133362
Sh coordinates rest:   -0.18838980793952942   0.21500064432621002   -0.0029336048755794764   0.034931011497974396
Opacities:   0.0017370955320075154   1.0   0.9854401350021362   0.10161018371582031
Number of gaussians used for sampling in SDF regularization: tensor(3958, device='cuda:0')

-------------------
Iteration: 10050
loss: 0.060829  [10050/15000] computed in 0.13773655494054157 minutes.
------Stats-----
---Min, Max, Mean, Std
Points:   -0.6227286458015442   0.647341251373291   0.08686310797929764   0.2230868935585022
Scaling factors:   0.00015394114598166198   5.101221561431885   0.02520505152642727   0.11614302545785904
Quaternions:   -0.9947134852409363   0.9993959069252014   0.18727993965148926   0.4636160135269165
Sh coordinates dc:   -2.1053428649902344   3.381678342819214   -0.2724554240703583   0.9686684608459473
Sh coordinates rest:   -0.18857133388519287   0.21620100736618042   -0.002932292874902487   0.03508320450782776
Opacities:   0.0017756755696609616   1.0   0.984555184841156   0.10482156276702881
Number of gaussians used for sampling in SDF regularization: tensor(3958, device='cuda:0')

-------------------
Iteration: 10100
loss: 0.060796  [10100/15000] computed in 0.1376361052195231 minutes.
------Stats-----
---Min, Max, Mean, Std
Points:   -0.6228470802307129   0.6473603844642639   0.0868506208062172   0.22308096289634705
Scaling factors:   0.00015073693066369742   5.146031856536865   0.02516259253025055   0.11600926518440247
Quaternions:   -0.9976580142974854   0.9993361830711365   0.18710555136203766   0.46368640661239624
Sh coordinates dc:   -2.1053428649902344   3.4144935607910156   -0.2716362178325653   0.96965092420578
Sh coordinates rest:   -0.19201381504535675   0.21740026772022247   -0.002936876844614744   0.03523344546556473
Opacities:   0.0015500563895329833   1.0   0.9840512871742249   0.10631498694419861
Number of gaussians used for sampling in SDF regularization: tensor(3958, device='cuda:0')

-------------------
Iteration: 10150
loss: 0.069942  [10150/15000] computed in 0.13763403097788493 minutes.
------Stats-----
---Min, Max, Mean, Std
Points:   -0.6230535507202148   0.6471068263053894   0.08684056252241135   0.2230743020772934
Scaling factors:   0.00014841170923318714   5.202124118804932   0.02519061788916588   0.11686888337135315
Quaternions:   -0.9978726506233215   0.9995289444923401   0.1867992877960205   0.46380987763404846
Sh coordinates dc:   -2.1053428649902344   3.4317047595977783   -0.2709895670413971   0.9704750776290894
Sh coordinates rest:   -0.1938936710357666   0.21869254112243652   -0.0029376973398029804   0.03537781164050102
Opacities:   0.0014330721460282803   1.0   0.983483612537384   0.10821788012981415
Number of gaussians used for sampling in SDF regularization: tensor(3958, device='cuda:0')

-------------------
Iteration: 10200
loss: 0.064308  [10200/15000] computed in 0.13779030243555704 minutes.
------Stats-----
---Min, Max, Mean, Std
Points:   -0.6229785680770874   0.6474192142486572   0.08682506531476974   0.22306977212429047
Scaling factors:   0.00014790630666539073   5.289864540100098   0.02521245926618576   0.11714307218790054
Quaternions:   -0.9977246522903442   0.9995128512382507   0.18648482859134674   0.4639364182949066
Sh coordinates dc:   -2.1053428649902344   3.4627580642700195   -0.27022573351860046   0.9717656373977661
Sh coordinates rest:   -0.19665682315826416   0.21934860944747925   -0.0029389916453510523   0.03552670776844025
Opacities:   0.0013449533144012094   1.0   0.9827843308448792   0.11082221567630768
Number of gaussians used for sampling in SDF regularization: tensor(3958, device='cuda:0')

-------------------
Iteration: 10250
loss: 0.059964  [10250/15000] computed in 0.1377332925796509 minutes.
------Stats-----
---Min, Max, Mean, Std
Points:   -0.6230487823486328   0.6468209624290466   0.08681156486272812   0.22306682169437408
Scaling factors:   0.00015065429033711553   5.387404918670654   0.025252260267734528   0.11852812021970749
Quaternions:   -0.996710479259491   0.9996325373649597   0.18614448606967926   0.4640730917453766
Sh coordinates dc:   -2.1053428649902344   3.481076240539551   -0.26947668194770813   0.9725345969200134
Sh coordinates rest:   -0.1993969976902008   0.22024010121822357   -0.0029406999237835407   0.03566702827811241
Opacities:   0.0012834123335778713   1.0   0.9822319149971008   0.11226189881563187
Number of gaussians used for sampling in SDF regularization: tensor(3958, device='cuda:0')

-------------------
Iteration: 10300
loss: 0.064850  [10300/15000] computed in 0.13753023544947307 minutes.
------Stats-----
---Min, Max, Mean, Std
Points:   -0.6231052279472351   0.6468150019645691   0.08680328726768494   0.2230643779039383
Scaling factors:   0.00015067598724272102   5.479939937591553   0.025315355509519577   0.12007177621126175
Quaternions:   -0.9965392351150513   0.9998810291290283   0.18584036827087402   0.46419498324394226
Sh coordinates dc:   -2.1053428649902344   3.5014424324035645   -0.26886236667633057   0.9735249280929565
Sh coordinates rest:   -0.20160600543022156   0.2206946164369583   -0.002948163542896509   0.03580934926867485
Opacities:   0.001223691157065332   1.0   0.981331467628479   0.1152527779340744
Number of gaussians used for sampling in SDF regularization: tensor(3958, device='cuda:0')

-------------------
Iteration: 10350
loss: 0.066737  [10350/15000] computed in 0.13787083625793456 minutes.
------Stats-----
---Min, Max, Mean, Std
Points:   -0.6231462359428406   0.6469924449920654   0.08679475635290146   0.2230609953403473
Scaling factors:   0.00014596735127270222   5.565842151641846   0.02539609558880329   0.12259437143802643
Quaternions:   -0.9961416125297546   0.999760091304779   0.1854977011680603   0.46433204412460327
Sh coordinates dc:   -2.1053428649902344   3.5344231128692627   -0.26809969544410706   0.9744414687156677
Sh coordinates rest:   -0.2031787633895874   0.22057445347309113   -0.00294845481403172   0.03595735505223274
Opacities:   0.0010932658333331347   1.0   0.981048047542572   0.11600545793771744
Number of gaussians used for sampling in SDF regularization: tensor(3958, device='cuda:0')

-------------------
Iteration: 10400
loss: 0.057877  [10400/15000] computed in 0.13765956163406373 minutes.
------Stats-----
---Min, Max, Mean, Std
Points:   -0.6232483983039856   0.6466787457466125   0.08678366243839264   0.22305941581726074
Scaling factors:   0.0001392425037920475   5.7186737060546875   0.025540035218000412   0.1254928857088089
Quaternions:   -0.9962781071662903   0.9995885491371155   0.18524160981178284   0.46443426609039307
Sh coordinates dc:   -2.1053428649902344   3.5619077682495117   -0.26727306842803955   0.9754146933555603
Sh coordinates rest:   -0.20392011106014252   0.22076641023159027   -0.0029513949993997812   0.036096714437007904
Opacities:   0.0009117789450101554   1.0   0.9802576899528503   0.11815782636404037
Number of gaussians used for sampling in SDF regularization: tensor(3958, device='cuda:0')

-------------------
Iteration: 10450
loss: 0.054900  [10450/15000] computed in 0.13777445952097575 minutes.
------Stats-----
---Min, Max, Mean, Std
Points:   -0.6233311295509338   0.6462602019309998   0.08677764981985092   0.22305668890476227
Scaling factors:   0.0001286492624785751   5.898341178894043   0.025634359568357468   0.12801684439182281
Quaternions:   -0.9964867830276489   0.9990754127502441   0.18492625653743744   0.4645599126815796
Sh coordinates dc:   -2.1053428649902344   3.58145809173584   -0.26662561297416687   0.9762504696846008
Sh coordinates rest:   -0.2053472250699997   0.22120995819568634   -0.0029543223790824413   0.03624068573117256
Opacities:   0.000786860182415694   1.0   0.9798405766487122   0.11929662525653839
Number of gaussians used for sampling in SDF regularization: tensor(3958, device='cuda:0')

---INFO---
Resetting neighbors...

-------------------
Iteration: 10500
loss: 0.067572  [10500/15000] computed in 0.13781373103459676 minutes.
------Stats-----
---Min, Max, Mean, Std
Points:   -0.6234186291694641   0.6462963819503784   0.08676628768444061   0.22305408120155334
Scaling factors:   0.00011858678772114217   6.060929298400879   0.025712192058563232   0.12999048829078674
Quaternions:   -0.9963618516921997   0.9987804293632507   0.18463045358657837   0.4646775722503662
Sh coordinates dc:   -2.1053428649902344   3.6036734580993652   -0.2658328115940094   0.9773254990577698
Sh coordinates rest:   -0.20691223442554474   0.22060461342334747   -0.0029608372133225203   0.03639650717377663
Opacities:   0.0006970778340473771   1.0   0.9790493249893188   0.1220506876707077
Number of gaussians used for sampling in SDF regularization: tensor(3958, device='cuda:0')

-------------------
Iteration: 10550
loss: 0.056653  [10550/15000] computed in 0.1358496904373169 minutes.
------Stats-----
---Min, Max, Mean, Std
Points:   -0.6236063241958618   0.6461294293403625   0.08675597608089447   0.2230512499809265
Scaling factors:   0.00010518628550926223   6.2945942878723145   0.025839587673544884   0.13355274498462677
Quaternions:   -0.9975249171257019   0.9990886449813843   0.18420176208019257   0.4648476839065552
Sh coordinates dc:   -2.1053428649902344   3.6305153369903564   -0.2648323178291321   0.9782014489173889
Sh coordinates rest:   -0.2081950306892395   0.2214885801076889   -0.0029654493555426598   0.03653695061802864
Opacities:   0.0007311374647542834   1.0   0.9785332083702087   0.1228947788476944
Number of gaussians used for sampling in SDF regularization: tensor(3958, device='cuda:0')

-------------------
Iteration: 10600
loss: 0.060204  [10600/15000] computed in 0.1355287512143453 minutes.
------Stats-----
---Min, Max, Mean, Std
Points:   -0.6237003207206726   0.6461959481239319   0.08674857765436172   0.22305290400981903
Scaling factors:   9.190685523208231e-05   6.5963053703308105   0.026040704920887947   0.1376902014017105
Quaternions:   -0.9972436428070068   0.9992017149925232   0.18391487002372742   0.4649612605571747
Sh coordinates dc:   -2.1053428649902344   3.649118423461914   -0.2640339136123657   0.9791234731674194
Sh coordinates rest:   -0.20951133966445923   0.2202184498310089   -0.002965784166008234   0.03667597472667694
Opacities:   0.0007990066078491509   1.0   0.9781972169876099   0.12366754561662674
Number of gaussians used for sampling in SDF regularization: tensor(3958, device='cuda:0')

-------------------
Iteration: 10650
loss: 0.059377  [10650/15000] computed in 0.13568126360575358 minutes.
------Stats-----
---Min, Max, Mean, Std
Points:   -0.6237378716468811   0.6458219289779663   0.08674217015504837   0.22305135428905487
Scaling factors:   8.357287879334763e-05   6.852296829223633   0.026210114359855652   0.14246107637882233
Quaternions:   -0.9972495436668396   0.9994113445281982   0.18368832767009735   0.4650508165359497
Sh coordinates dc:   -2.1053428649902344   3.675140380859375   -0.2635137140750885   0.9798696637153625
Sh coordinates rest:   -0.21000497043132782   0.22069591283798218   -0.002968509215861559   0.03681536018848419
Opacities:   0.0008647169452160597   1.0   0.9772186279296875   0.1266077309846878
Number of gaussians used for sampling in SDF regularization: tensor(3958, device='cuda:0')

-------------------
Iteration: 10700
loss: 0.065510  [10700/15000] computed in 0.13568220535914102 minutes.
------Stats-----
---Min, Max, Mean, Std
Points:   -0.6240889430046082   0.6457183957099915   0.08673340827226639   0.22304992377758026
Scaling factors:   7.529162394348532e-05   7.144630432128906   0.026450231671333313   0.14847034215927124
Quaternions:   -0.9968376755714417   0.9994543194770813   0.18340665102005005   0.4651619791984558
Sh coordinates dc:   -2.1053428649902344   3.683495044708252   -0.2629757225513458   0.9809156060218811
Sh coordinates rest:   -0.21224845945835114   0.22078274190425873   -0.0029717907309532166   0.036960236728191376
Opacities:   0.0008455381612293422   1.0   0.9763754606246948   0.12879438698291779
Number of gaussians used for sampling in SDF regularization: tensor(3958, device='cuda:0')

-------------------
Iteration: 10750
loss: 0.051578  [10750/15000] computed in 0.13567465146382648 minutes.
------Stats-----
---Min, Max, Mean, Std
Points:   -0.6242622137069702   0.6460195779800415   0.08672399818897247   0.2230486273765564
Scaling factors:   6.71009038342163e-05   7.465184211730957   0.02663169614970684   0.15278300642967224
Quaternions:   -0.996027946472168   0.999211311340332   0.18319222331047058   0.46524643898010254
Sh coordinates dc:   -2.1053428649902344   3.6906285285949707   -0.2622920572757721   0.9817281365394592
Sh coordinates rest:   -0.21307286620140076   0.22094467282295227   -0.002973332768306136   0.037103816866874695
Opacities:   0.0008198973373509943   1.0   0.9752278327941895   0.13217096030712128
Number of gaussians used for sampling in SDF regularization: tensor(3958, device='cuda:0')

-------------------
Iteration: 10800
loss: 0.050135  [10800/15000] computed in 0.13556676705678303 minutes.
------Stats-----
---Min, Max, Mean, Std
Points:   -0.6244565844535828   0.6452321410179138   0.08672043681144714   0.22304590046405792
Scaling factors:   6.112095434218645e-05   7.743104934692383   0.026864124462008476   0.15820425748825073
Quaternions:   -0.995689868927002   0.9992166757583618   0.18299198150634766   0.465325266122818
Sh coordinates dc:   -2.1053428649902344   3.7053003311157227   -0.26143601536750793   0.982453465461731
Sh coordinates rest:   -0.21468141674995422   0.22189700603485107   -0.0029762357007712126   0.037237536162137985
Opacities:   0.0007921650540083647   1.0   0.9733176827430725   0.13761621713638306
Number of gaussians used for sampling in SDF regularization: tensor(3958, device='cuda:0')

-------------------
Iteration: 10850
loss: 0.060185  [10850/15000] computed in 0.13553038040796916 minutes.
------Stats-----
---Min, Max, Mean, Std
Points:   -0.6243799328804016   0.6454520225524902   0.08671475946903229   0.22304481267929077
Scaling factors:   5.647564466926269e-05   8.20266056060791   0.027099285274744034   0.1644454002380371
Quaternions:   -0.9949095249176025   0.9990548491477966   0.18275347352027893   0.4654190242290497
Sh coordinates dc:   -2.1053428649902344   3.695533514022827   -0.2604512870311737   0.9832485914230347
Sh coordinates rest:   -0.2148347944021225   0.2212367206811905   -0.002973470836877823   0.03738026320934296
Opacities:   0.0007620658143423498   1.0   0.9717443585395813   0.14160306751728058
Number of gaussians used for sampling in SDF regularization: tensor(3958, device='cuda:0')

-------------------
Iteration: 10900
loss: 0.059626  [10900/15000] computed in 0.13561874628067017 minutes.
------Stats-----
---Min, Max, Mean, Std
Points:   -0.6244577169418335   0.6456538438796997   0.08670563250780106   0.22304441034793854
Scaling factors:   5.133004015078768e-05   8.615279197692871   0.027339231222867966   0.17030584812164307
Quaternions:   -0.9949290156364441   0.9990695118904114   0.1824861466884613   0.465523898601532
Sh coordinates dc:   -2.1053428649902344   3.6981985569000244   -0.2599483132362366   0.9837452173233032
Sh coordinates rest:   -0.21607545018196106   0.2220045030117035   -0.0029728913214057684   0.03751020506024361
Opacities:   0.0007017299067229033   1.0   0.9702938199043274   0.14608396589756012
Number of gaussians used for sampling in SDF regularization: tensor(3958, device='cuda:0')

-------------------
Iteration: 10950
loss: 0.050056  [10950/15000] computed in 0.13564332723617553 minutes.
------Stats-----
---Min, Max, Mean, Std
Points:   -0.6249108910560608   0.6454775333404541   0.08669712394475937   0.2230433076620102
Scaling factors:   4.8083446017699316e-05   9.155473709106445   0.027647243812680244   0.1786472499370575
Quaternions:   -0.9950702786445618   0.9990975260734558   0.1821512132883072   0.4656550884246826
Sh coordinates dc:   -2.1053428649902344   3.7022244930267334   -0.259537935256958   0.984574019908905
Sh coordinates rest:   -0.2169794738292694   0.22195853292942047   -0.0029764603823423386   0.03763548284769058
Opacities:   0.0006382180727086961   1.0   0.9689862132072449   0.1497729867696762
Number of gaussians used for sampling in SDF regularization: tensor(3958, device='cuda:0')

---INFO---
Resetting neighbors...

-------------------
Iteration: 11000
loss: 0.062553  [11000/15000] computed in 0.13568578561147054 minutes.
------Stats-----
---Min, Max, Mean, Std
Points:   -0.6250700950622559   0.6453241109848022   0.0866907387971878   0.22304412722587585
Scaling factors:   4.4063090172130615e-05   9.53506851196289   0.02787185274064541   0.18402810394763947
Quaternions:   -0.9951444268226624   0.9990776181221008   0.18198604881763458   0.46571964025497437
Sh coordinates dc:   -2.1053428649902344   3.7021355628967285   -0.25868088006973267   0.9850486516952515
Sh coordinates rest:   -0.21868778765201569   0.223211407661438   -0.002976725110784173   0.037779390811920166
Opacities:   0.0005888214218430221   1.0   0.9674178957939148   0.15371188521385193
Number of gaussians used for sampling in SDF regularization: tensor(3958, device='cuda:0')

-------------------
Iteration: 11050
loss: 0.061836  [11050/15000] computed in 0.13473272720972698 minutes.
------Stats-----
---Min, Max, Mean, Std
Points:   -0.6252342462539673   0.6455491781234741   0.08668593317270279   0.22304558753967285
Scaling factors:   4.0986913518281654e-05   9.901907920837402   0.028131429105997086   0.1899317353963852
Quaternions:   -0.9938527941703796   0.9991985559463501   0.18183627724647522   0.4657781422138214
Sh coordinates dc:   -2.1053428649902344   3.6957507133483887   -0.25804030895233154   0.9859546422958374
Sh coordinates rest:   -0.2197842299938202   0.22291164100170135   -0.0029810445848852396   0.037913281470537186
Opacities:   0.0005524675943888724   1.0   0.9662657976150513   0.1563737690448761
Number of gaussians used for sampling in SDF regularization: tensor(3958, device='cuda:0')

-------------------
Iteration: 11100
loss: 0.051712  [11100/15000] computed in 0.13482552766799927 minutes.
------Stats-----
---Min, Max, Mean, Std
Points:   -0.6251996159553528   0.6457197070121765   0.08667828887701035   0.22304348647594452
Scaling factors:   3.893136454280466e-05   10.253690719604492   0.02841740846633911   0.19494128227233887
Quaternions:   -0.9929323792457581   0.9992181658744812   0.1817028671503067   0.4658302068710327
Sh coordinates dc:   -2.1053428649902344   3.687774896621704   -0.2570476830005646   0.9865164756774902
Sh coordinates rest:   -0.2204715460538864   0.22400565445423126   -0.002980482531711459   0.03805822879076004
Opacities:   0.0005263526691123843   1.0   0.9651733040809631   0.1588660478591919
Number of gaussians used for sampling in SDF regularization: tensor(3958, device='cuda:0')

-------------------
Iteration: 11150
loss: 0.050897  [11150/15000] computed in 0.13480240106582642 minutes.
------Stats-----
---Min, Max, Mean, Std
Points:   -0.6254689693450928   0.645796537399292   0.08667260408401489   0.22304609417915344
Scaling factors:   3.644961543614045e-05   10.662491798400879   0.02864895761013031   0.20037640631198883
Quaternions:   -0.9916185736656189   0.9993306398391724   0.18153467774391174   0.46589577198028564
Sh coordinates dc:   -2.1053428649902344   3.6923792362213135   -0.25655844807624817   0.987048327922821
Sh coordinates rest:   -0.2219851016998291   0.2249876707792282   -0.0029853677842766047   0.038186121731996536
Opacities:   0.000507974938955158   1.0   0.9626442790031433   0.1651867777109146
Number of gaussians used for sampling in SDF regularization: tensor(3958, device='cuda:0')

-------------------
Iteration: 11200
loss: 0.063456  [11200/15000] computed in 0.13473786115646363 minutes.
------Stats-----
---Min, Max, Mean, Std
Points:   -0.6255454421043396   0.6461661458015442   0.08666475117206573   0.2230437695980072
Scaling factors:   3.294697671663016e-05   11.079215049743652   0.028894249349832535   0.2056020200252533
Quaternions:   -0.9905798435211182   0.9992981553077698   0.18138247728347778   0.46595507860183716
Sh coordinates dc:   -2.1053428649902344   3.691115140914917   -0.2558797597885132   0.987557053565979
Sh coordinates rest:   -0.22213144600391388   0.22571763396263123   -0.002987876534461975   0.03832397237420082
Opacities:   0.0004981012898497283   1.0   0.9604876637458801   0.17041589319705963
Number of gaussians used for sampling in SDF regularization: tensor(3958, device='cuda:0')

-------------------
Iteration: 11250
loss: 0.054061  [11250/15000] computed in 0.13478984038035074 minutes.
------Stats-----
---Min, Max, Mean, Std
Points:   -0.6255781650543213   0.6468073725700378   0.08665874600410461   0.22304187715053558
Scaling factors:   3.0475363018922508e-05   11.67259693145752   0.02922767400741577   0.21481047570705414
Quaternions:   -0.990347146987915   0.9992994666099548   0.181223526597023   0.46601688861846924
Sh coordinates dc:   -2.1053428649902344   3.6894519329071045   -0.2553602159023285   0.9883269667625427
Sh coordinates rest:   -0.2232109010219574   0.22598545253276825   -0.0029860881622880697   0.03845565393567085
Opacities:   0.00048768482520245016   1.0   0.9565733671188354   0.17934001982212067
Number of gaussians used for sampling in SDF regularization: tensor(3958, device='cuda:0')

-------------------
Iteration: 11300
loss: 0.053845  [11300/15000] computed in 0.13485934336980185 minutes.
------Stats-----
---Min, Max, Mean, Std
Points:   -0.6257416605949402   0.646156907081604   0.08665293455123901   0.2230408936738968
Scaling factors:   2.797301931423135e-05   12.229440689086914   0.029547100886702538   0.22270981967449188
Quaternions:   -0.9909864068031311   0.9993820786476135   0.18118220567703247   0.4660329818725586
Sh coordinates dc:   -2.1053428649902344   3.681523084640503   -0.25478941202163696   0.9889160394668579
Sh coordinates rest:   -0.22437125444412231   0.22499538958072662   -0.002988069783896208   0.0385882593691349
Opacities:   0.00048007455188781023   1.0   0.9537237882614136   0.1850985437631607
Number of gaussians used for sampling in SDF regularization: tensor(3958, device='cuda:0')

-------------------
Iteration: 11350
loss: 0.046669  [11350/15000] computed in 0.13480886618296306 minutes.
------Stats-----
---Min, Max, Mean, Std
Points:   -0.6257998943328857   0.6471225023269653   0.08664780855178833   0.223038911819458
Scaling factors:   2.5732968424563296e-05   13.059086799621582   0.029870251193642616   0.2317647933959961
Quaternions:   -0.9905758500099182   0.999389111995697   0.18108199536800385   0.4660719037055969
Sh coordinates dc:   -2.1053428649902344   3.689993381500244   -0.25412946939468384   0.9893428087234497
Sh coordinates rest:   -0.22703765332698822   0.2256055325269699   -0.002992876572534442   0.03871467337012291
Opacities:   0.0004768748767673969   1.0   0.949568510055542   0.1930350959300995
Number of gaussians used for sampling in SDF regularization: tensor(3958, device='cuda:0')

-------------------
Iteration: 11400
loss: 0.059891  [11400/15000] computed in 0.134771466255188 minutes.
------Stats-----
---Min, Max, Mean, Std
Points:   -0.6260242462158203   0.6467969417572021   0.08663960546255112   0.22303783893585205
Scaling factors:   2.3681262973695993e-05   13.716643333435059   0.030238991603255272   0.24125173687934875
Quaternions:   -0.9906359314918518   0.9993109107017517   0.1809692680835724   0.46611571311950684
Sh coordinates dc:   -2.1053428649902344   3.688239574432373   -0.25373491644859314   0.9899575114250183
Sh coordinates rest:   -0.2298382818698883   0.22617299854755402   -0.0029959746170789003   0.03885024040937424
Opacities:   0.0004746201157104224   1.0   0.9445257186889648   0.20337428152561188
Number of gaussians used for sampling in SDF regularization: tensor(3958, device='cuda:0')

-------------------
Iteration: 11450
loss: 0.054509  [11450/15000] computed in 0.1346910039583842 minutes.
------Stats-----
---Min, Max, Mean, Std
Points:   -0.6261772513389587   0.6468812227249146   0.08663561195135117   0.22303712368011475
Scaling factors:   2.2051333871786483e-05   14.644235610961914   0.030729107558727264   0.2573416829109192
Quaternions:   -0.9925506711006165   0.9993499517440796   0.18087103962898254   0.4661538302898407
Sh coordinates dc:   -2.1053428649902344   3.6896255016326904   -0.2529272437095642   0.9905608892440796
Sh coordinates rest:   -0.23132017254829407   0.2265637069940567   -0.0029943713452667   0.038982588797807693
Opacities:   0.000458739697933197   1.0   0.9392051100730896   0.2130957990884781
Number of gaussians used for sampling in SDF regularization: tensor(3958, device='cuda:0')

---INFO---
Resetting neighbors...

-------------------
Iteration: 11500
loss: 0.049370  [11500/15000] computed in 0.13480220238367716 minutes.
------Stats-----
---Min, Max, Mean, Std
Points:   -0.6263863444328308   0.6471521854400635   0.08663266152143478   0.22303791344165802
Scaling factors:   2.0623159798560664e-05   15.466790199279785   0.031038686633110046   0.2644007205963135
Quaternions:   -0.9912889003753662   0.9993254542350769   0.18083849549293518   0.4661664366722107
Sh coordinates dc:   -2.1053428649902344   3.6923511028289795   -0.2523919641971588   0.9909594058990479
Sh coordinates rest:   -0.23294369876384735   0.22812341153621674   -0.0029984102584421635   0.039106037467718124
Opacities:   0.0004292606026865542   1.0   0.9291453957557678   0.2305612415075302
Number of gaussians used for sampling in SDF regularization: tensor(3958, device='cuda:0')
