============================================================================================== 
Warning! Mixing Conda and module environments may lead to corruption of the
user environment. 
We do not recommend users mixing those two environments unless absolutely
necessary. Note that 
SURF does not provide any support for Conda environment.
For more information, please refer to our software policy page:
https://servicedesk.surf.nl/wiki/display/WIKI/Software+policy+Snellius#SoftwarepolicySnellius-UseofAnacondaandMinicondaenvironmentsonSnellius 

Remember that many packages have already been installed on the system and can
be loaded using 
the 'module load <package__name>' command. If you are uncertain if a package is
already available 
on the system, please use 'module avail' or 'module spider' to search for it.
============================================================================================== 
Already up to date.

Remove all packages in environment /home/jhuizing/.conda/envs/dreamgaussian:

Warning: you have pip-installed dependencies in your environment file, but you do not list pip itself as one of your conda dependencies.  Conda may not use the correct pip to install your packages, and they may end up in the wrong place.  Please add an explicit pip dependency.  I'm adding one for you, but still nagging you.
Collecting package metadata (repodata.json): ...working... done
Solving environment: ...working... done


==> WARNING: A newer version of conda exists. <==
  current version: 4.12.0
  latest version: 24.3.0

Please update conda by running

    $ conda update -n base -c defaults conda



Downloading and Extracting Packages
libexpat-2.6.2       | 72 KB     |            |   0% libexpat-2.6.2       | 72 KB     | ########## | 100% libexpat-2.6.2       | 72 KB     | ########## | 100% 
libgomp-13.2.0       | 410 KB    |            |   0% libgomp-13.2.0       | 410 KB    | ########## | 100% libgomp-13.2.0       | 410 KB    | ########## | 100% 
tzdata-2024a         | 117 KB    |            |   0% tzdata-2024a         | 117 KB    | ########## | 100% tzdata-2024a         | 117 KB    | ########## | 100% 
_openmp_mutex-4.5    | 23 KB     |            |   0% _openmp_mutex-4.5    | 23 KB     | ########## | 100% 
python-3.12.2        | 30.8 MB   |            |   0% python-3.12.2        | 30.8 MB   | ###9       |  39% python-3.12.2        | 30.8 MB   | #########  |  91% python-3.12.2        | 30.8 MB   | ########## | 100% 
Preparing transaction: ...working... done
Verifying transaction: ...working... done
Executing transaction: ...working... By downloading and using the CUDA Toolkit conda packages, you accept the terms and conditions of the CUDA End User License Agreement (EULA): https://docs.nvidia.com/cuda/eula/index.html

done
Installing pip dependencies: ...working... Pip subprocess error:
ERROR: Invalid requirement: 'tqdm=4.65.2' (from line 1 of /gpfs/home6/jhuizing/master-thesis-ds/repos/dreamgaussian/condaenv.h75ugmzl.requirements.txt)
Hint: = is not a valid operator. Did you mean == ?

Ran pip subprocess with arguments:
['/home/jhuizing/.conda/envs/dreamgaussian/bin/python', '-m', 'pip', 'install', '-U', '-r', '/gpfs/home6/jhuizing/master-thesis-ds/repos/dreamgaussian/condaenv.h75ugmzl.requirements.txt']
Pip subprocess output:

failed

CondaEnvException: Pip failed

fatal: destination path 'diff-gaussian-rasterization' already exists and is not an empty directory.
Processing ./diff-gaussian-rasterization
  Preparing metadata (setup.py): started
  Preparing metadata (setup.py): finished with status 'error'
  error: subprocess-exited-with-error
  
  × python setup.py egg_info did not run successfully.
  │ exit code: 1
  ╰─> [6 lines of output]
      Traceback (most recent call last):
        File "<string>", line 2, in <module>
        File "<pip-setuptools-caller>", line 34, in <module>
        File "/gpfs/home6/jhuizing/master-thesis-ds/repos/dreamgaussian/diff-gaussian-rasterization/setup.py", line 13, in <module>
          from torch.utils.cpp_extension import CUDAExtension, BuildExtension
      ModuleNotFoundError: No module named 'torch'
      [end of output]
  
  note: This error originates from a subprocess, and is likely not a problem with pip.
error: metadata-generation-failed

× Encountered error while generating package metadata.
╰─> See above for output.

note: This is an issue with the package mentioned above, not pip.
hint: See above for details.
fatal: destination path 'diff-gaussian-rasterization' already exists and is not an empty directory.
Processing ./diff-gaussian-rasterization
  Preparing metadata (setup.py): started
  Preparing metadata (setup.py): finished with status 'error'
  error: subprocess-exited-with-error
  
  × python setup.py egg_info did not run successfully.
  │ exit code: 1
  ╰─> [6 lines of output]
      Traceback (most recent call last):
        File "<string>", line 2, in <module>
        File "<pip-setuptools-caller>", line 34, in <module>
        File "/gpfs/home6/jhuizing/master-thesis-ds/repos/dreamgaussian/diff-gaussian-rasterization/setup.py", line 13, in <module>
          from torch.utils.cpp_extension import CUDAExtension, BuildExtension
      ModuleNotFoundError: No module named 'torch'
      [end of output]
  
  note: This error originates from a subprocess, and is likely not a problem with pip.
error: metadata-generation-failed

× Encountered error while generating package metadata.
╰─> See above for output.

note: This is an issue with the package mentioned above, not pip.
hint: See above for details.
Processing ./simple-knn
  Preparing metadata (setup.py): started
  Preparing metadata (setup.py): finished with status 'error'
  error: subprocess-exited-with-error
  
  × python setup.py egg_info did not run successfully.
  │ exit code: 1
  ╰─> [6 lines of output]
      Traceback (most recent call last):
        File "<string>", line 2, in <module>
        File "<pip-setuptools-caller>", line 34, in <module>
        File "/gpfs/home6/jhuizing/master-thesis-ds/repos/dreamgaussian/simple-knn/setup.py", line 13, in <module>
          from torch.utils.cpp_extension import CUDAExtension, BuildExtension
      ModuleNotFoundError: No module named 'torch'
      [end of output]
  
  note: This error originates from a subprocess, and is likely not a problem with pip.
error: metadata-generation-failed

× Encountered error while generating package metadata.
╰─> See above for output.

note: This is an issue with the package mentioned above, not pip.
hint: See above for details.
Collecting git+https://github.com/NVlabs/nvdiffrast/
  Cloning https://github.com/NVlabs/nvdiffrast/ to /gpfs/scratch1/nodespecific/gcn57/jhuizing.5853208/pip-req-build-zoig2fa4
  Running command git clone --filter=blob:none --quiet https://github.com/NVlabs/nvdiffrast/ /gpfs/scratch1/nodespecific/gcn57/jhuizing.5853208/pip-req-build-zoig2fa4
  Resolved https://github.com/NVlabs/nvdiffrast/ to commit c5caf7bdb8a2448acc491a9faa47753972edd380
  Preparing metadata (setup.py): started
  Preparing metadata (setup.py): finished with status 'done'
Collecting numpy (from nvdiffrast==0.3.1)
  Using cached numpy-1.26.4-cp312-cp312-manylinux_2_17_x86_64.manylinux2014_x86_64.whl.metadata (61 kB)
Using cached numpy-1.26.4-cp312-cp312-manylinux_2_17_x86_64.manylinux2014_x86_64.whl (18.0 MB)
Building wheels for collected packages: nvdiffrast
  Building wheel for nvdiffrast (setup.py): started
  Building wheel for nvdiffrast (setup.py): finished with status 'done'
  Created wheel for nvdiffrast: filename=nvdiffrast-0.3.1-py3-none-any.whl size=137847 sha256=0107f759eb0be42ca3dde7af5df52ecef1dd0a6f048a04358826ceef8094d43e
  Stored in directory: /gpfs/scratch1/nodespecific/gcn57/jhuizing.5853208/pip-ephem-wheel-cache-qcj9qelm/wheels/3f/c0/08/1f4a9e649a544928af6c73e5c808cce1aa2b2925a10ed21e1b
Successfully built nvdiffrast
Installing collected packages: numpy, nvdiffrast
Successfully installed numpy-1.26.4 nvdiffrast-0.3.1
Collecting git+https://github.com/ashawkey/kiuikit
  Cloning https://github.com/ashawkey/kiuikit to /gpfs/scratch1/nodespecific/gcn57/jhuizing.5853208/pip-req-build-2cnne5fe
  Running command git clone --filter=blob:none --quiet https://github.com/ashawkey/kiuikit /gpfs/scratch1/nodespecific/gcn57/jhuizing.5853208/pip-req-build-2cnne5fe
  Resolved https://github.com/ashawkey/kiuikit to commit e40f20ce1bbce62317a75afaeb132c5a7a18e34a
  Preparing metadata (setup.py): started
  Preparing metadata (setup.py): finished with status 'done'
Collecting lazy_loader (from kiui==0.2.7)
  Using cached lazy_loader-0.4-py3-none-any.whl.metadata (7.6 kB)
Collecting varname (from kiui==0.2.7)
  Using cached varname-0.13.0-py3-none-any.whl.metadata (12 kB)
Collecting objprint (from kiui==0.2.7)
  Using cached objprint-0.2.3-py3-none-any.whl.metadata (25 kB)
Collecting packaging (from lazy_loader->kiui==0.2.7)
  Using cached packaging-24.0-py3-none-any.whl.metadata (3.2 kB)
Collecting executing<3.0,>=2.0 (from varname->kiui==0.2.7)
  Using cached executing-2.0.1-py2.py3-none-any.whl.metadata (9.0 kB)
Using cached lazy_loader-0.4-py3-none-any.whl (12 kB)
Using cached objprint-0.2.3-py3-none-any.whl (39 kB)
Using cached varname-0.13.0-py3-none-any.whl (24 kB)
Using cached executing-2.0.1-py2.py3-none-any.whl (24 kB)
Using cached packaging-24.0-py3-none-any.whl (53 kB)
Building wheels for collected packages: kiui
  Building wheel for kiui (setup.py): started
  Building wheel for kiui (setup.py): finished with status 'done'
  Created wheel for kiui: filename=kiui-0.2.7-py3-none-any.whl size=3080307 sha256=d68831bb284fd33a1ac2efc67ec9e96d5783d5265b2a4f2bba4f8194dac1e13b
  Stored in directory: /gpfs/scratch1/nodespecific/gcn57/jhuizing.5853208/pip-ephem-wheel-cache-qvtvnt0m/wheels/ee/39/41/35965305f9a13744859007f0251a818de0929dba21f420a127
Successfully built kiui
Installing collected packages: packaging, objprint, executing, varname, lazy_loader, kiui
Successfully installed executing-2.0.1 kiui-0.2.7 lazy_loader-0.4 objprint-0.2.3 packaging-24.0 varname-0.13.0
Collecting git+https://github.com/bytedance/MVDream
  Cloning https://github.com/bytedance/MVDream to /gpfs/scratch1/nodespecific/gcn57/jhuizing.5853208/pip-req-build-n896zwty
  Running command git clone --filter=blob:none --quiet https://github.com/bytedance/MVDream /gpfs/scratch1/nodespecific/gcn57/jhuizing.5853208/pip-req-build-n896zwty
  Resolved https://github.com/bytedance/MVDream to commit 618f84476c88e04adaf588133be2830142b9956d
  Preparing metadata (setup.py): started
  Preparing metadata (setup.py): finished with status 'done'
Collecting torch (from mvdream==0.0.1)
  Using cached torch-2.2.2-cp312-cp312-manylinux1_x86_64.whl.metadata (25 kB)
Requirement already satisfied: numpy in /home/jhuizing/.conda/envs/dreamgaussian/lib/python3.12/site-packages (from mvdream==0.0.1) (1.26.4)
Collecting tqdm (from mvdream==0.0.1)
  Using cached tqdm-4.66.2-py3-none-any.whl.metadata (57 kB)
Collecting omegaconf (from mvdream==0.0.1)
  Using cached omegaconf-2.3.0-py3-none-any.whl.metadata (3.9 kB)
Collecting einops (from mvdream==0.0.1)
  Using cached einops-0.7.0-py3-none-any.whl.metadata (13 kB)
Collecting huggingface_hub (from mvdream==0.0.1)
  Using cached huggingface_hub-0.22.2-py3-none-any.whl.metadata (12 kB)
Collecting transformers (from mvdream==0.0.1)
  Using cached transformers-4.39.3-py3-none-any.whl.metadata (134 kB)
Collecting open-clip-torch (from mvdream==0.0.1)
  Using cached open_clip_torch-2.24.0-py3-none-any.whl.metadata (30 kB)
Collecting filelock (from huggingface_hub->mvdream==0.0.1)
  Using cached filelock-3.13.4-py3-none-any.whl.metadata (2.8 kB)
Collecting fsspec>=2023.5.0 (from huggingface_hub->mvdream==0.0.1)
  Using cached fsspec-2024.3.1-py3-none-any.whl.metadata (6.8 kB)
Requirement already satisfied: packaging>=20.9 in /home/jhuizing/.conda/envs/dreamgaussian/lib/python3.12/site-packages (from huggingface_hub->mvdream==0.0.1) (24.0)
Collecting pyyaml>=5.1 (from huggingface_hub->mvdream==0.0.1)
  Using cached PyYAML-6.0.1-cp312-cp312-manylinux_2_17_x86_64.manylinux2014_x86_64.whl.metadata (2.1 kB)
Collecting requests (from huggingface_hub->mvdream==0.0.1)
  Using cached requests-2.31.0-py3-none-any.whl.metadata (4.6 kB)
Collecting typing-extensions>=3.7.4.3 (from huggingface_hub->mvdream==0.0.1)
  Using cached typing_extensions-4.11.0-py3-none-any.whl.metadata (3.0 kB)
Collecting antlr4-python3-runtime==4.9.* (from omegaconf->mvdream==0.0.1)
  Using cached antlr4_python3_runtime-4.9.3-py3-none-any.whl
Collecting torchvision (from open-clip-torch->mvdream==0.0.1)
  Using cached torchvision-0.17.2-cp312-cp312-manylinux1_x86_64.whl.metadata (6.6 kB)
Collecting regex (from open-clip-torch->mvdream==0.0.1)
  Using cached regex-2023.12.25-cp312-cp312-manylinux_2_17_x86_64.manylinux2014_x86_64.whl.metadata (40 kB)
Collecting ftfy (from open-clip-torch->mvdream==0.0.1)
  Using cached ftfy-6.2.0-py3-none-any.whl.metadata (7.3 kB)
Collecting sentencepiece (from open-clip-torch->mvdream==0.0.1)
  Using cached sentencepiece-0.2.0-cp312-cp312-manylinux_2_17_x86_64.manylinux2014_x86_64.whl.metadata (7.7 kB)
Collecting protobuf (from open-clip-torch->mvdream==0.0.1)
  Using cached protobuf-5.26.1-cp37-abi3-manylinux2014_x86_64.whl.metadata (592 bytes)
Collecting timm (from open-clip-torch->mvdream==0.0.1)
  Using cached timm-0.9.16-py3-none-any.whl.metadata (38 kB)
Collecting sympy (from torch->mvdream==0.0.1)
  Using cached sympy-1.12-py3-none-any.whl.metadata (12 kB)
Collecting networkx (from torch->mvdream==0.0.1)
  Using cached networkx-3.3-py3-none-any.whl.metadata (5.1 kB)
Collecting jinja2 (from torch->mvdream==0.0.1)
  Using cached Jinja2-3.1.3-py3-none-any.whl.metadata (3.3 kB)
Collecting nvidia-cuda-nvrtc-cu12==12.1.105 (from torch->mvdream==0.0.1)
  Using cached nvidia_cuda_nvrtc_cu12-12.1.105-py3-none-manylinux1_x86_64.whl.metadata (1.5 kB)
Collecting nvidia-cuda-runtime-cu12==12.1.105 (from torch->mvdream==0.0.1)
  Using cached nvidia_cuda_runtime_cu12-12.1.105-py3-none-manylinux1_x86_64.whl.metadata (1.5 kB)
Collecting nvidia-cuda-cupti-cu12==12.1.105 (from torch->mvdream==0.0.1)
  Using cached nvidia_cuda_cupti_cu12-12.1.105-py3-none-manylinux1_x86_64.whl.metadata (1.6 kB)
Collecting nvidia-cudnn-cu12==8.9.2.26 (from torch->mvdream==0.0.1)
  Using cached nvidia_cudnn_cu12-8.9.2.26-py3-none-manylinux1_x86_64.whl.metadata (1.6 kB)
Collecting nvidia-cublas-cu12==12.1.3.1 (from torch->mvdream==0.0.1)
  Using cached nvidia_cublas_cu12-12.1.3.1-py3-none-manylinux1_x86_64.whl.metadata (1.5 kB)
Collecting nvidia-cufft-cu12==11.0.2.54 (from torch->mvdream==0.0.1)
  Using cached nvidia_cufft_cu12-11.0.2.54-py3-none-manylinux1_x86_64.whl.metadata (1.5 kB)
Collecting nvidia-curand-cu12==10.3.2.106 (from torch->mvdream==0.0.1)
  Using cached nvidia_curand_cu12-10.3.2.106-py3-none-manylinux1_x86_64.whl.metadata (1.5 kB)
Collecting nvidia-cusolver-cu12==11.4.5.107 (from torch->mvdream==0.0.1)
  Using cached nvidia_cusolver_cu12-11.4.5.107-py3-none-manylinux1_x86_64.whl.metadata (1.6 kB)
Collecting nvidia-cusparse-cu12==12.1.0.106 (from torch->mvdream==0.0.1)
  Using cached nvidia_cusparse_cu12-12.1.0.106-py3-none-manylinux1_x86_64.whl.metadata (1.6 kB)
Collecting nvidia-nccl-cu12==2.19.3 (from torch->mvdream==0.0.1)
  Using cached nvidia_nccl_cu12-2.19.3-py3-none-manylinux1_x86_64.whl.metadata (1.8 kB)
Collecting nvidia-nvtx-cu12==12.1.105 (from torch->mvdream==0.0.1)
  Using cached nvidia_nvtx_cu12-12.1.105-py3-none-manylinux1_x86_64.whl.metadata (1.7 kB)
Collecting nvidia-nvjitlink-cu12 (from nvidia-cusolver-cu12==11.4.5.107->torch->mvdream==0.0.1)
  Using cached nvidia_nvjitlink_cu12-12.4.127-py3-none-manylinux2014_x86_64.whl.metadata (1.5 kB)
Collecting tokenizers<0.19,>=0.14 (from transformers->mvdream==0.0.1)
  Using cached tokenizers-0.15.2-cp312-cp312-manylinux_2_17_x86_64.manylinux2014_x86_64.whl.metadata (6.7 kB)
Collecting safetensors>=0.4.1 (from transformers->mvdream==0.0.1)
  Using cached safetensors-0.4.2-cp312-cp312-manylinux_2_17_x86_64.manylinux2014_x86_64.whl.metadata (3.8 kB)
Collecting wcwidth<0.3.0,>=0.2.12 (from ftfy->open-clip-torch->mvdream==0.0.1)
  Using cached wcwidth-0.2.13-py2.py3-none-any.whl.metadata (14 kB)
Collecting MarkupSafe>=2.0 (from jinja2->torch->mvdream==0.0.1)
  Using cached MarkupSafe-2.1.5-cp312-cp312-manylinux_2_17_x86_64.manylinux2014_x86_64.whl.metadata (3.0 kB)
Collecting charset-normalizer<4,>=2 (from requests->huggingface_hub->mvdream==0.0.1)
  Using cached charset_normalizer-3.3.2-cp312-cp312-manylinux_2_17_x86_64.manylinux2014_x86_64.whl.metadata (33 kB)
Collecting idna<4,>=2.5 (from requests->huggingface_hub->mvdream==0.0.1)
  Using cached idna-3.7-py3-none-any.whl.metadata (9.9 kB)
Collecting urllib3<3,>=1.21.1 (from requests->huggingface_hub->mvdream==0.0.1)
  Using cached urllib3-2.2.1-py3-none-any.whl.metadata (6.4 kB)
Collecting certifi>=2017.4.17 (from requests->huggingface_hub->mvdream==0.0.1)
  Using cached certifi-2024.2.2-py3-none-any.whl.metadata (2.2 kB)
Collecting mpmath>=0.19 (from sympy->torch->mvdream==0.0.1)
  Using cached mpmath-1.3.0-py3-none-any.whl.metadata (8.6 kB)
Collecting pillow!=8.3.*,>=5.3.0 (from torchvision->open-clip-torch->mvdream==0.0.1)
  Using cached pillow-10.3.0-cp312-cp312-manylinux_2_28_x86_64.whl.metadata (9.2 kB)
Using cached einops-0.7.0-py3-none-any.whl (44 kB)
Using cached huggingface_hub-0.22.2-py3-none-any.whl (388 kB)
Using cached tqdm-4.66.2-py3-none-any.whl (78 kB)
Using cached omegaconf-2.3.0-py3-none-any.whl (79 kB)
Using cached open_clip_torch-2.24.0-py3-none-any.whl (1.5 MB)
Using cached torch-2.2.2-cp312-cp312-manylinux1_x86_64.whl (755.5 MB)
Using cached nvidia_cublas_cu12-12.1.3.1-py3-none-manylinux1_x86_64.whl (410.6 MB)
Using cached nvidia_cuda_cupti_cu12-12.1.105-py3-none-manylinux1_x86_64.whl (14.1 MB)
Using cached nvidia_cuda_nvrtc_cu12-12.1.105-py3-none-manylinux1_x86_64.whl (23.7 MB)
Using cached nvidia_cuda_runtime_cu12-12.1.105-py3-none-manylinux1_x86_64.whl (823 kB)
Using cached nvidia_cudnn_cu12-8.9.2.26-py3-none-manylinux1_x86_64.whl (731.7 MB)
Using cached nvidia_cufft_cu12-11.0.2.54-py3-none-manylinux1_x86_64.whl (121.6 MB)
Using cached nvidia_curand_cu12-10.3.2.106-py3-none-manylinux1_x86_64.whl (56.5 MB)
Using cached nvidia_cusolver_cu12-11.4.5.107-py3-none-manylinux1_x86_64.whl (124.2 MB)
Using cached nvidia_cusparse_cu12-12.1.0.106-py3-none-manylinux1_x86_64.whl (196.0 MB)
Using cached nvidia_nccl_cu12-2.19.3-py3-none-manylinux1_x86_64.whl (166.0 MB)
Using cached nvidia_nvtx_cu12-12.1.105-py3-none-manylinux1_x86_64.whl (99 kB)
Using cached transformers-4.39.3-py3-none-any.whl (8.8 MB)
Using cached fsspec-2024.3.1-py3-none-any.whl (171 kB)
Using cached PyYAML-6.0.1-cp312-cp312-manylinux_2_17_x86_64.manylinux2014_x86_64.whl (724 kB)
Using cached regex-2023.12.25-cp312-cp312-manylinux_2_17_x86_64.manylinux2014_x86_64.whl (789 kB)
Using cached safetensors-0.4.2-cp312-cp312-manylinux_2_17_x86_64.manylinux2014_x86_64.whl (1.3 MB)
Using cached tokenizers-0.15.2-cp312-cp312-manylinux_2_17_x86_64.manylinux2014_x86_64.whl (3.6 MB)
Using cached typing_extensions-4.11.0-py3-none-any.whl (34 kB)
Using cached filelock-3.13.4-py3-none-any.whl (11 kB)
Using cached ftfy-6.2.0-py3-none-any.whl (54 kB)
Using cached Jinja2-3.1.3-py3-none-any.whl (133 kB)
Using cached networkx-3.3-py3-none-any.whl (1.7 MB)
Using cached protobuf-5.26.1-cp37-abi3-manylinux2014_x86_64.whl (302 kB)
Using cached requests-2.31.0-py3-none-any.whl (62 kB)
Using cached sentencepiece-0.2.0-cp312-cp312-manylinux_2_17_x86_64.manylinux2014_x86_64.whl (1.3 MB)
Using cached sympy-1.12-py3-none-any.whl (5.7 MB)
Using cached timm-0.9.16-py3-none-any.whl (2.2 MB)
Using cached torchvision-0.17.2-cp312-cp312-manylinux1_x86_64.whl (6.9 MB)
Using cached certifi-2024.2.2-py3-none-any.whl (163 kB)
Using cached charset_normalizer-3.3.2-cp312-cp312-manylinux_2_17_x86_64.manylinux2014_x86_64.whl (141 kB)
Using cached idna-3.7-py3-none-any.whl (66 kB)
Using cached MarkupSafe-2.1.5-cp312-cp312-manylinux_2_17_x86_64.manylinux2014_x86_64.whl (28 kB)
Using cached mpmath-1.3.0-py3-none-any.whl (536 kB)
Using cached pillow-10.3.0-cp312-cp312-manylinux_2_28_x86_64.whl (4.5 MB)
Using cached urllib3-2.2.1-py3-none-any.whl (121 kB)
Using cached wcwidth-0.2.13-py2.py3-none-any.whl (34 kB)
Using cached nvidia_nvjitlink_cu12-12.4.127-py3-none-manylinux2014_x86_64.whl (21.1 MB)
Building wheels for collected packages: mvdream
  Building wheel for mvdream (setup.py): started
  Building wheel for mvdream (setup.py): finished with status 'done'
  Created wheel for mvdream: filename=mvdream-0.0.1-py3-none-any.whl size=40718 sha256=2a2b8f2e9727850d4141316fbd1972a6ef1d0ea3608782dfa80f4aa74535fa23
  Stored in directory: /gpfs/scratch1/nodespecific/gcn57/jhuizing.5853208/pip-ephem-wheel-cache-wbpo5w4n/wheels/4c/ab/25/a7517458e7d0b23436128d83dc899f3e3833e878761d18e2d9
Successfully built mvdream
Installing collected packages: wcwidth, sentencepiece, mpmath, antlr4-python3-runtime, urllib3, typing-extensions, tqdm, sympy, safetensors, regex, pyyaml, protobuf, pillow, nvidia-nvtx-cu12, nvidia-nvjitlink-cu12, nvidia-nccl-cu12, nvidia-curand-cu12, nvidia-cufft-cu12, nvidia-cuda-runtime-cu12, nvidia-cuda-nvrtc-cu12, nvidia-cuda-cupti-cu12, nvidia-cublas-cu12, networkx, MarkupSafe, idna, ftfy, fsspec, filelock, einops, charset-normalizer, certifi, requests, omegaconf, nvidia-cusparse-cu12, nvidia-cudnn-cu12, jinja2, nvidia-cusolver-cu12, huggingface_hub, torch, tokenizers, transformers, torchvision, timm, open-clip-torch, mvdream
slurmstepd: error: *** JOB 5853208 ON gcn57 CANCELLED AT 2024-04-11T10:51:18 ***
slurmstepd: error: container_p_join: setns failed for /slurm/5853208/.ns: Invalid argument
slurmstepd: error: container_g_join(5853208): Invalid argument

JOB STATISTICS
==============
Job ID: 5853208
Cluster: snellius
User/Group: jhuizing/jhuizing
State: CANCELLED (exit code 0)
Nodes: 1
Cores per node: 18
CPU Utilized: 00:00:49
CPU Efficiency: 1.81% of 00:45:00 core-walltime
Job Wall-clock time: 00:02:30
Memory Utilized: 2.19 GB
Memory Efficiency: 1.82% of 120.00 GB
