============================================================================================== 
Warning! Mixing Conda and module environments may lead to corruption of the
user environment. 
We do not recommend users mixing those two environments unless absolutely
necessary. Note that 
SURF does not provide any support for Conda environment.
For more information, please refer to our software policy page:
https://servicedesk.surf.nl/wiki/display/WIKI/Software+policy+Snellius#SoftwarepolicySnellius-UseofAnacondaandMinicondaenvironmentsonSnellius 

Remember that many packages have already been installed on the system and can
be loaded using 
the 'module load <package__name>' command. If you are uncertain if a package is
already available 
on the system, please use 'module avail' or 'module spider' to search for it.
============================================================================================== 
error: cannot pull with rebase: You have unstaged changes.
error: please commit or stash them.
Collecting lightning
  Downloading lightning-2.2.5-py3-none-any.whl.metadata (53 kB)
     ━━━━━━━━━━━━━━━━━━━━━━━━━━━━━━━━━━━━━━━━ 53.4/53.4 kB 1.6 MB/s eta 0:00:00
Requirement already satisfied: PyYAML<8.0,>=5.4 in /gpfs/home6/jhuizing/.conda/envs/sugar/lib/python3.9/site-packages (from lightning) (6.0)
Requirement already satisfied: fsspec<2025.0,>=2022.5.0 in /gpfs/home6/jhuizing/.local/lib/python3.9/site-packages (from fsspec[http]<2025.0,>=2022.5.0->lightning) (2024.3.1)
Collecting lightning-utilities<2.0,>=0.8.0 (from lightning)
  Using cached lightning_utilities-0.11.2-py3-none-any.whl.metadata (4.7 kB)
Requirement already satisfied: numpy<3.0,>=1.17.2 in /gpfs/home6/jhuizing/.conda/envs/sugar/lib/python3.9/site-packages (from lightning) (1.26.2)
Requirement already satisfied: packaging<25.0,>=20.0 in /gpfs/home6/jhuizing/.conda/envs/sugar/lib/python3.9/site-packages (from lightning) (23.2)
Requirement already satisfied: torch<4.0,>=1.13.0 in /gpfs/home6/jhuizing/.conda/envs/sugar/lib/python3.9/site-packages (from lightning) (2.0.1+cu118)
Collecting torchmetrics<3.0,>=0.7.0 (from lightning)
  Using cached torchmetrics-1.4.0.post0-py3-none-any.whl.metadata (19 kB)
Requirement already satisfied: tqdm<6.0,>=4.57.0 in /gpfs/home6/jhuizing/.conda/envs/sugar/lib/python3.9/site-packages (from lightning) (4.66.1)
Requirement already satisfied: typing-extensions<6.0,>=4.4.0 in /gpfs/home6/jhuizing/.local/lib/python3.9/site-packages (from lightning) (4.11.0)
Collecting pytorch-lightning (from lightning)
  Using cached pytorch_lightning-2.2.5-py3-none-any.whl.metadata (21 kB)
Collecting aiohttp!=4.0.0a0,!=4.0.0a1 (from fsspec[http]<2025.0,>=2022.5.0->lightning)
  Downloading aiohttp-3.9.5-cp39-cp39-manylinux_2_17_x86_64.manylinux2014_x86_64.whl.metadata (7.5 kB)
Requirement already satisfied: setuptools in /gpfs/home6/jhuizing/.conda/envs/sugar/lib/python3.9/site-packages (from lightning-utilities<2.0,>=0.8.0->lightning) (68.2.2)
Requirement already satisfied: filelock in /gpfs/home6/jhuizing/.conda/envs/sugar/lib/python3.9/site-packages (from torch<4.0,>=1.13.0->lightning) (3.13.1)
Requirement already satisfied: sympy in /gpfs/home6/jhuizing/.conda/envs/sugar/lib/python3.9/site-packages (from torch<4.0,>=1.13.0->lightning) (1.12)
Requirement already satisfied: networkx in /gpfs/home6/jhuizing/.conda/envs/sugar/lib/python3.9/site-packages (from torch<4.0,>=1.13.0->lightning) (3.1)
Requirement already satisfied: jinja2 in /gpfs/home6/jhuizing/.conda/envs/sugar/lib/python3.9/site-packages (from torch<4.0,>=1.13.0->lightning) (3.1.2)
Requirement already satisfied: triton==2.0.0 in /gpfs/home6/jhuizing/.conda/envs/sugar/lib/python3.9/site-packages (from torch<4.0,>=1.13.0->lightning) (2.0.0)
Requirement already satisfied: cmake in /gpfs/home6/jhuizing/.conda/envs/sugar/lib/python3.9/site-packages (from triton==2.0.0->torch<4.0,>=1.13.0->lightning) (3.25.0)
Requirement already satisfied: lit in /gpfs/home6/jhuizing/.conda/envs/sugar/lib/python3.9/site-packages (from triton==2.0.0->torch<4.0,>=1.13.0->lightning) (15.0.7)
Collecting aiosignal>=1.1.2 (from aiohttp!=4.0.0a0,!=4.0.0a1->fsspec[http]<2025.0,>=2022.5.0->lightning)
  Using cached aiosignal-1.3.1-py3-none-any.whl.metadata (4.0 kB)
Requirement already satisfied: attrs>=17.3.0 in /gpfs/home6/jhuizing/.conda/envs/sugar/lib/python3.9/site-packages (from aiohttp!=4.0.0a0,!=4.0.0a1->fsspec[http]<2025.0,>=2022.5.0->lightning) (23.1.0)
Collecting frozenlist>=1.1.1 (from aiohttp!=4.0.0a0,!=4.0.0a1->fsspec[http]<2025.0,>=2022.5.0->lightning)
  Using cached frozenlist-1.4.1-cp39-cp39-manylinux_2_5_x86_64.manylinux1_x86_64.manylinux_2_17_x86_64.manylinux2014_x86_64.whl.metadata (12 kB)
Collecting multidict<7.0,>=4.5 (from aiohttp!=4.0.0a0,!=4.0.0a1->fsspec[http]<2025.0,>=2022.5.0->lightning)
  Using cached multidict-6.0.5-cp39-cp39-manylinux_2_17_x86_64.manylinux2014_x86_64.whl.metadata (4.2 kB)
Collecting yarl<2.0,>=1.0 (from aiohttp!=4.0.0a0,!=4.0.0a1->fsspec[http]<2025.0,>=2022.5.0->lightning)
  Using cached yarl-1.9.4-cp39-cp39-manylinux_2_17_x86_64.manylinux2014_x86_64.whl.metadata (31 kB)
Collecting async-timeout<5.0,>=4.0 (from aiohttp!=4.0.0a0,!=4.0.0a1->fsspec[http]<2025.0,>=2022.5.0->lightning)
  Using cached async_timeout-4.0.3-py3-none-any.whl.metadata (4.2 kB)
Requirement already satisfied: MarkupSafe>=2.0 in /gpfs/home6/jhuizing/.conda/envs/sugar/lib/python3.9/site-packages (from jinja2->torch<4.0,>=1.13.0->lightning) (2.1.1)
Requirement already satisfied: mpmath>=0.19 in /gpfs/home6/jhuizing/.conda/envs/sugar/lib/python3.9/site-packages (from sympy->torch<4.0,>=1.13.0->lightning) (1.3.0)
Requirement already satisfied: idna>=2.0 in /gpfs/home6/jhuizing/.conda/envs/sugar/lib/python3.9/site-packages (from yarl<2.0,>=1.0->aiohttp!=4.0.0a0,!=4.0.0a1->fsspec[http]<2025.0,>=2022.5.0->lightning) (3.4)
Downloading lightning-2.2.5-py3-none-any.whl (2.0 MB)
   ━━━━━━━━━━━━━━━━━━━━━━━━━━━━━━━━━━━━━━━━ 2.0/2.0 MB 44.2 MB/s eta 0:00:00
Using cached lightning_utilities-0.11.2-py3-none-any.whl (26 kB)
Using cached torchmetrics-1.4.0.post0-py3-none-any.whl (868 kB)
Using cached pytorch_lightning-2.2.5-py3-none-any.whl (802 kB)
Downloading aiohttp-3.9.5-cp39-cp39-manylinux_2_17_x86_64.manylinux2014_x86_64.whl (1.2 MB)
   ━━━━━━━━━━━━━━━━━━━━━━━━━━━━━━━━━━━━━━━━ 1.2/1.2 MB 47.6 MB/s eta 0:00:00
Using cached aiosignal-1.3.1-py3-none-any.whl (7.6 kB)
Using cached async_timeout-4.0.3-py3-none-any.whl (5.7 kB)
Using cached frozenlist-1.4.1-cp39-cp39-manylinux_2_5_x86_64.manylinux1_x86_64.manylinux_2_17_x86_64.manylinux2014_x86_64.whl (240 kB)
Using cached multidict-6.0.5-cp39-cp39-manylinux_2_17_x86_64.manylinux2014_x86_64.whl (123 kB)
Using cached yarl-1.9.4-cp39-cp39-manylinux_2_17_x86_64.manylinux2014_x86_64.whl (304 kB)
Installing collected packages: multidict, lightning-utilities, frozenlist, async-timeout, yarl, aiosignal, aiohttp, torchmetrics, pytorch-lightning, lightning
Successfully installed aiohttp-3.9.5 aiosignal-1.3.1 async-timeout-4.0.3 frozenlist-1.4.1 lightning-2.2.5 lightning-utilities-0.11.2 multidict-6.0.5 pytorch-lightning-2.2.5 torchmetrics-1.4.0.post0 yarl-1.9.4
Traceback (most recent call last):
  File "/gpfs/home6/jhuizing/master-thesis-ds/repos/MVControl-threestudio/extern/sugar/extract_mesh.py", line 11, in <module>
    from threestudio.data.uncond import RandomCameraIterableDataset, RandomCameraDataModuleConfig
  File "/gpfs/home6/jhuizing/master-thesis-ds/repos/MVControl-threestudio/./threestudio/__init__.py", line 55, in <module>
    from . import data, models, systems
  File "/gpfs/home6/jhuizing/master-thesis-ds/repos/MVControl-threestudio/./threestudio/data/__init__.py", line 1, in <module>
    from . import co3d, image, multiview, uncond
  File "/gpfs/home6/jhuizing/master-thesis-ds/repos/MVControl-threestudio/./threestudio/data/co3d.py", line 17, in <module>
    from threestudio.data.uncond import (
  File "/gpfs/home6/jhuizing/master-thesis-ds/repos/MVControl-threestudio/./threestudio/data/uncond.py", line 14, in <module>
    from threestudio.utils.base import Updateable
  File "/gpfs/home6/jhuizing/master-thesis-ds/repos/MVControl-threestudio/./threestudio/utils/__init__.py", line 1, in <module>
    from . import base
  File "/gpfs/home6/jhuizing/master-thesis-ds/repos/MVControl-threestudio/./threestudio/utils/base.py", line 6, in <module>
    from threestudio.utils.config import parse_structured
  File "/gpfs/home6/jhuizing/master-thesis-ds/repos/MVControl-threestudio/./threestudio/utils/config.py", line 8, in <module>
    from threestudio.utils.typing import *
  File "/gpfs/home6/jhuizing/master-thesis-ds/repos/MVControl-threestudio/./threestudio/utils/typing.py", line 31, in <module>
    from jaxtyping import Bool, Complex, Float, Inexact, Int, Integer, Num, Shaped, UInt
ModuleNotFoundError: No module named 'jaxtyping'

JOB STATISTICS
==============
Job ID: 6492561
Cluster: snellius
User/Group: jhuizing/jhuizing
State: FAILED (exit code 1)
Nodes: 1
Cores per node: 18
CPU Utilized: 00:00:42
CPU Efficiency: 3.89% of 00:18:00 core-walltime
Job Wall-clock time: 00:01:00
Memory Utilized: 287.83 MB
Memory Efficiency: 0.23% of 120.00 GB
