============================================================================================== 
Warning! Mixing Conda and module environments may lead to corruption of the
user environment. 
We do not recommend users mixing those two environments unless absolutely
necessary. Note that 
SURF does not provide any support for Conda environment.
For more information, please refer to our software policy page:
https://servicedesk.surf.nl/wiki/display/WIKI/Software+policy+Snellius#SoftwarepolicySnellius-UseofAnacondaandMinicondaenvironmentsonSnellius 

Remember that many packages have already been installed on the system and can
be loaded using 
the 'module load <package__name>' command. If you are uncertain if a package is
already available 
on the system, please use 'module avail' or 'module spider' to search for it.
============================================================================================== 
Already up to date.
Obtaining file:///gpfs/home6/jhuizing/master-thesis-ds/ptdraft
  Installing build dependencies: started
  Installing build dependencies: finished with status 'done'
  Checking if build backend supports build_editable: started
  Checking if build backend supports build_editable: finished with status 'done'
  Getting requirements to build editable: started
  Getting requirements to build editable: finished with status 'done'
  Preparing editable metadata (pyproject.toml): started
  Preparing editable metadata (pyproject.toml): finished with status 'done'
Building wheels for collected packages: sisa3d
  Building editable for sisa3d (pyproject.toml): started
  Building editable for sisa3d (pyproject.toml): finished with status 'done'
  Created wheel for sisa3d: filename=sisa3d-0.1.0-py3-none-any.whl size=1286 sha256=466689da9623440a694956c93a4920038d607a9428abb993da0c7549d07f4ef9
  Stored in directory: /gpfs/scratch1/nodespecific/gcn33/jhuizing.6670250/pip-ephem-wheel-cache-dj_0u7rp/wheels/ba/24/02/45c17a515af0a22326616b14da79c51e525e740ad6f0b007df
Successfully built sisa3d
Installing collected packages: sisa3d
  Attempting uninstall: sisa3d
    Found existing installation: sisa3d 0.1.0
    Uninstalling sisa3d-0.1.0:
      Successfully uninstalled sisa3d-0.1.0
Successfully installed sisa3d-0.1.0
[INFO] Creating temporary directory for config files: tmp_configs_9a2a2d55-08b6-4b8a-bf70-ea85e7ff0cf1
Generated 1 configuration files in tmp_configs_9a2a2d55-08b6-4b8a-bf70-ea85e7ff0cf1 for 1 images.
[INFO] ✅ Temporary directory created with config files: tmp_configs_9a2a2d55-08b6-4b8a-bf70-ea85e7ff0cf1
[INFO] Running sequantial grid search with 1 configuration files...
Running grid search:   0%|          | 0/1 [00:00<?, ?it/s][INFO] Running pipeline with config: tmp_configs_9a2a2d55-08b6-4b8a-bf70-ea85e7ff0cf1/temporary_0_for_img_0.config.yaml
[INFO] Loading configuration...
[INFO] ✅ Configuration loaded.
[INFO] Loading paths...
[INFO] ✅ Paths loaded.
[INFO] Creating paths if they don't exist...
[INFO] ✅ Paths created.
[INFO] Initializing preprocessing pipeline...
[INFO] Running preprocessing pipeline...
[INFO] ✅ Preprocessing pipeline complete.
[INFO] Running DreamGaussian Stage 1 pipeline...
[ERROR] ❌ Subprocess error with non-zero exit status 1
[ERROR] Standard output of the subprocess: [INFO] ✅ DreamGaussian Configuration loaded.
[INFO] load image from results/preprocessing/bird_rgba.png...
Number of points at initialisation :  5000
[INFO] loading zero123...
[INFO] loaded zero123!
[INFO] save model to results/stage_1/ply/bird_rgba_model_name_model.ply.
Tensor occ torch.Size([128, 128, 128]) torch.float32 cuda:0 ∈ [0.0, 
66.33794403076172] μ = 0.4110378623008728 σ = 2.6504416465759277
[INFO] mesh cleaning: (19190, 3) --> (9296, 3), (38372, 3) --> (18590, 3)
[INFO] marching cubes result: torch.Size([9296, 3]) (-0.5129829049110413-0.653164803981781), torch.Size([18590, 3])
[INFO] unwrap uv...
[INFO] save model to results/mesh/coarse/bird_rgba_mesh.obj.

[ERROR] Standard error of the subprocess: Keyword arguments {'trust_remote_code': True} are not expected by Zero123Pipeline and will be ignored.

Loading pipeline components...:   0%|          | 0/6 [00:00<?, ?it/s]
Loading pipeline components...:  17%|█▋        | 1/6 [00:00<00:02,  1.91it/s]
Loading pipeline components...:  33%|███▎      | 2/6 [00:01<00:02,  1.81it/s]
Loading pipeline components...:  83%|████████▎ | 5/6 [00:01<00:00,  4.89it/s]
Loading pipeline components...: 100%|██████████| 6/6 [00:01<00:00,  4.63it/s]

  0%|          | 0/500 [00:00<?, ?it/s]
  0%|          | 1/500 [00:00<05:45,  1.44it/s]
  1%|          | 3/500 [00:00<01:50,  4.48it/s]
  1%|          | 5/500 [00:00<01:08,  7.24it/s]
  1%|▏         | 7/500 [00:01<00:51,  9.63it/s]
  2%|▏         | 9/500 [00:01<00:42, 11.61it/s]
  2%|▏         | 11/500 [00:01<00:37, 13.19it/s]
  3%|▎         | 13/500 [00:01<00:33, 14.38it/s]
  3%|▎         | 15/500 [00:01<00:31, 15.26it/s]
  3%|▎         | 17/500 [00:01<00:30, 15.95it/s]
  4%|▍         | 19/500 [00:01<00:29, 16.42it/s]
  4%|▍         | 21/500 [00:01<00:28, 16.80it/s]
  5%|▍         | 23/500 [00:01<00:27, 17.04it/s]
  5%|▌         | 25/500 [00:02<00:27, 17.23it/s]
  5%|▌         | 27/500 [00:02<00:27, 17.38it/s]
  6%|▌         | 29/500 [00:02<00:26, 17.48it/s]
  6%|▌         | 31/500 [00:02<00:26, 17.54it/s]
  7%|▋         | 33/500 [00:02<00:26, 17.55it/s]
  7%|▋         | 35/500 [00:02<00:26, 17.58it/s]
  7%|▋         | 37/500 [00:02<00:26, 17.64it/s]
  8%|▊         | 39/500 [00:02<00:26, 17.67it/s]
  8%|▊         | 41/500 [00:02<00:26, 17.62it/s]
  9%|▊         | 43/500 [00:03<00:25, 17.67it/s]
  9%|▉         | 45/500 [00:03<00:25, 17.64it/s]
  9%|▉         | 47/500 [00:03<00:25, 17.61it/s]
 10%|▉         | 49/500 [00:03<00:25, 17.65it/s]
 10%|█         | 51/500 [00:03<00:25, 17.69it/s]
 11%|█         | 53/500 [00:03<00:25, 17.71it/s]
 11%|█         | 55/500 [00:03<00:25, 17.73it/s]
 11%|█▏        | 57/500 [00:03<00:24, 17.79it/s]
 12%|█▏        | 59/500 [00:03<00:24, 17.80it/s]
 12%|█▏        | 61/500 [00:04<00:24, 17.73it/s]
 13%|█▎        | 63/500 [00:04<00:24, 17.74it/s]
 13%|█▎        | 65/500 [00:04<00:24, 17.77it/s]
 13%|█▎        | 67/500 [00:04<00:24, 17.79it/s]
 14%|█▍        | 69/500 [00:04<00:24, 17.81it/s]
 14%|█▍        | 71/500 [00:04<00:24, 17.82it/s]
 15%|█▍        | 73/500 [00:04<00:23, 17.83it/s]
 15%|█▌        | 75/500 [00:04<00:23, 17.76it/s]
 15%|█▌        | 77/500 [00:04<00:23, 17.76it/s]
 16%|█▌        | 79/500 [00:05<00:23, 17.81it/s]
 16%|█▌        | 81/500 [00:05<00:23, 17.78it/s]
 17%|█▋        | 83/500 [00:05<00:23, 17.83it/s]
 17%|█▋        | 85/500 [00:05<00:23, 17.87it/s]
 17%|█▋        | 87/500 [00:05<00:23, 17.90it/s]
 18%|█▊        | 89/500 [00:05<00:23, 17.83it/s]
 18%|█▊        | 91/500 [00:05<00:22, 17.85it/s]
 19%|█▊        | 93/500 [00:05<00:22, 17.88it/s]
 19%|█▉        | 95/500 [00:06<00:22, 17.92it/s]
 19%|█▉        | 97/500 [00:06<00:22, 17.93it/s]
 20%|█▉        | 99/500 [00:06<00:22, 17.96it/s]
 20%|██        | 101/500 [00:06<00:26, 15.00it/s]
 21%|██        | 103/500 [00:06<00:25, 15.61it/s]
 21%|██        | 105/500 [00:06<00:24, 16.12it/s]
 21%|██▏       | 107/500 [00:06<00:23, 16.50it/s]
 22%|██▏       | 109/500 [00:06<00:23, 16.79it/s]
 22%|██▏       | 111/500 [00:06<00:22, 17.01it/s]
 23%|██▎       | 113/500 [00:07<00:22, 17.18it/s]
 23%|██▎       | 115/500 [00:07<00:22, 17.28it/s]
 23%|██▎       | 117/500 [00:07<00:22, 17.29it/s]
 24%|██▍       | 119/500 [00:07<00:21, 17.34it/s]
 24%|██▍       | 121/500 [00:07<00:21, 17.41it/s]
 25%|██▍       | 123/500 [00:07<00:21, 17.46it/s]
 25%|██▌       | 125/500 [00:07<00:21, 17.50it/s]
 25%|██▌       | 127/500 [00:07<00:21, 17.53it/s]
 26%|██▌       | 129/500 [00:08<00:21, 17.55it/s]
 26%|██▌       | 131/500 [00:08<00:21, 17.52it/s]
 27%|██▋       | 133/500 [00:08<00:20, 17.56it/s]
 27%|██▋       | 135/500 [00:08<00:20, 17.56it/s]
 27%|██▋       | 137/500 [00:08<00:20, 17.59it/s]
 28%|██▊       | 139/500 [00:08<00:20, 17.58it/s]
 28%|██▊       | 141/500 [00:08<00:20, 17.61it/s]
 29%|██▊       | 143/500 [00:08<00:20, 17.61it/s]
 29%|██▉       | 145/500 [00:08<00:20, 17.55it/s]
 29%|██▉       | 147/500 [00:09<00:20, 17.56it/s]
 30%|██▉       | 149/500 [00:09<00:19, 17.59it/s]
 30%|███       | 151/500 [00:09<00:19, 17.63it/s]
 31%|███       | 153/500 [00:09<00:19, 17.66it/s]
 31%|███       | 155/500 [00:09<00:19, 17.68it/s]
 31%|███▏      | 157/500 [00:09<00:19, 17.72it/s]
 32%|███▏      | 159/500 [00:09<00:19, 17.68it/s]
 32%|███▏      | 161/500 [00:09<00:19, 17.68it/s]
 33%|███▎      | 163/500 [00:09<00:19, 17.71it/s]
 33%|███▎      | 165/500 [00:10<00:18, 17.74it/s]
 33%|███▎      | 167/500 [00:10<00:18, 17.77it/s]
 34%|███▍      | 169/500 [00:10<00:18, 17.79it/s]
 34%|███▍      | 171/500 [00:10<00:18, 17.77it/s]
 35%|███▍      | 173/500 [00:10<00:18, 17.69it/s]
 35%|███▌      | 175/500 [00:10<00:18, 17.68it/s]
 35%|███▌      | 177/500 [00:10<00:18, 17.72it/s]
 36%|███▌      | 179/500 [00:10<00:18, 17.76it/s]
 36%|███▌      | 181/500 [00:10<00:17, 17.78it/s]
 37%|███▋      | 183/500 [00:11<00:17, 17.81it/s]
 37%|███▋      | 185/500 [00:11<00:17, 17.83it/s]
 37%|███▋      | 187/500 [00:11<00:17, 17.77it/s]
 38%|███▊      | 189/500 [00:11<00:17, 17.77it/s]
 38%|███▊      | 191/500 [00:11<00:17, 17.81it/s]
 39%|███▊      | 193/500 [00:11<00:17, 17.80it/s]
 39%|███▉      | 195/500 [00:11<00:17, 17.80it/s]
 39%|███▉      | 197/500 [00:11<00:16, 17.83it/s]
 40%|███▉      | 199/500 [00:11<00:16, 17.81it/s]
 40%|████      | 201/500 [00:12<00:17, 16.91it/s]
 41%|████      | 203/500 [00:12<00:17, 17.10it/s]
 41%|████      | 205/500 [00:12<00:17, 17.35it/s]
 41%|████▏     | 207/500 [00:12<00:16, 17.45it/s]
 42%|████▏     | 209/500 [00:12<00:16, 17.55it/s]
 42%|████▏     | 211/500 [00:12<00:16, 17.66it/s]
 43%|████▎     | 213/500 [00:12<00:16, 17.72it/s]
 43%|████▎     | 215/500 [00:12<00:16, 17.70it/s]
 43%|████▎     | 217/500 [00:12<00:15, 17.70it/s]
 44%|████▍     | 219/500 [00:13<00:15, 17.77it/s]
 44%|████▍     | 221/500 [00:13<00:15, 17.79it/s]
 45%|████▍     | 223/500 [00:13<00:15, 17.84it/s]
 45%|████▌     | 225/500 [00:13<00:15, 17.85it/s]
 45%|████▌     | 227/500 [00:13<00:15, 17.87it/s]
 46%|████▌     | 229/500 [00:13<00:15, 17.83it/s]
 46%|████▌     | 231/500 [00:13<00:15, 17.81it/s]
 47%|████▋     | 233/500 [00:13<00:14, 17.85it/s]
 47%|████▋     | 235/500 [00:13<00:14, 17.87it/s]
 47%|████▋     | 237/500 [00:14<00:14, 17.90it/s]
 48%|████▊     | 239/500 [00:14<00:14, 17.96it/s]
 48%|████▊     | 241/500 [00:14<00:14, 17.96it/s]
 49%|████▊     | 243/500 [00:14<00:14, 17.93it/s]
 49%|████▉     | 245/500 [00:14<00:14, 17.90it/s]
 49%|████▉     | 247/500 [00:14<00:14, 17.92it/s]
 50%|████▉     | 249/500 [00:14<00:14, 17.89it/s]
 50%|█████     | 251/500 [00:14<00:13, 17.89it/s]
 51%|█████     | 253/500 [00:15<00:13, 17.91it/s]
 51%|█████     | 255/500 [00:15<00:13, 17.88it/s]
 51%|█████▏    | 257/500 [00:15<00:13, 17.88it/s]
 52%|█████▏    | 259/500 [00:15<00:13, 17.86it/s]
 52%|█████▏    | 261/500 [00:15<00:13, 17.89it/s]
 53%|█████▎    | 263/500 [00:15<00:13, 17.93it/s]
 53%|█████▎    | 265/500 [00:15<00:13, 17.96it/s]
 53%|█████▎    | 267/500 [00:15<00:12, 17.96it/s]
 54%|█████▍    | 269/500 [00:15<00:12, 17.97it/s]
 54%|█████▍    | 271/500 [00:16<00:12, 17.95it/s]
 55%|█████▍    | 273/500 [00:16<00:12, 17.88it/s]
 55%|█████▌    | 275/500 [00:16<00:12, 17.90it/s]
 55%|█████▌    | 277/500 [00:16<00:12, 17.92it/s]
 56%|█████▌    | 279/500 [00:16<00:12, 17.91it/s]
 56%|█████▌    | 281/500 [00:16<00:12, 17.88it/s]
 57%|█████▋    | 283/500 [00:16<00:12, 17.88it/s]
 57%|█████▋    | 285/500 [00:16<00:12, 17.86it/s]
 57%|█████▋    | 287/500 [00:16<00:11, 17.82it/s]
 58%|█████▊    | 289/500 [00:17<00:11, 17.87it/s]
 58%|█████▊    | 291/500 [00:17<00:11, 17.91it/s]
 59%|█████▊    | 293/500 [00:17<00:11, 17.93it/s]
 59%|█████▉    | 295/500 [00:17<00:11, 17.96it/s]
 59%|█████▉    | 297/500 [00:17<00:11, 17.96it/s]
 60%|█████▉    | 299/500 [00:17<00:11, 17.95it/s]
 60%|██████    | 301/500 [00:17<00:11, 16.94it/s]
 61%|██████    | 303/500 [00:17<00:11, 17.11it/s]
 61%|██████    | 305/500 [00:17<00:11, 17.20it/s]
 61%|██████▏   | 307/500 [00:18<00:11, 17.30it/s]
 62%|██████▏   | 309/500 [00:18<00:11, 17.34it/s]
 62%|██████▏   | 311/500 [00:18<00:10, 17.37it/s]
 63%|██████▎   | 313/500 [00:18<00:10, 17.45it/s]
 63%|██████▎   | 315/500 [00:18<00:10, 17.42it/s]
 63%|██████▎   | 317/500 [00:18<00:10, 17.35it/s]
 64%|██████▍   | 319/500 [00:18<00:10, 17.29it/s]
 64%|██████▍   | 321/500 [00:18<00:10, 17.38it/s]
 65%|██████▍   | 323/500 [00:18<00:10, 17.48it/s]
 65%|██████▌   | 325/500 [00:19<00:09, 17.52it/s]
 65%|██████▌   | 327/500 [00:19<00:09, 17.54it/s]
 66%|██████▌   | 329/500 [00:19<00:09, 17.49it/s]
 66%|██████▌   | 331/500 [00:19<00:09, 17.48it/s]
 67%|██████▋   | 333/500 [00:19<00:09, 17.52it/s]
 67%|██████▋   | 335/500 [00:19<00:09, 17.55it/s]
 67%|██████▋   | 337/500 [00:19<00:09, 17.58it/s]
 68%|██████▊   | 339/500 [00:19<00:09, 17.62it/s]
 68%|██████▊   | 341/500 [00:19<00:09, 17.55it/s]
 69%|██████▊   | 343/500 [00:20<00:09, 17.42it/s]
 69%|██████▉   | 345/500 [00:20<00:08, 17.43it/s]
 69%|██████▉   | 347/500 [00:20<00:08, 17.46it/s]
 70%|██████▉   | 349/500 [00:20<00:08, 17.44it/s]
 70%|███████   | 351/500 [00:20<00:08, 17.47it/s]
 71%|███████   | 353/500 [00:20<00:08, 17.48it/s]
 71%|███████   | 355/500 [00:20<00:08, 17.58it/s]
 71%|███████▏  | 357/500 [00:20<00:08, 17.58it/s]
 72%|███████▏  | 359/500 [00:21<00:08, 17.60it/s]
 72%|███████▏  | 361/500 [00:21<00:07, 17.63it/s]
 73%|███████▎  | 363/500 [00:21<00:07, 17.57it/s]
 73%|███████▎  | 365/500 [00:21<00:07, 17.57it/s]
 73%|███████▎  | 367/500 [00:21<00:07, 17.57it/s]
 74%|███████▍  | 369/500 [00:21<00:07, 17.56it/s]
 74%|███████▍  | 371/500 [00:21<00:07, 17.55it/s]
 75%|███████▍  | 373/500 [00:21<00:07, 17.56it/s]
 75%|███████▌  | 375/500 [00:21<00:07, 17.59it/s]
 75%|███████▌  | 377/500 [00:22<00:06, 17.59it/s]
 76%|███████▌  | 379/500 [00:22<00:06, 17.55it/s]
 76%|███████▌  | 381/500 [00:22<00:06, 17.54it/s]
 77%|███████▋  | 383/500 [00:22<00:06, 17.58it/s]
 77%|███████▋  | 385/500 [00:22<00:06, 17.51it/s]
 77%|███████▋  | 387/500 [00:22<00:06, 17.51it/s]
 78%|███████▊  | 389/500 [00:22<00:06, 17.60it/s]
 78%|███████▊  | 391/500 [00:22<00:06, 17.66it/s]
 79%|███████▊  | 393/500 [00:22<00:06, 17.67it/s]
 79%|███████▉  | 395/500 [00:23<00:05, 17.61it/s]
 79%|███████▉  | 397/500 [00:23<00:05, 17.61it/s]
 80%|███████▉  | 399/500 [00:23<00:05, 17.56it/s]
 80%|████████  | 401/500 [00:23<00:05, 16.73it/s]
 81%|████████  | 403/500 [00:23<00:05, 16.92it/s]
 81%|████████  | 405/500 [00:23<00:05, 17.08it/s]
 81%|████████▏ | 407/500 [00:23<00:05, 17.20it/s]
 82%|████████▏ | 409/500 [00:23<00:05, 17.30it/s]
 82%|████████▏ | 411/500 [00:24<00:05, 17.25it/s]
 83%|████████▎ | 413/500 [00:24<00:05, 17.28it/s]
 83%|████████▎ | 415/500 [00:24<00:04, 17.27it/s]
 83%|████████▎ | 417/500 [00:24<00:04, 17.31it/s]
 84%|████████▍ | 419/500 [00:24<00:04, 17.35it/s]
 84%|████████▍ | 421/500 [00:24<00:04, 17.42it/s]
 85%|████████▍ | 423/500 [00:24<00:04, 17.45it/s]
 85%|████████▌ | 425/500 [00:24<00:04, 17.32it/s]
 85%|████████▌ | 427/500 [00:24<00:04, 17.23it/s]
 86%|████████▌ | 429/500 [00:25<00:04, 17.25it/s]
 86%|████████▌ | 431/500 [00:25<00:03, 17.29it/s]
 87%|████████▋ | 433/500 [00:25<00:03, 17.36it/s]
 87%|████████▋ | 435/500 [00:25<00:03, 17.32it/s]
 87%|████████▋ | 437/500 [00:25<00:03, 17.36it/s]
 88%|████████▊ | 439/500 [00:25<00:03, 17.27it/s]
 88%|████████▊ | 441/500 [00:25<00:03, 17.22it/s]
 89%|████████▊ | 443/500 [00:25<00:03, 17.21it/s]
 89%|████████▉ | 445/500 [00:25<00:03, 17.25it/s]
 89%|████████▉ | 447/500 [00:26<00:03, 17.17it/s]
 90%|████████▉ | 449/500 [00:26<00:02, 17.16it/s]
 90%|█████████ | 451/500 [00:26<00:02, 17.16it/s]
 91%|█████████ | 453/500 [00:26<00:02, 17.10it/s]
 91%|█████████ | 455/500 [00:26<00:02, 17.14it/s]
 91%|█████████▏| 457/500 [00:26<00:02, 17.25it/s]
 92%|█████████▏| 459/500 [00:26<00:02, 17.35it/s]
 92%|█████████▏| 461/500 [00:26<00:02, 17.40it/s]
 93%|█████████▎| 463/500 [00:27<00:02, 17.44it/s]
 93%|█████████▎| 465/500 [00:27<00:02, 17.47it/s]
 93%|█████████▎| 467/500 [00:27<00:01, 17.45it/s]
 94%|█████████▍| 469/500 [00:27<00:01, 17.43it/s]
 94%|█████████▍| 471/500 [00:27<00:01, 17.50it/s]
 95%|█████████▍| 473/500 [00:27<00:01, 17.53it/s]
 95%|█████████▌| 475/500 [00:27<00:01, 17.48it/s]
 95%|█████████▌| 477/500 [00:27<00:01, 17.51it/s]
 96%|█████████▌| 479/500 [00:27<00:01, 17.55it/s]
 96%|█████████▌| 481/500 [00:28<00:01, 17.55it/s]
 97%|█████████▋| 483/500 [00:28<00:00, 17.51it/s]
 97%|█████████▋| 485/500 [00:28<00:00, 17.51it/s]
 97%|█████████▋| 487/500 [00:28<00:00, 17.55it/s]
 98%|█████████▊| 489/500 [00:28<00:00, 17.54it/s]
 98%|█████████▊| 491/500 [00:28<00:00, 17.52it/s]
 99%|█████████▊| 493/500 [00:28<00:00, 17.54it/s]
 99%|█████████▉| 495/500 [00:28<00:00, 17.49it/s]
 99%|█████████▉| 497/500 [00:28<00:00, 17.49it/s]
100%|█████████▉| 499/500 [00:29<00:00, 17.51it/s]
100%|██████████| 500/500 [00:29<00:00, 17.16it/s]
/home/jhuizing/.conda/envs/dreamgaussianV2/lib/python3.8/site-packages/torch/functional.py:504: UserWarning: torch.meshgrid: in an upcoming release, it will be required to pass the indexing argument. (Triggered internally at /opt/conda/conda-bld/pytorch_1695392020195/work/aten/src/ATen/native/TensorShape.cpp:3526.)
  return _VF.meshgrid(tensors, **kwargs)  # type: ignore[attr-defined]
Traceback (most recent call last):
  File "repos/dreamgaussian/main.py", line 681, in <module>
    gui.train(opt.regularize.end_iter)
  File "repos/dreamgaussian/main.py", line 639, in train
    capture_and_save_images_for_clip_similarity(self.opt.input, camera_positions, self.opt.stage_1_images_output_path, self.step, self.opt.ref_size, self.cam.fovy, self.cam.fovx, self.cam.near, self.cam.far, self.renderer, orbit_camera, MiniCam)
  File "/home/jhuizing/.conda/envs/dreamgaussianV2/lib/python3.8/site-packages/omegaconf/dictconfig.py", line 355, in __getattr__
    self._format_and_raise(
  File "/home/jhuizing/.conda/envs/dreamgaussianV2/lib/python3.8/site-packages/omegaconf/base.py", line 231, in _format_and_raise
    format_and_raise(
  File "/home/jhuizing/.conda/envs/dreamgaussianV2/lib/python3.8/site-packages/omegaconf/_utils.py", line 899, in format_and_raise
    _raise(ex, cause)
  File "/home/jhuizing/.conda/envs/dreamgaussianV2/lib/python3.8/site-packages/omegaconf/_utils.py", line 797, in _raise
    raise ex.with_traceback(sys.exc_info()[2])  # set env var OC_CAUSE=1 for full trace
  File "/home/jhuizing/.conda/envs/dreamgaussianV2/lib/python3.8/site-packages/omegaconf/dictconfig.py", line 351, in __getattr__
    return self._get_impl(
  File "/home/jhuizing/.conda/envs/dreamgaussianV2/lib/python3.8/site-packages/omegaconf/dictconfig.py", line 442, in _get_impl
    node = self._get_child(
  File "/home/jhuizing/.conda/envs/dreamgaussianV2/lib/python3.8/site-packages/omegaconf/basecontainer.py", line 73, in _get_child
    child = self._get_node(
  File "/home/jhuizing/.conda/envs/dreamgaussianV2/lib/python3.8/site-packages/omegaconf/dictconfig.py", line 480, in _get_node
    raise ConfigKeyError(f"Missing key {key!s}")
omegaconf.errors.ConfigAttributeError: Missing key stage_1_images_output_path
    full_key: dreamgaussian.stage_1_images_output_path
    object_type=dict

Traceback (most recent call last):
  File "pipeline.py", line 221, in <module>
    raise cpe
  File "pipeline.py", line 94, in <module>
    result = subprocess.run(command, check=True, text=True, capture_output=True)
  File "/home/jhuizing/.conda/envs/dreamgaussianV2/lib/python3.8/subprocess.py", line 516, in run
    raise CalledProcessError(retcode, process.args,
subprocess.CalledProcessError: Command '['python', 'repos/dreamgaussian/main.py', '--config', 'tmp_configs_9a2a2d55-08b6-4b8a-bf70-ea85e7ff0cf1/temporary_0_for_img_0.config.yaml', 'input=results/preprocessing/bird_rgba.png', 'save_path=name']' returned non-zero exit status 1.
[ERROR] ❌ Subprocess error with non-zero exit status 1 for config: tmp_configs_9a2a2d55-08b6-4b8a-bf70-ea85e7ff0cf1/temporary_0_for_img_0.config.yaml
Running grid search:   0%|          | 0/1 [01:09<?, ?it/s]
Traceback (most recent call last):
  File "grid_search.py", line 69, in <module>
    run_pipeline(config_path)
  File "grid_search.py", line 38, in run_pipeline
    raise cpe
  File "grid_search.py", line 30, in run_pipeline
    subprocess.run(["python", "pipeline.py", "--config", config_path], check=True)
  File "/home/jhuizing/.conda/envs/dreamgaussianV2/lib/python3.8/subprocess.py", line 516, in run
    raise CalledProcessError(retcode, process.args,
subprocess.CalledProcessError: Command '['python', 'pipeline.py', '--config', 'tmp_configs_9a2a2d55-08b6-4b8a-bf70-ea85e7ff0cf1/temporary_0_for_img_0.config.yaml']' returned non-zero exit status 1.
[INFO] Creating temporary directory for config files: tmp_configs_3862cc00-9f2e-4f01-9416-ba2266526887
Generated 1 configuration files in tmp_configs_3862cc00-9f2e-4f01-9416-ba2266526887 for 1 images.
[INFO] ✅ Temporary directory created with config files: tmp_configs_3862cc00-9f2e-4f01-9416-ba2266526887
[INFO] Running sequantial grid search with 1 configuration files...
Running grid search:   0%|          | 0/1 [00:00<?, ?it/s][INFO] Running pipeline with config: tmp_configs_3862cc00-9f2e-4f01-9416-ba2266526887/temporary_0_for_img_0.config.yaml
[INFO] Loading configuration...
[INFO] ✅ Configuration loaded.
[INFO] Loading paths...
[INFO] ✅ Paths loaded.
[INFO] Creating paths if they don't exist...
[INFO] ✅ Paths created.
[INFO] Initializing preprocessing pipeline...
[INFO] Running preprocessing pipeline...
[INFO] ✅ Preprocessing pipeline complete.
[INFO] Running DreamGaussian Stage 1 pipeline...
[ERROR] ❌ Subprocess error with non-zero exit status 1
[ERROR] Standard output of the subprocess: [INFO] ✅ DreamGaussian Configuration loaded.
[INFO] load image from results/preprocessing/bird_rgba.png...
Number of points at initialisation :  5000
[INFO] loading zero123...
[INFO] loaded zero123!
[INFO] save model to results/stage_1/ply/bird_rgba_model_name_model.ply.
Tensor occ torch.Size([128, 128, 128]) torch.float32 cuda:0 ∈ [0.0, 
66.61647033691406] μ = 0.42518725991249084 σ = 2.6803274154663086
[INFO] mesh cleaning: (19692, 3) --> (9093, 3), (39376, 3) --> (18182, 3)
[INFO] marching cubes result: torch.Size([9093, 3]) (-0.5166890621185303-0.6666578054428101), torch.Size([18182, 3])
[INFO] unwrap uv...
[INFO] save model to results/mesh/coarse/bird_rgba_mesh.obj.

[ERROR] Standard error of the subprocess: Keyword arguments {'trust_remote_code': True} are not expected by Zero123Pipeline and will be ignored.

Loading pipeline components...:   0%|          | 0/6 [00:00<?, ?it/s]
Loading pipeline components...:  50%|█████     | 3/6 [00:00<00:00, 20.06it/s]
Loading pipeline components...: 100%|██████████| 6/6 [00:01<00:00,  4.78it/s]
Loading pipeline components...: 100%|██████████| 6/6 [00:01<00:00,  5.40it/s]

  0%|          | 0/500 [00:00<?, ?it/s]
  0%|          | 1/500 [00:00<03:47,  2.19it/s]
  1%|          | 3/500 [00:00<01:20,  6.21it/s]
  1%|          | 5/500 [00:00<00:53,  9.33it/s]
  1%|▏         | 7/500 [00:00<00:42, 11.70it/s]
  2%|▏         | 9/500 [00:00<00:36, 13.48it/s]
  2%|▏         | 11/500 [00:01<00:33, 14.81it/s]
  3%|▎         | 13/500 [00:01<00:30, 15.76it/s]
  3%|▎         | 15/500 [00:01<00:29, 16.42it/s]
  3%|▎         | 17/500 [00:01<00:28, 16.87it/s]
  4%|▍         | 19/500 [00:01<00:27, 17.21it/s]
  4%|▍         | 21/500 [00:01<00:27, 17.46it/s]
  5%|▍         | 23/500 [00:01<00:27, 17.65it/s]
  5%|▌         | 25/500 [00:01<00:26, 17.78it/s]
  5%|▌         | 27/500 [00:01<00:26, 17.87it/s]
  6%|▌         | 29/500 [00:02<00:26, 17.95it/s]
  6%|▌         | 31/500 [00:02<00:26, 17.98it/s]
  7%|▋         | 33/500 [00:02<00:25, 17.97it/s]
  7%|▋         | 35/500 [00:02<00:25, 18.01it/s]
  7%|▋         | 37/500 [00:02<00:25, 18.01it/s]
  8%|▊         | 39/500 [00:02<00:25, 18.04it/s]
  8%|▊         | 41/500 [00:02<00:25, 18.07it/s]
  9%|▊         | 43/500 [00:02<00:25, 18.11it/s]
  9%|▉         | 45/500 [00:02<00:25, 18.10it/s]
  9%|▉         | 47/500 [00:03<00:25, 18.07it/s]
 10%|▉         | 49/500 [00:03<00:25, 18.04it/s]
 10%|█         | 51/500 [00:03<00:24, 18.08it/s]
 11%|█         | 53/500 [00:03<00:24, 18.13it/s]
 11%|█         | 55/500 [00:03<00:24, 18.12it/s]
 11%|█▏        | 57/500 [00:03<00:24, 18.08it/s]
 12%|█▏        | 59/500 [00:03<00:24, 18.09it/s]
 12%|█▏        | 61/500 [00:03<00:24, 18.09it/s]
 13%|█▎        | 63/500 [00:03<00:24, 18.11it/s]
 13%|█▎        | 65/500 [00:04<00:23, 18.15it/s]
 13%|█▎        | 67/500 [00:04<00:23, 18.17it/s]
 14%|█▍        | 69/500 [00:04<00:23, 18.17it/s]
 14%|█▍        | 71/500 [00:04<00:23, 18.18it/s]
 15%|█▍        | 73/500 [00:04<00:23, 18.17it/s]
 15%|█▌        | 75/500 [00:04<00:23, 18.09it/s]
 15%|█▌        | 77/500 [00:04<00:23, 18.13it/s]
 16%|█▌        | 79/500 [00:04<00:23, 18.18it/s]
 16%|█▌        | 81/500 [00:04<00:22, 18.23it/s]
 17%|█▋        | 83/500 [00:04<00:22, 18.26it/s]
 17%|█▋        | 85/500 [00:05<00:22, 18.28it/s]
 17%|█▋        | 87/500 [00:05<00:22, 18.31it/s]
 18%|█▊        | 89/500 [00:05<00:22, 18.28it/s]
 18%|█▊        | 91/500 [00:05<00:22, 18.28it/s]
 19%|█▊        | 93/500 [00:05<00:22, 18.31it/s]
 19%|█▉        | 95/500 [00:05<00:22, 18.33it/s]
 19%|█▉        | 97/500 [00:05<00:21, 18.35it/s]
 20%|█▉        | 99/500 [00:05<00:21, 18.38it/s]
 20%|██        | 101/500 [00:06<00:24, 16.03it/s]
 21%|██        | 103/500 [00:06<00:24, 16.50it/s]
 21%|██        | 105/500 [00:06<00:23, 16.89it/s]
 21%|██▏       | 107/500 [00:06<00:22, 17.20it/s]
 22%|██▏       | 109/500 [00:06<00:22, 17.44it/s]
 22%|██▏       | 111/500 [00:06<00:22, 17.61it/s]
 23%|██▎       | 113/500 [00:06<00:21, 17.74it/s]
 23%|██▎       | 115/500 [00:06<00:21, 17.83it/s]
 23%|██▎       | 117/500 [00:06<00:21, 17.83it/s]
 24%|██▍       | 119/500 [00:07<00:21, 17.85it/s]
 24%|██▍       | 121/500 [00:07<00:21, 17.88it/s]
 25%|██▍       | 123/500 [00:07<00:21, 17.93it/s]
 25%|██▌       | 125/500 [00:07<00:20, 17.98it/s]
 25%|██▌       | 127/500 [00:07<00:20, 18.05it/s]
 26%|██▌       | 129/500 [00:07<00:20, 18.07it/s]
 26%|██▌       | 131/500 [00:07<00:20, 18.01it/s]
 27%|██▋       | 133/500 [00:07<00:20, 18.01it/s]
 27%|██▋       | 135/500 [00:07<00:20, 18.01it/s]
 27%|██▋       | 137/500 [00:08<00:20, 18.04it/s]
 28%|██▊       | 139/500 [00:08<00:19, 18.09it/s]
 28%|██▊       | 141/500 [00:08<00:19, 18.10it/s]
 29%|██▊       | 143/500 [00:08<00:19, 18.10it/s]
 29%|██▉       | 145/500 [00:08<00:19, 18.05it/s]
 29%|██▉       | 147/500 [00:08<00:19, 18.06it/s]
 30%|██▉       | 149/500 [00:08<00:19, 18.08it/s]
 30%|███       | 151/500 [00:08<00:19, 18.10it/s]
 31%|███       | 153/500 [00:08<00:19, 18.16it/s]
 31%|███       | 155/500 [00:09<00:18, 18.21it/s]
 31%|███▏      | 157/500 [00:09<00:18, 18.22it/s]
 32%|███▏      | 159/500 [00:09<00:18, 18.17it/s]
 32%|███▏      | 161/500 [00:09<00:18, 18.18it/s]
 33%|███▎      | 163/500 [00:09<00:18, 18.20it/s]
 33%|███▎      | 165/500 [00:09<00:18, 18.23it/s]
 33%|███▎      | 167/500 [00:09<00:18, 18.28it/s]
 34%|███▍      | 169/500 [00:09<00:18, 18.26it/s]
 34%|███▍      | 171/500 [00:09<00:17, 18.29it/s]
 35%|███▍      | 173/500 [00:10<00:17, 18.26it/s]
 35%|███▌      | 175/500 [00:10<00:17, 18.22it/s]
 35%|███▌      | 177/500 [00:10<00:17, 18.23it/s]
 36%|███▌      | 179/500 [00:10<00:17, 18.25it/s]
 36%|███▌      | 181/500 [00:10<00:17, 18.25it/s]
 37%|███▋      | 183/500 [00:10<00:17, 18.24it/s]
 37%|███▋      | 185/500 [00:10<00:17, 18.26it/s]
 37%|███▋      | 187/500 [00:10<00:17, 18.24it/s]
 38%|███▊      | 189/500 [00:10<00:17, 18.22it/s]
 38%|███▊      | 191/500 [00:10<00:16, 18.23it/s]
 39%|███▊      | 193/500 [00:11<00:16, 18.25it/s]
 39%|███▉      | 195/500 [00:11<00:16, 18.29it/s]
 39%|███▉      | 197/500 [00:11<00:16, 18.27it/s]
 40%|███▉      | 199/500 [00:11<00:16, 18.29it/s]
 40%|████      | 201/500 [00:11<00:17, 17.39it/s]
 41%|████      | 203/500 [00:11<00:16, 17.47it/s]
 41%|████      | 205/500 [00:11<00:16, 17.66it/s]
 41%|████▏     | 207/500 [00:11<00:16, 17.79it/s]
 42%|████▏     | 209/500 [00:12<00:16, 17.92it/s]
 42%|████▏     | 211/500 [00:12<00:16, 18.02it/s]
 43%|████▎     | 213/500 [00:12<00:15, 18.04it/s]
 43%|████▎     | 215/500 [00:12<00:15, 18.08it/s]
 43%|████▎     | 217/500 [00:12<00:15, 18.06it/s]
 44%|████▍     | 219/500 [00:12<00:15, 18.09it/s]
 44%|████▍     | 221/500 [00:12<00:15, 18.15it/s]
 45%|████▍     | 223/500 [00:12<00:15, 18.17it/s]
 45%|████▌     | 225/500 [00:12<00:15, 18.22it/s]
 45%|████▌     | 227/500 [00:12<00:14, 18.24it/s]
 46%|████▌     | 229/500 [00:13<00:14, 18.21it/s]
 46%|████▌     | 231/500 [00:13<00:14, 18.16it/s]
 47%|████▋     | 233/500 [00:13<00:14, 18.19it/s]
 47%|████▋     | 235/500 [00:13<00:14, 18.20it/s]
 47%|████▋     | 237/500 [00:13<00:14, 18.23it/s]
 48%|████▊     | 239/500 [00:13<00:14, 18.22it/s]
 48%|████▊     | 241/500 [00:13<00:14, 18.23it/s]
 49%|████▊     | 243/500 [00:13<00:14, 18.22it/s]
 49%|████▉     | 245/500 [00:13<00:14, 18.17it/s]
 49%|████▉     | 247/500 [00:14<00:13, 18.17it/s]
 50%|████▉     | 249/500 [00:14<00:13, 18.18it/s]
 50%|█████     | 251/500 [00:14<00:13, 18.23it/s]
 51%|█████     | 253/500 [00:14<00:13, 18.24it/s]
 51%|█████     | 255/500 [00:14<00:13, 18.24it/s]
 51%|█████▏    | 257/500 [00:14<00:13, 18.24it/s]
 52%|█████▏    | 259/500 [00:14<00:13, 18.21it/s]
 52%|█████▏    | 261/500 [00:14<00:13, 18.18it/s]
 53%|█████▎    | 263/500 [00:14<00:13, 18.20it/s]
 53%|█████▎    | 265/500 [00:15<00:12, 18.20it/s]
 53%|█████▎    | 267/500 [00:15<00:12, 18.22it/s]
 54%|█████▍    | 269/500 [00:15<00:12, 18.25it/s]
 54%|█████▍    | 271/500 [00:15<00:12, 18.28it/s]
 55%|█████▍    | 273/500 [00:15<00:12, 18.25it/s]
 55%|█████▌    | 275/500 [00:15<00:12, 18.23it/s]
 55%|█████▌    | 277/500 [00:15<00:12, 18.27it/s]
 56%|█████▌    | 279/500 [00:15<00:12, 18.29it/s]
 56%|█████▌    | 281/500 [00:15<00:11, 18.30it/s]
 57%|█████▋    | 283/500 [00:16<00:11, 18.31it/s]
 57%|█████▋    | 285/500 [00:16<00:11, 18.33it/s]
 57%|█████▋    | 287/500 [00:16<00:11, 18.30it/s]
 58%|█████▊    | 289/500 [00:16<00:11, 18.24it/s]
 58%|█████▊    | 291/500 [00:16<00:11, 18.27it/s]
 59%|█████▊    | 293/500 [00:16<00:11, 18.31it/s]
 59%|█████▉    | 295/500 [00:16<00:11, 18.32it/s]
 59%|█████▉    | 297/500 [00:16<00:11, 18.35it/s]
 60%|█████▉    | 299/500 [00:16<00:10, 18.36it/s]
 60%|██████    | 301/500 [00:17<00:11, 17.41it/s]
 61%|██████    | 303/500 [00:17<00:11, 17.49it/s]
 61%|██████    | 305/500 [00:17<00:11, 17.64it/s]
 61%|██████▏   | 307/500 [00:17<00:10, 17.75it/s]
 62%|██████▏   | 309/500 [00:17<00:10, 17.80it/s]
 62%|██████▏   | 311/500 [00:17<00:10, 17.85it/s]
 63%|██████▎   | 313/500 [00:17<00:10, 17.91it/s]
 63%|██████▎   | 315/500 [00:17<00:10, 17.93it/s]
 63%|██████▎   | 317/500 [00:17<00:10, 17.90it/s]
 64%|██████▍   | 319/500 [00:18<00:10, 17.93it/s]
 64%|██████▍   | 321/500 [00:18<00:09, 17.97it/s]
 65%|██████▍   | 323/500 [00:18<00:09, 17.99it/s]
 65%|██████▌   | 325/500 [00:18<00:09, 18.05it/s]
 65%|██████▌   | 327/500 [00:18<00:09, 18.04it/s]
 66%|██████▌   | 329/500 [00:18<00:09, 18.04it/s]
 66%|██████▌   | 331/500 [00:18<00:09, 17.98it/s]
 67%|██████▋   | 333/500 [00:18<00:09, 18.01it/s]
 67%|██████▋   | 335/500 [00:18<00:09, 18.04it/s]
 67%|██████▋   | 337/500 [00:19<00:09, 18.04it/s]
 68%|██████▊   | 339/500 [00:19<00:08, 18.06it/s]
 68%|██████▊   | 341/500 [00:19<00:08, 18.08it/s]
 69%|██████▊   | 343/500 [00:19<00:08, 18.12it/s]
 69%|██████▉   | 345/500 [00:19<00:08, 18.04it/s]
 69%|██████▉   | 347/500 [00:19<00:08, 18.03it/s]
 70%|██████▉   | 349/500 [00:19<00:08, 18.05it/s]
 70%|███████   | 351/500 [00:19<00:08, 18.05it/s]
 71%|███████   | 353/500 [00:19<00:08, 18.10it/s]
 71%|███████   | 355/500 [00:20<00:08, 18.04it/s]
 71%|███████▏  | 357/500 [00:20<00:08, 17.68it/s]
 72%|███████▏  | 359/500 [00:20<00:07, 17.74it/s]
 72%|███████▏  | 361/500 [00:20<00:07, 17.83it/s]
 73%|███████▎  | 363/500 [00:20<00:07, 17.91it/s]
 73%|███████▎  | 365/500 [00:20<00:07, 17.97it/s]
 73%|███████▎  | 367/500 [00:20<00:07, 18.05it/s]
 74%|███████▍  | 369/500 [00:20<00:07, 18.10it/s]
 74%|███████▍  | 371/500 [00:20<00:07, 18.09it/s]
 75%|███████▍  | 373/500 [00:21<00:07, 18.06it/s]
 75%|███████▌  | 375/500 [00:21<00:06, 18.07it/s]
 75%|███████▌  | 377/500 [00:21<00:06, 18.05it/s]
 76%|███████▌  | 379/500 [00:21<00:06, 17.97it/s]
 76%|███████▌  | 381/500 [00:21<00:06, 17.86it/s]
 77%|███████▋  | 383/500 [00:21<00:06, 17.82it/s]
 77%|███████▋  | 385/500 [00:21<00:06, 17.82it/s]
 77%|███████▋  | 387/500 [00:21<00:06, 17.87it/s]
 78%|███████▊  | 389/500 [00:21<00:06, 17.86it/s]
 78%|███████▊  | 391/500 [00:22<00:06, 17.96it/s]
 79%|███████▊  | 393/500 [00:22<00:05, 18.00it/s]
 79%|███████▉  | 395/500 [00:22<00:05, 18.04it/s]
 79%|███████▉  | 397/500 [00:22<00:05, 18.08it/s]
 80%|███████▉  | 399/500 [00:22<00:05, 18.08it/s]
 80%|████████  | 401/500 [00:22<00:05, 17.22it/s]
 81%|████████  | 403/500 [00:22<00:05, 17.40it/s]
 81%|████████  | 405/500 [00:22<00:05, 17.57it/s]
 81%|████████▏ | 407/500 [00:22<00:05, 17.67it/s]
 82%|████████▏ | 409/500 [00:23<00:05, 17.76it/s]
 82%|████████▏ | 411/500 [00:23<00:04, 17.81it/s]
 83%|████████▎ | 413/500 [00:23<00:04, 17.82it/s]
 83%|████████▎ | 415/500 [00:23<00:04, 17.76it/s]
 83%|████████▎ | 417/500 [00:23<00:04, 17.79it/s]
 84%|████████▍ | 419/500 [00:23<00:04, 17.81it/s]
 84%|████████▍ | 421/500 [00:23<00:04, 17.86it/s]
 85%|████████▍ | 423/500 [00:23<00:04, 17.82it/s]
 85%|████████▌ | 425/500 [00:23<00:04, 17.84it/s]
 85%|████████▌ | 427/500 [00:24<00:04, 17.85it/s]
 86%|████████▌ | 429/500 [00:24<00:03, 17.83it/s]
 86%|████████▌ | 431/500 [00:24<00:03, 17.78it/s]
 87%|████████▋ | 433/500 [00:24<00:03, 17.81it/s]
 87%|████████▋ | 435/500 [00:24<00:03, 17.87it/s]
 87%|████████▋ | 437/500 [00:24<00:03, 17.85it/s]
 88%|████████▊ | 439/500 [00:24<00:03, 17.90it/s]
 88%|████████▊ | 441/500 [00:24<00:03, 17.85it/s]
 89%|████████▊ | 443/500 [00:24<00:03, 17.83it/s]
 89%|████████▉ | 445/500 [00:25<00:03, 17.84it/s]
 89%|████████▉ | 447/500 [00:25<00:02, 17.85it/s]
 90%|████████▉ | 449/500 [00:25<00:02, 17.88it/s]
 90%|█████████ | 451/500 [00:25<00:02, 17.91it/s]
 91%|█████████ | 453/500 [00:25<00:02, 17.89it/s]
 91%|█████████ | 455/500 [00:25<00:02, 17.91it/s]
 91%|█████████▏| 457/500 [00:25<00:02, 17.89it/s]
 92%|█████████▏| 459/500 [00:25<00:02, 17.84it/s]
 92%|█████████▏| 461/500 [00:26<00:02, 17.88it/s]
 93%|█████████▎| 463/500 [00:26<00:02, 17.90it/s]
 93%|█████████▎| 465/500 [00:26<00:01, 17.87it/s]
 93%|█████████▎| 467/500 [00:26<00:01, 17.91it/s]
 94%|█████████▍| 469/500 [00:26<00:01, 17.96it/s]
 94%|█████████▍| 471/500 [00:26<00:01, 17.96it/s]
 95%|█████████▍| 473/500 [00:26<00:01, 17.97it/s]
 95%|█████████▌| 475/500 [00:26<00:01, 17.92it/s]
 95%|█████████▌| 477/500 [00:26<00:01, 17.93it/s]
 96%|█████████▌| 479/500 [00:27<00:01, 17.93it/s]
 96%|█████████▌| 481/500 [00:27<00:01, 17.94it/s]
 97%|█████████▋| 483/500 [00:27<00:00, 17.95it/s]
 97%|█████████▋| 485/500 [00:27<00:00, 17.89it/s]
 97%|█████████▋| 487/500 [00:27<00:00, 17.88it/s]
 98%|█████████▊| 489/500 [00:27<00:00, 17.90it/s]
 98%|█████████▊| 491/500 [00:27<00:00, 17.91it/s]
 99%|█████████▊| 493/500 [00:27<00:00, 17.88it/s]
 99%|█████████▉| 495/500 [00:27<00:00, 17.87it/s]
 99%|█████████▉| 497/500 [00:28<00:00, 17.86it/s]
100%|█████████▉| 499/500 [00:28<00:00, 17.83it/s]
100%|██████████| 500/500 [00:28<00:00, 17.74it/s]
/home/jhuizing/.conda/envs/dreamgaussianV2/lib/python3.8/site-packages/torch/functional.py:504: UserWarning: torch.meshgrid: in an upcoming release, it will be required to pass the indexing argument. (Triggered internally at /opt/conda/conda-bld/pytorch_1695392020195/work/aten/src/ATen/native/TensorShape.cpp:3526.)
  return _VF.meshgrid(tensors, **kwargs)  # type: ignore[attr-defined]
Traceback (most recent call last):
  File "repos/dreamgaussian/main.py", line 681, in <module>
    gui.train(opt.regularize.end_iter)
  File "repos/dreamgaussian/main.py", line 639, in train
    capture_and_save_images_for_clip_similarity(self.opt.input, camera_positions, self.opt.stage_1_images_output_path, self.step, self.opt.ref_size, self.cam.fovy, self.cam.fovx, self.cam.near, self.cam.far, self.renderer, orbit_camera, MiniCam)
  File "/home/jhuizing/.conda/envs/dreamgaussianV2/lib/python3.8/site-packages/omegaconf/dictconfig.py", line 355, in __getattr__
    self._format_and_raise(
  File "/home/jhuizing/.conda/envs/dreamgaussianV2/lib/python3.8/site-packages/omegaconf/base.py", line 231, in _format_and_raise
    format_and_raise(
  File "/home/jhuizing/.conda/envs/dreamgaussianV2/lib/python3.8/site-packages/omegaconf/_utils.py", line 899, in format_and_raise
    _raise(ex, cause)
  File "/home/jhuizing/.conda/envs/dreamgaussianV2/lib/python3.8/site-packages/omegaconf/_utils.py", line 797, in _raise
    raise ex.with_traceback(sys.exc_info()[2])  # set env var OC_CAUSE=1 for full trace
  File "/home/jhuizing/.conda/envs/dreamgaussianV2/lib/python3.8/site-packages/omegaconf/dictconfig.py", line 351, in __getattr__
    return self._get_impl(
  File "/home/jhuizing/.conda/envs/dreamgaussianV2/lib/python3.8/site-packages/omegaconf/dictconfig.py", line 442, in _get_impl
    node = self._get_child(
  File "/home/jhuizing/.conda/envs/dreamgaussianV2/lib/python3.8/site-packages/omegaconf/basecontainer.py", line 73, in _get_child
    child = self._get_node(
  File "/home/jhuizing/.conda/envs/dreamgaussianV2/lib/python3.8/site-packages/omegaconf/dictconfig.py", line 480, in _get_node
    raise ConfigKeyError(f"Missing key {key!s}")
omegaconf.errors.ConfigAttributeError: Missing key stage_1_images_output_path
    full_key: dreamgaussian.stage_1_images_output_path
    object_type=dict

Traceback (most recent call last):
  File "pipeline.py", line 221, in <module>
    raise cpe
  File "pipeline.py", line 94, in <module>
    result = subprocess.run(command, check=True, text=True, capture_output=True)
  File "/home/jhuizing/.conda/envs/dreamgaussianV2/lib/python3.8/subprocess.py", line 516, in run
    raise CalledProcessError(retcode, process.args,
subprocess.CalledProcessError: Command '['python', 'repos/dreamgaussian/main.py', '--config', 'tmp_configs_3862cc00-9f2e-4f01-9416-ba2266526887/temporary_0_for_img_0.config.yaml', 'input=results/preprocessing/bird_rgba.png', 'save_path=name']' returned non-zero exit status 1.
[ERROR] ❌ Subprocess error with non-zero exit status 1 for config: tmp_configs_3862cc00-9f2e-4f01-9416-ba2266526887/temporary_0_for_img_0.config.yaml
Running grid search:   0%|          | 0/1 [01:02<?, ?it/s]
Traceback (most recent call last):
  File "grid_search.py", line 69, in <module>
    run_pipeline(config_path)
  File "grid_search.py", line 38, in run_pipeline
    raise cpe
  File "grid_search.py", line 30, in run_pipeline
    subprocess.run(["python", "pipeline.py", "--config", config_path], check=True)
  File "/home/jhuizing/.conda/envs/dreamgaussianV2/lib/python3.8/subprocess.py", line 516, in run
    raise CalledProcessError(retcode, process.args,
subprocess.CalledProcessError: Command '['python', 'pipeline.py', '--config', 'tmp_configs_3862cc00-9f2e-4f01-9416-ba2266526887/temporary_0_for_img_0.config.yaml']' returned non-zero exit status 1.

JOB STATISTICS
==============
Job ID: 6670250
Cluster: snellius
User/Group: jhuizing/jhuizing
State: FAILED (exit code 1)
Nodes: 1
Cores per node: 18
CPU Utilized: 00:02:41
CPU Efficiency: 5.85% of 00:45:54 core-walltime
Job Wall-clock time: 00:02:33
Memory Utilized: 2.20 GB
Memory Efficiency: 1.84% of 120.00 GB
