============================================================================================== 
Warning! Mixing Conda and module environments may lead to corruption of the
user environment. 
We do not recommend users mixing those two environments unless absolutely
necessary. Note that 
SURF does not provide any support for Conda environment.
For more information, please refer to our software policy page:
https://servicedesk.surf.nl/wiki/display/WIKI/Software+policy+Snellius#SoftwarepolicySnellius-UseofAnacondaandMinicondaenvironmentsonSnellius 

Remember that many packages have already been installed on the system and can
be loaded using 
the 'module load <package__name>' command. If you are uncertain if a package is
already available 
on the system, please use 'module avail' or 'module spider' to search for it.
============================================================================================== 
Already up to date.
Obtaining file:///gpfs/home6/jhuizing/master-thesis-ds/ptdraft
  Installing build dependencies: started
  Installing build dependencies: finished with status 'done'
  Checking if build backend supports build_editable: started
  Checking if build backend supports build_editable: finished with status 'done'
  Getting requirements to build editable: started
  Getting requirements to build editable: finished with status 'done'
  Preparing editable metadata (pyproject.toml): started
  Preparing editable metadata (pyproject.toml): finished with status 'done'
Building wheels for collected packages: sisa3d
  Building editable for sisa3d (pyproject.toml): started
  Building editable for sisa3d (pyproject.toml): finished with status 'done'
  Created wheel for sisa3d: filename=sisa3d-0.1.0-py3-none-any.whl size=1286 sha256=466689da9623440a694956c93a4920038d607a9428abb993da0c7549d07f4ef9
  Stored in directory: /gpfs/scratch1/nodespecific/gcn55/jhuizing.6638359/pip-ephem-wheel-cache-ei0099ru/wheels/ba/24/02/45c17a515af0a22326616b14da79c51e525e740ad6f0b007df
Successfully built sisa3d
Installing collected packages: sisa3d
  Attempting uninstall: sisa3d
    Found existing installation: sisa3d 0.1.0
    Uninstalling sisa3d-0.1.0:
      Successfully uninstalled sisa3d-0.1.0
Successfully installed sisa3d-0.1.0
[INFO] Loading configuration...
[INFO] ✅ Configuration loaded.
[INFO] Loading paths...
[INFO] ✅ Paths loaded.
[INFO] Creating paths if they don't exist...
[INFO] ✅ Paths created.
[INFO] Initializing preprocessing pipeline...
[INFO] Running preprocessing pipeline...
[INFO] ✅ Preprocessing pipeline complete.
[INFO] Running DreamGaussian Stage 1 pipeline...
[ERROR] ❌ Subprocess error with non-zero exit status 1
[ERROR] Standard output of the subprocess: [INFO] ✅ DreamGaussian Configuration loaded.
[INFO] load image from results/preprocessing/bird_rgba.png...
Number of points at initialisation :  5000
[INFO] loading zero123...
[INFO] loaded zero123!

[ERROR] Standard error of the subprocess: Keyword arguments {'trust_remote_code': True} are not expected by Zero123Pipeline and will be ignored.

Loading pipeline components...:   0%|          | 0/6 [00:00<?, ?it/s]
Loading pipeline components...:  67%|██████▋   | 4/6 [00:00<00:00, 19.06it/s]
Loading pipeline components...: 100%|██████████| 6/6 [00:01<00:00,  3.97it/s]
Loading pipeline components...: 100%|██████████| 6/6 [00:01<00:00,  4.72it/s]

  0%|          | 0/500 [00:00<?, ?it/s]
  0%|          | 1/500 [00:00<05:29,  1.52it/s]
  1%|          | 3/500 [00:00<01:46,  4.66it/s]
  1%|          | 5/500 [00:00<01:06,  7.46it/s]
  1%|▏         | 7/500 [00:01<00:50,  9.83it/s]
  2%|▏         | 9/500 [00:01<00:41, 11.72it/s]
  2%|▏         | 11/500 [00:01<00:36, 13.24it/s]
  3%|▎         | 13/500 [00:01<00:33, 14.43it/s]
  3%|▎         | 15/500 [00:01<00:31, 15.30it/s]
  3%|▎         | 17/500 [00:01<00:30, 15.96it/s]
  4%|▍         | 19/500 [00:01<00:29, 16.43it/s]
  4%|▍         | 21/500 [00:01<00:28, 16.75it/s]
  5%|▍         | 23/500 [00:01<00:28, 16.99it/s]
  5%|▌         | 25/500 [00:02<00:27, 17.11it/s]
  5%|▌         | 27/500 [00:02<00:27, 17.18it/s]
  6%|▌         | 29/500 [00:02<00:27, 17.28it/s]
  6%|▌         | 31/500 [00:02<00:27, 17.30it/s]
  7%|▋         | 33/500 [00:02<00:26, 17.35it/s]
  7%|▋         | 35/500 [00:02<00:27, 17.22it/s]
  7%|▋         | 37/500 [00:02<00:26, 17.29it/s]
  8%|▊         | 39/500 [00:02<00:26, 17.32it/s]
  8%|▊         | 41/500 [00:02<00:26, 17.32it/s]
  9%|▊         | 43/500 [00:03<00:26, 17.34it/s]
  9%|▉         | 45/500 [00:03<00:26, 17.36it/s]
  9%|▉         | 47/500 [00:03<00:26, 17.35it/s]
 10%|▉         | 49/500 [00:03<00:26, 17.34it/s]
 10%|█         | 51/500 [00:03<00:25, 17.35it/s]
 11%|█         | 53/500 [00:03<00:25, 17.37it/s]
 11%|█         | 55/500 [00:03<00:25, 17.43it/s]
 11%|█▏        | 57/500 [00:03<00:25, 17.47it/s]
 12%|█▏        | 59/500 [00:03<00:25, 17.45it/s]
 12%|█▏        | 61/500 [00:04<00:25, 17.46it/s]
 13%|█▎        | 63/500 [00:04<00:25, 17.47it/s]
 13%|█▎        | 65/500 [00:04<00:24, 17.46it/s]
 13%|█▎        | 67/500 [00:04<00:24, 17.46it/s]
 14%|█▍        | 69/500 [00:04<00:24, 17.50it/s]
 14%|█▍        | 71/500 [00:04<00:24, 17.51it/s]
 15%|█▍        | 73/500 [00:04<00:24, 17.51it/s]
 15%|█▌        | 75/500 [00:04<00:24, 17.50it/s]
 15%|█▌        | 77/500 [00:05<00:24, 17.54it/s]
 16%|█▌        | 79/500 [00:05<00:23, 17.57it/s]
 16%|█▌        | 81/500 [00:05<00:23, 17.59it/s]
 17%|█▋        | 83/500 [00:05<00:23, 17.60it/s]
 17%|█▋        | 85/500 [00:05<00:23, 17.61it/s]
 17%|█▋        | 87/500 [00:05<00:23, 17.62it/s]
 18%|█▊        | 89/500 [00:05<00:23, 17.60it/s]
 18%|█▊        | 91/500 [00:05<00:23, 17.55it/s]
 19%|█▊        | 93/500 [00:05<00:23, 17.56it/s]
 19%|█▉        | 95/500 [00:06<00:22, 17.62it/s]
 19%|█▉        | 97/500 [00:06<00:22, 17.60it/s]
 20%|█▉        | 99/500 [00:06<00:22, 17.48it/s]
 20%|██        | 101/500 [00:06<00:27, 14.52it/s]
 21%|██        | 103/500 [00:06<00:26, 15.13it/s]
 21%|██        | 105/500 [00:06<00:25, 15.67it/s]
 21%|██▏       | 107/500 [00:06<00:24, 16.12it/s]
 22%|██▏       | 109/500 [00:06<00:23, 16.44it/s]
 22%|██▏       | 111/500 [00:07<00:23, 16.67it/s]
 23%|██▎       | 113/500 [00:07<00:23, 16.82it/s]
 23%|██▎       | 115/500 [00:07<00:22, 16.90it/s]
 23%|██▎       | 117/500 [00:07<00:22, 17.00it/s]
 24%|██▍       | 119/500 [00:07<00:22, 17.10it/s]
 24%|██▍       | 121/500 [00:07<00:22, 17.17it/s]
 25%|██▍       | 123/500 [00:07<00:21, 17.20it/s]
 25%|██▌       | 125/500 [00:07<00:21, 17.26it/s]
 25%|██▌       | 127/500 [00:07<00:21, 17.30it/s]
 26%|██▌       | 129/500 [00:08<00:21, 17.28it/s]
 26%|██▌       | 131/500 [00:08<00:21, 17.28it/s]
 27%|██▋       | 133/500 [00:08<00:21, 17.28it/s]
 27%|██▋       | 135/500 [00:08<00:21, 17.25it/s]
 27%|██▋       | 137/500 [00:08<00:21, 17.24it/s]
 28%|██▊       | 139/500 [00:08<00:20, 17.29it/s]
 28%|██▊       | 141/500 [00:08<00:20, 17.31it/s]
 29%|██▊       | 143/500 [00:08<00:20, 17.34it/s]
 29%|██▉       | 145/500 [00:09<00:20, 17.32it/s]
 29%|██▉       | 147/500 [00:09<00:20, 17.36it/s]
 30%|██▉       | 149/500 [00:09<00:20, 17.39it/s]
 30%|███       | 151/500 [00:09<00:19, 17.45it/s]
 31%|███       | 153/500 [00:09<00:19, 17.49it/s]
 31%|███       | 155/500 [00:09<00:19, 17.51it/s]
 31%|███▏      | 157/500 [00:09<00:19, 17.54it/s]
 32%|███▏      | 159/500 [00:09<00:19, 17.55it/s]
 32%|███▏      | 161/500 [00:09<00:19, 17.55it/s]
 33%|███▎      | 163/500 [00:10<00:19, 17.60it/s]
 33%|███▎      | 165/500 [00:10<00:19, 17.56it/s]
 33%|███▎      | 167/500 [00:10<00:19, 17.51it/s]
 34%|███▍      | 169/500 [00:10<00:18, 17.50it/s]
 34%|███▍      | 171/500 [00:10<00:18, 17.54it/s]
 35%|███▍      | 173/500 [00:10<00:18, 17.60it/s]
 35%|███▌      | 175/500 [00:10<00:18, 17.60it/s]
 35%|███▌      | 177/500 [00:10<00:18, 17.66it/s]
 36%|███▌      | 179/500 [00:10<00:18, 17.64it/s]
 36%|███▌      | 181/500 [00:11<00:18, 17.65it/s]
 37%|███▋      | 183/500 [00:11<00:17, 17.63it/s]
 37%|███▋      | 185/500 [00:11<00:17, 17.64it/s]
 37%|███▋      | 187/500 [00:11<00:17, 17.62it/s]
 38%|███▊      | 189/500 [00:11<00:17, 17.63it/s]
 38%|███▊      | 191/500 [00:11<00:17, 17.60it/s]
 39%|███▊      | 193/500 [00:11<00:17, 17.59it/s]
 39%|███▉      | 195/500 [00:11<00:17, 17.57it/s]
 39%|███▉      | 197/500 [00:11<00:17, 17.51it/s]
 40%|███▉      | 199/500 [00:12<00:17, 17.44it/s]
 40%|████      | 201/500 [00:12<00:18, 16.57it/s]
 41%|████      | 203/500 [00:12<00:17, 16.82it/s]
 41%|████      | 205/500 [00:12<00:17, 17.00it/s]
 41%|████▏     | 207/500 [00:12<00:17, 17.11it/s]
 42%|████▏     | 209/500 [00:12<00:16, 17.23it/s]
 42%|████▏     | 211/500 [00:12<00:16, 17.32it/s]
 43%|████▎     | 213/500 [00:12<00:16, 17.39it/s]
 43%|████▎     | 215/500 [00:13<00:16, 17.45it/s]
 43%|████▎     | 217/500 [00:13<00:16, 17.45it/s]
 44%|████▍     | 219/500 [00:13<00:16, 17.50it/s]
 44%|████▍     | 221/500 [00:13<00:15, 17.53it/s]
 45%|████▍     | 223/500 [00:13<00:15, 17.59it/s]
 45%|████▌     | 225/500 [00:13<00:15, 17.60it/s]
 45%|████▌     | 227/500 [00:13<00:15, 17.62it/s]
 46%|████▌     | 229/500 [00:13<00:15, 17.68it/s]
 46%|████▌     | 231/500 [00:13<00:15, 17.72it/s]
 47%|████▋     | 233/500 [00:14<00:15, 17.74it/s]
 47%|████▋     | 235/500 [00:14<00:14, 17.73it/s]
 47%|████▋     | 237/500 [00:14<00:14, 17.74it/s]
 48%|████▊     | 239/500 [00:14<00:14, 17.68it/s]
 48%|████▊     | 241/500 [00:14<00:14, 17.59it/s]
 49%|████▊     | 243/500 [00:14<00:14, 17.64it/s]
 49%|████▉     | 245/500 [00:14<00:14, 17.64it/s]
 49%|████▉     | 247/500 [00:14<00:14, 17.66it/s]
 50%|████▉     | 249/500 [00:14<00:14, 17.67it/s]
 50%|█████     | 251/500 [00:15<00:14, 17.64it/s]
 51%|█████     | 253/500 [00:15<00:13, 17.65it/s]
 51%|█████     | 255/500 [00:15<00:13, 17.69it/s]
 51%|█████▏    | 257/500 [00:15<00:13, 17.65it/s]
 52%|█████▏    | 259/500 [00:15<00:13, 17.67it/s]
 52%|█████▏    | 261/500 [00:15<00:13, 17.64it/s]
 53%|█████▎    | 263/500 [00:15<00:13, 17.65it/s]
 53%|█████▎    | 265/500 [00:15<00:13, 17.64it/s]
 53%|█████▎    | 267/500 [00:15<00:13, 17.57it/s]
 54%|█████▍    | 269/500 [00:16<00:13, 17.59it/s]
 54%|█████▍    | 271/500 [00:16<00:13, 17.61it/s]
 55%|█████▍    | 273/500 [00:16<00:12, 17.60it/s]
 55%|█████▌    | 275/500 [00:16<00:12, 17.61it/s]
 55%|█████▌    | 277/500 [00:16<00:12, 17.66it/s]
 56%|█████▌    | 279/500 [00:16<00:12, 17.65it/s]
 56%|█████▌    | 281/500 [00:16<00:12, 17.65it/s]
 57%|█████▋    | 283/500 [00:16<00:12, 17.68it/s]
 57%|█████▋    | 285/500 [00:16<00:12, 17.71it/s]
 57%|█████▋    | 287/500 [00:17<00:12, 17.74it/s]
 58%|█████▊    | 289/500 [00:17<00:11, 17.76it/s]
 58%|█████▊    | 291/500 [00:17<00:11, 17.75it/s]
 59%|█████▊    | 293/500 [00:17<00:11, 17.71it/s]
 59%|█████▉    | 295/500 [00:17<00:11, 17.72it/s]
 59%|█████▉    | 297/500 [00:17<00:11, 17.77it/s]
 60%|█████▉    | 299/500 [00:17<00:11, 17.77it/s]
 60%|██████    | 301/500 [00:17<00:11, 16.82it/s]
 61%|██████    | 303/500 [00:18<00:11, 16.99it/s]
 61%|██████    | 305/500 [00:18<00:11, 17.08it/s]
 61%|██████▏   | 307/500 [00:18<00:11, 17.15it/s]
 62%|██████▏   | 309/500 [00:18<00:11, 17.21it/s]
 62%|██████▏   | 311/500 [00:18<00:10, 17.23it/s]
 63%|██████▎   | 313/500 [00:18<00:10, 17.27it/s]
 63%|██████▎   | 315/500 [00:18<00:10, 17.31it/s]
 63%|██████▎   | 317/500 [00:18<00:10, 17.32it/s]
 64%|██████▍   | 319/500 [00:18<00:10, 17.28it/s]
 64%|██████▍   | 321/500 [00:19<00:10, 17.29it/s]
 65%|██████▍   | 323/500 [00:19<00:10, 17.29it/s]
 65%|██████▌   | 325/500 [00:19<00:10, 17.30it/s]
 65%|██████▌   | 327/500 [00:19<00:10, 17.28it/s]
 66%|██████▌   | 329/500 [00:19<00:09, 17.27it/s]
 66%|██████▌   | 331/500 [00:19<00:09, 17.33it/s]
 67%|██████▋   | 333/500 [00:19<00:09, 17.37it/s]
 67%|██████▋   | 335/500 [00:19<00:09, 17.42it/s]
 67%|██████▋   | 337/500 [00:19<00:09, 17.43it/s]
 68%|██████▊   | 339/500 [00:20<00:09, 17.41it/s]
 68%|██████▊   | 341/500 [00:20<00:09, 17.39it/s]
 69%|██████▊   | 343/500 [00:20<00:09, 17.38it/s]
 69%|██████▉   | 345/500 [00:20<00:08, 17.41it/s]
 69%|██████▉   | 347/500 [00:20<00:08, 17.48it/s]
 70%|██████▉   | 349/500 [00:20<00:08, 17.53it/s]
 70%|███████   | 351/500 [00:20<00:08, 17.55it/s]
 71%|███████   | 353/500 [00:20<00:08, 17.49it/s]
 71%|███████   | 355/500 [00:21<00:08, 17.48it/s]
 71%|███████▏  | 357/500 [00:21<00:08, 17.48it/s]
 72%|███████▏  | 359/500 [00:21<00:08, 17.50it/s]
 72%|███████▏  | 361/500 [00:21<00:07, 17.48it/s]
 73%|███████▎  | 363/500 [00:21<00:07, 17.49it/s]
 73%|███████▎  | 365/500 [00:21<00:07, 17.47it/s]
 73%|███████▎  | 367/500 [00:21<00:07, 17.43it/s]
 74%|███████▍  | 369/500 [00:21<00:07, 17.41it/s]
 74%|███████▍  | 371/500 [00:21<00:07, 17.42it/s]
 75%|███████▍  | 373/500 [00:22<00:07, 17.40it/s]
 75%|███████▌  | 375/500 [00:22<00:07, 17.42it/s]
 75%|███████▌  | 377/500 [00:22<00:07, 17.42it/s]
 76%|███████▌  | 379/500 [00:22<00:06, 17.40it/s]
 76%|███████▌  | 381/500 [00:22<00:06, 17.44it/s]
 77%|███████▋  | 383/500 [00:22<00:06, 17.49it/s]
 77%|███████▋  | 385/500 [00:22<00:06, 17.49it/s]
 77%|███████▋  | 387/500 [00:22<00:06, 17.47it/s]
 78%|███████▊  | 389/500 [00:22<00:06, 17.46it/s]
 78%|███████▊  | 391/500 [00:23<00:06, 17.47it/s]
 79%|███████▊  | 393/500 [00:23<00:06, 17.45it/s]
 79%|███████▉  | 395/500 [00:23<00:06, 17.47it/s]
 79%|███████▉  | 397/500 [00:23<00:05, 17.45it/s]
 80%|███████▉  | 399/500 [00:23<00:05, 17.39it/s]
 80%|████████  | 401/500 [00:23<00:05, 16.58it/s]
 81%|████████  | 403/500 [00:23<00:05, 16.73it/s]
 81%|████████  | 405/500 [00:23<00:05, 16.82it/s]
 81%|████████▏ | 407/500 [00:24<00:05, 16.90it/s]
 82%|████████▏ | 409/500 [00:24<00:05, 17.01it/s]
 82%|████████▏ | 411/500 [00:24<00:05, 17.04it/s]
 83%|████████▎ | 413/500 [00:24<00:05, 17.05it/s]
 83%|████████▎ | 415/500 [00:24<00:04, 17.10it/s]
 83%|████████▎ | 417/500 [00:24<00:04, 17.11it/s]
 84%|████████▍ | 419/500 [00:24<00:04, 17.17it/s]
 84%|████████▍ | 421/500 [00:24<00:04, 17.23it/s]
 85%|████████▍ | 423/500 [00:24<00:04, 17.27it/s]
 85%|████████▌ | 425/500 [00:25<00:04, 17.29it/s]
 85%|████████▌ | 427/500 [00:25<00:04, 17.31it/s]
 86%|████████▌ | 429/500 [00:25<00:04, 17.32it/s]
 86%|████████▌ | 431/500 [00:25<00:03, 17.29it/s]
 87%|████████▋ | 433/500 [00:25<00:03, 17.26it/s]
 87%|████████▋ | 435/500 [00:25<00:03, 17.25it/s]
 87%|████████▋ | 437/500 [00:25<00:03, 17.24it/s]
 88%|████████▊ | 439/500 [00:25<00:03, 17.26it/s]
 88%|████████▊ | 441/500 [00:25<00:03, 17.26it/s]
 89%|████████▊ | 443/500 [00:26<00:03, 17.28it/s]
 89%|████████▉ | 445/500 [00:26<00:03, 17.24it/s]
 89%|████████▉ | 447/500 [00:26<00:03, 17.26it/s]
 90%|████████▉ | 449/500 [00:26<00:02, 17.31it/s]
 90%|█████████ | 451/500 [00:26<00:02, 17.31it/s]
 91%|█████████ | 453/500 [00:26<00:02, 17.32it/s]
 91%|█████████ | 455/500 [00:26<00:02, 17.36it/s]
 91%|█████████▏| 457/500 [00:26<00:02, 17.37it/s]
 92%|█████████▏| 459/500 [00:27<00:02, 17.40it/s]
 92%|█████████▏| 461/500 [00:27<00:02, 17.42it/s]
 93%|█████████▎| 463/500 [00:27<00:02, 17.41it/s]
 93%|█████████▎| 465/500 [00:27<00:02, 17.35it/s]
 93%|█████████▎| 467/500 [00:27<00:01, 17.29it/s]
 94%|█████████▍| 469/500 [00:27<00:01, 17.35it/s]
 94%|█████████▍| 471/500 [00:27<00:01, 17.35it/s]
 95%|█████████▍| 473/500 [00:27<00:01, 17.34it/s]
 95%|█████████▌| 475/500 [00:27<00:01, 17.33it/s]
 95%|█████████▌| 477/500 [00:28<00:01, 17.26it/s]
 96%|█████████▌| 479/500 [00:28<00:01, 17.14it/s]
 96%|█████████▌| 481/500 [00:28<00:01, 17.02it/s]
 97%|█████████▋| 483/500 [00:28<00:00, 17.06it/s]
 97%|█████████▋| 485/500 [00:28<00:00, 17.11it/s]
 97%|█████████▋| 487/500 [00:28<00:00, 17.15it/s]
 98%|█████████▊| 489/500 [00:28<00:00, 17.18it/s]
 98%|█████████▊| 491/500 [00:28<00:00, 17.25it/s]
 99%|█████████▊| 493/500 [00:29<00:00, 17.29it/s]
 99%|█████████▉| 495/500 [00:29<00:00, 17.28it/s]
 99%|█████████▉| 497/500 [00:29<00:00, 17.29it/s]
100%|█████████▉| 499/500 [00:29<00:00, 17.30it/s]
100%|██████████| 500/500 [00:29<00:00, 16.99it/s]
Traceback (most recent call last):
  File "repos/dreamgaussian/main.py", line 675, in <module>
    gui.train(opt.iters)
  File "repos/dreamgaussian/main.py", line 614, in train
    capture_and_save_images_for_sugarV3(file_name, camera_positions, self.opt.stage_1_result_images_output_path, self.step, self.opt.ref_size, self.cam.fovy, self.cam.fovx, self.cam.near, self.cam.far, self.renderer, orbit_camera, MiniCam)
  File "/gpfs/home6/jhuizing/master-thesis-ds/ptdraft/sisa3d/camera.py", line 588, in capture_and_save_images_for_sugarV3
    camera_dict = minicam_to_JSON(idx, cur_cam)
  File "/gpfs/home6/jhuizing/master-thesis-ds/ptdraft/sisa3d/camera.py", line 535, in minicam_to_JSON
    camera_center = world_view_transform_inv[3][:3].numpy()
TypeError: can't convert cuda:0 device type tensor to numpy. Use Tensor.cpu() to copy the tensor to host memory first.

Traceback (most recent call last):
  File "pipeline.py", line 210, in <module>
    raise cpe
  File "pipeline.py", line 92, in <module>
    result = subprocess.run(command, check=True, text=True, capture_output=True)
  File "/home/jhuizing/.conda/envs/dreamgaussianV2/lib/python3.8/subprocess.py", line 516, in run
    raise CalledProcessError(retcode, process.args,
subprocess.CalledProcessError: Command '['python', 'repos/dreamgaussian/main.py', '--config', 'config_dreamgaussian_with_cameras.yaml', 'input=results/preprocessing/bird_rgba.png', 'save_path=name']' returned non-zero exit status 1.

JOB STATISTICS
==============
Job ID: 6638359
Cluster: snellius
User/Group: jhuizing/jhuizing
State: FAILED (exit code 1)
Nodes: 1
Cores per node: 18
CPU Utilized: 00:01:09
CPU Efficiency: 4.91% of 00:23:24 core-walltime
Job Wall-clock time: 00:01:18
Memory Utilized: 2.18 GB
Memory Efficiency: 1.82% of 120.00 GB
