============================================================================================== 
Warning! Mixing Conda and module environments may lead to corruption of the
user environment. 
We do not recommend users mixing those two environments unless absolutely
necessary. Note that 
SURF does not provide any support for Conda environment.
For more information, please refer to our software policy page:
https://servicedesk.surf.nl/wiki/display/WIKI/Software+policy+Snellius#SoftwarepolicySnellius-UseofAnacondaandMinicondaenvironmentsonSnellius 

Remember that many packages have already been installed on the system and can
be loaded using 
the 'module load <package__name>' command. If you are uncertain if a package is
already available 
on the system, please use 'module avail' or 'module spider' to search for it.
============================================================================================== 
Already up to date.
Obtaining file:///gpfs/home6/jhuizing/master-thesis-ds/ptdraft
  Installing build dependencies: started
  Installing build dependencies: finished with status 'done'
  Checking if build backend supports build_editable: started
  Checking if build backend supports build_editable: finished with status 'done'
  Getting requirements to build editable: started
  Getting requirements to build editable: finished with status 'done'
  Preparing editable metadata (pyproject.toml): started
  Preparing editable metadata (pyproject.toml): finished with status 'done'
Building wheels for collected packages: sisa3d
  Building editable for sisa3d (pyproject.toml): started
  Building editable for sisa3d (pyproject.toml): finished with status 'done'
  Created wheel for sisa3d: filename=sisa3d-0.1.0-py3-none-any.whl size=1286 sha256=466689da9623440a694956c93a4920038d607a9428abb993da0c7549d07f4ef9
  Stored in directory: /gpfs/scratch1/nodespecific/gcn49/jhuizing.6596581/pip-ephem-wheel-cache-61v532ow/wheels/ba/24/02/45c17a515af0a22326616b14da79c51e525e740ad6f0b007df
Successfully built sisa3d
Installing collected packages: sisa3d
  Attempting uninstall: sisa3d
    Found existing installation: sisa3d 0.1.0
    Uninstalling sisa3d-0.1.0:
      Successfully uninstalled sisa3d-0.1.0
Successfully installed sisa3d-0.1.0
[INFO] Loading configuration...
[INFO] ✅ Configuration loaded.
[INFO] Loading paths...
[INFO] ✅ Paths loaded.
[INFO] Creating paths if they don't exist...
[INFO] ✅ Paths created.
[INFO] Initializing preprocessing pipeline...
[INFO] Running preprocessing pipeline...
[INFO] ✅ Preprocessing pipeline complete.
[INFO] Running DreamGaussian Stage 1 pipeline...
[ERROR] ❌ Subprocess error with non-zero exit status 1
[ERROR] Standard output of the subprocess: [INFO] ✅ DreamGaussian Configuration loaded.
[INFO] load image from results/preprocessing/blueberry_rgba.png...
Number of points at initialisation :  5000
[INFO] loading zero123...
[INFO] loaded zero123!
[INFO] save model to results/stage_1/ply/blueberry_rgba_model_name_model.ply.
Tensor occ torch.Size([128, 128, 128]) torch.float32 cuda:0 ∈ [0.0, 
24.816104888916016] μ = 0.8591405153274536 σ = 1.7306358814239502
[INFO] mesh cleaning: (121480, 3) --> (70359, 3), (243076, 3) --> (140970, 3)
[INFO] mesh decimation: (70359, 3) --> (49874, 3), (140970, 3) --> (100000, 3)
[INFO] marching cubes result: torch.Size([49874, 3]) (-0.6949769854545593-0.6842610239982605), torch.Size([100000, 3])
[INFO] unwrap uv...
[INFO] save model to results/mesh/coarse/blueberry_rgba_mesh.obj.
saving images for comparison
[INFO] Creating directory for images!
[INFO] Capturing and saving images in directory:  results/stage_1/3images/
[INFO] Capturing and saving one image in directory:  results/stage_1/3images/
[INFO] Capturing and saving one image in directory:  results/stage_1/3images/
[INFO] Capturing and saving one image in directory:  results/stage_1/3images/

[ERROR] Standard error of the subprocess: Keyword arguments {'trust_remote_code': True} are not expected by Zero123Pipeline and will be ignored.

Loading pipeline components...:   0%|          | 0/6 [00:00<?, ?it/s]
Loading pipeline components...:  17%|█▋        | 1/6 [00:00<00:00,  7.08it/s]
Loading pipeline components...:  33%|███▎      | 2/6 [00:00<00:01,  2.85it/s]
Loading pipeline components...:  83%|████████▎ | 5/6 [00:01<00:00,  4.14it/s]
Loading pipeline components...: 100%|██████████| 6/6 [00:01<00:00,  4.86it/s]

  0%|          | 0/500 [00:00<?, ?it/s]
  0%|          | 1/500 [00:00<05:22,  1.55it/s]
  0%|          | 2/500 [00:01<05:51,  1.42it/s]
  1%|          | 4/500 [00:01<02:28,  3.35it/s]
  1%|          | 6/500 [00:01<01:30,  5.43it/s]
  2%|▏         | 8/500 [00:01<01:05,  7.54it/s]
  2%|▏         | 10/500 [00:01<00:51,  9.54it/s]
  2%|▏         | 12/500 [00:01<00:43, 11.32it/s]
  3%|▎         | 14/500 [00:02<00:37, 12.83it/s]
  3%|▎         | 16/500 [00:02<00:34, 14.05it/s]
  4%|▎         | 18/500 [00:02<00:32, 15.00it/s]
  4%|▍         | 20/500 [00:02<00:30, 15.71it/s]
  4%|▍         | 22/500 [00:02<00:29, 16.23it/s]
  5%|▍         | 24/500 [00:02<00:28, 16.71it/s]
  5%|▌         | 26/500 [00:02<00:27, 17.05it/s]
  6%|▌         | 28/500 [00:02<00:27, 17.31it/s]
  6%|▌         | 30/500 [00:02<00:26, 17.47it/s]
  6%|▋         | 32/500 [00:03<00:26, 17.43it/s]
  7%|▋         | 34/500 [00:03<00:26, 17.47it/s]
  7%|▋         | 36/500 [00:03<00:26, 17.46it/s]
  8%|▊         | 38/500 [00:03<00:26, 17.43it/s]
  8%|▊         | 40/500 [00:03<00:26, 17.43it/s]
  8%|▊         | 42/500 [00:03<00:26, 17.43it/s]
  9%|▉         | 44/500 [00:03<00:26, 17.42it/s]
  9%|▉         | 46/500 [00:03<00:26, 17.42it/s]
 10%|▉         | 48/500 [00:04<00:25, 17.41it/s]
 10%|█         | 50/500 [00:04<00:25, 17.41it/s]
 10%|█         | 52/500 [00:04<00:25, 17.42it/s]
 11%|█         | 54/500 [00:04<00:25, 17.43it/s]
 11%|█         | 56/500 [00:04<00:25, 17.44it/s]
 12%|█▏        | 58/500 [00:04<00:25, 17.44it/s]
 12%|█▏        | 60/500 [00:04<00:25, 17.45it/s]
 12%|█▏        | 62/500 [00:04<00:25, 17.43it/s]
 13%|█▎        | 64/500 [00:04<00:25, 17.40it/s]
 13%|█▎        | 66/500 [00:05<00:24, 17.41it/s]
 14%|█▎        | 68/500 [00:05<00:24, 17.42it/s]
 14%|█▍        | 70/500 [00:05<00:24, 17.44it/s]
 14%|█▍        | 72/500 [00:05<00:24, 17.46it/s]
 15%|█▍        | 74/500 [00:05<00:24, 17.48it/s]
 15%|█▌        | 76/500 [00:05<00:24, 17.50it/s]
 16%|█▌        | 78/500 [00:05<00:24, 17.51it/s]
 16%|█▌        | 80/500 [00:05<00:23, 17.53it/s]
 16%|█▋        | 82/500 [00:05<00:23, 17.55it/s]
 17%|█▋        | 84/500 [00:06<00:23, 17.57it/s]
 17%|█▋        | 86/500 [00:06<00:23, 17.59it/s]
 18%|█▊        | 88/500 [00:06<00:23, 17.61it/s]
 18%|█▊        | 90/500 [00:06<00:23, 17.64it/s]
 18%|█▊        | 92/500 [00:06<00:23, 17.66it/s]
 19%|█▉        | 94/500 [00:06<00:22, 17.67it/s]
 19%|█▉        | 96/500 [00:06<00:22, 17.68it/s]
 20%|█▉        | 98/500 [00:06<00:22, 17.69it/s]
 20%|██        | 100/500 [00:07<00:53,  7.47it/s]
 20%|██        | 102/500 [00:07<00:44,  8.91it/s]
 21%|██        | 104/500 [00:07<00:37, 10.46it/s]
 21%|██        | 106/500 [00:07<00:33, 11.90it/s]
 22%|██▏       | 108/500 [00:07<00:29, 13.18it/s]
 22%|██▏       | 110/500 [00:08<00:27, 14.26it/s]
 22%|██▏       | 112/500 [00:08<00:25, 15.12it/s]
 23%|██▎       | 114/500 [00:08<00:24, 15.80it/s]
 23%|██▎       | 116/500 [00:08<00:23, 16.32it/s]
 24%|██▎       | 118/500 [00:08<00:22, 16.70it/s]
 24%|██▍       | 120/500 [00:08<00:22, 16.98it/s]
 24%|██▍       | 122/500 [00:08<00:21, 17.20it/s]
 25%|██▍       | 124/500 [00:08<00:21, 17.36it/s]
 25%|██▌       | 126/500 [00:08<00:21, 17.45it/s]
 26%|██▌       | 128/500 [00:09<00:21, 17.53it/s]
 26%|██▌       | 130/500 [00:09<00:21, 17.59it/s]
 26%|██▋       | 132/500 [00:09<00:20, 17.64it/s]
 27%|██▋       | 134/500 [00:09<00:20, 17.66it/s]
 27%|██▋       | 136/500 [00:09<00:20, 17.69it/s]
 28%|██▊       | 138/500 [00:09<00:20, 17.71it/s]
 28%|██▊       | 140/500 [00:09<00:20, 17.73it/s]
 28%|██▊       | 142/500 [00:09<00:20, 17.75it/s]
 29%|██▉       | 144/500 [00:09<00:20, 17.75it/s]
 29%|██▉       | 146/500 [00:10<00:19, 17.76it/s]
 30%|██▉       | 148/500 [00:10<00:19, 17.75it/s]
 30%|███       | 150/500 [00:10<00:19, 17.67it/s]
 30%|███       | 152/500 [00:10<00:19, 17.57it/s]
 31%|███       | 154/500 [00:10<00:19, 17.51it/s]
 31%|███       | 156/500 [00:10<00:19, 17.48it/s]
 32%|███▏      | 158/500 [00:10<00:19, 17.45it/s]
 32%|███▏      | 160/500 [00:10<00:19, 17.39it/s]
 32%|███▏      | 162/500 [00:11<00:19, 17.40it/s]
 33%|███▎      | 164/500 [00:11<00:19, 17.39it/s]
 33%|███▎      | 166/500 [00:11<00:19, 17.39it/s]
 34%|███▎      | 168/500 [00:11<00:19, 17.40it/s]
 34%|███▍      | 170/500 [00:11<00:18, 17.40it/s]
 34%|███▍      | 172/500 [00:11<00:18, 17.40it/s]
 35%|███▍      | 174/500 [00:11<00:18, 17.39it/s]
 35%|███▌      | 176/500 [00:11<00:18, 17.40it/s]
 36%|███▌      | 178/500 [00:11<00:18, 17.41it/s]
 36%|███▌      | 180/500 [00:12<00:18, 17.42it/s]
 36%|███▋      | 182/500 [00:12<00:18, 17.42it/s]
 37%|███▋      | 184/500 [00:12<00:18, 17.41it/s]
 37%|███▋      | 186/500 [00:12<00:18, 17.40it/s]
 38%|███▊      | 188/500 [00:12<00:17, 17.40it/s]
 38%|███▊      | 190/500 [00:12<00:17, 17.40it/s]
 38%|███▊      | 192/500 [00:12<00:17, 17.39it/s]
 39%|███▉      | 194/500 [00:12<00:17, 17.39it/s]
 39%|███▉      | 196/500 [00:12<00:17, 17.40it/s]
 40%|███▉      | 198/500 [00:13<00:17, 17.40it/s]
 40%|████      | 200/500 [00:13<00:17, 17.00it/s]
 40%|████      | 202/500 [00:13<00:17, 16.76it/s]
 41%|████      | 204/500 [00:13<00:17, 17.00it/s]
 41%|████      | 206/500 [00:13<00:17, 17.16it/s]
 42%|████▏     | 208/500 [00:13<00:16, 17.28it/s]
 42%|████▏     | 210/500 [00:13<00:16, 17.38it/s]
 42%|████▏     | 212/500 [00:13<00:16, 17.45it/s]
 43%|████▎     | 214/500 [00:14<00:16, 17.50it/s]
 43%|████▎     | 216/500 [00:14<00:16, 17.53it/s]
 44%|████▎     | 218/500 [00:14<00:16, 17.55it/s]
 44%|████▍     | 220/500 [00:14<00:15, 17.56it/s]
 44%|████▍     | 222/500 [00:14<00:15, 17.59it/s]
 45%|████▍     | 224/500 [00:14<00:15, 17.61it/s]
 45%|████▌     | 226/500 [00:14<00:15, 17.62it/s]
 46%|████▌     | 228/500 [00:14<00:15, 17.64it/s]
 46%|████▌     | 230/500 [00:14<00:15, 17.65it/s]
 46%|████▋     | 232/500 [00:15<00:15, 17.65it/s]
 47%|████▋     | 234/500 [00:15<00:15, 17.66it/s]
 47%|████▋     | 236/500 [00:15<00:14, 17.67it/s]
 48%|████▊     | 238/500 [00:15<00:14, 17.66it/s]
 48%|████▊     | 240/500 [00:15<00:14, 17.66it/s]
 48%|████▊     | 242/500 [00:15<00:14, 17.67it/s]
 49%|████▉     | 244/500 [00:15<00:14, 17.67it/s]
 49%|████▉     | 246/500 [00:15<00:14, 17.66it/s]
 50%|████▉     | 248/500 [00:15<00:14, 17.66it/s]
 50%|█████     | 250/500 [00:16<00:14, 17.67it/s]
 50%|█████     | 252/500 [00:16<00:14, 17.67it/s]
 51%|█████     | 254/500 [00:16<00:14, 17.50it/s]
 51%|█████     | 256/500 [00:16<00:13, 17.54it/s]
 52%|█████▏    | 258/500 [00:16<00:13, 17.58it/s]
 52%|█████▏    | 260/500 [00:16<00:13, 17.61it/s]
 52%|█████▏    | 262/500 [00:16<00:13, 17.63it/s]
 53%|█████▎    | 264/500 [00:16<00:13, 17.64it/s]
 53%|█████▎    | 266/500 [00:16<00:13, 17.65it/s]
 54%|█████▎    | 268/500 [00:17<00:13, 17.66it/s]
 54%|█████▍    | 270/500 [00:17<00:13, 17.66it/s]
 54%|█████▍    | 272/500 [00:17<00:12, 17.66it/s]
 55%|█████▍    | 274/500 [00:17<00:12, 17.67it/s]
 55%|█████▌    | 276/500 [00:17<00:12, 17.67it/s]
 56%|█████▌    | 278/500 [00:17<00:12, 17.66it/s]
 56%|█████▌    | 280/500 [00:17<00:12, 17.68it/s]
 56%|█████▋    | 282/500 [00:17<00:12, 17.68it/s]
 57%|█████▋    | 284/500 [00:17<00:12, 17.69it/s]
 57%|█████▋    | 286/500 [00:18<00:12, 17.60it/s]
 58%|█████▊    | 288/500 [00:18<00:12, 17.60it/s]
 58%|█████▊    | 290/500 [00:18<00:11, 17.63it/s]
 58%|█████▊    | 292/500 [00:18<00:11, 17.67it/s]
 59%|█████▉    | 294/500 [00:18<00:11, 17.67it/s]
 59%|█████▉    | 296/500 [00:18<00:11, 17.66it/s]
 60%|█████▉    | 298/500 [00:18<00:11, 17.67it/s]
 60%|██████    | 300/500 [00:18<00:11, 17.14it/s]
 60%|██████    | 302/500 [00:19<00:11, 16.71it/s]
 61%|██████    | 304/500 [00:19<00:11, 16.81it/s]
 61%|██████    | 306/500 [00:19<00:11, 16.83it/s]
 62%|██████▏   | 308/500 [00:19<00:11, 16.87it/s]
 62%|██████▏   | 310/500 [00:19<00:11, 16.89it/s]
 62%|██████▏   | 312/500 [00:19<00:11, 16.94it/s]
 63%|██████▎   | 314/500 [00:19<00:10, 16.98it/s]
 63%|██████▎   | 316/500 [00:19<00:10, 16.95it/s]
 64%|██████▎   | 318/500 [00:19<00:10, 16.95it/s]
 64%|██████▍   | 320/500 [00:20<00:10, 16.95it/s]
 64%|██████▍   | 322/500 [00:20<00:10, 16.98it/s]
 65%|██████▍   | 324/500 [00:20<00:10, 16.96it/s]
 65%|██████▌   | 326/500 [00:20<00:10, 16.95it/s]
 66%|██████▌   | 328/500 [00:20<00:10, 16.97it/s]
 66%|██████▌   | 330/500 [00:20<00:10, 16.98it/s]
 66%|██████▋   | 332/500 [00:20<00:09, 16.98it/s]
 67%|██████▋   | 334/500 [00:20<00:09, 17.00it/s]
 67%|██████▋   | 336/500 [00:21<00:09, 17.01it/s]
 68%|██████▊   | 338/500 [00:21<00:09, 17.01it/s]
 68%|██████▊   | 340/500 [00:21<00:09, 16.99it/s]
 68%|██████▊   | 342/500 [00:21<00:09, 16.98it/s]
 69%|██████▉   | 344/500 [00:21<00:09, 17.02it/s]
 69%|██████▉   | 346/500 [00:21<00:09, 16.98it/s]
 70%|██████▉   | 348/500 [00:21<00:09, 16.83it/s]
 70%|███████   | 350/500 [00:21<00:08, 16.87it/s]
 70%|███████   | 352/500 [00:21<00:08, 16.89it/s]
 71%|███████   | 354/500 [00:22<00:08, 16.90it/s]
 71%|███████   | 356/500 [00:22<00:08, 16.90it/s]
 72%|███████▏  | 358/500 [00:22<00:08, 16.84it/s]
 72%|███████▏  | 360/500 [00:22<00:08, 16.78it/s]
 72%|███████▏  | 362/500 [00:22<00:08, 16.81it/s]
 73%|███████▎  | 364/500 [00:22<00:08, 16.76it/s]
 73%|███████▎  | 366/500 [00:22<00:07, 16.77it/s]
 74%|███████▎  | 368/500 [00:22<00:07, 16.85it/s]
 74%|███████▍  | 370/500 [00:23<00:07, 16.88it/s]
 74%|███████▍  | 372/500 [00:23<00:07, 16.91it/s]
 75%|███████▍  | 374/500 [00:23<00:07, 16.91it/s]
 75%|███████▌  | 376/500 [00:23<00:07, 16.93it/s]
 76%|███████▌  | 378/500 [00:23<00:07, 16.95it/s]
 76%|███████▌  | 380/500 [00:23<00:07, 16.94it/s]
 76%|███████▋  | 382/500 [00:23<00:06, 16.95it/s]
 77%|███████▋  | 384/500 [00:23<00:06, 16.98it/s]
 77%|███████▋  | 386/500 [00:23<00:06, 17.00it/s]
 78%|███████▊  | 388/500 [00:24<00:06, 16.97it/s]
 78%|███████▊  | 390/500 [00:24<00:06, 16.94it/s]
 78%|███████▊  | 392/500 [00:24<00:06, 16.95it/s]
 79%|███████▉  | 394/500 [00:24<00:06, 16.93it/s]
 79%|███████▉  | 396/500 [00:24<00:06, 16.95it/s]
 80%|███████▉  | 398/500 [00:24<00:06, 16.96it/s]
 80%|████████  | 400/500 [00:24<00:06, 16.58it/s]
 80%|████████  | 402/500 [00:24<00:06, 16.30it/s]
 81%|████████  | 404/500 [00:25<00:05, 16.45it/s]
 81%|████████  | 406/500 [00:25<00:05, 16.54it/s]
 82%|████████▏ | 408/500 [00:25<00:05, 16.62it/s]
 82%|████████▏ | 410/500 [00:25<00:05, 16.69it/s]
 82%|████████▏ | 412/500 [00:25<00:05, 16.75it/s]
 83%|████████▎ | 414/500 [00:25<00:05, 16.79it/s]
 83%|████████▎ | 416/500 [00:25<00:04, 16.82it/s]
 84%|████████▎ | 418/500 [00:25<00:04, 16.82it/s]
 84%|████████▍ | 420/500 [00:26<00:04, 16.83it/s]
 84%|████████▍ | 422/500 [00:26<00:04, 16.86it/s]
 85%|████████▍ | 424/500 [00:26<00:04, 16.85it/s]
 85%|████████▌ | 426/500 [00:26<00:04, 16.85it/s]
 86%|████████▌ | 428/500 [00:26<00:04, 16.86it/s]
 86%|████████▌ | 430/500 [00:26<00:04, 16.88it/s]
 86%|████████▋ | 432/500 [00:26<00:04, 16.88it/s]
 87%|████████▋ | 434/500 [00:26<00:03, 16.84it/s]
 87%|████████▋ | 436/500 [00:26<00:03, 16.83it/s]
 88%|████████▊ | 438/500 [00:27<00:03, 16.84it/s]
 88%|████████▊ | 440/500 [00:27<00:03, 16.81it/s]
 88%|████████▊ | 442/500 [00:27<00:03, 16.83it/s]
 89%|████████▉ | 444/500 [00:27<00:03, 16.81it/s]
 89%|████████▉ | 446/500 [00:27<00:03, 16.80it/s]
 90%|████████▉ | 448/500 [00:27<00:03, 16.82it/s]
 90%|█████████ | 450/500 [00:27<00:02, 16.81it/s]
 90%|█████████ | 452/500 [00:27<00:02, 16.83it/s]
 91%|█████████ | 454/500 [00:28<00:02, 16.79it/s]
 91%|█████████ | 456/500 [00:28<00:02, 16.79it/s]
 92%|█████████▏| 458/500 [00:28<00:02, 16.79it/s]
 92%|█████████▏| 460/500 [00:28<00:02, 16.81it/s]
 92%|█████████▏| 462/500 [00:28<00:02, 16.81it/s]
 93%|█████████▎| 464/500 [00:28<00:02, 16.84it/s]
 93%|█████████▎| 466/500 [00:28<00:02, 16.83it/s]
 94%|█████████▎| 468/500 [00:28<00:01, 16.82it/s]
 94%|█████████▍| 470/500 [00:28<00:01, 16.80it/s]
 94%|█████████▍| 472/500 [00:29<00:01, 16.79it/s]
 95%|█████████▍| 474/500 [00:29<00:01, 16.80it/s]
 95%|█████████▌| 476/500 [00:29<00:01, 16.81it/s]
 96%|█████████▌| 478/500 [00:29<00:01, 16.81it/s]
 96%|█████████▌| 480/500 [00:29<00:01, 16.81it/s]
 96%|█████████▋| 482/500 [00:29<00:01, 16.80it/s]
 97%|█████████▋| 484/500 [00:29<00:00, 16.78it/s]
 97%|█████████▋| 486/500 [00:29<00:00, 16.81it/s]
 98%|█████████▊| 488/500 [00:30<00:00, 16.81it/s]
 98%|█████████▊| 490/500 [00:30<00:00, 16.82it/s]
 98%|█████████▊| 492/500 [00:30<00:00, 16.83it/s]
 99%|█████████▉| 494/500 [00:30<00:00, 16.85it/s]
 99%|█████████▉| 496/500 [00:30<00:00, 16.84it/s]
100%|█████████▉| 498/500 [00:30<00:00, 16.84it/s]
100%|██████████| 500/500 [00:30<00:00, 16.45it/s]
100%|██████████| 500/500 [00:30<00:00, 16.24it/s]
/home/jhuizing/.conda/envs/dreamgaussianV2/lib/python3.8/site-packages/torch/functional.py:504: UserWarning: torch.meshgrid: in an upcoming release, it will be required to pass the indexing argument. (Triggered internally at /opt/conda/conda-bld/pytorch_1695392020195/work/aten/src/ATen/native/TensorShape.cpp:3526.)
  return _VF.meshgrid(tensors, **kwargs)  # type: ignore[attr-defined]
Traceback (most recent call last):
  File "repos/dreamgaussian/main.py", line 569, in <module>
    gui.train(opt.iters)
  File "repos/dreamgaussian/main.py", line 549, in train
    camera_positions = self.sample_random_camera_positions(num_cameras)
AttributeError: 'GUI' object has no attribute 'sample_random_camera_positions'

Traceback (most recent call last):
  File "pipeline.py", line 210, in <module>
    raise cpe
  File "pipeline.py", line 92, in <module>
    result = subprocess.run(command, check=True, text=True, capture_output=True)
  File "/home/jhuizing/.conda/envs/dreamgaussianV2/lib/python3.8/subprocess.py", line 516, in run
    raise CalledProcessError(retcode, process.args,
subprocess.CalledProcessError: Command '['python', 'repos/dreamgaussian/main.py', '--config', 'config.yaml', 'input=results/preprocessing/blueberry_rgba.png', 'save_path=name']' returned non-zero exit status 1.

JOB STATISTICS
==============
Job ID: 6596581
Cluster: snellius
User/Group: jhuizing/jhuizing
State: RUNNING
Nodes: 1
Cores per node: 18
CPU Utilized: 00:00:00
CPU Efficiency: 0.00% of 00:41:42 core-walltime
Job Wall-clock time: 00:02:19
Memory Utilized: 0.00 MB (estimated maximum)
Memory Efficiency: 0.00% of 120.00 GB (120.00 GB/node)
WARNING: Efficiency statistics may be misleading for RUNNING jobs.
