============================================================================================== 
Warning! Mixing Conda and module environments may lead to corruption of the
user environment. 
We do not recommend users mixing those two environments unless absolutely
necessary. Note that 
SURF does not provide any support for Conda environment.
For more information, please refer to our software policy page:
https://servicedesk.surf.nl/wiki/display/WIKI/Software+policy+Snellius#SoftwarepolicySnellius-UseofAnacondaandMinicondaenvironmentsonSnellius 

Remember that many packages have already been installed on the system and can
be loaded using 
the 'module load <package__name>' command. If you are uncertain if a package is
already available 
on the system, please use 'module avail' or 'module spider' to search for it.
============================================================================================== 
Already up to date.
Collecting package metadata (current_repodata.json): ...working... done
Solving environment: ...working... done


==> WARNING: A newer version of conda exists. <==
  current version: 4.12.0
  latest version: 24.4.0

Please update conda by running

    $ conda update -n base -c defaults conda



## Package Plan ##

  environment location: /home/jhuizing/.conda/envs/sugar

  added / updated specs:
    - nvidiacub


The following packages will be downloaded:

    package                    |            build
    ---------------------------|-----------------
    nvidiacub-1.10.0           |                0         169 KB  bottler
    ------------------------------------------------------------
                                           Total:         169 KB

The following NEW packages will be INSTALLED:

  nvidiacub          bottler/linux-64::nvidiacub-1.10.0-0

The following packages will be UPDATED:

  ca-certificates    conda-forge::ca-certificates-2023.11.~ --> pkgs/main::ca-certificates-2024.3.11-h06a4308_0
  certifi            conda-forge/noarch::certifi-2023.11.1~ --> pkgs/main/linux-64::certifi-2024.2.2-py39h06a4308_0
  openssl                                 3.0.12-h7f8727e_0 --> 3.0.13-h7f8727e_0


Proceed ([y]/n)? 

Downloading and Extracting Packages
nvidiacub-1.10.0     | 169 KB    |            |   0% nvidiacub-1.10.0     | 169 KB    | ########## | 100% nvidiacub-1.10.0     | 169 KB    | ########## | 100% 
Preparing transaction: ...working... done
Verifying transaction: ...working... done
Executing transaction: ...working... done
Collecting git+https://github.com/facebookresearch/pytorch3d.git@stable
  Cloning https://github.com/facebookresearch/pytorch3d.git (to revision stable) to /gpfs/scratch1/nodespecific/gcn19/jhuizing.6104749/pip-req-build-u__fdze3
  Running command git clone --filter=blob:none --quiet https://github.com/facebookresearch/pytorch3d.git /gpfs/scratch1/nodespecific/gcn19/jhuizing.6104749/pip-req-build-u__fdze3
  Running command git checkout -q f34104cf6ebefacd7b7e07955ee7aaa823e616ac
  Resolved https://github.com/facebookresearch/pytorch3d.git to commit f34104cf6ebefacd7b7e07955ee7aaa823e616ac
  Preparing metadata (setup.py): started
  Preparing metadata (setup.py): finished with status 'done'
Requirement already satisfied: fvcore in /gpfs/home6/jhuizing/.conda/envs/sugar/lib/python3.9/site-packages (from pytorch3d==0.7.6) (0.1.5.post20221221)
Requirement already satisfied: iopath in /gpfs/home6/jhuizing/.conda/envs/sugar/lib/python3.9/site-packages (from pytorch3d==0.7.6) (0.1.9)
Requirement already satisfied: numpy in /gpfs/home6/jhuizing/.conda/envs/sugar/lib/python3.9/site-packages (from fvcore->pytorch3d==0.7.6) (1.26.2)
Requirement already satisfied: yacs>=0.1.6 in /gpfs/home6/jhuizing/.conda/envs/sugar/lib/python3.9/site-packages (from fvcore->pytorch3d==0.7.6) (0.1.8)
Requirement already satisfied: pyyaml>=5.1 in /gpfs/home6/jhuizing/.conda/envs/sugar/lib/python3.9/site-packages (from fvcore->pytorch3d==0.7.6) (6.0)
Requirement already satisfied: tqdm in /gpfs/home6/jhuizing/.conda/envs/sugar/lib/python3.9/site-packages (from fvcore->pytorch3d==0.7.6) (4.66.1)
Requirement already satisfied: termcolor>=1.1 in /gpfs/home6/jhuizing/.conda/envs/sugar/lib/python3.9/site-packages (from fvcore->pytorch3d==0.7.6) (2.3.0)
Requirement already satisfied: Pillow in /gpfs/home6/jhuizing/.conda/envs/sugar/lib/python3.9/site-packages (from fvcore->pytorch3d==0.7.6) (10.0.1)
Requirement already satisfied: tabulate in /gpfs/home6/jhuizing/.conda/envs/sugar/lib/python3.9/site-packages (from fvcore->pytorch3d==0.7.6) (0.9.0)
Requirement already satisfied: portalocker in /gpfs/home6/jhuizing/.conda/envs/sugar/lib/python3.9/site-packages (from iopath->pytorch3d==0.7.6) (2.8.2)
Building wheels for collected packages: pytorch3d
  Building wheel for pytorch3d (setup.py): started
  Building wheel for pytorch3d (setup.py): finished with status 'error'
  error: subprocess-exited-with-error
  
  × python setup.py bdist_wheel did not run successfully.
  │ exit code: 1
  ╰─> [286 lines of output]
      running bdist_wheel
      running build
      running build_py
      creating build
      creating build/lib.linux-x86_64-cpython-39
      creating build/lib.linux-x86_64-cpython-39/projects
      copying projects/__init__.py -> build/lib.linux-x86_64-cpython-39/projects
      creating build/lib.linux-x86_64-cpython-39/pytorch3d
      copying pytorch3d/__init__.py -> build/lib.linux-x86_64-cpython-39/pytorch3d
      creating build/lib.linux-x86_64-cpython-39/pytorch3d/datasets
      copying pytorch3d/datasets/__init__.py -> build/lib.linux-x86_64-cpython-39/pytorch3d/datasets
      copying pytorch3d/datasets/utils.py -> build/lib.linux-x86_64-cpython-39/pytorch3d/datasets
      copying pytorch3d/datasets/shapenet_base.py -> build/lib.linux-x86_64-cpython-39/pytorch3d/datasets
      creating build/lib.linux-x86_64-cpython-39/pytorch3d/vis
      copying pytorch3d/vis/texture_vis.py -> build/lib.linux-x86_64-cpython-39/pytorch3d/vis
      copying pytorch3d/vis/__init__.py -> build/lib.linux-x86_64-cpython-39/pytorch3d/vis
      copying pytorch3d/vis/plotly_vis.py -> build/lib.linux-x86_64-cpython-39/pytorch3d/vis
      creating build/lib.linux-x86_64-cpython-39/pytorch3d/transforms
      copying pytorch3d/transforms/se3.py -> build/lib.linux-x86_64-cpython-39/pytorch3d/transforms
      copying pytorch3d/transforms/transform3d.py -> build/lib.linux-x86_64-cpython-39/pytorch3d/transforms
      copying pytorch3d/transforms/__init__.py -> build/lib.linux-x86_64-cpython-39/pytorch3d/transforms
      copying pytorch3d/transforms/so3.py -> build/lib.linux-x86_64-cpython-39/pytorch3d/transforms
      copying pytorch3d/transforms/rotation_conversions.py -> build/lib.linux-x86_64-cpython-39/pytorch3d/transforms
      copying pytorch3d/transforms/math.py -> build/lib.linux-x86_64-cpython-39/pytorch3d/transforms
      creating build/lib.linux-x86_64-cpython-39/pytorch3d/structures
      copying pytorch3d/structures/pointclouds.py -> build/lib.linux-x86_64-cpython-39/pytorch3d/structures
      copying pytorch3d/structures/meshes.py -> build/lib.linux-x86_64-cpython-39/pytorch3d/structures
      copying pytorch3d/structures/__init__.py -> build/lib.linux-x86_64-cpython-39/pytorch3d/structures
      copying pytorch3d/structures/utils.py -> build/lib.linux-x86_64-cpython-39/pytorch3d/structures
      copying pytorch3d/structures/volumes.py -> build/lib.linux-x86_64-cpython-39/pytorch3d/structures
      creating build/lib.linux-x86_64-cpython-39/pytorch3d/ops
      copying pytorch3d/ops/subdivide_meshes.py -> build/lib.linux-x86_64-cpython-39/pytorch3d/ops
      copying pytorch3d/ops/graph_conv.py -> build/lib.linux-x86_64-cpython-39/pytorch3d/ops
      copying pytorch3d/ops/sample_points_from_meshes.py -> build/lib.linux-x86_64-cpython-39/pytorch3d/ops
      copying pytorch3d/ops/packed_to_padded.py -> build/lib.linux-x86_64-cpython-39/pytorch3d/ops
      copying pytorch3d/ops/mesh_filtering.py -> build/lib.linux-x86_64-cpython-39/pytorch3d/ops
      copying pytorch3d/ops/iou_box3d.py -> build/lib.linux-x86_64-cpython-39/pytorch3d/ops
      copying pytorch3d/ops/marching_cubes_data.py -> build/lib.linux-x86_64-cpython-39/pytorch3d/ops
      copying pytorch3d/ops/__init__.py -> build/lib.linux-x86_64-cpython-39/pytorch3d/ops
      copying pytorch3d/ops/mesh_face_areas_normals.py -> build/lib.linux-x86_64-cpython-39/pytorch3d/ops
      copying pytorch3d/ops/sample_farthest_points.py -> build/lib.linux-x86_64-cpython-39/pytorch3d/ops
      copying pytorch3d/ops/cameras_alignment.py -> build/lib.linux-x86_64-cpython-39/pytorch3d/ops
      copying pytorch3d/ops/utils.py -> build/lib.linux-x86_64-cpython-39/pytorch3d/ops
      copying pytorch3d/ops/points_normals.py -> build/lib.linux-x86_64-cpython-39/pytorch3d/ops
      copying pytorch3d/ops/knn.py -> build/lib.linux-x86_64-cpython-39/pytorch3d/ops
      copying pytorch3d/ops/interp_face_attrs.py -> build/lib.linux-x86_64-cpython-39/pytorch3d/ops
      copying pytorch3d/ops/points_alignment.py -> build/lib.linux-x86_64-cpython-39/pytorch3d/ops
      copying pytorch3d/ops/ball_query.py -> build/lib.linux-x86_64-cpython-39/pytorch3d/ops
      copying pytorch3d/ops/points_to_volumes.py -> build/lib.linux-x86_64-cpython-39/pytorch3d/ops
      copying pytorch3d/ops/marching_cubes.py -> build/lib.linux-x86_64-cpython-39/pytorch3d/ops
      copying pytorch3d/ops/cubify.py -> build/lib.linux-x86_64-cpython-39/pytorch3d/ops
      copying pytorch3d/ops/perspective_n_points.py -> build/lib.linux-x86_64-cpython-39/pytorch3d/ops
      copying pytorch3d/ops/laplacian_matrices.py -> build/lib.linux-x86_64-cpython-39/pytorch3d/ops
      copying pytorch3d/ops/vert_align.py -> build/lib.linux-x86_64-cpython-39/pytorch3d/ops
      creating build/lib.linux-x86_64-cpython-39/pytorch3d/utils
      copying pytorch3d/utils/checkerboard.py -> build/lib.linux-x86_64-cpython-39/pytorch3d/utils
      copying pytorch3d/utils/ico_sphere.py -> build/lib.linux-x86_64-cpython-39/pytorch3d/utils
      copying pytorch3d/utils/torus.py -> build/lib.linux-x86_64-cpython-39/pytorch3d/utils
      copying pytorch3d/utils/__init__.py -> build/lib.linux-x86_64-cpython-39/pytorch3d/utils
      copying pytorch3d/utils/camera_conversions.py -> build/lib.linux-x86_64-cpython-39/pytorch3d/utils
      creating build/lib.linux-x86_64-cpython-39/pytorch3d/implicitron
      copying pytorch3d/implicitron/__init__.py -> build/lib.linux-x86_64-cpython-39/pytorch3d/implicitron
      copying pytorch3d/implicitron/eval_demo.py -> build/lib.linux-x86_64-cpython-39/pytorch3d/implicitron
      creating build/lib.linux-x86_64-cpython-39/pytorch3d/loss
      copying pytorch3d/loss/chamfer.py -> build/lib.linux-x86_64-cpython-39/pytorch3d/loss
      copying pytorch3d/loss/mesh_normal_consistency.py -> build/lib.linux-x86_64-cpython-39/pytorch3d/loss
      copying pytorch3d/loss/mesh_laplacian_smoothing.py -> build/lib.linux-x86_64-cpython-39/pytorch3d/loss
      copying pytorch3d/loss/mesh_edge_loss.py -> build/lib.linux-x86_64-cpython-39/pytorch3d/loss
      copying pytorch3d/loss/__init__.py -> build/lib.linux-x86_64-cpython-39/pytorch3d/loss
      copying pytorch3d/loss/point_mesh_distance.py -> build/lib.linux-x86_64-cpython-39/pytorch3d/loss
      creating build/lib.linux-x86_64-cpython-39/pytorch3d/io
      copying pytorch3d/io/pluggable_formats.py -> build/lib.linux-x86_64-cpython-39/pytorch3d/io
      copying pytorch3d/io/experimental_gltf_io.py -> build/lib.linux-x86_64-cpython-39/pytorch3d/io
      copying pytorch3d/io/mtl_io.py -> build/lib.linux-x86_64-cpython-39/pytorch3d/io
      copying pytorch3d/io/ply_io.py -> build/lib.linux-x86_64-cpython-39/pytorch3d/io
      copying pytorch3d/io/pluggable.py -> build/lib.linux-x86_64-cpython-39/pytorch3d/io
      copying pytorch3d/io/obj_io.py -> build/lib.linux-x86_64-cpython-39/pytorch3d/io
      copying pytorch3d/io/__init__.py -> build/lib.linux-x86_64-cpython-39/pytorch3d/io
      copying pytorch3d/io/utils.py -> build/lib.linux-x86_64-cpython-39/pytorch3d/io
      copying pytorch3d/io/off_io.py -> build/lib.linux-x86_64-cpython-39/pytorch3d/io
      creating build/lib.linux-x86_64-cpython-39/pytorch3d/renderer
      copying pytorch3d/renderer/cameras.py -> build/lib.linux-x86_64-cpython-39/pytorch3d/renderer
      copying pytorch3d/renderer/compositing.py -> build/lib.linux-x86_64-cpython-39/pytorch3d/renderer
      copying pytorch3d/renderer/lighting.py -> build/lib.linux-x86_64-cpython-39/pytorch3d/renderer
      copying pytorch3d/renderer/blending.py -> build/lib.linux-x86_64-cpython-39/pytorch3d/renderer
      copying pytorch3d/renderer/splatter_blend.py -> build/lib.linux-x86_64-cpython-39/pytorch3d/renderer
      copying pytorch3d/renderer/fisheyecameras.py -> build/lib.linux-x86_64-cpython-39/pytorch3d/renderer
      copying pytorch3d/renderer/__init__.py -> build/lib.linux-x86_64-cpython-39/pytorch3d/renderer
      copying pytorch3d/renderer/materials.py -> build/lib.linux-x86_64-cpython-39/pytorch3d/renderer
      copying pytorch3d/renderer/utils.py -> build/lib.linux-x86_64-cpython-39/pytorch3d/renderer
      copying pytorch3d/renderer/camera_utils.py -> build/lib.linux-x86_64-cpython-39/pytorch3d/renderer
      copying pytorch3d/renderer/camera_conversions.py -> build/lib.linux-x86_64-cpython-39/pytorch3d/renderer
      creating build/lib.linux-x86_64-cpython-39/pytorch3d/common
      copying pytorch3d/common/compat.py -> build/lib.linux-x86_64-cpython-39/pytorch3d/common
      copying pytorch3d/common/datatypes.py -> build/lib.linux-x86_64-cpython-39/pytorch3d/common
      copying pytorch3d/common/__init__.py -> build/lib.linux-x86_64-cpython-39/pytorch3d/common
      copying pytorch3d/common/linear_with_repeat.py -> build/lib.linux-x86_64-cpython-39/pytorch3d/common
      creating build/lib.linux-x86_64-cpython-39/pytorch3d/datasets/shapenet
      copying pytorch3d/datasets/shapenet/__init__.py -> build/lib.linux-x86_64-cpython-39/pytorch3d/datasets/shapenet
      copying pytorch3d/datasets/shapenet/shapenet_core.py -> build/lib.linux-x86_64-cpython-39/pytorch3d/datasets/shapenet
      creating build/lib.linux-x86_64-cpython-39/pytorch3d/datasets/r2n2
      copying pytorch3d/datasets/r2n2/__init__.py -> build/lib.linux-x86_64-cpython-39/pytorch3d/datasets/r2n2
      copying pytorch3d/datasets/r2n2/r2n2.py -> build/lib.linux-x86_64-cpython-39/pytorch3d/datasets/r2n2
      copying pytorch3d/datasets/r2n2/utils.py -> build/lib.linux-x86_64-cpython-39/pytorch3d/datasets/r2n2
      creating build/lib.linux-x86_64-cpython-39/pytorch3d/implicitron/third_party
      copying pytorch3d/implicitron/third_party/pytorch_prototyping.py -> build/lib.linux-x86_64-cpython-39/pytorch3d/implicitron/third_party
      copying pytorch3d/implicitron/third_party/hyperlayers.py -> build/lib.linux-x86_64-cpython-39/pytorch3d/implicitron/third_party
      copying pytorch3d/implicitron/third_party/__init__.py -> build/lib.linux-x86_64-cpython-39/pytorch3d/implicitron/third_party
      creating build/lib.linux-x86_64-cpython-39/pytorch3d/implicitron/tools
      copying pytorch3d/implicitron/tools/stats.py -> build/lib.linux-x86_64-cpython-39/pytorch3d/implicitron/tools
      copying pytorch3d/implicitron/tools/model_io.py -> build/lib.linux-x86_64-cpython-39/pytorch3d/implicitron/tools
      copying pytorch3d/implicitron/tools/__init__.py -> build/lib.linux-x86_64-cpython-39/pytorch3d/implicitron/tools
      copying pytorch3d/implicitron/tools/point_cloud_utils.py -> build/lib.linux-x86_64-cpython-39/pytorch3d/implicitron/tools
      copying pytorch3d/implicitron/tools/utils.py -> build/lib.linux-x86_64-cpython-39/pytorch3d/implicitron/tools
      copying pytorch3d/implicitron/tools/depth_cleanup.py -> build/lib.linux-x86_64-cpython-39/pytorch3d/implicitron/tools
      copying pytorch3d/implicitron/tools/metric_utils.py -> build/lib.linux-x86_64-cpython-39/pytorch3d/implicitron/tools
      copying pytorch3d/implicitron/tools/vis_utils.py -> build/lib.linux-x86_64-cpython-39/pytorch3d/implicitron/tools
      copying pytorch3d/implicitron/tools/video_writer.py -> build/lib.linux-x86_64-cpython-39/pytorch3d/implicitron/tools
      copying pytorch3d/implicitron/tools/eval_video_trajectory.py -> build/lib.linux-x86_64-cpython-39/pytorch3d/implicitron/tools
      copying pytorch3d/implicitron/tools/camera_utils.py -> build/lib.linux-x86_64-cpython-39/pytorch3d/implicitron/tools
      copying pytorch3d/implicitron/tools/image_utils.py -> build/lib.linux-x86_64-cpython-39/pytorch3d/implicitron/tools
      copying pytorch3d/implicitron/tools/config.py -> build/lib.linux-x86_64-cpython-39/pytorch3d/implicitron/tools
      copying pytorch3d/implicitron/tools/circle_fitting.py -> build/lib.linux-x86_64-cpython-39/pytorch3d/implicitron/tools
      copying pytorch3d/implicitron/tools/rasterize_mc.py -> build/lib.linux-x86_64-cpython-39/pytorch3d/implicitron/tools
      creating build/lib.linux-x86_64-cpython-39/pytorch3d/implicitron/dataset
      copying pytorch3d/implicitron/dataset/sql_dataset.py -> build/lib.linux-x86_64-cpython-39/pytorch3d/implicitron/dataset
      copying pytorch3d/implicitron/dataset/scene_batch_sampler.py -> build/lib.linux-x86_64-cpython-39/pytorch3d/implicitron/dataset
      copying pytorch3d/implicitron/dataset/llff_dataset_map_provider.py -> build/lib.linux-x86_64-cpython-39/pytorch3d/implicitron/dataset
      copying pytorch3d/implicitron/dataset/data_loader_map_provider.py -> build/lib.linux-x86_64-cpython-39/pytorch3d/implicitron/dataset
      copying pytorch3d/implicitron/dataset/visualize.py -> build/lib.linux-x86_64-cpython-39/pytorch3d/implicitron/dataset
      copying pytorch3d/implicitron/dataset/rendered_mesh_dataset_map_provider.py -> build/lib.linux-x86_64-cpython-39/pytorch3d/implicitron/dataset
      copying pytorch3d/implicitron/dataset/blender_dataset_map_provider.py -> build/lib.linux-x86_64-cpython-39/pytorch3d/implicitron/dataset
      copying pytorch3d/implicitron/dataset/orm_types.py -> build/lib.linux-x86_64-cpython-39/pytorch3d/implicitron/dataset
      copying pytorch3d/implicitron/dataset/frame_data.py -> build/lib.linux-x86_64-cpython-39/pytorch3d/implicitron/dataset
      copying pytorch3d/implicitron/dataset/__init__.py -> build/lib.linux-x86_64-cpython-39/pytorch3d/implicitron/dataset
      copying pytorch3d/implicitron/dataset/json_index_dataset_map_provider_v2.py -> build/lib.linux-x86_64-cpython-39/pytorch3d/implicitron/dataset
      copying pytorch3d/implicitron/dataset/utils.py -> build/lib.linux-x86_64-cpython-39/pytorch3d/implicitron/dataset
      copying pytorch3d/implicitron/dataset/types.py -> build/lib.linux-x86_64-cpython-39/pytorch3d/implicitron/dataset
      copying pytorch3d/implicitron/dataset/load_llff.py -> build/lib.linux-x86_64-cpython-39/pytorch3d/implicitron/dataset
      copying pytorch3d/implicitron/dataset/sql_dataset_provider.py -> build/lib.linux-x86_64-cpython-39/pytorch3d/implicitron/dataset
      copying pytorch3d/implicitron/dataset/data_source.py -> build/lib.linux-x86_64-cpython-39/pytorch3d/implicitron/dataset
      copying pytorch3d/implicitron/dataset/single_sequence_dataset.py -> build/lib.linux-x86_64-cpython-39/pytorch3d/implicitron/dataset
      copying pytorch3d/implicitron/dataset/json_index_dataset.py -> build/lib.linux-x86_64-cpython-39/pytorch3d/implicitron/dataset
      copying pytorch3d/implicitron/dataset/load_blender.py -> build/lib.linux-x86_64-cpython-39/pytorch3d/implicitron/dataset
      copying pytorch3d/implicitron/dataset/dataset_map_provider.py -> build/lib.linux-x86_64-cpython-39/pytorch3d/implicitron/dataset
      copying pytorch3d/implicitron/dataset/dataset_base.py -> build/lib.linux-x86_64-cpython-39/pytorch3d/implicitron/dataset
      copying pytorch3d/implicitron/dataset/train_eval_data_loader_provider.py -> build/lib.linux-x86_64-cpython-39/pytorch3d/implicitron/dataset
      copying pytorch3d/implicitron/dataset/json_index_dataset_map_provider.py -> build/lib.linux-x86_64-cpython-39/pytorch3d/implicitron/dataset
      creating build/lib.linux-x86_64-cpython-39/pytorch3d/implicitron/models
      copying pytorch3d/implicitron/models/model_dbir.py -> build/lib.linux-x86_64-cpython-39/pytorch3d/implicitron/models
      copying pytorch3d/implicitron/models/__init__.py -> build/lib.linux-x86_64-cpython-39/pytorch3d/implicitron/models
      copying pytorch3d/implicitron/models/generic_model.py -> build/lib.linux-x86_64-cpython-39/pytorch3d/implicitron/models
      copying pytorch3d/implicitron/models/base_model.py -> build/lib.linux-x86_64-cpython-39/pytorch3d/implicitron/models
      copying pytorch3d/implicitron/models/utils.py -> build/lib.linux-x86_64-cpython-39/pytorch3d/implicitron/models
      copying pytorch3d/implicitron/models/overfit_model.py -> build/lib.linux-x86_64-cpython-39/pytorch3d/implicitron/models
      copying pytorch3d/implicitron/models/metrics.py -> build/lib.linux-x86_64-cpython-39/pytorch3d/implicitron/models
      creating build/lib.linux-x86_64-cpython-39/pytorch3d/implicitron/evaluation
      copying pytorch3d/implicitron/evaluation/evaluate_new_view_synthesis.py -> build/lib.linux-x86_64-cpython-39/pytorch3d/implicitron/evaluation
      copying pytorch3d/implicitron/evaluation/evaluator.py -> build/lib.linux-x86_64-cpython-39/pytorch3d/implicitron/evaluation
      copying pytorch3d/implicitron/evaluation/__init__.py -> build/lib.linux-x86_64-cpython-39/pytorch3d/implicitron/evaluation
      creating build/lib.linux-x86_64-cpython-39/pytorch3d/implicitron/models/implicit_function
      copying pytorch3d/implicitron/models/implicit_function/voxel_grid_implicit_function.py -> build/lib.linux-x86_64-cpython-39/pytorch3d/implicitron/models/implicit_function
      copying pytorch3d/implicitron/models/implicit_function/voxel_grid.py -> build/lib.linux-x86_64-cpython-39/pytorch3d/implicitron/models/implicit_function
      copying pytorch3d/implicitron/models/implicit_function/decoding_functions.py -> build/lib.linux-x86_64-cpython-39/pytorch3d/implicitron/models/implicit_function
      copying pytorch3d/implicitron/models/implicit_function/scene_representation_networks.py -> build/lib.linux-x86_64-cpython-39/pytorch3d/implicitron/models/implicit_function
      copying pytorch3d/implicitron/models/implicit_function/neural_radiance_field.py -> build/lib.linux-x86_64-cpython-39/pytorch3d/implicitron/models/implicit_function
      copying pytorch3d/implicitron/models/implicit_function/__init__.py -> build/lib.linux-x86_64-cpython-39/pytorch3d/implicitron/models/implicit_function
      copying pytorch3d/implicitron/models/implicit_function/utils.py -> build/lib.linux-x86_64-cpython-39/pytorch3d/implicitron/models/implicit_function
      copying pytorch3d/implicitron/models/implicit_function/base.py -> build/lib.linux-x86_64-cpython-39/pytorch3d/implicitron/models/implicit_function
      copying pytorch3d/implicitron/models/implicit_function/idr_feature_field.py -> build/lib.linux-x86_64-cpython-39/pytorch3d/implicitron/models/implicit_function
      creating build/lib.linux-x86_64-cpython-39/pytorch3d/implicitron/models/feature_extractor
      copying pytorch3d/implicitron/models/feature_extractor/feature_extractor.py -> build/lib.linux-x86_64-cpython-39/pytorch3d/implicitron/models/feature_extractor
      copying pytorch3d/implicitron/models/feature_extractor/__init__.py -> build/lib.linux-x86_64-cpython-39/pytorch3d/implicitron/models/feature_extractor
      copying pytorch3d/implicitron/models/feature_extractor/resnet_feature_extractor.py -> build/lib.linux-x86_64-cpython-39/pytorch3d/implicitron/models/feature_extractor
      creating build/lib.linux-x86_64-cpython-39/pytorch3d/implicitron/models/visualization
      copying pytorch3d/implicitron/models/visualization/__init__.py -> build/lib.linux-x86_64-cpython-39/pytorch3d/implicitron/models/visualization
      copying pytorch3d/implicitron/models/visualization/render_flyaround.py -> build/lib.linux-x86_64-cpython-39/pytorch3d/implicitron/models/visualization
      creating build/lib.linux-x86_64-cpython-39/pytorch3d/implicitron/models/view_pooler
      copying pytorch3d/implicitron/models/view_pooler/view_pooler.py -> build/lib.linux-x86_64-cpython-39/pytorch3d/implicitron/models/view_pooler
      copying pytorch3d/implicitron/models/view_pooler/view_sampler.py -> build/lib.linux-x86_64-cpython-39/pytorch3d/implicitron/models/view_pooler
      copying pytorch3d/implicitron/models/view_pooler/__init__.py -> build/lib.linux-x86_64-cpython-39/pytorch3d/implicitron/models/view_pooler
      copying pytorch3d/implicitron/models/view_pooler/feature_aggregator.py -> build/lib.linux-x86_64-cpython-39/pytorch3d/implicitron/models/view_pooler
      creating build/lib.linux-x86_64-cpython-39/pytorch3d/implicitron/models/global_encoder
      copying pytorch3d/implicitron/models/global_encoder/__init__.py -> build/lib.linux-x86_64-cpython-39/pytorch3d/implicitron/models/global_encoder
      copying pytorch3d/implicitron/models/global_encoder/autodecoder.py -> build/lib.linux-x86_64-cpython-39/pytorch3d/implicitron/models/global_encoder
      copying pytorch3d/implicitron/models/global_encoder/global_encoder.py -> build/lib.linux-x86_64-cpython-39/pytorch3d/implicitron/models/global_encoder
      creating build/lib.linux-x86_64-cpython-39/pytorch3d/implicitron/models/renderer
      copying pytorch3d/implicitron/models/renderer/ray_tracing.py -> build/lib.linux-x86_64-cpython-39/pytorch3d/implicitron/models/renderer
      copying pytorch3d/implicitron/models/renderer/ray_sampler.py -> build/lib.linux-x86_64-cpython-39/pytorch3d/implicitron/models/renderer
      copying pytorch3d/implicitron/models/renderer/rgb_net.py -> build/lib.linux-x86_64-cpython-39/pytorch3d/implicitron/models/renderer
      copying pytorch3d/implicitron/models/renderer/ray_point_refiner.py -> build/lib.linux-x86_64-cpython-39/pytorch3d/implicitron/models/renderer
      copying pytorch3d/implicitron/models/renderer/raymarcher.py -> build/lib.linux-x86_64-cpython-39/pytorch3d/implicitron/models/renderer
      copying pytorch3d/implicitron/models/renderer/sdf_renderer.py -> build/lib.linux-x86_64-cpython-39/pytorch3d/implicitron/models/renderer
      copying pytorch3d/implicitron/models/renderer/__init__.py -> build/lib.linux-x86_64-cpython-39/pytorch3d/implicitron/models/renderer
      copying pytorch3d/implicitron/models/renderer/base.py -> build/lib.linux-x86_64-cpython-39/pytorch3d/implicitron/models/renderer
      copying pytorch3d/implicitron/models/renderer/lstm_renderer.py -> build/lib.linux-x86_64-cpython-39/pytorch3d/implicitron/models/renderer
      copying pytorch3d/implicitron/models/renderer/multipass_ea.py -> build/lib.linux-x86_64-cpython-39/pytorch3d/implicitron/models/renderer
      creating build/lib.linux-x86_64-cpython-39/pytorch3d/renderer/opengl
      copying pytorch3d/renderer/opengl/opengl_utils.py -> build/lib.linux-x86_64-cpython-39/pytorch3d/renderer/opengl
      copying pytorch3d/renderer/opengl/__init__.py -> build/lib.linux-x86_64-cpython-39/pytorch3d/renderer/opengl
      copying pytorch3d/renderer/opengl/rasterizer_opengl.py -> build/lib.linux-x86_64-cpython-39/pytorch3d/renderer/opengl
      creating build/lib.linux-x86_64-cpython-39/pytorch3d/renderer/points
      copying pytorch3d/renderer/points/rasterize_points.py -> build/lib.linux-x86_64-cpython-39/pytorch3d/renderer/points
      copying pytorch3d/renderer/points/__init__.py -> build/lib.linux-x86_64-cpython-39/pytorch3d/renderer/points
      copying pytorch3d/renderer/points/rasterizer.py -> build/lib.linux-x86_64-cpython-39/pytorch3d/renderer/points
      copying pytorch3d/renderer/points/renderer.py -> build/lib.linux-x86_64-cpython-39/pytorch3d/renderer/points
      copying pytorch3d/renderer/points/compositor.py -> build/lib.linux-x86_64-cpython-39/pytorch3d/renderer/points
      creating build/lib.linux-x86_64-cpython-39/pytorch3d/renderer/implicit
      copying pytorch3d/renderer/implicit/raysampling.py -> build/lib.linux-x86_64-cpython-39/pytorch3d/renderer/implicit
      copying pytorch3d/renderer/implicit/__init__.py -> build/lib.linux-x86_64-cpython-39/pytorch3d/renderer/implicit
      copying pytorch3d/renderer/implicit/utils.py -> build/lib.linux-x86_64-cpython-39/pytorch3d/renderer/implicit
      copying pytorch3d/renderer/implicit/sample_pdf.py -> build/lib.linux-x86_64-cpython-39/pytorch3d/renderer/implicit
      copying pytorch3d/renderer/implicit/raymarching.py -> build/lib.linux-x86_64-cpython-39/pytorch3d/renderer/implicit
      copying pytorch3d/renderer/implicit/harmonic_embedding.py -> build/lib.linux-x86_64-cpython-39/pytorch3d/renderer/implicit
      copying pytorch3d/renderer/implicit/renderer.py -> build/lib.linux-x86_64-cpython-39/pytorch3d/renderer/implicit
      creating build/lib.linux-x86_64-cpython-39/pytorch3d/renderer/mesh
      copying pytorch3d/renderer/mesh/__init__.py -> build/lib.linux-x86_64-cpython-39/pytorch3d/renderer/mesh
      copying pytorch3d/renderer/mesh/rasterizer.py -> build/lib.linux-x86_64-cpython-39/pytorch3d/renderer/mesh
      copying pytorch3d/renderer/mesh/utils.py -> build/lib.linux-x86_64-cpython-39/pytorch3d/renderer/mesh
      copying pytorch3d/renderer/mesh/clip.py -> build/lib.linux-x86_64-cpython-39/pytorch3d/renderer/mesh
      copying pytorch3d/renderer/mesh/rasterize_meshes.py -> build/lib.linux-x86_64-cpython-39/pytorch3d/renderer/mesh
      copying pytorch3d/renderer/mesh/shader.py -> build/lib.linux-x86_64-cpython-39/pytorch3d/renderer/mesh
      copying pytorch3d/renderer/mesh/textures.py -> build/lib.linux-x86_64-cpython-39/pytorch3d/renderer/mesh
      copying pytorch3d/renderer/mesh/shading.py -> build/lib.linux-x86_64-cpython-39/pytorch3d/renderer/mesh
      copying pytorch3d/renderer/mesh/renderer.py -> build/lib.linux-x86_64-cpython-39/pytorch3d/renderer/mesh
      creating build/lib.linux-x86_64-cpython-39/pytorch3d/renderer/points/pulsar
      copying pytorch3d/renderer/points/pulsar/unified.py -> build/lib.linux-x86_64-cpython-39/pytorch3d/renderer/points/pulsar
      copying pytorch3d/renderer/points/pulsar/__init__.py -> build/lib.linux-x86_64-cpython-39/pytorch3d/renderer/points/pulsar
      copying pytorch3d/renderer/points/pulsar/renderer.py -> build/lib.linux-x86_64-cpython-39/pytorch3d/renderer/points/pulsar
      creating build/lib.linux-x86_64-cpython-39/pytorch3d/common/workaround
      copying pytorch3d/common/workaround/__init__.py -> build/lib.linux-x86_64-cpython-39/pytorch3d/common/workaround
      copying pytorch3d/common/workaround/utils.py -> build/lib.linux-x86_64-cpython-39/pytorch3d/common/workaround
      copying pytorch3d/common/workaround/symeig3x3.py -> build/lib.linux-x86_64-cpython-39/pytorch3d/common/workaround
      creating build/lib.linux-x86_64-cpython-39/pytorch3d/implicitron_trainer
      copying projects/implicitron_trainer/__init__.py -> build/lib.linux-x86_64-cpython-39/pytorch3d/implicitron_trainer
      copying projects/implicitron_trainer/visualize_reconstruction.py -> build/lib.linux-x86_64-cpython-39/pytorch3d/implicitron_trainer
      copying projects/implicitron_trainer/experiment.py -> build/lib.linux-x86_64-cpython-39/pytorch3d/implicitron_trainer
      copying pytorch3d/datasets/shapenet/shapenet_synset_dict_v2.json -> build/lib.linux-x86_64-cpython-39/pytorch3d/datasets/shapenet
      copying pytorch3d/datasets/shapenet/shapenet_synset_dict_v1.json -> build/lib.linux-x86_64-cpython-39/pytorch3d/datasets/shapenet
      copying pytorch3d/datasets/r2n2/r2n2_synset_dict.json -> build/lib.linux-x86_64-cpython-39/pytorch3d/datasets/r2n2
      running build_ext
      Traceback (most recent call last):
        File "<string>", line 2, in <module>
        File "<pip-setuptools-caller>", line 34, in <module>
        File "/gpfs/scratch1/nodespecific/gcn19/jhuizing.6104749/pip-req-build-u__fdze3/setup.py", line 144, in <module>
          setup(
        File "/home/jhuizing/.conda/envs/sugar/lib/python3.9/site-packages/setuptools/__init__.py", line 103, in setup
          return distutils.core.setup(**attrs)
        File "/home/jhuizing/.conda/envs/sugar/lib/python3.9/site-packages/setuptools/_distutils/core.py", line 185, in setup
          return run_commands(dist)
        File "/home/jhuizing/.conda/envs/sugar/lib/python3.9/site-packages/setuptools/_distutils/core.py", line 201, in run_commands
          dist.run_commands()
        File "/home/jhuizing/.conda/envs/sugar/lib/python3.9/site-packages/setuptools/_distutils/dist.py", line 969, in run_commands
          self.run_command(cmd)
        File "/home/jhuizing/.conda/envs/sugar/lib/python3.9/site-packages/setuptools/dist.py", line 989, in run_command
          super().run_command(command)
        File "/home/jhuizing/.conda/envs/sugar/lib/python3.9/site-packages/setuptools/_distutils/dist.py", line 988, in run_command
          cmd_obj.run()
        File "/home/jhuizing/.conda/envs/sugar/lib/python3.9/site-packages/wheel/bdist_wheel.py", line 364, in run
          self.run_command("build")
        File "/home/jhuizing/.conda/envs/sugar/lib/python3.9/site-packages/setuptools/_distutils/cmd.py", line 318, in run_command
          self.distribution.run_command(command)
        File "/home/jhuizing/.conda/envs/sugar/lib/python3.9/site-packages/setuptools/dist.py", line 989, in run_command
          super().run_command(command)
        File "/home/jhuizing/.conda/envs/sugar/lib/python3.9/site-packages/setuptools/_distutils/dist.py", line 988, in run_command
          cmd_obj.run()
        File "/home/jhuizing/.conda/envs/sugar/lib/python3.9/site-packages/setuptools/_distutils/command/build.py", line 131, in run
          self.run_command(cmd_name)
        File "/home/jhuizing/.conda/envs/sugar/lib/python3.9/site-packages/setuptools/_distutils/cmd.py", line 318, in run_command
          self.distribution.run_command(command)
        File "/home/jhuizing/.conda/envs/sugar/lib/python3.9/site-packages/setuptools/dist.py", line 989, in run_command
          super().run_command(command)
        File "/home/jhuizing/.conda/envs/sugar/lib/python3.9/site-packages/setuptools/_distutils/dist.py", line 988, in run_command
          cmd_obj.run()
        File "/home/jhuizing/.conda/envs/sugar/lib/python3.9/site-packages/setuptools/command/build_ext.py", line 88, in run
          _build_ext.run(self)
        File "/home/jhuizing/.conda/envs/sugar/lib/python3.9/site-packages/setuptools/_distutils/command/build_ext.py", line 345, in run
          self.build_extensions()
        File "/home/jhuizing/.local/lib/python3.9/site-packages/torch/utils/cpp_extension.py", line 523, in build_extensions
          _check_cuda_version(compiler_name, compiler_version)
        File "/home/jhuizing/.local/lib/python3.9/site-packages/torch/utils/cpp_extension.py", line 414, in _check_cuda_version
          raise RuntimeError(CUDA_MISMATCH_MESSAGE.format(cuda_str_version, torch.version.cuda))
      RuntimeError:
      The detected CUDA version (11.8) mismatches the version that was used to compile
      PyTorch (12.1). Please make sure to use the same CUDA versions.
      
      [end of output]
  
  note: This error originates from a subprocess, and is likely not a problem with pip.
  ERROR: Failed building wheel for pytorch3d
  Running setup.py clean for pytorch3d
Failed to build pytorch3d
ERROR: Could not build wheels for pytorch3d, which is required to install pyproject.toml-based projects
Traceback (most recent call last):
  File "/gpfs/home6/jhuizing/master-thesis-ds/repos/SuGaR/train.py", line 3, in <module>
    from sugar_trainers.coarse_density import coarse_training_with_density_regularization
  File "/gpfs/home6/jhuizing/master-thesis-ds/repos/SuGaR/sugar_trainers/coarse_density.py", line 5, in <module>
    from pytorch3d.loss import mesh_laplacian_smoothing, mesh_normal_consistency
  File "/home/jhuizing/.conda/envs/sugar/lib/python3.9/site-packages/pytorch3d/loss/__init__.py", line 8, in <module>
    from .chamfer import chamfer_distance
  File "/home/jhuizing/.conda/envs/sugar/lib/python3.9/site-packages/pytorch3d/loss/chamfer.py", line 11, in <module>
    from pytorch3d.ops.knn import knn_gather, knn_points
  File "/home/jhuizing/.conda/envs/sugar/lib/python3.9/site-packages/pytorch3d/ops/__init__.py", line 7, in <module>
    from .ball_query import ball_query
  File "/home/jhuizing/.conda/envs/sugar/lib/python3.9/site-packages/pytorch3d/ops/ball_query.py", line 10, in <module>
    from pytorch3d import _C
ImportError: /home/jhuizing/.conda/envs/sugar/lib/python3.9/site-packages/pytorch3d/_C.cpython-39-x86_64-linux-gnu.so: undefined symbol: _ZN2at4_ops10zeros_like4callERKNS_6TensorEN3c108optionalINS5_10ScalarTypeEEENS6_INS5_6LayoutEEENS6_INS5_6DeviceEEENS6_IbEENS6_INS5_12MemoryFormatEEE

JOB STATISTICS
==============
Job ID: 6104749
Cluster: snellius
User/Group: jhuizing/jhuizing
State: RUNNING
Nodes: 1
Cores per node: 18
CPU Utilized: 00:00:00
CPU Efficiency: 0.00% of 00:15:54 core-walltime
Job Wall-clock time: 00:00:53
Memory Utilized: 0.00 MB (estimated maximum)
Memory Efficiency: 0.00% of 120.00 GB (120.00 GB/node)
WARNING: Efficiency statistics may be misleading for RUNNING jobs.
