***************************************************************************************************** 
* WARNING: The 2021 software stack is not available on the 'genoa' partition.
Please use the 2022 * 
* software stack. * 
* * 
* If you have any question, please contact us via
http://servicedesk.surfsara.nl. * 
***************************************************************************************************** 
============================================================================================== 
Warning! Mixing Conda and module environments may lead to corruption of the
user environment. 
We do not recommend users mixing those two environments unless absolutely
necessary. Note that 
SURF does not provide any support for Conda environment.
For more information, please refer to our software policy page:
https://servicedesk.surf.nl/wiki/display/WIKI/Software+policy+Snellius#SoftwarepolicySnellius-UseofAnacondaandMinicondaenvironmentsonSnellius 

Remember that many packages have already been installed on the system and can
be loaded using 
the 'module load <package__name>' command. If you are uncertain if a package is
already available 
on the system, please use 'module avail' or 'module spider' to search for it.
============================================================================================== 
Already up to date.
Cloning into 'diff-gaussian-rasterization'...
Submodule 'third_party/glm' (https://github.com/g-truc/glm.git) registered for path 'third_party/glm'
Cloning into '/gpfs/home6/jhuizing/master-thesis-ds/repos/dreamgaussian/diff-gaussian-rasterization/third_party/glm'...
Submodule path 'third_party/glm': checked out '5c46b9c07008ae65cb81ab79cd677ecc1934b903'

Remove all packages in environment /home/jhuizing/.conda/envs/dreamgaussian:

Collecting package metadata (current_repodata.json): ...working... done
Solving environment: ...working... failed with repodata from current_repodata.json, will retry with next repodata source.
Collecting package metadata (repodata.json): ...working... done
Solving environment: ...working... done


==> WARNING: A newer version of conda exists. <==
  current version: 4.12.0
  latest version: 24.3.0

Please update conda by running

    $ conda update -n base -c defaults conda



## Package Plan ##

  environment location: /home/jhuizing/.conda/envs/dreamgaussian

  added / updated specs:
    - pip
    - python=3.7.13


The following packages will be downloaded:

    package                    |            build
    ---------------------------|-----------------
    certifi-2022.12.7          |   py37h06a4308_0         150 KB
    openssl-1.1.1w             |       h7f8727e_0         3.7 MB
    pip-22.3.1                 |   py37h06a4308_0         2.7 MB
    setuptools-65.6.3          |   py37h06a4308_0         1.1 MB
    wheel-0.38.4               |   py37h06a4308_0          63 KB
    ------------------------------------------------------------
                                           Total:         7.8 MB

The following NEW packages will be INSTALLED:

  _libgcc_mutex      pkgs/main/linux-64::_libgcc_mutex-0.1-main
  _openmp_mutex      pkgs/main/linux-64::_openmp_mutex-5.1-1_gnu
  ca-certificates    pkgs/main/linux-64::ca-certificates-2024.3.11-h06a4308_0
  certifi            pkgs/main/linux-64::certifi-2022.12.7-py37h06a4308_0
  ld_impl_linux-64   pkgs/main/linux-64::ld_impl_linux-64-2.38-h1181459_1
  libffi             pkgs/main/linux-64::libffi-3.3-he6710b0_2
  libgcc-ng          pkgs/main/linux-64::libgcc-ng-11.2.0-h1234567_1
  libgomp            pkgs/main/linux-64::libgomp-11.2.0-h1234567_1
  libstdcxx-ng       pkgs/main/linux-64::libstdcxx-ng-11.2.0-h1234567_1
  ncurses            pkgs/main/linux-64::ncurses-6.4-h6a678d5_0
  openssl            pkgs/main/linux-64::openssl-1.1.1w-h7f8727e_0
  pip                pkgs/main/linux-64::pip-22.3.1-py37h06a4308_0
  python             pkgs/main/linux-64::python-3.7.13-haa1d7c7_1
  readline           pkgs/main/linux-64::readline-8.2-h5eee18b_0
  setuptools         pkgs/main/linux-64::setuptools-65.6.3-py37h06a4308_0
  sqlite             pkgs/main/linux-64::sqlite-3.41.2-h5eee18b_0
  tk                 pkgs/main/linux-64::tk-8.6.12-h1ccaba5_0
  wheel              pkgs/main/linux-64::wheel-0.38.4-py37h06a4308_0
  xz                 pkgs/main/linux-64::xz-5.4.6-h5eee18b_0
  zlib               pkgs/main/linux-64::zlib-1.2.13-h5eee18b_0



Downloading and Extracting Packages
pip-22.3.1           | 2.7 MB    |            |   0% pip-22.3.1           | 2.7 MB    | ########## | 100% pip-22.3.1           | 2.7 MB    | ########## | 100% 
setuptools-65.6.3    | 1.1 MB    |            |   0% setuptools-65.6.3    | 1.1 MB    | ########## | 100% setuptools-65.6.3    | 1.1 MB    | ########## | 100% 
wheel-0.38.4         | 63 KB     |            |   0% wheel-0.38.4         | 63 KB     | ########## | 100% 
openssl-1.1.1w       | 3.7 MB    |            |   0% openssl-1.1.1w       | 3.7 MB    | ########## | 100% openssl-1.1.1w       | 3.7 MB    | ########## | 100% 
certifi-2022.12.7    | 150 KB    |            |   0% certifi-2022.12.7    | 150 KB    | ########## | 100% 
Preparing transaction: ...working... done
Verifying transaction: ...working... done
Executing transaction: ...working... done
#
# To activate this environment, use
#
#     $ conda activate dreamgaussian
#
# To deactivate an active environment, use
#
#     $ conda deactivate

Collecting tqdm
  Using cached tqdm-4.66.2-py3-none-any.whl (78 kB)
Collecting rich
  Using cached rich-13.7.1-py3-none-any.whl (240 kB)
Collecting ninja
  Using cached ninja-1.11.1.1-py2.py3-none-manylinux1_x86_64.manylinux_2_5_x86_64.whl (307 kB)
Collecting numpy
  Using cached numpy-1.21.6-cp37-cp37m-manylinux_2_12_x86_64.manylinux2010_x86_64.whl (15.7 MB)
Collecting pandas
  Using cached pandas-1.3.5-cp37-cp37m-manylinux_2_17_x86_64.manylinux2014_x86_64.whl (11.3 MB)
Collecting scipy
  Using cached scipy-1.7.3-cp37-cp37m-manylinux_2_12_x86_64.manylinux2010_x86_64.whl (38.1 MB)
Collecting scikit-learn
  Using cached scikit_learn-1.0.2-cp37-cp37m-manylinux_2_17_x86_64.manylinux2014_x86_64.whl (24.8 MB)
Collecting matplotlib
  Using cached matplotlib-3.5.3-cp37-cp37m-manylinux_2_5_x86_64.manylinux1_x86_64.whl (11.2 MB)
Collecting opencv-python
  Using cached opencv_python-4.9.0.80-cp37-abi3-manylinux_2_17_x86_64.manylinux2014_x86_64.whl (62.2 MB)
Collecting imageio
  Downloading imageio-2.31.2-py3-none-any.whl (313 kB)
     ━━━━━━━━━━━━━━━━━━━━━━━━━━━━━━━━━━━━━━ 313.2/313.2 kB 37.5 MB/s eta 0:00:00
Collecting imageio-ffmpeg
  Using cached imageio_ffmpeg-0.4.9-py3-none-manylinux2010_x86_64.whl (26.9 MB)
Collecting omegaconf
  Using cached omegaconf-2.3.0-py3-none-any.whl (79 kB)
Collecting torch
  Downloading torch-1.13.1-cp37-cp37m-manylinux1_x86_64.whl (887.5 MB)
     ━━━━━━━━━━━━━━━━━━━━━━━━━━━━━━━━━━━━━━━ 887.5/887.5 MB 4.5 MB/s eta 0:00:00
Collecting einops
  Downloading einops-0.6.1-py3-none-any.whl (42 kB)
     ━━━━━━━━━━━━━━━━━━━━━━━━━━━━━━━━━━━━━━━━ 42.2/42.2 kB 11.2 MB/s eta 0:00:00
Collecting plyfile
  Downloading plyfile-0.9-py3-none-any.whl (30 kB)
Collecting pygltflib
  Using cached pygltflib-1.16.2.tar.gz (42 kB)
  Preparing metadata (setup.py): started
  Preparing metadata (setup.py): finished with status 'done'
Collecting dearpygui
  Downloading dearpygui-1.10.1-cp37-cp37m-manylinux1_x86_64.whl (2.8 MB)
     ━━━━━━━━━━━━━━━━━━━━━━━━━━━━━━━━━━━━━━━━ 2.8/2.8 MB 7.1 MB/s eta 0:00:00
Collecting huggingface_hub
  Downloading huggingface_hub-0.16.4-py3-none-any.whl (268 kB)
     ━━━━━━━━━━━━━━━━━━━━━━━━━━━━━━━━━━━━━━ 268.8/268.8 kB 55.5 MB/s eta 0:00:00
Collecting diffusers
  Downloading diffusers-0.21.4-py3-none-any.whl (1.5 MB)
     ━━━━━━━━━━━━━━━━━━━━━━━━━━━━━━━━━━━━━━━━ 1.5/1.5 MB 116.8 MB/s eta 0:00:00
Collecting accelerate
  Downloading accelerate-0.20.3-py3-none-any.whl (227 kB)
     ━━━━━━━━━━━━━━━━━━━━━━━━━━━━━━━━━━━━━━ 227.6/227.6 kB 52.4 MB/s eta 0:00:00
Collecting transformers
  Downloading transformers-4.30.2-py3-none-any.whl (7.2 MB)
     ━━━━━━━━━━━━━━━━━━━━━━━━━━━━━━━━━━━━━━━━ 7.2/7.2 MB 153.8 MB/s eta 0:00:00
Collecting xatlas
  Downloading xatlas-0.0.9-cp37-cp37m-manylinux_2_17_x86_64.manylinux2014_x86_64.whl (232 kB)
     ━━━━━━━━━━━━━━━━━━━━━━━━━━━━━━━━━━━━━━ 232.4/232.4 kB 58.1 MB/s eta 0:00:00
Collecting trimesh
  Downloading trimesh-4.3.0-py3-none-any.whl (693 kB)
     ━━━━━━━━━━━━━━━━━━━━━━━━━━━━━━━━━━━━━━ 693.3/693.3 kB 99.1 MB/s eta 0:00:00
Collecting PyMCubes
  Downloading PyMCubes-0.1.4.tar.gz (109 kB)
     ━━━━━━━━━━━━━━━━━━━━━━━━━━━━━━━━━━━━━━ 109.2/109.2 kB 32.8 MB/s eta 0:00:00
  Installing build dependencies: started
  Installing build dependencies: finished with status 'done'
  Getting requirements to build wheel: started
  Getting requirements to build wheel: finished with status 'done'
  Preparing metadata (pyproject.toml): started
  Preparing metadata (pyproject.toml): finished with status 'done'
Collecting pymeshlab
  Downloading pymeshlab-2022.2.post3-cp37-cp37m-manylinux1_x86_64.whl (59.2 MB)
     ━━━━━━━━━━━━━━━━━━━━━━━━━━━━━━━━━━━━━━━━ 59.2/59.2 MB 6.1 MB/s eta 0:00:00
Collecting rembg[cli,gpu]
  Downloading rembg-2.0.40-py3-none-any.whl (25 kB)
Collecting gradio
  Downloading gradio-3.34.0-py3-none-any.whl (20.0 MB)
     ━━━━━━━━━━━━━━━━━━━━━━━━━━━━━━━━━━━━━━━━ 20.0/20.0 MB 54.5 MB/s eta 0:00:00
Collecting markdown-it-py>=2.2.0
  Downloading markdown_it_py-2.2.0-py3-none-any.whl (84 kB)
     ━━━━━━━━━━━━━━━━━━━━━━━━━━━━━━━━━━━━━━━━ 84.5/84.5 kB 20.5 MB/s eta 0:00:00
Collecting typing-extensions<5.0,>=4.0.0
  Downloading typing_extensions-4.7.1-py3-none-any.whl (33 kB)
Collecting pygments<3.0.0,>=2.13.0
  Using cached pygments-2.17.2-py3-none-any.whl (1.2 MB)
Collecting pytz>=2017.3
  Downloading pytz-2024.1-py2.py3-none-any.whl (505 kB)
     ━━━━━━━━━━━━━━━━━━━━━━━━━━━━━━━━━━━━━━ 505.5/505.5 kB 76.5 MB/s eta 0:00:00
Collecting python-dateutil>=2.7.3
  Downloading python_dateutil-2.9.0.post0-py2.py3-none-any.whl (229 kB)
     ━━━━━━━━━━━━━━━━━━━━━━━━━━━━━━━━━━━━━━ 229.9/229.9 kB 42.7 MB/s eta 0:00:00
Collecting threadpoolctl>=2.0.0
  Downloading threadpoolctl-3.1.0-py3-none-any.whl (14 kB)
Collecting joblib>=0.11
  Downloading joblib-1.3.2-py3-none-any.whl (302 kB)
     ━━━━━━━━━━━━━━━━━━━━━━━━━━━━━━━━━━━━━━ 302.2/302.2 kB 66.3 MB/s eta 0:00:00
Collecting fonttools>=4.22.0
  Downloading fonttools-4.38.0-py3-none-any.whl (965 kB)
     ━━━━━━━━━━━━━━━━━━━━━━━━━━━━━━━━━━━━━━ 965.4/965.4 kB 67.6 MB/s eta 0:00:00
Collecting packaging>=20.0
  Downloading packaging-24.0-py3-none-any.whl (53 kB)
     ━━━━━━━━━━━━━━━━━━━━━━━━━━━━━━━━━━━━━━━ 53.5/53.5 kB 844.9 kB/s eta 0:00:00
Collecting cycler>=0.10
  Downloading cycler-0.11.0-py3-none-any.whl (6.4 kB)
Collecting pillow>=6.2.0
  Downloading Pillow-9.5.0-cp37-cp37m-manylinux_2_28_x86_64.whl (3.4 MB)
     ━━━━━━━━━━━━━━━━━━━━━━━━━━━━━━━━━━━━━━━━ 3.4/3.4 MB 78.6 MB/s eta 0:00:00
Collecting kiwisolver>=1.0.1
  Downloading kiwisolver-1.4.5-cp37-cp37m-manylinux_2_5_x86_64.manylinux1_x86_64.whl (1.1 MB)
     ━━━━━━━━━━━━━━━━━━━━━━━━━━━━━━━━━━━━━━━━ 1.1/1.1 MB 116.0 MB/s eta 0:00:00
Collecting pyparsing>=2.2.1
  Downloading pyparsing-3.1.2-py3-none-any.whl (103 kB)
     ━━━━━━━━━━━━━━━━━━━━━━━━━━━━━━━━━━━━━━ 103.2/103.2 kB 28.2 MB/s eta 0:00:00
Requirement already satisfied: setuptools in /gpfs/home6/jhuizing/.conda/envs/dreamgaussian/lib/python3.7/site-packages (from imageio-ffmpeg->-r requirements.txt (line 11)) (65.6.3)
Collecting antlr4-python3-runtime==4.9.*
  Using cached antlr4-python3-runtime-4.9.3.tar.gz (117 kB)
  Preparing metadata (setup.py): started
  Preparing metadata (setup.py): finished with status 'done'
Collecting PyYAML>=5.1.0
  Downloading PyYAML-6.0.1-cp37-cp37m-manylinux_2_17_x86_64.manylinux2014_x86_64.whl (670 kB)
     ━━━━━━━━━━━━━━━━━━━━━━━━━━━━━━━━━━━━━━ 670.1/670.1 kB 82.6 MB/s eta 0:00:00
Collecting nvidia-cuda-runtime-cu11==11.7.99
  Downloading nvidia_cuda_runtime_cu11-11.7.99-py3-none-manylinux1_x86_64.whl (849 kB)
     ━━━━━━━━━━━━━━━━━━━━━━━━━━━━━━━━━━━━━ 849.3/849.3 kB 109.6 MB/s eta 0:00:00
Collecting nvidia-cuda-nvrtc-cu11==11.7.99
  Downloading nvidia_cuda_nvrtc_cu11-11.7.99-2-py3-none-manylinux1_x86_64.whl (21.0 MB)
     ━━━━━━━━━━━━━━━━━━━━━━━━━━━━━━━━━━━━━━━━ 21.0/21.0 MB 35.7 MB/s eta 0:00:00
Collecting nvidia-cublas-cu11==11.10.3.66
  Downloading nvidia_cublas_cu11-11.10.3.66-py3-none-manylinux1_x86_64.whl (317.1 MB)
     ━━━━━━━━━━━━━━━━━━━━━━━━━━━━━━━━━━━━━━ 317.1/317.1 MB 11.5 MB/s eta 0:00:00
Collecting nvidia-cudnn-cu11==8.5.0.96
  Downloading nvidia_cudnn_cu11-8.5.0.96-2-py3-none-manylinux1_x86_64.whl (557.1 MB)
     ━━━━━━━━━━━━━━━━━━━━━━━━━━━━━━━━━━━━━━━ 557.1/557.1 MB 6.4 MB/s eta 0:00:00
Requirement already satisfied: wheel in /gpfs/home6/jhuizing/.conda/envs/dreamgaussian/lib/python3.7/site-packages (from nvidia-cublas-cu11==11.10.3.66->torch->-r requirements.txt (line 14)) (0.38.4)
Collecting dataclasses-json>=0.0.25
  Using cached dataclasses_json-0.6.4-py3-none-any.whl (28 kB)
Collecting deprecated
  Using cached Deprecated-1.2.14-py2.py3-none-any.whl (9.6 kB)
Collecting requests
  Downloading requests-2.31.0-py3-none-any.whl (62 kB)
     ━━━━━━━━━━━━━━━━━━━━━━━━━━━━━━━━━━━━━━━━ 62.6/62.6 kB 17.5 MB/s eta 0:00:00
Collecting fsspec
  Downloading fsspec-2023.1.0-py3-none-any.whl (143 kB)
     ━━━━━━━━━━━━━━━━━━━━━━━━━━━━━━━━━━━━━━ 143.0/143.0 kB 40.9 MB/s eta 0:00:00
Collecting filelock
  Downloading filelock-3.12.2-py3-none-any.whl (10 kB)
Collecting importlib-metadata
  Downloading importlib_metadata-6.7.0-py3-none-any.whl (22 kB)
Collecting safetensors>=0.3.1
  Downloading safetensors-0.4.2-cp37-cp37m-manylinux_2_17_x86_64.manylinux2014_x86_64.whl (1.3 MB)
     ━━━━━━━━━━━━━━━━━━━━━━━━━━━━━━━━━━━━━━━━ 1.3/1.3 MB 83.0 MB/s eta 0:00:00
Collecting regex!=2019.12.17
  Downloading regex-2023.12.25-cp37-cp37m-manylinux_2_17_x86_64.manylinux2014_x86_64.whl (761 kB)
     ━━━━━━━━━━━━━━━━━━━━━━━━━━━━━━━━━━━━━━ 761.6/761.6 kB 83.3 MB/s eta 0:00:00
Collecting psutil
  Downloading psutil-5.9.8-cp36-abi3-manylinux_2_12_x86_64.manylinux2010_x86_64.manylinux_2_17_x86_64.manylinux2014_x86_64.whl (288 kB)
     ━━━━━━━━━━━━━━━━━━━━━━━━━━━━━━━━━━━━━━ 288.2/288.2 kB 53.6 MB/s eta 0:00:00
Collecting tokenizers!=0.11.3,<0.14,>=0.11.1
  Downloading tokenizers-0.13.3-cp37-cp37m-manylinux_2_17_x86_64.manylinux2014_x86_64.whl (7.8 MB)
     ━━━━━━━━━━━━━━━━━━━━━━━━━━━━━━━━━━━━━━━━ 7.8/7.8 MB 88.4 MB/s eta 0:00:00
WARNING: rembg 2.0.40 does not provide the extra 'cli'
Collecting onnxruntime
  Downloading onnxruntime-1.14.1-cp37-cp37m-manylinux_2_27_x86_64.whl (5.0 MB)
     ━━━━━━━━━━━━━━━━━━━━━━━━━━━━━━━━━━━━━━━━ 5.0/5.0 MB 10.5 MB/s eta 0:00:00
Collecting pymatting
  Using cached PyMatting-1.1.12-py3-none-any.whl (52 kB)
Collecting python-multipart
  Downloading python_multipart-0.0.8-py3-none-any.whl (22 kB)
Collecting filetype
  Using cached filetype-1.2.0-py2.py3-none-any.whl (19 kB)
Collecting watchdog
  Downloading watchdog-3.0.0-py3-none-manylinux2014_x86_64.whl (82 kB)
     ━━━━━━━━━━━━━━━━━━━━━━━━━━━━━━━━━━━━━━━━ 82.1/82.1 kB 22.5 MB/s eta 0:00:00
Collecting fastapi
  Downloading fastapi-0.103.2-py3-none-any.whl (66 kB)
     ━━━━━━━━━━━━━━━━━━━━━━━━━━━━━━━━━━━━━━━━ 66.3/66.3 kB 20.0 MB/s eta 0:00:00
Collecting asyncer
  Downloading asyncer-0.0.2-py3-none-any.whl (8.3 kB)
Collecting click
  Downloading click-8.1.7-py3-none-any.whl (97 kB)
     ━━━━━━━━━━━━━━━━━━━━━━━━━━━━━━━━━━━━━━━━ 97.9/97.9 kB 27.5 MB/s eta 0:00:00
Collecting imagehash
  Downloading ImageHash-4.3.1-py2.py3-none-any.whl (296 kB)
     ━━━━━━━━━━━━━━━━━━━━━━━━━━━━━━━━━━━━━━ 296.5/296.5 kB 67.8 MB/s eta 0:00:00
Collecting uvicorn
  Downloading uvicorn-0.22.0-py3-none-any.whl (58 kB)
     ━━━━━━━━━━━━━━━━━━━━━━━━━━━━━━━━━━━━━━━━ 58.3/58.3 kB 16.4 MB/s eta 0:00:00
Collecting pooch
  Using cached pooch-1.8.1-py3-none-any.whl (62 kB)
Collecting aiohttp
  Downloading aiohttp-3.8.6-cp37-cp37m-manylinux_2_17_x86_64.manylinux2014_x86_64.whl (987 kB)
     ━━━━━━━━━━━━━━━━━━━━━━━━━━━━━━━━━━━━━ 988.0/988.0 kB 104.6 MB/s eta 0:00:00
Collecting scikit-image
  Downloading scikit_image-0.19.3-cp37-cp37m-manylinux_2_12_x86_64.manylinux2010_x86_64.whl (13.5 MB)
     ━━━━━━━━━━━━━━━━━━━━━━━━━━━━━━━━━━━━━━━━ 13.5/13.5 MB 99.3 MB/s eta 0:00:00
Collecting opencv-python-headless
  Using cached opencv_python_headless-4.9.0.80-cp37-abi3-manylinux_2_17_x86_64.manylinux2014_x86_64.whl (49.6 MB)
Collecting onnxruntime-gpu
  Downloading onnxruntime_gpu-1.14.1-cp37-cp37m-manylinux_2_17_x86_64.manylinux2014_x86_64.whl (136.2 MB)
     ━━━━━━━━━━━━━━━━━━━━━━━━━━━━━━━━━━━━━━━ 136.2/136.2 MB 6.1 MB/s eta 0:00:00
Collecting pydub
  Using cached pydub-0.25.1-py2.py3-none-any.whl (32 kB)
Collecting ffmpy
  Using cached ffmpy-0.3.2.tar.gz (5.5 kB)
  Preparing metadata (setup.py): started
  Preparing metadata (setup.py): finished with status 'done'
Collecting httpx
  Downloading httpx-0.24.1-py3-none-any.whl (75 kB)
     ━━━━━━━━━━━━━━━━━━━━━━━━━━━━━━━━━━━━━━━━ 75.4/75.4 kB 20.7 MB/s eta 0:00:00
Collecting altair>=4.2.0
  Downloading altair-5.0.1-py3-none-any.whl (471 kB)
     ━━━━━━━━━━━━━━━━━━━━━━━━━━━━━━━━━━━━━━ 471.5/471.5 kB 15.8 MB/s eta 0:00:00
Collecting pydantic
  Downloading pydantic-2.5.3-py3-none-any.whl (381 kB)
     ━━━━━━━━━━━━━━━━━━━━━━━━━━━━━━━━━━━━━━ 381.9/381.9 kB 67.6 MB/s eta 0:00:00
Collecting mdit-py-plugins<=0.3.3
  Downloading mdit_py_plugins-0.3.3-py3-none-any.whl (50 kB)
     ━━━━━━━━━━━━━━━━━━━━━━━━━━━━━━━━━━━━━━━━ 50.5/50.5 kB 13.2 MB/s eta 0:00:00
Collecting markupsafe
  Downloading MarkupSafe-2.1.5-cp37-cp37m-manylinux_2_17_x86_64.manylinux2014_x86_64.whl (25 kB)
Collecting jinja2
  Downloading Jinja2-3.1.3-py3-none-any.whl (133 kB)
     ━━━━━━━━━━━━━━━━━━━━━━━━━━━━━━━━━━━━━━ 133.2/133.2 kB 35.7 MB/s eta 0:00:00
Collecting aiofiles
  Using cached aiofiles-23.2.1-py3-none-any.whl (15 kB)
Collecting websockets>=10.0
  Downloading websockets-11.0.3-cp37-cp37m-manylinux_2_5_x86_64.manylinux1_x86_64.manylinux_2_17_x86_64.manylinux2014_x86_64.whl (129 kB)
     ━━━━━━━━━━━━━━━━━━━━━━━━━━━━━━━━━━━━━━━ 129.9/129.9 kB 2.6 MB/s eta 0:00:00
Collecting orjson
  Downloading orjson-3.9.7-cp37-cp37m-manylinux_2_17_x86_64.manylinux2014_x86_64.whl (138 kB)
     ━━━━━━━━━━━━━━━━━━━━━━━━━━━━━━━━━━━━━━ 138.5/138.5 kB 33.3 MB/s eta 0:00:00
Collecting gradio-client>=0.2.6
  Downloading gradio_client-0.2.6-py3-none-any.whl (288 kB)
     ━━━━━━━━━━━━━━━━━━━━━━━━━━━━━━━━━━━━━━ 288.3/288.3 kB 61.0 MB/s eta 0:00:00
Collecting semantic-version
  Using cached semantic_version-2.10.0-py2.py3-none-any.whl (15 kB)
Collecting jsonschema>=3.0
  Downloading jsonschema-4.17.3-py3-none-any.whl (90 kB)
     ━━━━━━━━━━━━━━━━━━━━━━━━━━━━━━━━━━━━━━━━ 90.4/90.4 kB 24.7 MB/s eta 0:00:00
Collecting toolz
  Downloading toolz-0.12.1-py3-none-any.whl (56 kB)
     ━━━━━━━━━━━━━━━━━━━━━━━━━━━━━━━━━━━━━━━━ 56.1/56.1 kB 16.3 MB/s eta 0:00:00
Collecting marshmallow<4.0.0,>=3.18.0
  Downloading marshmallow-3.19.0-py3-none-any.whl (49 kB)
     ━━━━━━━━━━━━━━━━━━━━━━━━━━━━━━━━━━━━━━━━ 49.1/49.1 kB 12.9 MB/s eta 0:00:00
Collecting typing-inspect<1,>=0.4.0
  Using cached typing_inspect-0.9.0-py3-none-any.whl (8.8 kB)
Collecting mdurl~=0.1
  Using cached mdurl-0.1.2-py3-none-any.whl (10.0 kB)
Collecting linkify-it-py<3,>=1
  Downloading linkify_it_py-2.0.3-py3-none-any.whl (19 kB)
Collecting six>=1.5
  Downloading six-1.16.0-py2.py3-none-any.whl (11 kB)
Collecting h11>=0.8
  Using cached h11-0.14.0-py3-none-any.whl (58 kB)
Collecting yarl<2.0,>=1.0
  Downloading yarl-1.9.4-cp37-cp37m-manylinux_2_17_x86_64.manylinux2014_x86_64.whl (289 kB)
     ━━━━━━━━━━━━━━━━━━━━━━━━━━━━━━━━━━━━━━ 289.8/289.8 kB 63.5 MB/s eta 0:00:00
Collecting async-timeout<5.0,>=4.0.0a3
  Downloading async_timeout-4.0.3-py3-none-any.whl (5.7 kB)
Collecting attrs>=17.3.0
  Downloading attrs-23.2.0-py3-none-any.whl (60 kB)
     ━━━━━━━━━━━━━━━━━━━━━━━━━━━━━━━━━━━━━━━━ 60.8/60.8 kB 16.4 MB/s eta 0:00:00
Collecting frozenlist>=1.1.1
  Downloading frozenlist-1.3.3-cp37-cp37m-manylinux_2_5_x86_64.manylinux1_x86_64.manylinux_2_17_x86_64.manylinux2014_x86_64.whl (148 kB)
     ━━━━━━━━━━━━━━━━━━━━━━━━━━━━━━━━━━━━━━ 148.0/148.0 kB 35.6 MB/s eta 0:00:00
Collecting multidict<7.0,>=4.5
  Downloading multidict-6.0.5-cp37-cp37m-manylinux_2_17_x86_64.manylinux2014_x86_64.whl (99 kB)
     ━━━━━━━━━━━━━━━━━━━━━━━━━━━━━━━━━━━━━━━━ 99.8/99.8 kB 25.9 MB/s eta 0:00:00
Collecting asynctest==0.13.0
  Downloading asynctest-0.13.0-py3-none-any.whl (26 kB)
Collecting aiosignal>=1.1.2
  Downloading aiosignal-1.3.1-py3-none-any.whl (7.6 kB)
Collecting charset-normalizer<4.0,>=2.0
  Downloading charset_normalizer-3.3.2-cp37-cp37m-manylinux_2_17_x86_64.manylinux2014_x86_64.whl (136 kB)
     ━━━━━━━━━━━━━━━━━━━━━━━━━━━━━━━━━━━━━━ 136.8/136.8 kB 37.6 MB/s eta 0:00:00
Collecting anyio<4.0.0,>=3.4.0
  Downloading anyio-3.7.1-py3-none-any.whl (80 kB)
     ━━━━━━━━━━━━━━━━━━━━━━━━━━━━━━━━━━━━━━━━ 80.9/80.9 kB 33.1 kB/s eta 0:00:00
Collecting wrapt<2,>=1.10
  Downloading wrapt-1.16.0-cp37-cp37m-manylinux_2_5_x86_64.manylinux1_x86_64.manylinux_2_17_x86_64.manylinux2014_x86_64.whl (77 kB)
     ━━━━━━━━━━━━━━━━━━━━━━━━━━━━━━━━━━━━━━━━ 77.5/77.5 kB 14.7 kB/s eta 0:00:00
Collecting starlette<0.28.0,>=0.27.0
  Downloading starlette-0.27.0-py3-none-any.whl (66 kB)
     ━━━━━━━━━━━━━━━━━━━━━━━━━━━━━━━━━━━━━━━━ 67.0/67.0 kB 13.3 kB/s eta 0:00:00
Collecting pydantic-core==2.14.6
  Downloading pydantic_core-2.14.6-cp37-cp37m-manylinux_2_17_x86_64.manylinux2014_x86_64.whl (2.1 MB)
     ━━━━━━━━━━━━━━━━━━━━━━━━━━━━━━━━━━━━━━━━ 2.1/2.1 MB 878.9 kB/s eta 0:00:00
Collecting annotated-types>=0.4.0
  Downloading annotated_types-0.5.0-py3-none-any.whl (11 kB)
Collecting idna
  Downloading idna-3.6-py3-none-any.whl (61 kB)
     ━━━━━━━━━━━━━━━━━━━━━━━━━━━━━━━━━━━━━━━━ 61.6/61.6 kB 22.3 kB/s eta 0:00:00
Collecting httpcore<0.18.0,>=0.15.0
  Downloading httpcore-0.17.3-py3-none-any.whl (74 kB)
     ━━━━━━━━━━━━━━━━━━━━━━━━━━━━━━━━━━━━━━━━ 74.5/74.5 kB 19.1 MB/s eta 0:00:00
Requirement already satisfied: certifi in /gpfs/home6/jhuizing/.conda/envs/dreamgaussian/lib/python3.7/site-packages (from httpx->gradio->-r requirements.txt (line 37)) (2022.12.7)
Collecting sniffio
  Downloading sniffio-1.3.1-py3-none-any.whl (10 kB)
Collecting PyWavelets
  Downloading PyWavelets-1.3.0-cp37-cp37m-manylinux_2_5_x86_64.manylinux1_x86_64.manylinux_2_12_x86_64.manylinux2010_x86_64.whl (6.4 MB)
     ━━━━━━━━━━━━━━━━━━━━━━━━━━━━━━━━━━━━━━━━ 6.4/6.4 MB 124.7 MB/s eta 0:00:00
Collecting zipp>=0.5
  Downloading zipp-3.15.0-py3-none-any.whl (6.8 kB)
Collecting protobuf
  Downloading protobuf-4.24.4-cp37-abi3-manylinux2014_x86_64.whl (311 kB)
     ━━━━━━━━━━━━━━━━━━━━━━━━━━━━━━━━━━━━━━ 311.6/311.6 kB 60.9 MB/s eta 0:00:00
Collecting coloredlogs
  Using cached coloredlogs-15.0.1-py2.py3-none-any.whl (46 kB)
Collecting sympy
  Downloading sympy-1.10.1-py3-none-any.whl (6.4 MB)
     ━━━━━━━━━━━━━━━━━━━━━━━━━━━━━━━━━━━━━━━━ 6.4/6.4 MB 138.9 MB/s eta 0:00:00
Collecting flatbuffers
  Using cached flatbuffers-24.3.25-py2.py3-none-any.whl (26 kB)
Collecting platformdirs>=2.5.0
  Downloading platformdirs-4.0.0-py3-none-any.whl (17 kB)
Collecting urllib3<3,>=1.21.1
  Downloading urllib3-2.0.7-py3-none-any.whl (124 kB)
     ━━━━━━━━━━━━━━━━━━━━━━━━━━━━━━━━━━━━━━ 124.2/124.2 kB 30.2 MB/s eta 0:00:00
Collecting numba!=0.49.0
  Downloading numba-0.56.4-cp37-cp37m-manylinux2014_x86_64.manylinux_2_17_x86_64.whl (3.5 MB)
     ━━━━━━━━━━━━━━━━━━━━━━━━━━━━━━━━━━━━━━━━ 3.5/3.5 MB 114.4 MB/s eta 0:00:00
Collecting networkx>=2.2
  Downloading networkx-2.6.3-py3-none-any.whl (1.9 MB)
     ━━━━━━━━━━━━━━━━━━━━━━━━━━━━━━━━━━━━━━━━ 1.9/1.9 MB 293.0 kB/s eta 0:00:00
Collecting tifffile>=2019.7.26
  Downloading tifffile-2021.11.2-py3-none-any.whl (178 kB)
     ━━━━━━━━━━━━━━━━━━━━━━━━━━━━━━━━━━━━━━ 178.9/178.9 kB 41.3 MB/s eta 0:00:00
Collecting exceptiongroup
  Downloading exceptiongroup-1.2.0-py3-none-any.whl (16 kB)
Collecting importlib-resources>=1.4.0
  Downloading importlib_resources-5.12.0-py3-none-any.whl (36 kB)
Collecting pyrsistent!=0.17.0,!=0.17.1,!=0.17.2,>=0.14.0
  Downloading pyrsistent-0.19.3-py3-none-any.whl (57 kB)
     ━━━━━━━━━━━━━━━━━━━━━━━━━━━━━━━━━━━━━━━━ 57.5/57.5 kB 16.7 MB/s eta 0:00:00
Collecting pkgutil-resolve-name>=1.3.10
  Downloading pkgutil_resolve_name-1.3.10-py3-none-any.whl (4.7 kB)
Collecting uc-micro-py
  Downloading uc_micro_py-1.0.3-py3-none-any.whl (6.2 kB)
Collecting llvmlite<0.40,>=0.39.0dev0
  Downloading llvmlite-0.39.1-cp37-cp37m-manylinux_2_17_x86_64.manylinux2014_x86_64.whl (34.6 MB)
     ━━━━━━━━━━━━━━━━━━━━━━━━━━━━━━━━━━━━━━━━ 34.6/34.6 MB 27.5 MB/s eta 0:00:00
Collecting mypy-extensions>=0.3.0
  Downloading mypy_extensions-1.0.0-py3-none-any.whl (4.7 kB)
Collecting humanfriendly>=9.1
  Using cached humanfriendly-10.0-py2.py3-none-any.whl (86 kB)
Collecting mpmath>=0.19
  Downloading mpmath-1.3.0-py3-none-any.whl (536 kB)
     ━━━━━━━━━━━━━━━━━━━━━━━━━━━━━━━━━━━━━━ 536.2/536.2 kB 87.0 MB/s eta 0:00:00
Building wheels for collected packages: antlr4-python3-runtime, pygltflib, PyMCubes, ffmpy
  Building wheel for antlr4-python3-runtime (setup.py): started
  Building wheel for antlr4-python3-runtime (setup.py): finished with status 'done'
  Created wheel for antlr4-python3-runtime: filename=antlr4_python3_runtime-4.9.3-py3-none-any.whl size=144554 sha256=40b3040e97b48de111f8e4c8795b3392c3051fd0a7f8147a2a47a93c1592f6e3
  Stored in directory: /gpfs/home6/jhuizing/.cache/pip/wheels/a9/8b/1f/b8233836d5798e3224c2442947e9639f220095de8bf46e800c
  Building wheel for pygltflib (setup.py): started
  Building wheel for pygltflib (setup.py): finished with status 'done'
  Created wheel for pygltflib: filename=pygltflib-1.16.2-py3-none-any.whl size=27302 sha256=ada39c3f9cac54fe5e02a55001678f246a1eb40b5d05bb8febced971e2ba6b3e
  Stored in directory: /gpfs/home6/jhuizing/.cache/pip/wheels/bc/c1/1a/b2be3718a4e225b86c24edb0389fe55591925a29eae87fdb8e
  Building wheel for PyMCubes (pyproject.toml): started
  Building wheel for PyMCubes (pyproject.toml): finished with status 'done'
  Created wheel for PyMCubes: filename=PyMCubes-0.1.4-cp37-cp37m-linux_x86_64.whl size=288988 sha256=64196d8888c107a915a3e9576802a774240ef1522fd09e8e5bcf9c00f90c3546
  Stored in directory: /gpfs/home6/jhuizing/.cache/pip/wheels/e1/2b/9a/223d3af44b1f382dc3cec1ce629370a26304e04525979c2fcc
  Building wheel for ffmpy (setup.py): started
  Building wheel for ffmpy (setup.py): finished with status 'done'
  Created wheel for ffmpy: filename=ffmpy-0.3.2-py3-none-any.whl size=5583 sha256=7f6d2e700f081e1a36bf3be2c7d5b18a7940ad26a8fd4b778c866aa7259e239a
  Stored in directory: /gpfs/home6/jhuizing/.cache/pip/wheels/04/8b/10/cb83c0160ec199bfe3364803050a86e2e5503cecace6058a9a
Successfully built antlr4-python3-runtime pygltflib PyMCubes ffmpy
Installing collected packages: tokenizers, pytz, pydub, ninja, mpmath, flatbuffers, filetype, ffmpy, antlr4-python3-runtime, zipp, wrapt, websockets, watchdog, urllib3, uc-micro-py, typing-extensions, tqdm, toolz, threadpoolctl, sympy, sniffio, six, semantic-version, safetensors, regex, PyYAML, python-multipart, pyrsistent, pyparsing, pygments, psutil, protobuf, pkgutil-resolve-name, pillow, packaging, orjson, nvidia-cuda-runtime-cu11, nvidia-cuda-nvrtc-cu11, nvidia-cublas-cu11, numpy, networkx, mypy-extensions, multidict, mdurl, markupsafe, llvmlite, joblib, imageio-ffmpeg, idna, humanfriendly, fsspec, frozenlist, fonttools, filelock, exceptiongroup, einops, dearpygui, cycler, charset-normalizer, asynctest, aiofiles, yarl, xatlas, typing-inspect, trimesh, tifffile, scipy, requests, PyWavelets, python-dateutil, pymeshlab, pydantic-core, plyfile, platformdirs, opencv-python-headless, opencv-python, omegaconf, nvidia-cudnn-cu11, marshmallow, markdown-it-py, linkify-it-py, kiwisolver, jinja2, importlib-resources, importlib-metadata, imageio, h11, deprecated, coloredlogs, async-timeout, anyio, annotated-types, aiosignal, torch, starlette, scikit-learn, scikit-image, rich, PyMCubes, pydantic, pooch, pandas, onnxruntime-gpu, onnxruntime, numba, mdit-py-plugins, matplotlib, imagehash, huggingface_hub, httpcore, dataclasses-json, click, attrs, asyncer, uvicorn, transformers, pymatting, pygltflib, jsonschema, httpx, fastapi, diffusers, aiohttp, accelerate, gradio-client, altair, gradio, rembg
Successfully installed PyMCubes-0.1.4 PyWavelets-1.3.0 PyYAML-6.0.1 accelerate-0.20.3 aiofiles-23.2.1 aiohttp-3.8.6 aiosignal-1.3.1 altair-5.0.1 annotated-types-0.5.0 antlr4-python3-runtime-4.9.3 anyio-3.7.1 async-timeout-4.0.3 asyncer-0.0.2 asynctest-0.13.0 attrs-23.2.0 charset-normalizer-3.3.2 click-8.1.7 coloredlogs-15.0.1 cycler-0.11.0 dataclasses-json-0.6.4 dearpygui-1.10.1 deprecated-1.2.14 diffusers-0.21.4 einops-0.6.1 exceptiongroup-1.2.0 fastapi-0.103.2 ffmpy-0.3.2 filelock-3.12.2 filetype-1.2.0 flatbuffers-24.3.25 fonttools-4.38.0 frozenlist-1.3.3 fsspec-2023.1.0 gradio-3.34.0 gradio-client-0.2.6 h11-0.14.0 httpcore-0.17.3 httpx-0.24.1 huggingface_hub-0.16.4 humanfriendly-10.0 idna-3.6 imagehash-4.3.1 imageio-2.31.2 imageio-ffmpeg-0.4.9 importlib-metadata-6.7.0 importlib-resources-5.12.0 jinja2-3.1.3 joblib-1.3.2 jsonschema-4.17.3 kiwisolver-1.4.5 linkify-it-py-2.0.3 llvmlite-0.39.1 markdown-it-py-2.2.0 markupsafe-2.1.5 marshmallow-3.19.0 matplotlib-3.5.3 mdit-py-plugins-0.3.3 mdurl-0.1.2 mpmath-1.3.0 multidict-6.0.5 mypy-extensions-1.0.0 networkx-2.6.3 ninja-1.11.1.1 numba-0.56.4 numpy-1.21.6 nvidia-cublas-cu11-11.10.3.66 nvidia-cuda-nvrtc-cu11-11.7.99 nvidia-cuda-runtime-cu11-11.7.99 nvidia-cudnn-cu11-8.5.0.96 omegaconf-2.3.0 onnxruntime-1.14.1 onnxruntime-gpu-1.14.1 opencv-python-4.9.0.80 opencv-python-headless-4.9.0.80 orjson-3.9.7 packaging-24.0 pandas-1.3.5 pillow-9.5.0 pkgutil-resolve-name-1.3.10 platformdirs-4.0.0 plyfile-0.9 pooch-1.8.1 protobuf-4.24.4 psutil-5.9.8 pydantic-2.5.3 pydantic-core-2.14.6 pydub-0.25.1 pygltflib-1.16.2 pygments-2.17.2 pymatting-1.1.12 pymeshlab-2022.2.post3 pyparsing-3.1.2 pyrsistent-0.19.3 python-dateutil-2.9.0.post0 python-multipart-0.0.8 pytz-2024.1 regex-2023.12.25 rembg-2.0.40 requests-2.31.0 rich-13.7.1 safetensors-0.4.2 scikit-image-0.19.3 scikit-learn-1.0.2 scipy-1.7.3 semantic-version-2.10.0 six-1.16.0 sniffio-1.3.1 starlette-0.27.0 sympy-1.10.1 threadpoolctl-3.1.0 tifffile-2021.11.2 tokenizers-0.13.3 toolz-0.12.1 torch-1.13.1 tqdm-4.66.2 transformers-4.30.2 trimesh-4.3.0 typing-extensions-4.7.1 typing-inspect-0.9.0 uc-micro-py-1.0.3 urllib3-2.0.7 uvicorn-0.22.0 watchdog-3.0.0 websockets-11.0.3 wrapt-1.16.0 xatlas-0.0.9 yarl-1.9.4 zipp-3.15.0
WARNING: There was an error checking the latest version of pip.
fatal: destination path 'diff-gaussian-rasterization' already exists and is not an empty directory.
Processing ./diff-gaussian-rasterization
  Preparing metadata (setup.py): started
  Preparing metadata (setup.py): finished with status 'done'
Building wheels for collected packages: diff-gaussian-rasterization
  Building wheel for diff-gaussian-rasterization (setup.py): started
  Building wheel for diff-gaussian-rasterization (setup.py): finished with status 'done'
  Created wheel for diff-gaussian-rasterization: filename=diff_gaussian_rasterization-0.0.0-cp37-cp37m-linux_x86_64.whl size=3047777 sha256=d9e01e6edcb1e2d1f0d27c018238435c416ff3d9cb7958d83585c3993ccd734f
  Stored in directory: /gpfs/home6/jhuizing/.cache/pip/wheels/17/d5/fa/0dcdf1e8536b96584277fd346d34dc155b07c7ef5190782ac1
Successfully built diff-gaussian-rasterization
Installing collected packages: diff-gaussian-rasterization
Successfully installed diff-gaussian-rasterization-0.0.0
WARNING: There was an error checking the latest version of pip.
Processing ./simple-knn
  Preparing metadata (setup.py): started
  Preparing metadata (setup.py): finished with status 'done'
Building wheels for collected packages: simple-knn
  Building wheel for simple-knn (setup.py): started
  Building wheel for simple-knn (setup.py): finished with status 'done'
  Created wheel for simple-knn: filename=simple_knn-0.0.0-cp37-cp37m-linux_x86_64.whl size=2949155 sha256=de798a5f56cd685bd177323cc7d18be51c8ed1de2e58ae31ab6cc681d2d2913c
  Stored in directory: /gpfs/home6/jhuizing/.cache/pip/wheels/3b/0f/2d/746730cb878ad3a5438b53ca72580a7f0814f2b6a04291eef7
Successfully built simple-knn
Installing collected packages: simple-knn
Successfully installed simple-knn-0.0.0
WARNING: There was an error checking the latest version of pip.
Collecting git+https://github.com/NVlabs/nvdiffrast/
  Cloning https://github.com/NVlabs/nvdiffrast/ to /gpfs/scratch1/nodespecific/gcn23/jhuizing.5839626/pip-req-build-5w2gbcqn
  Running command git clone --filter=blob:none --quiet https://github.com/NVlabs/nvdiffrast/ /gpfs/scratch1/nodespecific/gcn23/jhuizing.5839626/pip-req-build-5w2gbcqn
  Resolved https://github.com/NVlabs/nvdiffrast/ to commit c5caf7bdb8a2448acc491a9faa47753972edd380
  Preparing metadata (setup.py): started
  Preparing metadata (setup.py): finished with status 'done'
Requirement already satisfied: numpy in /gpfs/home6/jhuizing/.conda/envs/dreamgaussian/lib/python3.7/site-packages (from nvdiffrast==0.3.1) (1.21.6)
Building wheels for collected packages: nvdiffrast
  Building wheel for nvdiffrast (setup.py): started
  Building wheel for nvdiffrast (setup.py): finished with status 'done'
  Created wheel for nvdiffrast: filename=nvdiffrast-0.3.1-py3-none-any.whl size=137847 sha256=297a49d5c3821302185359314ef4ed61d48b1aac6c9a6c1e31725df8a7ad992f
  Stored in directory: /gpfs/scratch1/nodespecific/gcn23/jhuizing.5839626/pip-ephem-wheel-cache-sk32jm1v/wheels/03/16/0a/c5fbe197e3519adf568dd98719becee0fc7999e1787ffdf688
Successfully built nvdiffrast
Installing collected packages: nvdiffrast
Successfully installed nvdiffrast-0.3.1
WARNING: There was an error checking the latest version of pip.
Collecting git+https://github.com/ashawkey/kiuikit
  Cloning https://github.com/ashawkey/kiuikit to /gpfs/scratch1/nodespecific/gcn23/jhuizing.5839626/pip-req-build-exbi3zq0
  Running command git clone --filter=blob:none --quiet https://github.com/ashawkey/kiuikit /gpfs/scratch1/nodespecific/gcn23/jhuizing.5839626/pip-req-build-exbi3zq0
  Resolved https://github.com/ashawkey/kiuikit to commit e40f20ce1bbce62317a75afaeb132c5a7a18e34a
  Preparing metadata (setup.py): started
  Preparing metadata (setup.py): finished with status 'done'
Collecting lazy_loader
  Using cached lazy_loader-0.4-py3-none-any.whl (12 kB)
Collecting varname
  Downloading varname-0.10.0-py3-none-any.whl (22 kB)
Collecting objprint
  Using cached objprint-0.2.3-py3-none-any.whl (39 kB)
Requirement already satisfied: packaging in /gpfs/home6/jhuizing/.conda/envs/dreamgaussian/lib/python3.7/site-packages (from lazy_loader->kiui==0.2.7) (24.0)
Requirement already satisfied: importlib-metadata in /gpfs/home6/jhuizing/.conda/envs/dreamgaussian/lib/python3.7/site-packages (from lazy_loader->kiui==0.2.7) (6.7.0)
Collecting executing<2.0,>=1.1
  Downloading executing-1.2.0-py2.py3-none-any.whl (24 kB)
Requirement already satisfied: typing-extensions>=3.6.4 in /gpfs/home6/jhuizing/.conda/envs/dreamgaussian/lib/python3.7/site-packages (from importlib-metadata->lazy_loader->kiui==0.2.7) (4.7.1)
Requirement already satisfied: zipp>=0.5 in /gpfs/home6/jhuizing/.conda/envs/dreamgaussian/lib/python3.7/site-packages (from importlib-metadata->lazy_loader->kiui==0.2.7) (3.15.0)
Building wheels for collected packages: kiui
  Building wheel for kiui (setup.py): started
  Building wheel for kiui (setup.py): finished with status 'done'
  Created wheel for kiui: filename=kiui-0.2.7-py3-none-any.whl size=3080306 sha256=37d3c0db98fccd0263afb3b6f40f5b87053a3e1a466545a458ee7f756e97a1bd
  Stored in directory: /gpfs/scratch1/nodespecific/gcn23/jhuizing.5839626/pip-ephem-wheel-cache-93swkr48/wheels/fe/3d/7c/915284c237bcef04b4b348bc95e8d51488efc099c22eb7b44c
Successfully built kiui
Installing collected packages: executing, varname, objprint, lazy_loader, kiui
Successfully installed executing-1.2.0 kiui-0.2.7 lazy_loader-0.4 objprint-0.2.3 varname-0.10.0
WARNING: There was an error checking the latest version of pip.
Collecting git+https://github.com/bytedance/MVDream
  Cloning https://github.com/bytedance/MVDream to /gpfs/scratch1/nodespecific/gcn23/jhuizing.5839626/pip-req-build-f98nbue6
  Running command git clone --filter=blob:none --quiet https://github.com/bytedance/MVDream /gpfs/scratch1/nodespecific/gcn23/jhuizing.5839626/pip-req-build-f98nbue6
  Resolved https://github.com/bytedance/MVDream to commit 618f84476c88e04adaf588133be2830142b9956d
  Preparing metadata (setup.py): started
  Preparing metadata (setup.py): finished with status 'done'
Requirement already satisfied: torch in /gpfs/home6/jhuizing/.conda/envs/dreamgaussian/lib/python3.7/site-packages (from mvdream==0.0.1) (1.13.1)
Requirement already satisfied: numpy in /gpfs/home6/jhuizing/.conda/envs/dreamgaussian/lib/python3.7/site-packages (from mvdream==0.0.1) (1.21.6)
Requirement already satisfied: tqdm in /gpfs/home6/jhuizing/.conda/envs/dreamgaussian/lib/python3.7/site-packages (from mvdream==0.0.1) (4.66.2)
Requirement already satisfied: omegaconf in /gpfs/home6/jhuizing/.conda/envs/dreamgaussian/lib/python3.7/site-packages (from mvdream==0.0.1) (2.3.0)
Requirement already satisfied: einops in /gpfs/home6/jhuizing/.conda/envs/dreamgaussian/lib/python3.7/site-packages (from mvdream==0.0.1) (0.6.1)
Requirement already satisfied: huggingface_hub in /gpfs/home6/jhuizing/.conda/envs/dreamgaussian/lib/python3.7/site-packages (from mvdream==0.0.1) (0.16.4)
Requirement already satisfied: transformers in /gpfs/home6/jhuizing/.conda/envs/dreamgaussian/lib/python3.7/site-packages (from mvdream==0.0.1) (4.30.2)
Collecting open-clip-torch
  Using cached open_clip_torch-2.24.0-py3-none-any.whl (1.5 MB)
Requirement already satisfied: filelock in /gpfs/home6/jhuizing/.conda/envs/dreamgaussian/lib/python3.7/site-packages (from huggingface_hub->mvdream==0.0.1) (3.12.2)
Requirement already satisfied: importlib-metadata in /gpfs/home6/jhuizing/.conda/envs/dreamgaussian/lib/python3.7/site-packages (from huggingface_hub->mvdream==0.0.1) (6.7.0)
Requirement already satisfied: fsspec in /gpfs/home6/jhuizing/.conda/envs/dreamgaussian/lib/python3.7/site-packages (from huggingface_hub->mvdream==0.0.1) (2023.1.0)
Requirement already satisfied: typing-extensions>=3.7.4.3 in /gpfs/home6/jhuizing/.conda/envs/dreamgaussian/lib/python3.7/site-packages (from huggingface_hub->mvdream==0.0.1) (4.7.1)
Requirement already satisfied: requests in /gpfs/home6/jhuizing/.conda/envs/dreamgaussian/lib/python3.7/site-packages (from huggingface_hub->mvdream==0.0.1) (2.31.0)
Requirement already satisfied: pyyaml>=5.1 in /gpfs/home6/jhuizing/.conda/envs/dreamgaussian/lib/python3.7/site-packages (from huggingface_hub->mvdream==0.0.1) (6.0.1)
Requirement already satisfied: packaging>=20.9 in /gpfs/home6/jhuizing/.conda/envs/dreamgaussian/lib/python3.7/site-packages (from huggingface_hub->mvdream==0.0.1) (24.0)
Requirement already satisfied: antlr4-python3-runtime==4.9.* in /gpfs/home6/jhuizing/.conda/envs/dreamgaussian/lib/python3.7/site-packages (from omegaconf->mvdream==0.0.1) (4.9.3)
Collecting sentencepiece
  Downloading sentencepiece-0.2.0-cp37-cp37m-manylinux_2_17_x86_64.manylinux2014_x86_64.whl (1.3 MB)
     ━━━━━━━━━━━━━━━━━━━━━━━━━━━━━━━━━━━━━━━━ 1.3/1.3 MB 393.5 kB/s eta 0:00:00
Collecting timm
  Downloading timm-0.9.12-py3-none-any.whl (2.2 MB)
     ━━━━━━━━━━━━━━━━━━━━━━━━━━━━━━━━━━━━━━━━ 2.2/2.2 MB 107.9 MB/s eta 0:00:00
Collecting ftfy
  Downloading ftfy-6.1.1-py3-none-any.whl (53 kB)
     ━━━━━━━━━━━━━━━━━━━━━━━━━━━━━━━━━━━━━━━━ 53.1/53.1 kB 14.9 MB/s eta 0:00:00
Requirement already satisfied: regex in /gpfs/home6/jhuizing/.conda/envs/dreamgaussian/lib/python3.7/site-packages (from open-clip-torch->mvdream==0.0.1) (2023.12.25)
Requirement already satisfied: protobuf in /gpfs/home6/jhuizing/.conda/envs/dreamgaussian/lib/python3.7/site-packages (from open-clip-torch->mvdream==0.0.1) (4.24.4)
Collecting torchvision
  Downloading torchvision-0.14.1-cp37-cp37m-manylinux1_x86_64.whl (24.2 MB)
     ━━━━━━━━━━━━━━━━━━━━━━━━━━━━━━━━━━━━━━━━ 24.2/24.2 MB 44.3 MB/s eta 0:00:00
Requirement already satisfied: nvidia-cuda-nvrtc-cu11==11.7.99 in /gpfs/home6/jhuizing/.conda/envs/dreamgaussian/lib/python3.7/site-packages (from torch->mvdream==0.0.1) (11.7.99)
Requirement already satisfied: nvidia-cudnn-cu11==8.5.0.96 in /gpfs/home6/jhuizing/.conda/envs/dreamgaussian/lib/python3.7/site-packages (from torch->mvdream==0.0.1) (8.5.0.96)
Requirement already satisfied: nvidia-cuda-runtime-cu11==11.7.99 in /gpfs/home6/jhuizing/.conda/envs/dreamgaussian/lib/python3.7/site-packages (from torch->mvdream==0.0.1) (11.7.99)
Requirement already satisfied: nvidia-cublas-cu11==11.10.3.66 in /gpfs/home6/jhuizing/.conda/envs/dreamgaussian/lib/python3.7/site-packages (from torch->mvdream==0.0.1) (11.10.3.66)
Requirement already satisfied: wheel in /gpfs/home6/jhuizing/.conda/envs/dreamgaussian/lib/python3.7/site-packages (from nvidia-cublas-cu11==11.10.3.66->torch->mvdream==0.0.1) (0.38.4)
Requirement already satisfied: setuptools in /gpfs/home6/jhuizing/.conda/envs/dreamgaussian/lib/python3.7/site-packages (from nvidia-cublas-cu11==11.10.3.66->torch->mvdream==0.0.1) (65.6.3)
Requirement already satisfied: tokenizers!=0.11.3,<0.14,>=0.11.1 in /gpfs/home6/jhuizing/.conda/envs/dreamgaussian/lib/python3.7/site-packages (from transformers->mvdream==0.0.1) (0.13.3)
Requirement already satisfied: safetensors>=0.3.1 in /gpfs/home6/jhuizing/.conda/envs/dreamgaussian/lib/python3.7/site-packages (from transformers->mvdream==0.0.1) (0.4.2)
Collecting wcwidth>=0.2.5
  Using cached wcwidth-0.2.13-py2.py3-none-any.whl (34 kB)
Requirement already satisfied: zipp>=0.5 in /gpfs/home6/jhuizing/.conda/envs/dreamgaussian/lib/python3.7/site-packages (from importlib-metadata->huggingface_hub->mvdream==0.0.1) (3.15.0)
Requirement already satisfied: certifi>=2017.4.17 in /gpfs/home6/jhuizing/.conda/envs/dreamgaussian/lib/python3.7/site-packages (from requests->huggingface_hub->mvdream==0.0.1) (2022.12.7)
Requirement already satisfied: charset-normalizer<4,>=2 in /gpfs/home6/jhuizing/.conda/envs/dreamgaussian/lib/python3.7/site-packages (from requests->huggingface_hub->mvdream==0.0.1) (3.3.2)
Requirement already satisfied: idna<4,>=2.5 in /gpfs/home6/jhuizing/.conda/envs/dreamgaussian/lib/python3.7/site-packages (from requests->huggingface_hub->mvdream==0.0.1) (3.6)
Requirement already satisfied: urllib3<3,>=1.21.1 in /gpfs/home6/jhuizing/.conda/envs/dreamgaussian/lib/python3.7/site-packages (from requests->huggingface_hub->mvdream==0.0.1) (2.0.7)
Requirement already satisfied: pillow!=8.3.*,>=5.3.0 in /gpfs/home6/jhuizing/.conda/envs/dreamgaussian/lib/python3.7/site-packages (from torchvision->open-clip-torch->mvdream==0.0.1) (9.5.0)
Building wheels for collected packages: mvdream
  Building wheel for mvdream (setup.py): started
  Building wheel for mvdream (setup.py): finished with status 'done'
  Created wheel for mvdream: filename=mvdream-0.0.1-py3-none-any.whl size=40718 sha256=55f37756d5ab9f4db21a76a36a81a5db17d72cc44b40ad687796386225f86734
  Stored in directory: /gpfs/scratch1/nodespecific/gcn23/jhuizing.5839626/pip-ephem-wheel-cache-5nincuxi/wheels/bf/89/e3/40f571ee7da90460550c5019184d08ddb0ee40bcf167f2585d
Successfully built mvdream
Installing collected packages: wcwidth, sentencepiece, ftfy, torchvision, timm, open-clip-torch, mvdream
Successfully installed ftfy-6.1.1 mvdream-0.0.1 open-clip-torch-2.24.0 sentencepiece-0.2.0 timm-0.9.12 torchvision-0.14.1 wcwidth-0.2.13
WARNING: There was an error checking the latest version of pip.
Collecting git+https://github.com/bytedance/ImageDream/#subdirectory=extern/ImageDream
  Cloning https://github.com/bytedance/ImageDream/ to /gpfs/scratch1/nodespecific/gcn23/jhuizing.5839626/pip-req-build-46b0g6ce
  Running command git clone --filter=blob:none --quiet https://github.com/bytedance/ImageDream/ /gpfs/scratch1/nodespecific/gcn23/jhuizing.5839626/pip-req-build-46b0g6ce
  Resolved https://github.com/bytedance/ImageDream/ to commit 26c3972e586f0c8d2f6c6b297aa9d792d06abebb
  Preparing metadata (setup.py): started
  Preparing metadata (setup.py): finished with status 'done'
Requirement already satisfied: torch in /gpfs/home6/jhuizing/.conda/envs/dreamgaussian/lib/python3.7/site-packages (from imagedream==0.0.1) (1.13.1)
Requirement already satisfied: numpy in /gpfs/home6/jhuizing/.conda/envs/dreamgaussian/lib/python3.7/site-packages (from imagedream==0.0.1) (1.21.6)
Requirement already satisfied: tqdm in /gpfs/home6/jhuizing/.conda/envs/dreamgaussian/lib/python3.7/site-packages (from imagedream==0.0.1) (4.66.2)
Requirement already satisfied: omegaconf in /gpfs/home6/jhuizing/.conda/envs/dreamgaussian/lib/python3.7/site-packages (from imagedream==0.0.1) (2.3.0)
Requirement already satisfied: einops in /gpfs/home6/jhuizing/.conda/envs/dreamgaussian/lib/python3.7/site-packages (from imagedream==0.0.1) (0.6.1)
Requirement already satisfied: huggingface_hub in /gpfs/home6/jhuizing/.conda/envs/dreamgaussian/lib/python3.7/site-packages (from imagedream==0.0.1) (0.16.4)
Requirement already satisfied: transformers in /gpfs/home6/jhuizing/.conda/envs/dreamgaussian/lib/python3.7/site-packages (from imagedream==0.0.1) (4.30.2)
Requirement already satisfied: open-clip-torch in /gpfs/home6/jhuizing/.conda/envs/dreamgaussian/lib/python3.7/site-packages (from imagedream==0.0.1) (2.24.0)
Requirement already satisfied: fsspec in /gpfs/home6/jhuizing/.conda/envs/dreamgaussian/lib/python3.7/site-packages (from huggingface_hub->imagedream==0.0.1) (2023.1.0)
Requirement already satisfied: requests in /gpfs/home6/jhuizing/.conda/envs/dreamgaussian/lib/python3.7/site-packages (from huggingface_hub->imagedream==0.0.1) (2.31.0)
Requirement already satisfied: typing-extensions>=3.7.4.3 in /gpfs/home6/jhuizing/.conda/envs/dreamgaussian/lib/python3.7/site-packages (from huggingface_hub->imagedream==0.0.1) (4.7.1)
Requirement already satisfied: pyyaml>=5.1 in /gpfs/home6/jhuizing/.conda/envs/dreamgaussian/lib/python3.7/site-packages (from huggingface_hub->imagedream==0.0.1) (6.0.1)
Requirement already satisfied: importlib-metadata in /gpfs/home6/jhuizing/.conda/envs/dreamgaussian/lib/python3.7/site-packages (from huggingface_hub->imagedream==0.0.1) (6.7.0)
Requirement already satisfied: packaging>=20.9 in /gpfs/home6/jhuizing/.conda/envs/dreamgaussian/lib/python3.7/site-packages (from huggingface_hub->imagedream==0.0.1) (24.0)
Requirement already satisfied: filelock in /gpfs/home6/jhuizing/.conda/envs/dreamgaussian/lib/python3.7/site-packages (from huggingface_hub->imagedream==0.0.1) (3.12.2)
Requirement already satisfied: antlr4-python3-runtime==4.9.* in /gpfs/home6/jhuizing/.conda/envs/dreamgaussian/lib/python3.7/site-packages (from omegaconf->imagedream==0.0.1) (4.9.3)
Requirement already satisfied: protobuf in /gpfs/home6/jhuizing/.conda/envs/dreamgaussian/lib/python3.7/site-packages (from open-clip-torch->imagedream==0.0.1) (4.24.4)
Requirement already satisfied: timm in /gpfs/home6/jhuizing/.conda/envs/dreamgaussian/lib/python3.7/site-packages (from open-clip-torch->imagedream==0.0.1) (0.9.12)
Requirement already satisfied: torchvision in /gpfs/home6/jhuizing/.conda/envs/dreamgaussian/lib/python3.7/site-packages (from open-clip-torch->imagedream==0.0.1) (0.14.1)
Requirement already satisfied: regex in /gpfs/home6/jhuizing/.conda/envs/dreamgaussian/lib/python3.7/site-packages (from open-clip-torch->imagedream==0.0.1) (2023.12.25)
Requirement already satisfied: sentencepiece in /gpfs/home6/jhuizing/.conda/envs/dreamgaussian/lib/python3.7/site-packages (from open-clip-torch->imagedream==0.0.1) (0.2.0)
Requirement already satisfied: ftfy in /gpfs/home6/jhuizing/.conda/envs/dreamgaussian/lib/python3.7/site-packages (from open-clip-torch->imagedream==0.0.1) (6.1.1)
Requirement already satisfied: nvidia-cuda-nvrtc-cu11==11.7.99 in /gpfs/home6/jhuizing/.conda/envs/dreamgaussian/lib/python3.7/site-packages (from torch->imagedream==0.0.1) (11.7.99)
Requirement already satisfied: nvidia-cuda-runtime-cu11==11.7.99 in /gpfs/home6/jhuizing/.conda/envs/dreamgaussian/lib/python3.7/site-packages (from torch->imagedream==0.0.1) (11.7.99)
Requirement already satisfied: nvidia-cublas-cu11==11.10.3.66 in /gpfs/home6/jhuizing/.conda/envs/dreamgaussian/lib/python3.7/site-packages (from torch->imagedream==0.0.1) (11.10.3.66)
Requirement already satisfied: nvidia-cudnn-cu11==8.5.0.96 in /gpfs/home6/jhuizing/.conda/envs/dreamgaussian/lib/python3.7/site-packages (from torch->imagedream==0.0.1) (8.5.0.96)
Requirement already satisfied: wheel in /gpfs/home6/jhuizing/.conda/envs/dreamgaussian/lib/python3.7/site-packages (from nvidia-cublas-cu11==11.10.3.66->torch->imagedream==0.0.1) (0.38.4)
Requirement already satisfied: setuptools in /gpfs/home6/jhuizing/.conda/envs/dreamgaussian/lib/python3.7/site-packages (from nvidia-cublas-cu11==11.10.3.66->torch->imagedream==0.0.1) (65.6.3)
Requirement already satisfied: tokenizers!=0.11.3,<0.14,>=0.11.1 in /gpfs/home6/jhuizing/.conda/envs/dreamgaussian/lib/python3.7/site-packages (from transformers->imagedream==0.0.1) (0.13.3)
Requirement already satisfied: safetensors>=0.3.1 in /gpfs/home6/jhuizing/.conda/envs/dreamgaussian/lib/python3.7/site-packages (from transformers->imagedream==0.0.1) (0.4.2)
Requirement already satisfied: wcwidth>=0.2.5 in /gpfs/home6/jhuizing/.conda/envs/dreamgaussian/lib/python3.7/site-packages (from ftfy->open-clip-torch->imagedream==0.0.1) (0.2.13)
Requirement already satisfied: zipp>=0.5 in /gpfs/home6/jhuizing/.conda/envs/dreamgaussian/lib/python3.7/site-packages (from importlib-metadata->huggingface_hub->imagedream==0.0.1) (3.15.0)
Requirement already satisfied: urllib3<3,>=1.21.1 in /gpfs/home6/jhuizing/.conda/envs/dreamgaussian/lib/python3.7/site-packages (from requests->huggingface_hub->imagedream==0.0.1) (2.0.7)
Requirement already satisfied: charset-normalizer<4,>=2 in /gpfs/home6/jhuizing/.conda/envs/dreamgaussian/lib/python3.7/site-packages (from requests->huggingface_hub->imagedream==0.0.1) (3.3.2)
Requirement already satisfied: certifi>=2017.4.17 in /gpfs/home6/jhuizing/.conda/envs/dreamgaussian/lib/python3.7/site-packages (from requests->huggingface_hub->imagedream==0.0.1) (2022.12.7)
Requirement already satisfied: idna<4,>=2.5 in /gpfs/home6/jhuizing/.conda/envs/dreamgaussian/lib/python3.7/site-packages (from requests->huggingface_hub->imagedream==0.0.1) (3.6)
Requirement already satisfied: pillow!=8.3.*,>=5.3.0 in /gpfs/home6/jhuizing/.conda/envs/dreamgaussian/lib/python3.7/site-packages (from torchvision->open-clip-torch->imagedream==0.0.1) (9.5.0)
Building wheels for collected packages: imagedream
  Building wheel for imagedream (setup.py): started
  Building wheel for imagedream (setup.py): finished with status 'done'
  Created wheel for imagedream: filename=imagedream-0.0.1-py3-none-any.whl size=44637 sha256=30c144fdaea4d170565010b74ad90a0b7e102fb39cf325ecf2ff3486b273b045
  Stored in directory: /gpfs/scratch1/nodespecific/gcn23/jhuizing.5839626/pip-ephem-wheel-cache-mru2nc82/wheels/b3/c0/c0/15a282895b5f58497d6ef7f9fd2577ea2aa3e907a11d180c6f
Successfully built imagedream
Installing collected packages: imagedream
Successfully installed imagedream-0.0.1
WARNING: There was an error checking the latest version of pip.

JOB STATISTICS
==============
Job ID: 5839626
Cluster: snellius
User/Group: jhuizing/jhuizing
State: COMPLETED (exit code 0)
Nodes: 1
Cores per node: 18
CPU Utilized: 00:05:38
CPU Efficiency: 0.49% of 19:00:36 core-walltime
Job Wall-clock time: 01:03:22
Memory Utilized: 3.89 GB
Memory Efficiency: 3.24% of 120.00 GB
