============================================================================================== 
Warning! Mixing Conda and module environments may lead to corruption of the
user environment. 
We do not recommend users mixing those two environments unless absolutely
necessary. Note that 
SURF does not provide any support for Conda environment.
For more information, please refer to our software policy page:
https://servicedesk.surf.nl/wiki/display/WIKI/Software+policy+Snellius#SoftwarepolicySnellius-UseofAnacondaandMinicondaenvironmentsonSnellius 

Remember that many packages have already been installed on the system and can
be loaded using 
the 'module load <package__name>' command. If you are uncertain if a package is
already available 
on the system, please use 'module avail' or 'module spider' to search for it.
============================================================================================== 
Already up to date.
[INFO] Loading configuration...
[INFO] ✅ Configuration loaded.
[INFO] Loading paths...
[INFO] ✅ Paths loaded.
[INFO] Creating paths if they don't exist...
[INFO] ✅ Paths created.
[INFO] Initializing preprocessing pipeline...
[INFO] Running preprocessing pipeline...
[INFO] ✅ Preprocessing pipeline complete.
[INFO] Running DreamGaussian pipeline...
[ERROR] ❌ Subprocess error with non-zero exit status 1
[ERROR] Standard output of the subprocess: [INFO] load image from results/preprocessing/blueberry_rgba.png...
Number of points at initialisation :  5000
[INFO] loading zero123...
[INFO] loaded zero123!
Elongation ratios histogram saved to visualization_plots_with_reasonable_reg/elongation_ratios_histogram.png

[ERROR] Standard error of the subprocess: Keyword arguments {'trust_remote_code': True} are not expected by Zero123Pipeline and will be ignored.

Loading pipeline components...:   0%|          | 0/6 [00:00<?, ?it/s]
Loading pipeline components...:  17%|█▋        | 1/6 [00:00<00:02,  1.74it/s]
Loading pipeline components...:  33%|███▎      | 2/6 [00:01<00:02,  1.42it/s]
Loading pipeline components...: 100%|██████████| 6/6 [00:01<00:00,  4.99it/s]
Loading pipeline components...: 100%|██████████| 6/6 [00:01<00:00,  3.82it/s]

  0%|          | 0/500 [00:00<?, ?it/s]
  0%|          | 1/500 [00:00<06:30,  1.28it/s]
  1%|          | 3/500 [00:00<02:02,  4.06it/s]
  1%|          | 5/500 [00:01<01:13,  6.70it/s]
  1%|▏         | 7/500 [00:01<00:54,  9.08it/s]
  2%|▏         | 9/500 [00:01<00:44, 11.11it/s]
  2%|▏         | 11/500 [00:01<00:38, 12.76it/s]
  3%|▎         | 13/500 [00:01<00:34, 14.07it/s]
  3%|▎         | 15/500 [00:01<00:32, 15.05it/s]
  3%|▎         | 17/500 [00:01<00:30, 15.78it/s]
  4%|▍         | 19/500 [00:01<00:29, 16.32it/s]
  4%|▍         | 21/500 [00:01<00:28, 16.70it/s]
  5%|▍         | 23/500 [00:02<00:28, 16.99it/s]
  5%|▌         | 25/500 [00:02<00:27, 17.20it/s]
  5%|▌         | 27/500 [00:02<00:27, 17.35it/s]
  6%|▌         | 29/500 [00:02<00:27, 17.42it/s]
  6%|▌         | 31/500 [00:02<00:26, 17.48it/s]
  7%|▋         | 33/500 [00:02<00:26, 17.45it/s]
  7%|▋         | 35/500 [00:02<00:26, 17.48it/s]
  7%|▋         | 37/500 [00:02<00:26, 17.53it/s]
  8%|▊         | 39/500 [00:02<00:26, 17.57it/s]
  8%|▊         | 41/500 [00:03<00:26, 17.60it/s]
  9%|▊         | 43/500 [00:03<00:25, 17.63it/s]
  9%|▉         | 45/500 [00:03<00:25, 17.65it/s]
  9%|▉         | 47/500 [00:03<00:25, 17.66it/s]
 10%|▉         | 49/500 [00:03<00:25, 17.67it/s]
 10%|█         | 51/500 [00:03<00:25, 17.68it/s]
 11%|█         | 53/500 [00:03<00:25, 17.68it/s]
 11%|█         | 55/500 [00:03<00:25, 17.68it/s]
 11%|█▏        | 57/500 [00:03<00:25, 17.68it/s]
 12%|█▏        | 59/500 [00:04<00:25, 17.55it/s]
 12%|█▏        | 61/500 [00:04<00:25, 17.47it/s]
 13%|█▎        | 63/500 [00:04<00:25, 17.46it/s]
 13%|█▎        | 65/500 [00:04<00:24, 17.49it/s]
 13%|█▎        | 67/500 [00:04<00:24, 17.51it/s]
 14%|█▍        | 69/500 [00:04<00:24, 17.56it/s]
 14%|█▍        | 71/500 [00:04<00:24, 17.59it/s]
 15%|█▍        | 73/500 [00:04<00:24, 17.61it/s]
 15%|█▌        | 75/500 [00:04<00:24, 17.63it/s]
 15%|█▌        | 77/500 [00:05<00:23, 17.64it/s]
 16%|█▌        | 79/500 [00:05<00:23, 17.66it/s]
 16%|█▌        | 81/500 [00:05<00:23, 17.67it/s]
 17%|█▋        | 83/500 [00:05<00:23, 17.68it/s]
 17%|█▋        | 85/500 [00:05<00:23, 17.69it/s]
 17%|█▋        | 87/500 [00:05<00:23, 17.70it/s]
 18%|█▊        | 89/500 [00:05<00:23, 17.70it/s]
 18%|█▊        | 91/500 [00:05<00:23, 17.70it/s]
 19%|█▊        | 93/500 [00:06<00:23, 17.69it/s]
 19%|█▉        | 95/500 [00:06<00:22, 17.69it/s]
 19%|█▉        | 97/500 [00:06<00:22, 17.70it/s]
 20%|█▉        | 99/500 [00:06<00:22, 17.70it/s]
 20%|██        | 101/500 [00:06<00:27, 14.31it/s]
 21%|██        | 103/500 [00:06<00:26, 15.10it/s]
 21%|██        | 105/500 [00:06<00:25, 15.73it/s]
 21%|██▏       | 107/500 [00:06<00:24, 16.20it/s]
 22%|██▏       | 109/500 [00:07<00:23, 16.54it/s]
 22%|██▏       | 111/500 [00:07<00:23, 16.79it/s]
 23%|██▎       | 113/500 [00:07<00:22, 16.89it/s]
 23%|██▎       | 115/500 [00:07<00:22, 17.02it/s]
 23%|██▎       | 117/500 [00:07<00:22, 17.14it/s]
 24%|██▍       | 119/500 [00:07<00:22, 17.23it/s]
 24%|██▍       | 121/500 [00:07<00:22, 17.22it/s]
 25%|██▍       | 123/500 [00:07<00:21, 17.29it/s]
 25%|██▌       | 125/500 [00:07<00:21, 17.33it/s]
 25%|██▌       | 127/500 [00:08<00:21, 17.38it/s]
 26%|██▌       | 129/500 [00:08<00:21, 17.41it/s]
 26%|██▌       | 131/500 [00:08<00:21, 17.42it/s]
 27%|██▋       | 133/500 [00:08<00:21, 17.44it/s]
 27%|██▋       | 135/500 [00:08<00:20, 17.45it/s]
 27%|██▋       | 137/500 [00:08<00:20, 17.43it/s]
 28%|██▊       | 139/500 [00:08<00:20, 17.43it/s]
 28%|██▊       | 141/500 [00:08<00:20, 17.36it/s]
 29%|██▊       | 143/500 [00:08<00:20, 17.35it/s]
 29%|██▉       | 145/500 [00:09<00:20, 17.37it/s]
 29%|██▉       | 147/500 [00:09<00:20, 17.38it/s]
 30%|██▉       | 149/500 [00:09<00:20, 17.42it/s]
 30%|███       | 151/500 [00:09<00:20, 16.62it/s]
 31%|███       | 153/500 [00:09<00:21, 16.18it/s]
 31%|███       | 155/500 [00:09<00:21, 15.83it/s]
 31%|███▏      | 157/500 [00:09<00:21, 15.65it/s]
 32%|███▏      | 159/500 [00:09<00:21, 15.52it/s]
 32%|███▏      | 161/500 [00:10<00:22, 15.39it/s]
 33%|███▎      | 163/500 [00:10<00:21, 15.36it/s]
 33%|███▎      | 165/500 [00:10<00:21, 15.33it/s]
 33%|███▎      | 167/500 [00:10<00:21, 15.21it/s]
 34%|███▍      | 169/500 [00:10<00:21, 15.15it/s]
 34%|███▍      | 171/500 [00:10<00:21, 15.15it/s]
 35%|███▍      | 173/500 [00:10<00:21, 15.16it/s]
 35%|███▌      | 175/500 [00:11<00:21, 15.19it/s]
 35%|███▌      | 177/500 [00:11<00:21, 15.22it/s]
 36%|███▌      | 179/500 [00:11<00:21, 15.22it/s]
 36%|███▌      | 181/500 [00:11<00:20, 15.21it/s]
 37%|███▋      | 183/500 [00:11<00:20, 15.23it/s]
 37%|███▋      | 185/500 [00:11<00:20, 15.25it/s]
 37%|███▋      | 187/500 [00:11<00:20, 15.27it/s]
 38%|███▊      | 189/500 [00:11<00:20, 15.25it/s]
 38%|███▊      | 191/500 [00:12<00:20, 15.24it/s]
 39%|███▊      | 193/500 [00:12<00:20, 15.24it/s]
 39%|███▉      | 195/500 [00:12<00:20, 15.23it/s]
 39%|███▉      | 197/500 [00:12<00:19, 15.26it/s]
 40%|███▉      | 199/500 [00:12<00:19, 15.25it/s]
 40%|████      | 201/500 [00:12<00:20, 14.64it/s]
 41%|████      | 203/500 [00:12<00:20, 14.85it/s]
 41%|████      | 205/500 [00:13<00:19, 14.99it/s]
 41%|████▏     | 207/500 [00:13<00:19, 15.11it/s]
 42%|████▏     | 209/500 [00:13<00:19, 15.19it/s]
 42%|████▏     | 211/500 [00:13<00:18, 15.25it/s]
 43%|████▎     | 213/500 [00:13<00:18, 15.23it/s]
 43%|████▎     | 215/500 [00:13<00:18, 15.23it/s]
 43%|████▎     | 217/500 [00:13<00:18, 15.26it/s]
 44%|████▍     | 219/500 [00:13<00:18, 15.31it/s]
 44%|████▍     | 221/500 [00:14<00:18, 15.38it/s]
 45%|████▍     | 223/500 [00:14<00:18, 15.38it/s]
 45%|████▌     | 225/500 [00:14<00:17, 15.37it/s]
 45%|████▌     | 227/500 [00:14<00:17, 15.36it/s]
 46%|████▌     | 229/500 [00:14<00:17, 15.36it/s]
 46%|████▌     | 231/500 [00:14<00:17, 15.40it/s]
 47%|████▋     | 233/500 [00:14<00:17, 15.42it/s]
 47%|████▋     | 235/500 [00:14<00:17, 15.43it/s]
 47%|████▋     | 237/500 [00:15<00:17, 15.40it/s]
 48%|████▊     | 239/500 [00:15<00:16, 15.36it/s]
 48%|████▊     | 241/500 [00:15<00:16, 15.30it/s]
 49%|████▊     | 243/500 [00:15<00:16, 15.32it/s]
 49%|████▉     | 245/500 [00:15<00:16, 15.33it/s]
 49%|████▉     | 247/500 [00:15<00:16, 15.37it/s]
 50%|████▉     | 249/500 [00:15<00:16, 15.39it/s]
 50%|█████     | 251/500 [00:16<00:16, 15.36it/s]
 51%|█████     | 253/500 [00:16<00:16, 15.36it/s]
 51%|█████     | 255/500 [00:16<00:15, 15.38it/s]
 51%|█████▏    | 257/500 [00:16<00:15, 15.37it/s]
 52%|█████▏    | 259/500 [00:16<00:15, 15.39it/s]
 52%|█████▏    | 261/500 [00:16<00:15, 15.36it/s]
 53%|█████▎    | 263/500 [00:16<00:15, 15.27it/s]
 53%|█████▎    | 265/500 [00:16<00:15, 15.17it/s]
 53%|█████▎    | 267/500 [00:17<00:15, 15.26it/s]
 54%|█████▍    | 269/500 [00:17<00:15, 15.34it/s]
 54%|█████▍    | 271/500 [00:17<00:14, 15.41it/s]
 55%|█████▍    | 273/500 [00:17<00:14, 15.48it/s]
 55%|█████▌    | 275/500 [00:17<00:14, 15.47it/s]
 55%|█████▌    | 277/500 [00:17<00:14, 15.48it/s]
 56%|█████▌    | 279/500 [00:17<00:14, 15.47it/s]
 56%|█████▌    | 281/500 [00:17<00:14, 15.47it/s]
 57%|█████▋    | 283/500 [00:18<00:14, 15.45it/s]
 57%|█████▋    | 285/500 [00:18<00:13, 15.48it/s]
 57%|█████▋    | 287/500 [00:18<00:13, 15.47it/s]
 58%|█████▊    | 289/500 [00:18<00:13, 15.48it/s]
 58%|█████▊    | 291/500 [00:18<00:13, 15.48it/s]
 59%|█████▊    | 293/500 [00:18<00:13, 15.51it/s]
 59%|█████▉    | 295/500 [00:18<00:13, 15.53it/s]
 59%|█████▉    | 297/500 [00:18<00:13, 15.54it/s]
 60%|█████▉    | 299/500 [00:19<00:12, 15.55it/s]
 60%|██████    | 301/500 [00:19<00:15, 13.01it/s]
 61%|██████    | 303/500 [00:19<00:16, 12.10it/s]
 61%|██████    | 305/500 [00:19<00:17, 11.46it/s]
 61%|██████▏   | 307/500 [00:19<00:17, 11.07it/s]
 62%|██████▏   | 309/500 [00:20<00:17, 10.85it/s]
 62%|██████▏   | 311/500 [00:20<00:17, 10.71it/s]
 63%|██████▎   | 313/500 [00:20<00:17, 10.59it/s]
 63%|██████▎   | 315/500 [00:20<00:17, 10.50it/s]
 63%|██████▎   | 317/500 [00:20<00:17, 10.48it/s]
 64%|██████▍   | 319/500 [00:21<00:17, 10.44it/s]
 64%|██████▍   | 321/500 [00:21<00:17, 10.43it/s]
 65%|██████▍   | 323/500 [00:21<00:17, 10.41it/s]
 65%|██████▌   | 325/500 [00:21<00:16, 10.44it/s]
 65%|██████▌   | 327/500 [00:21<00:16, 10.46it/s]
 66%|██████▌   | 329/500 [00:22<00:16, 10.42it/s]
 66%|██████▌   | 331/500 [00:22<00:16, 10.37it/s]
 67%|██████▋   | 333/500 [00:22<00:16, 10.43it/s]
 67%|██████▋   | 335/500 [00:22<00:15, 10.47it/s]
 67%|██████▋   | 337/500 [00:22<00:15, 10.46it/s]
 68%|██████▊   | 339/500 [00:22<00:15, 10.38it/s]
 68%|██████▊   | 341/500 [00:23<00:15, 10.38it/s]
 69%|██████▊   | 343/500 [00:23<00:15, 10.36it/s]
 69%|██████▉   | 345/500 [00:23<00:14, 10.38it/s]
 69%|██████▉   | 347/500 [00:23<00:14, 10.41it/s]
 70%|██████▉   | 349/500 [00:23<00:14, 10.40it/s]
 70%|███████   | 351/500 [00:24<00:14, 10.33it/s]
 71%|███████   | 353/500 [00:24<00:14, 10.36it/s]
 71%|███████   | 355/500 [00:24<00:13, 10.37it/s]
 71%|███████▏  | 357/500 [00:24<00:13, 10.37it/s]
 72%|███████▏  | 359/500 [00:24<00:13, 10.35it/s]
 72%|███████▏  | 361/500 [00:25<00:13, 10.32it/s]
 73%|███████▎  | 363/500 [00:25<00:13, 10.37it/s]
 73%|███████▎  | 365/500 [00:25<00:13, 10.36it/s]
 73%|███████▎  | 367/500 [00:25<00:12, 10.34it/s]
 74%|███████▍  | 369/500 [00:25<00:12, 10.38it/s]
 74%|███████▍  | 371/500 [00:26<00:12, 10.33it/s]
 75%|███████▍  | 373/500 [00:26<00:12, 10.31it/s]
 75%|███████▌  | 375/500 [00:26<00:12, 10.33it/s]
 75%|███████▌  | 377/500 [00:26<00:11, 10.25it/s]
 76%|███████▌  | 379/500 [00:26<00:11, 10.20it/s]
 76%|███████▌  | 381/500 [00:27<00:11, 10.16it/s]
 77%|███████▋  | 383/500 [00:27<00:11, 10.22it/s]
 77%|███████▋  | 385/500 [00:27<00:17,  6.56it/s]
 77%|███████▋  | 387/500 [00:28<00:15,  7.36it/s]
 78%|███████▊  | 389/500 [00:28<00:13,  8.06it/s]
 78%|███████▊  | 391/500 [00:28<00:12,  8.64it/s]
 79%|███████▊  | 393/500 [00:28<00:11,  9.09it/s]
 79%|███████▉  | 395/500 [00:28<00:11,  9.44it/s]
 79%|███████▉  | 397/500 [00:28<00:10,  9.68it/s]
 80%|███████▉  | 399/500 [00:29<00:10,  9.84it/s]
 80%|████████  | 401/500 [00:29<00:10,  9.70it/s]
 81%|████████  | 403/500 [00:29<00:09,  9.84it/s]
 81%|████████  | 405/500 [00:29<00:09,  9.92it/s]
 81%|████████▏ | 407/500 [00:29<00:09,  9.99it/s]
 82%|████████▏ | 409/500 [00:30<00:09, 10.06it/s]
 82%|████████▏ | 411/500 [00:30<00:08, 10.11it/s]
 83%|████████▎ | 413/500 [00:30<00:08, 10.11it/s]
 83%|████████▎ | 415/500 [00:30<00:08, 10.11it/s]
 83%|████████▎ | 417/500 [00:30<00:08, 10.07it/s]
 84%|████████▍ | 419/500 [00:31<00:08, 10.08it/s]
 84%|████████▍ | 421/500 [00:31<00:07, 10.10it/s]
 85%|████████▍ | 423/500 [00:31<00:07, 10.14it/s]
 85%|████████▌ | 425/500 [00:31<00:07, 10.12it/s]
 85%|████████▌ | 427/500 [00:31<00:07, 10.09it/s]
 86%|████████▌ | 429/500 [00:32<00:07,  9.99it/s]
 86%|████████▌ | 430/500 [00:32<00:07,  9.91it/s]
 86%|████████▌ | 431/500 [00:32<00:06,  9.90it/s]
 86%|████████▋ | 432/500 [00:32<00:06,  9.86it/s]
 87%|████████▋ | 433/500 [00:32<00:06,  9.85it/s]
 87%|████████▋ | 434/500 [00:32<00:06,  9.82it/s]
 87%|████████▋ | 435/500 [00:32<00:06,  9.79it/s]
 87%|████████▋ | 436/500 [00:32<00:06,  9.74it/s]
 87%|████████▋ | 437/500 [00:32<00:06,  9.70it/s]
 88%|████████▊ | 438/500 [00:33<00:06,  9.67it/s]
 88%|████████▊ | 439/500 [00:33<00:06,  9.72it/s]
 88%|████████▊ | 440/500 [00:33<00:06,  9.70it/s]
 88%|████████▊ | 441/500 [00:33<00:06,  9.70it/s]
 88%|████████▊ | 442/500 [00:33<00:05,  9.71it/s]
 89%|████████▊ | 443/500 [00:33<00:05,  9.73it/s]
 89%|████████▉ | 444/500 [00:33<00:05,  9.74it/s]
 89%|████████▉ | 445/500 [00:33<00:05,  9.71it/s]
 89%|████████▉ | 446/500 [00:33<00:05,  9.79it/s]
 89%|████████▉ | 447/500 [00:34<00:05,  9.80it/s]
 90%|████████▉ | 448/500 [00:34<00:05,  9.79it/s]
 90%|████████▉ | 449/500 [00:34<00:05,  9.85it/s]
 90%|█████████ | 450/500 [00:34<00:05,  9.84it/s]
 90%|█████████ | 451/500 [00:34<00:05,  9.80it/s]
 90%|█████████ | 452/500 [00:34<00:04,  9.86it/s]
 91%|█████████ | 453/500 [00:34<00:04,  9.86it/s]
 91%|█████████ | 455/500 [00:34<00:04,  9.95it/s]
 91%|█████████ | 456/500 [00:34<00:04,  9.96it/s]
 91%|█████████▏| 457/500 [00:35<00:04,  9.94it/s]
 92%|█████████▏| 458/500 [00:35<00:04,  9.94it/s]
 92%|█████████▏| 460/500 [00:35<00:04,  9.95it/s]
 92%|█████████▏| 461/500 [00:35<00:03,  9.89it/s]
 92%|█████████▏| 462/500 [00:35<00:03,  9.87it/s]
 93%|█████████▎| 463/500 [00:35<00:03,  9.82it/s]
 93%|█████████▎| 464/500 [00:35<00:03,  9.81it/s]
 93%|█████████▎| 465/500 [00:35<00:03,  9.75it/s]
 93%|█████████▎| 466/500 [00:35<00:03,  9.75it/s]
 93%|█████████▎| 467/500 [00:36<00:03,  9.78it/s]
 94%|█████████▎| 468/500 [00:36<00:03,  9.81it/s]
 94%|█████████▍| 469/500 [00:36<00:03,  9.80it/s]
 94%|█████████▍| 470/500 [00:36<00:03,  9.82it/s]
 94%|█████████▍| 471/500 [00:36<00:02,  9.83it/s]
 94%|█████████▍| 472/500 [00:36<00:02,  9.82it/s]
 95%|█████████▍| 473/500 [00:36<00:02,  9.82it/s]
 95%|█████████▍| 474/500 [00:36<00:02,  9.82it/s]
 95%|█████████▌| 475/500 [00:36<00:02,  9.83it/s]
 95%|█████████▌| 476/500 [00:36<00:02,  9.82it/s]
 95%|█████████▌| 477/500 [00:37<00:02,  9.84it/s]
 96%|█████████▌| 478/500 [00:37<00:02,  9.79it/s]
 96%|█████████▌| 479/500 [00:37<00:02,  9.75it/s]
 96%|█████████▌| 480/500 [00:37<00:02,  9.74it/s]
 96%|█████████▌| 481/500 [00:37<00:01,  9.71it/s]
 96%|█████████▋| 482/500 [00:37<00:01,  9.73it/s]
 97%|█████████▋| 483/500 [00:37<00:01,  9.74it/s]
 97%|█████████▋| 484/500 [00:37<00:01,  9.72it/s]
 97%|█████████▋| 485/500 [00:37<00:01,  9.71it/s]
 97%|█████████▋| 486/500 [00:37<00:01,  9.72it/s]
 97%|█████████▋| 487/500 [00:38<00:01,  9.73it/s]
 98%|█████████▊| 488/500 [00:38<00:01,  9.74it/s]
 98%|█████████▊| 489/500 [00:38<00:01,  9.74it/s]
 98%|█████████▊| 490/500 [00:38<00:01,  9.68it/s]
 98%|█████████▊| 491/500 [00:38<00:00,  9.64it/s]
 98%|█████████▊| 492/500 [00:38<00:00,  9.60it/s]
 99%|█████████▊| 493/500 [00:38<00:00,  9.62it/s]
 99%|█████████▉| 494/500 [00:38<00:00,  9.54it/s]
 99%|█████████▉| 495/500 [00:38<00:00,  9.50it/s]
 99%|█████████▉| 496/500 [00:39<00:00,  9.57it/s]
 99%|█████████▉| 497/500 [00:39<00:00,  9.63it/s]
100%|█████████▉| 498/500 [00:39<00:00,  9.64it/s]
100%|█████████▉| 499/500 [00:39<00:00,  9.64it/s]
100%|██████████| 500/500 [00:39<00:00,  9.11it/s]
100%|██████████| 500/500 [00:39<00:00, 12.67it/s]
Traceback (most recent call last):
  File "repos/dreamgaussian/main.py", line 569, in <module>
    gui.train(opt.iters)
  File "repos/dreamgaussian/main.py", line 521, in train
    self.visualize_gaussian_distribution(self.renderer.gaussians) 
  File "repos/dreamgaussian/main.py", line 504, in visualize_gaussian_distribution
    variance = torch.var(scaling_factors, dim=1).detach().cpu().numpy()
TypeError: var() received an invalid combination of arguments - got (numpy.ndarray, dim=int), but expected one of:
 * (Tensor input, tuple of ints dim, bool unbiased, bool keepdim, *, Tensor out)
 * (Tensor input, tuple of ints dim, *, Number correction, bool keepdim, Tensor out)
 * (Tensor input, bool unbiased)
      didn't match because some of the keywords were incorrect: dim
 * (Tensor input, tuple of names dim, bool unbiased, bool keepdim, *, Tensor out)
 * (Tensor input, tuple of names dim, *, Number correction, bool keepdim, Tensor out)


Traceback (most recent call last):
  File "pipeline.py", line 80, in <module>
    raise cpe
  File "pipeline.py", line 66, in <module>
    result = subprocess.run(command, check=True, text=True, capture_output=True)
  File "/home/jhuizing/.conda/envs/dreamgaussianV2/lib/python3.8/subprocess.py", line 516, in run
    raise CalledProcessError(retcode, process.args,
subprocess.CalledProcessError: Command '['python', 'repos/dreamgaussian/main.py', '--config', 'repos/dreamgaussian/configs/image.yaml', 'input=results/preprocessing/blueberry_rgba.png', 'save_path=name']' returned non-zero exit status 1.
